Fri 01 May 2020 12:00:02 AM CDT kile-app2 xml export
Sat 02 May 2020 12:00:02 AM CDT kile-app2 xml export
Sun 03 May 2020 12:00:01 AM CDT kile-app2 xml export
Mon 04 May 2020 12:00:01 AM CDT kile-app2 xml export
Tue 05 May 2020 12:00:01 AM CDT kile-app2 xml export
Wed 06 May 2020 12:00:02 AM CDT kile-app2 xml export
Thu 07 May 2020 12:00:01 AM CDT kile-app2 xml export
Fri 08 May 2020 12:00:02 AM CDT kile-app2 xml export
Sat 09 May 2020 12:00:09 AM CDT kile-app2 xml export
Sun 10 May 2020 12:00:06 AM CDT kile-app2 xml export
Mon 11 May 2020 12:00:02 AM CDT kile-app2 xml export
Tue 12 May 2020 12:00:02 AM CDT kile-app2 xml export
Wed 13 May 2020 12:00:11 AM CDT kile-app2 xml export
Thu 14 May 2020 12:00:11 AM CDT kile-app2 xml export
Fri 15 May 2020 12:00:02 AM CDT kile-app2 xml export
Sat 16 May 2020 12:00:01 AM CDT kile-app2 xml export
Sun 17 May 2020 12:00:01 AM CDT kile-app2 xml export
Mon 18 May 2020 12:00:01 AM CDT kile-app2 xml export
Tue 19 May 2020 12:00:01 AM CDT kile-app2 xml export
Wed 20 May 2020 12:00:01 AM CDT kile-app2 xml export
Thu 21 May 2020 12:00:01 AM CDT kile-app2 xml export
Fri 22 May 2020 12:00:01 AM CDT kile-app2 xml export
Sat 23 May 2020 12:00:01 AM CDT kile-app2 xml export
Sun 24 May 2020 12:00:01 AM CDT kile-app2 xml export
Mon 25 May 2020 12:00:01 AM CDT kile-app2 xml export
Tue 26 May 2020 12:00:02 AM CDT kile-app2 xml export
Wed 27 May 2020 12:00:01 AM CDT kile-app2 xml export
Thu 28 May 2020 12:00:01 AM CDT kile-app2 xml export
Fri 29 May 2020 12:00:02 AM CDT kile-app2 xml export
Sat 30 May 2020 12:00:02 AM CDT kile-app2 xml export
Sun 31 May 2020 12:00:01 AM CDT kile-app2 xml export
