-----------------------------start------------------------------
Thu May 21 00:00:01 CDT 2020 kile-deb2 rsync cleanup
----------------------------------------------------------------
Beginning rsync hourly cleanup at Thu May 21 00:00:01 CDT 2020
90
Checking for /mnt/user/Backups/KILE-NAS1/2020-02-20
89
Checking for /mnt/user/Backups/KILE-NAS1/2020-02-21
88
Checking for /mnt/user/Backups/KILE-NAS1/2020-02-22
87
Checking for /mnt/user/Backups/KILE-NAS1/2020-02-23
86
Checking for /mnt/user/Backups/KILE-NAS1/2020-02-24
85
Checking for /mnt/user/Backups/KILE-NAS1/2020-02-25
84
Checking for /mnt/user/Backups/KILE-NAS1/2020-02-26
83
Checking for /mnt/user/Backups/KILE-NAS1/2020-02-27
82
Checking for /mnt/user/Backups/KILE-NAS1/2020-02-28
81
Checking for /mnt/user/Backups/KILE-NAS1/2020-02-29
80
Checking for /mnt/user/Backups/KILE-NAS1/2020-03-01
79
Checking for /mnt/user/Backups/KILE-NAS1/2020-03-02
78
Checking for /mnt/user/Backups/KILE-NAS1/2020-03-03
77
Checking for /mnt/user/Backups/KILE-NAS1/2020-03-04
76
Checking for /mnt/user/Backups/KILE-NAS1/2020-03-05
75
Checking for /mnt/user/Backups/KILE-NAS1/2020-03-06
74
Checking for /mnt/user/Backups/KILE-NAS1/2020-03-07
73
Checking for /mnt/user/Backups/KILE-NAS1/2020-03-09
72
Checking for /mnt/user/Backups/KILE-NAS1/2020-03-10
71
Checking for /mnt/user/Backups/KILE-NAS1/2020-03-11
70
Checking for /mnt/user/Backups/KILE-NAS1/2020-03-12
69
Checking for /mnt/user/Backups/KILE-NAS1/2020-03-13
68
Checking for /mnt/user/Backups/KILE-NAS1/2020-03-14
67
Checking for /mnt/user/Backups/KILE-NAS1/2020-03-15
66
Checking for /mnt/user/Backups/KILE-NAS1/2020-03-16
65
Checking for /mnt/user/Backups/KILE-NAS1/2020-03-17
64
Checking for /mnt/user/Backups/KILE-NAS1/2020-03-18
63
Checking for /mnt/user/Backups/KILE-NAS1/2020-03-19
62
Checking for /mnt/user/Backups/KILE-NAS1/2020-03-20
61
Checking for /mnt/user/Backups/KILE-NAS1/2020-03-21
60
Checking for /mnt/user/Backups/KILE-NAS1/2020-03-22
59
Checking for /mnt/user/Backups/KILE-NAS1/2020-03-23
58
Checking for /mnt/user/Backups/KILE-NAS1/2020-03-24
57
Checking for /mnt/user/Backups/KILE-NAS1/2020-03-25
56
Checking for /mnt/user/Backups/KILE-NAS1/2020-03-26
55
Checking for /mnt/user/Backups/KILE-NAS1/2020-03-27
54
Checking for /mnt/user/Backups/KILE-NAS1/2020-03-28
53
Checking for /mnt/user/Backups/KILE-NAS1/2020-03-29
52
Checking for /mnt/user/Backups/KILE-NAS1/2020-03-30
51
Checking for /mnt/user/Backups/KILE-NAS1/2020-03-31
50
Checking for /mnt/user/Backups/KILE-NAS1/2020-04-01
49
Checking for /mnt/user/Backups/KILE-NAS1/2020-04-02
48
Checking for /mnt/user/Backups/KILE-NAS1/2020-04-03
47
Checking for /mnt/user/Backups/KILE-NAS1/2020-04-04
46
Checking for /mnt/user/Backups/KILE-NAS1/2020-04-05
45
Checking for /mnt/user/Backups/KILE-NAS1/2020-04-06
44
Checking for /mnt/user/Backups/KILE-NAS1/2020-04-07
43
Checking for /mnt/user/Backups/KILE-NAS1/2020-04-08
42
Checking for /mnt/user/Backups/KILE-NAS1/2020-04-09
41
Checking for /mnt/user/Backups/KILE-NAS1/2020-04-10
40
Checking for /mnt/user/Backups/KILE-NAS1/2020-04-11
39
Checking for /mnt/user/Backups/KILE-NAS1/2020-04-12
38
Checking for /mnt/user/Backups/KILE-NAS1/2020-04-13
37
Checking for /mnt/user/Backups/KILE-NAS1/2020-04-14
36
Checking for /mnt/user/Backups/KILE-NAS1/2020-04-15
35
Checking for /mnt/user/Backups/KILE-NAS1/2020-04-16
34
Checking for /mnt/user/Backups/KILE-NAS1/2020-04-17
33
Checking for /mnt/user/Backups/KILE-NAS1/2020-04-18
32
Checking for /mnt/user/Backups/KILE-NAS1/2020-04-19
31
Checking for /mnt/user/Backups/KILE-NAS1/2020-04-20
30
Checking for /mnt/user/Backups/KILE-NAS1/2020-04-21
29
Checking for /mnt/user/Backups/KILE-NAS1/2020-04-22
28
Checking for /mnt/user/Backups/KILE-NAS1/2020-04-23
27
Checking for /mnt/user/Backups/KILE-NAS1/2020-04-24
26
Checking for /mnt/user/Backups/KILE-NAS1/2020-04-25
25
Checking for /mnt/user/Backups/KILE-NAS1/2020-04-26
24
Checking for /mnt/user/Backups/KILE-NAS1/2020-04-27
23
Checking for /mnt/user/Backups/KILE-NAS1/2020-04-28
22
Checking for /mnt/user/Backups/KILE-NAS1/2020-04-29
21
Checking for /mnt/user/Backups/KILE-NAS1/2020-04-30
20
Checking for /mnt/user/Backups/KILE-NAS1/2020-05-01
19
Checking for /mnt/user/Backups/KILE-NAS1/2020-05-02
18
Checking for /mnt/user/Backups/KILE-NAS1/2020-05-03
17
Checking for /mnt/user/Backups/KILE-NAS1/2020-05-04
16
Checking for /mnt/user/Backups/KILE-NAS1/2020-05-05
15
Checking for /mnt/user/Backups/KILE-NAS1/2020-05-06
14
Checking for /mnt/user/Backups/KILE-NAS1/2020-05-07
13
Checking for /mnt/user/Backups/KILE-NAS1/2020-05-08
12
Checking for /mnt/user/Backups/KILE-NAS1/2020-05-09
11
Checking for /mnt/user/Backups/KILE-NAS1/2020-05-10
10
Checking for /mnt/user/Backups/KILE-NAS1/2020-05-11
9
Checking for /mnt/user/Backups/KILE-NAS1/2020-05-12
8
Checking for /mnt/user/Backups/KILE-NAS1/2020-05-13
7
Checking for /mnt/user/Backups/KILE-NAS1/2020-05-14
6
Checking for /mnt/user/Backups/KILE-NAS1/2020-05-15
5
Checking for /mnt/user/Backups/KILE-NAS1/2020-05-16
4
Checking for /mnt/user/Backups/KILE-NAS1/2020-05-17
3
Checking for /mnt/user/Backups/KILE-NAS1/2020-05-18
----------------------------------------------------------------
Beginning rsync daily cleanup at Thu May 21 00:00:17 CDT 2020
----------------------------------------------------------------
Beginning rsync monthly cleanup at Thu May 21 00:01:04 CDT 2020
------------------------------done------------------------------
