-----------------------------start------------------------------
Sat May 30 02:00:11 CDT 2020 kile-deb2 rsync backup
-----Creating incremental backup of /mnt/user/
to root@192.168.2.202:/mnt/user/backups/KILE-NAS1/2020-05-30.02
-----excluding the following folders:
appdata domains Archive Backups Cache Downloads Emulation Movies Plex Projects system Temporary Transfer Uploads YouTube
----------------------------------------------------------------
Rsync completed at Sat May 30 02:03:41 CDT 2020 with code of 0
du: cannot access '/mnt/disk*/Backups/KILE-NAS1/2020-05-29.23': No such file or directory
du: cannot access '/mnt/disk*/Backups/KILE-NAS1/current': No such file or directory
numfmt: invalid number: ‘’
Snapshot 2020-05-30.02 has total size of:

bash: line 0: [: missing `]'
----------------------------------------------------------------
-----Synchronizing the following folders
Archive Backups Downloads Emulation Plex Projects Transfer Uploads YouTube
-----from /mnt/user/ to root@192.168.2.202:/mnt/user/backups/KILE-NAS1/sync
----------------------------------------------------------------
Rsync completed on Archive at Sat May 30 02:04:40 CDT 2020 with code of 0
----------------------------------------------------------------
Rsync completed on Backups at Sat May 30 02:04:41 CDT 2020 with code of 0
----------------------------------------------------------------
IO error encountered -- skipping file deletion
rsync: readdir("/mnt/user/backups/KILE-NAS1/sync/Downloads/Series/Psych/Season 08"): Structure needs cleaning (117)
rsync: recv_generator: failed to stat "/mnt/user/backups/KILE-NAS1/sync/Downloads/Series/Psych/Season 08/Psych - S08E05 - COG Blocked.nfo": Structure needs cleaning (117)
rsync error: some files/attrs were not transferred (see previous errors) (code 23) at main.c(1189) [sender=3.1.3]
Rsync completed on Downloads at Sat May 30 02:27:30 CDT 2020 with code of 23
----------------------------------------------------------------
Rsync completed on Emulation at Sat May 30 02:27:43 CDT 2020 with code of 0
----------------------------------------------------------------
Rsync completed on Plex at Sat May 30 02:33:53 CDT 2020 with code of 0
----------------------------------------------------------------
Rsync completed on Projects at Sat May 30 02:33:56 CDT 2020 with code of 0
----------------------------------------------------------------
Rsync completed on Transfer at Sat May 30 02:33:56 CDT 2020 with code of 0
----------------------------------------------------------------
Rsync completed on Uploads at Sat May 30 02:33:57 CDT 2020 with code of 0
----------------------------------------------------------------
Rsync completed on YouTube at Sat May 30 02:33:57 CDT 2020 with code of 0
------------------------------done------------------------------
-----------------------------start------------------------------
Sat May 30 07:00:02 CDT 2020 kile-deb2 rsync backup
-----Creating incremental backup of /mnt/user/
to root@192.168.2.202:/mnt/user/backups/KILE-NAS1/2020-05-30.07
-----excluding the following folders:
appdata domains Archive Backups Cache Downloads Emulation Movies Plex Projects system Temporary Transfer Uploads YouTube
----------------------------------------------------------------
Rsync completed at Sat May 30 07:03:03 CDT 2020 with code of 0
du: cannot access '/mnt/disk*/Backups/KILE-NAS1/2020-05-30.02': No such file or directory
du: cannot access '/mnt/disk*/Backups/KILE-NAS1/current': No such file or directory
numfmt: invalid number: ‘’
Snapshot 2020-05-30.07 has total size of:

bash: line 0: [: missing `]'
----------------------------------------------------------------
-----Synchronizing the following folders
Archive Backups Downloads Emulation Plex Projects Transfer Uploads YouTube
-----from /mnt/user/ to root@192.168.2.202:/mnt/user/backups/KILE-NAS1/sync
----------------------------------------------------------------
Rsync completed on Archive at Sat May 30 07:04:00 CDT 2020 with code of 0
----------------------------------------------------------------
Rsync completed on Backups at Sat May 30 07:04:01 CDT 2020 with code of 0
----------------------------------------------------------------
IO error encountered -- skipping file deletion
rsync: readdir("/mnt/user/backups/KILE-NAS1/sync/Downloads/Series/Psych/Season 08"): Structure needs cleaning (117)
rsync: recv_generator: failed to stat "/mnt/user/backups/KILE-NAS1/sync/Downloads/Series/Psych/Season 08/Psych - S08E05 - COG Blocked.nfo": Structure needs cleaning (117)
rsync error: some files/attrs were not transferred (see previous errors) (code 23) at main.c(1189) [sender=3.1.3]
Rsync completed on Downloads at Sat May 30 07:04:03 CDT 2020 with code of 23
----------------------------------------------------------------
Rsync completed on Emulation at Sat May 30 07:04:14 CDT 2020 with code of 0
----------------------------------------------------------------
Rsync completed on Plex at Sat May 30 07:09:53 CDT 2020 with code of 0
----------------------------------------------------------------
Rsync completed on Projects at Sat May 30 07:09:56 CDT 2020 with code of 0
----------------------------------------------------------------
Rsync completed on Transfer at Sat May 30 07:09:57 CDT 2020 with code of 0
----------------------------------------------------------------
Rsync completed on Uploads at Sat May 30 07:09:57 CDT 2020 with code of 0
----------------------------------------------------------------
Rsync completed on YouTube at Sat May 30 07:09:57 CDT 2020 with code of 0
------------------------------done------------------------------
-----------------------------start------------------------------
Sat May 30 09:00:01 CDT 2020 kile-deb2 rsync backup
-----Creating incremental backup of /mnt/user/
to root@192.168.2.202:/mnt/user/backups/KILE-NAS1/2020-05-30.09
-----excluding the following folders:
appdata domains Archive Backups Cache Downloads Emulation Movies Plex Projects system Temporary Transfer Uploads YouTube
----------------------------------------------------------------
Rsync completed at Sat May 30 09:03:02 CDT 2020 with code of 0
du: cannot access '/mnt/disk*/Backups/KILE-NAS1/2020-05-30.07': No such file or directory
du: cannot access '/mnt/disk*/Backups/KILE-NAS1/current': No such file or directory
numfmt: invalid number: ‘’
Snapshot 2020-05-30.09 has total size of:

bash: line 0: [: missing `]'
----------------------------------------------------------------
-----Synchronizing the following folders
Archive Backups Downloads Emulation Plex Projects Transfer Uploads YouTube
-----from /mnt/user/ to root@192.168.2.202:/mnt/user/backups/KILE-NAS1/sync
----------------------------------------------------------------
Rsync completed on Archive at Sat May 30 09:03:49 CDT 2020 with code of 0
----------------------------------------------------------------
Rsync completed on Backups at Sat May 30 09:03:50 CDT 2020 with code of 0
----------------------------------------------------------------
IO error encountered -- skipping file deletion
rsync: readdir("/mnt/user/backups/KILE-NAS1/sync/Downloads/Series/Psych/Season 08"): Structure needs cleaning (117)
rsync: recv_generator: failed to stat "/mnt/user/backups/KILE-NAS1/sync/Downloads/Series/Psych/Season 08/Psych - S08E05 - COG Blocked.nfo": Structure needs cleaning (117)
rsync error: some files/attrs were not transferred (see previous errors) (code 23) at main.c(1189) [sender=3.1.3]
Rsync completed on Downloads at Sat May 30 09:03:52 CDT 2020 with code of 23
----------------------------------------------------------------
Rsync completed on Emulation at Sat May 30 09:04:04 CDT 2020 with code of 0
----------------------------------------------------------------
Rsync completed on Plex at Sat May 30 09:09:42 CDT 2020 with code of 0
----------------------------------------------------------------
Rsync completed on Projects at Sat May 30 09:09:45 CDT 2020 with code of 0
----------------------------------------------------------------
Rsync completed on Transfer at Sat May 30 09:09:46 CDT 2020 with code of 0
----------------------------------------------------------------
Rsync completed on Uploads at Sat May 30 09:09:46 CDT 2020 with code of 0
----------------------------------------------------------------
Rsync completed on YouTube at Sat May 30 09:09:47 CDT 2020 with code of 0
------------------------------done------------------------------
-----------------------------start------------------------------
Sat May 30 10:00:01 CDT 2020 kile-deb2 rsync backup
-----Creating incremental backup of /mnt/user/
to root@192.168.2.202:/mnt/user/backups/KILE-NAS1/2020-05-30.10
-----excluding the following folders:
appdata domains Archive Backups Cache Downloads Emulation Movies Plex Projects system Temporary Transfer Uploads YouTube
----------------------------------------------------------------
Rsync completed at Sat May 30 10:01:53 CDT 2020 with code of 0
du: cannot access '/mnt/disk*/Backups/KILE-NAS1/2020-05-30.09': No such file or directory
du: cannot access '/mnt/disk*/Backups/KILE-NAS1/current': No such file or directory
numfmt: invalid number: ‘’
Snapshot 2020-05-30.10 has total size of:

bash: line 0: [: missing `]'
----------------------------------------------------------------
-----Synchronizing the following folders
Archive Backups Downloads Emulation Plex Projects Transfer Uploads YouTube
-----from /mnt/user/ to root@192.168.2.202:/mnt/user/backups/KILE-NAS1/sync
----------------------------------------------------------------
Rsync completed on Archive at Sat May 30 10:02:41 CDT 2020 with code of 0
----------------------------------------------------------------
Rsync completed on Backups at Sat May 30 10:02:41 CDT 2020 with code of 0
----------------------------------------------------------------
IO error encountered -- skipping file deletion
rsync: readdir("/mnt/user/backups/KILE-NAS1/sync/Downloads/Series/Psych/Season 08"): Structure needs cleaning (117)
rsync: recv_generator: failed to stat "/mnt/user/backups/KILE-NAS1/sync/Downloads/Series/Psych/Season 08/Psych - S08E05 - COG Blocked.nfo": Structure needs cleaning (117)
rsync error: some files/attrs were not transferred (see previous errors) (code 23) at main.c(1189) [sender=3.1.3]
Rsync completed on Downloads at Sat May 30 10:02:44 CDT 2020 with code of 23
----------------------------------------------------------------
Rsync completed on Emulation at Sat May 30 10:02:55 CDT 2020 with code of 0
----------------------------------------------------------------
Rsync completed on Plex at Sat May 30 10:08:40 CDT 2020 with code of 0
----------------------------------------------------------------
Rsync completed on Projects at Sat May 30 10:08:43 CDT 2020 with code of 0
----------------------------------------------------------------
Rsync completed on Transfer at Sat May 30 10:08:43 CDT 2020 with code of 0
----------------------------------------------------------------
Rsync completed on Uploads at Sat May 30 10:08:43 CDT 2020 with code of 0
----------------------------------------------------------------
Rsync completed on YouTube at Sat May 30 10:08:44 CDT 2020 with code of 0
------------------------------done------------------------------
-----------------------------start------------------------------
Sat May 30 11:00:01 CDT 2020 kile-deb2 rsync backup
-----Creating incremental backup of /mnt/user/
to root@192.168.2.202:/mnt/user/backups/KILE-NAS1/2020-05-30.11
-----excluding the following folders:
appdata domains Archive Backups Cache Downloads Emulation Movies Plex Projects system Temporary Transfer Uploads YouTube
----------------------------------------------------------------
Rsync completed at Sat May 30 11:01:53 CDT 2020 with code of 0
du: cannot access '/mnt/disk*/Backups/KILE-NAS1/2020-05-30.10': No such file or directory
du: cannot access '/mnt/disk*/Backups/KILE-NAS1/current': No such file or directory
numfmt: invalid number: ‘’
Snapshot 2020-05-30.11 has total size of:

bash: line 0: [: missing `]'
----------------------------------------------------------------
-----Synchronizing the following folders
Archive Backups Downloads Emulation Plex Projects Transfer Uploads YouTube
-----from /mnt/user/ to root@192.168.2.202:/mnt/user/backups/KILE-NAS1/sync
----------------------------------------------------------------
Rsync completed on Archive at Sat May 30 11:02:40 CDT 2020 with code of 0
----------------------------------------------------------------
Rsync completed on Backups at Sat May 30 11:02:41 CDT 2020 with code of 0
----------------------------------------------------------------
IO error encountered -- skipping file deletion
rsync: readdir("/mnt/user/backups/KILE-NAS1/sync/Downloads/Series/Psych/Season 08"): Structure needs cleaning (117)
rsync: recv_generator: failed to stat "/mnt/user/backups/KILE-NAS1/sync/Downloads/Series/Psych/Season 08/Psych - S08E05 - COG Blocked.nfo": Structure needs cleaning (117)
rsync error: some files/attrs were not transferred (see previous errors) (code 23) at main.c(1189) [sender=3.1.3]
Rsync completed on Downloads at Sat May 30 11:02:43 CDT 2020 with code of 23
----------------------------------------------------------------
Rsync completed on Emulation at Sat May 30 11:02:55 CDT 2020 with code of 0
----------------------------------------------------------------
Rsync completed on Plex at Sat May 30 11:08:41 CDT 2020 with code of 0
----------------------------------------------------------------
Rsync completed on Projects at Sat May 30 11:08:45 CDT 2020 with code of 0
----------------------------------------------------------------
Rsync completed on Transfer at Sat May 30 11:08:45 CDT 2020 with code of 0
----------------------------------------------------------------
Rsync completed on Uploads at Sat May 30 11:08:45 CDT 2020 with code of 0
----------------------------------------------------------------
Rsync completed on YouTube at Sat May 30 11:08:46 CDT 2020 with code of 0
------------------------------done------------------------------
-----------------------------start------------------------------
Sat May 30 12:00:01 CDT 2020 kile-deb2 rsync backup
-----Creating incremental backup of /mnt/user/
to root@192.168.2.202:/mnt/user/backups/KILE-NAS1/2020-05-30.12
-----excluding the following folders:
appdata domains Archive Backups Cache Downloads Emulation Movies Plex Projects system Temporary Transfer Uploads YouTube
----------------------------------------------------------------
Rsync completed at Sat May 30 12:03:01 CDT 2020 with code of 0
du: cannot access '/mnt/disk*/Backups/KILE-NAS1/2020-05-30.11': No such file or directory
du: cannot access '/mnt/disk*/Backups/KILE-NAS1/current': No such file or directory
numfmt: invalid number: ‘’
Snapshot 2020-05-30.12 has total size of:

bash: line 0: [: missing `]'
----------------------------------------------------------------
-----Synchronizing the following folders
Archive Backups Downloads Emulation Plex Projects Transfer Uploads YouTube
-----from /mnt/user/ to root@192.168.2.202:/mnt/user/backups/KILE-NAS1/sync
----------------------------------------------------------------
Rsync completed on Archive at Sat May 30 12:03:49 CDT 2020 with code of 0
----------------------------------------------------------------
Rsync completed on Backups at Sat May 30 12:03:49 CDT 2020 with code of 0
----------------------------------------------------------------
IO error encountered -- skipping file deletion
rsync: readdir("/mnt/user/backups/KILE-NAS1/sync/Downloads/Series/Psych/Season 08"): Structure needs cleaning (117)
rsync: recv_generator: failed to stat "/mnt/user/backups/KILE-NAS1/sync/Downloads/Series/Psych/Season 08/Psych - S08E05 - COG Blocked.nfo": Structure needs cleaning (117)
rsync error: some files/attrs were not transferred (see previous errors) (code 23) at main.c(1189) [sender=3.1.3]
Rsync completed on Downloads at Sat May 30 12:03:52 CDT 2020 with code of 23
----------------------------------------------------------------
Rsync completed on Emulation at Sat May 30 12:04:03 CDT 2020 with code of 0
----------------------------------------------------------------
Rsync completed on Plex at Sat May 30 12:09:53 CDT 2020 with code of 0
----------------------------------------------------------------
Rsync completed on Projects at Sat May 30 12:09:55 CDT 2020 with code of 0
----------------------------------------------------------------
Rsync completed on Transfer at Sat May 30 12:09:56 CDT 2020 with code of 0
----------------------------------------------------------------
Rsync completed on Uploads at Sat May 30 12:09:56 CDT 2020 with code of 0
----------------------------------------------------------------
Rsync completed on YouTube at Sat May 30 12:09:56 CDT 2020 with code of 0
------------------------------done------------------------------
-----------------------------start------------------------------
Sat May 30 13:00:01 CDT 2020 kile-deb2 rsync backup
-----Creating incremental backup of /mnt/user/
to root@192.168.2.202:/mnt/user/backups/KILE-NAS1/2020-05-30.13
-----excluding the following folders:
appdata domains Archive Backups Cache Downloads Emulation Movies Plex Projects system Temporary Transfer Uploads YouTube
----------------------------------------------------------------
Rsync completed at Sat May 30 13:03:16 CDT 2020 with code of 0
du: cannot access '/mnt/disk*/Backups/KILE-NAS1/2020-05-30.12': No such file or directory
du: cannot access '/mnt/disk*/Backups/KILE-NAS1/current': No such file or directory
numfmt: invalid number: ‘’
Snapshot 2020-05-30.13 has total size of:

bash: line 0: [: missing `]'
----------------------------------------------------------------
-----Synchronizing the following folders
Archive Backups Downloads Emulation Plex Projects Transfer Uploads YouTube
-----from /mnt/user/ to root@192.168.2.202:/mnt/user/backups/KILE-NAS1/sync
----------------------------------------------------------------
Rsync completed on Archive at Sat May 30 13:04:04 CDT 2020 with code of 0
----------------------------------------------------------------
Rsync completed on Backups at Sat May 30 13:04:05 CDT 2020 with code of 0
----------------------------------------------------------------
IO error encountered -- skipping file deletion
rsync: readdir("/mnt/user/backups/KILE-NAS1/sync/Downloads/Series/Psych/Season 08"): Structure needs cleaning (117)
rsync: recv_generator: failed to stat "/mnt/user/backups/KILE-NAS1/sync/Downloads/Series/Psych/Season 08/Psych - S08E05 - COG Blocked.nfo": Structure needs cleaning (117)
rsync error: some files/attrs were not transferred (see previous errors) (code 23) at main.c(1189) [sender=3.1.3]
Rsync completed on Downloads at Sat May 30 13:04:22 CDT 2020 with code of 23
----------------------------------------------------------------
Rsync completed on Emulation at Sat May 30 13:04:33 CDT 2020 with code of 0
----------------------------------------------------------------
Rsync completed on Plex at Sat May 30 13:10:24 CDT 2020 with code of 0
----------------------------------------------------------------
Rsync completed on Projects at Sat May 30 13:10:27 CDT 2020 with code of 0
----------------------------------------------------------------
Rsync completed on Transfer at Sat May 30 13:10:28 CDT 2020 with code of 0
----------------------------------------------------------------
Rsync completed on Uploads at Sat May 30 13:10:28 CDT 2020 with code of 0
----------------------------------------------------------------
Rsync completed on YouTube at Sat May 30 13:10:28 CDT 2020 with code of 0
------------------------------done------------------------------
-----------------------------start------------------------------
Sat May 30 14:00:01 CDT 2020 kile-deb2 rsync backup
-----Creating incremental backup of /mnt/user/
to root@192.168.2.202:/mnt/user/backups/KILE-NAS1/2020-05-30.14
-----excluding the following folders:
appdata domains Archive Backups Cache Downloads Emulation Movies Plex Projects system Temporary Transfer Uploads YouTube
----------------------------------------------------------------
Rsync completed at Sat May 30 14:01:57 CDT 2020 with code of 0
du: cannot access '/mnt/disk*/Backups/KILE-NAS1/2020-05-30.13': No such file or directory
du: cannot access '/mnt/disk*/Backups/KILE-NAS1/current': No such file or directory
numfmt: invalid number: ‘’
Snapshot 2020-05-30.14 has total size of:

bash: line 0: [: missing `]'
----------------------------------------------------------------
-----Synchronizing the following folders
Archive Backups Downloads Emulation Plex Projects Transfer Uploads YouTube
-----from /mnt/user/ to root@192.168.2.202:/mnt/user/backups/KILE-NAS1/sync
----------------------------------------------------------------
Rsync completed on Archive at Sat May 30 14:02:45 CDT 2020 with code of 0
----------------------------------------------------------------
Rsync completed on Backups at Sat May 30 14:02:45 CDT 2020 with code of 0
----------------------------------------------------------------
IO error encountered -- skipping file deletion
rsync: readdir("/mnt/user/backups/KILE-NAS1/sync/Downloads/Series/Psych/Season 08"): Structure needs cleaning (117)
rsync: recv_generator: failed to stat "/mnt/user/backups/KILE-NAS1/sync/Downloads/Series/Psych/Season 08/Psych - S08E05 - COG Blocked.nfo": Structure needs cleaning (117)
rsync error: some files/attrs were not transferred (see previous errors) (code 23) at main.c(1189) [sender=3.1.3]
Rsync completed on Downloads at Sat May 30 14:02:48 CDT 2020 with code of 23
----------------------------------------------------------------
Rsync completed on Emulation at Sat May 30 14:03:00 CDT 2020 with code of 0
----------------------------------------------------------------
Rsync completed on Plex at Sat May 30 14:08:46 CDT 2020 with code of 0
----------------------------------------------------------------
Rsync completed on Projects at Sat May 30 14:08:49 CDT 2020 with code of 0
----------------------------------------------------------------
Rsync completed on Transfer at Sat May 30 14:08:49 CDT 2020 with code of 0
----------------------------------------------------------------
Rsync completed on Uploads at Sat May 30 14:08:50 CDT 2020 with code of 0
----------------------------------------------------------------
Rsync completed on YouTube at Sat May 30 14:08:50 CDT 2020 with code of 0
------------------------------done------------------------------
-----------------------------start------------------------------
Sat May 30 15:00:01 CDT 2020 kile-deb2 rsync backup
-----Creating incremental backup of /mnt/user/
to root@192.168.2.202:/mnt/user/backups/KILE-NAS1/2020-05-30.15
-----excluding the following folders:
appdata domains Archive Backups Cache Downloads Emulation Movies Plex Projects system Temporary Transfer Uploads YouTube
----------------------------------------------------------------
Rsync completed at Sat May 30 15:01:59 CDT 2020 with code of 0
du: cannot access '/mnt/disk*/Backups/KILE-NAS1/2020-05-30.14': No such file or directory
du: cannot access '/mnt/disk*/Backups/KILE-NAS1/current': No such file or directory
numfmt: invalid number: ‘’
Snapshot 2020-05-30.15 has total size of:

bash: line 0: [: missing `]'
----------------------------------------------------------------
-----Synchronizing the following folders
Archive Backups Downloads Emulation Plex Projects Transfer Uploads YouTube
-----from /mnt/user/ to root@192.168.2.202:/mnt/user/backups/KILE-NAS1/sync
----------------------------------------------------------------
Rsync completed on Archive at Sat May 30 15:02:49 CDT 2020 with code of 0
----------------------------------------------------------------
Rsync completed on Backups at Sat May 30 15:02:50 CDT 2020 with code of 0
----------------------------------------------------------------
IO error encountered -- skipping file deletion
rsync: readdir("/mnt/user/backups/KILE-NAS1/sync/Downloads/Series/Psych/Season 08"): Structure needs cleaning (117)
rsync: recv_generator: failed to stat "/mnt/user/backups/KILE-NAS1/sync/Downloads/Series/Psych/Season 08/Psych - S08E05 - COG Blocked.nfo": Structure needs cleaning (117)
rsync error: some files/attrs were not transferred (see previous errors) (code 23) at main.c(1189) [sender=3.1.3]
Rsync completed on Downloads at Sat May 30 15:03:15 CDT 2020 with code of 23
----------------------------------------------------------------
Rsync completed on Emulation at Sat May 30 15:03:28 CDT 2020 with code of 0
----------------------------------------------------------------
Rsync completed on Plex at Sat May 30 15:09:14 CDT 2020 with code of 0
----------------------------------------------------------------
Rsync completed on Projects at Sat May 30 15:09:18 CDT 2020 with code of 0
----------------------------------------------------------------
Rsync completed on Transfer at Sat May 30 15:09:18 CDT 2020 with code of 0
----------------------------------------------------------------
Rsync completed on Uploads at Sat May 30 15:09:18 CDT 2020 with code of 0
----------------------------------------------------------------
Rsync completed on YouTube at Sat May 30 15:09:19 CDT 2020 with code of 0
------------------------------done------------------------------
-----------------------------start------------------------------
Sat May 30 16:00:01 CDT 2020 kile-deb2 rsync backup
-----Creating incremental backup of /mnt/user/
to root@192.168.2.202:/mnt/user/backups/KILE-NAS1/2020-05-30.16
-----excluding the following folders:
appdata domains Archive Backups Cache Downloads Emulation Movies Plex Projects system Temporary Transfer Uploads YouTube
----------------------------------------------------------------
Rsync completed at Sat May 30 16:01:55 CDT 2020 with code of 0
du: cannot access '/mnt/disk*/Backups/KILE-NAS1/2020-05-30.15': No such file or directory
du: cannot access '/mnt/disk*/Backups/KILE-NAS1/current': No such file or directory
numfmt: invalid number: ‘’
Snapshot 2020-05-30.16 has total size of:

bash: line 0: [: missing `]'
----------------------------------------------------------------
-----Synchronizing the following folders
Archive Backups Downloads Emulation Plex Projects Transfer Uploads YouTube
-----from /mnt/user/ to root@192.168.2.202:/mnt/user/backups/KILE-NAS1/sync
----------------------------------------------------------------
Rsync completed on Archive at Sat May 30 16:02:44 CDT 2020 with code of 0
----------------------------------------------------------------
Rsync completed on Backups at Sat May 30 16:02:44 CDT 2020 with code of 0
----------------------------------------------------------------
IO error encountered -- skipping file deletion
rsync: readdir("/mnt/user/backups/KILE-NAS1/sync/Downloads/Series/Psych/Season 08"): Structure needs cleaning (117)
rsync: recv_generator: failed to stat "/mnt/user/backups/KILE-NAS1/sync/Downloads/Series/Psych/Season 08/Psych - S08E05 - COG Blocked.nfo": Structure needs cleaning (117)
rsync error: some files/attrs were not transferred (see previous errors) (code 23) at main.c(1189) [sender=3.1.3]
Rsync completed on Downloads at Sat May 30 16:03:01 CDT 2020 with code of 23
----------------------------------------------------------------
Rsync completed on Emulation at Sat May 30 16:03:13 CDT 2020 with code of 0
----------------------------------------------------------------
Rsync completed on Plex at Sat May 30 16:09:02 CDT 2020 with code of 0
----------------------------------------------------------------
Rsync completed on Projects at Sat May 30 16:09:05 CDT 2020 with code of 0
----------------------------------------------------------------
Rsync completed on Transfer at Sat May 30 16:09:06 CDT 2020 with code of 0
----------------------------------------------------------------
Rsync completed on Uploads at Sat May 30 16:09:06 CDT 2020 with code of 0
----------------------------------------------------------------
Rsync completed on YouTube at Sat May 30 16:09:06 CDT 2020 with code of 0
------------------------------done------------------------------
-----------------------------start------------------------------
Sat May 30 17:00:01 CDT 2020 kile-deb2 rsync backup
-----Creating incremental backup of /mnt/user/
to root@192.168.2.202:/mnt/user/backups/KILE-NAS1/2020-05-30.17
-----excluding the following folders:
appdata domains Archive Backups Cache Downloads Emulation Movies Plex Projects system Temporary Transfer Uploads YouTube
----------------------------------------------------------------
Rsync completed at Sat May 30 17:01:56 CDT 2020 with code of 0
du: cannot access '/mnt/disk*/Backups/KILE-NAS1/2020-05-30.16': No such file or directory
du: cannot access '/mnt/disk*/Backups/KILE-NAS1/current': No such file or directory
numfmt: invalid number: ‘’
Snapshot 2020-05-30.17 has total size of:

bash: line 0: [: missing `]'
----------------------------------------------------------------
-----Synchronizing the following folders
Archive Backups Downloads Emulation Plex Projects Transfer Uploads YouTube
-----from /mnt/user/ to root@192.168.2.202:/mnt/user/backups/KILE-NAS1/sync
----------------------------------------------------------------
Rsync completed on Archive at Sat May 30 17:02:45 CDT 2020 with code of 0
----------------------------------------------------------------
Rsync completed on Backups at Sat May 30 17:02:45 CDT 2020 with code of 0
----------------------------------------------------------------
IO error encountered -- skipping file deletion
rsync: readdir("/mnt/user/backups/KILE-NAS1/sync/Downloads/Series/Psych/Season 08"): Structure needs cleaning (117)
rsync: recv_generator: failed to stat "/mnt/user/backups/KILE-NAS1/sync/Downloads/Series/Psych/Season 08/Psych - S08E05 - COG Blocked.nfo": Structure needs cleaning (117)
rsync error: some files/attrs were not transferred (see previous errors) (code 23) at main.c(1189) [sender=3.1.3]
Rsync completed on Downloads at Sat May 30 17:02:48 CDT 2020 with code of 23
----------------------------------------------------------------
Rsync completed on Emulation at Sat May 30 17:03:00 CDT 2020 with code of 0
----------------------------------------------------------------
Rsync completed on Plex at Sat May 30 17:08:46 CDT 2020 with code of 0
----------------------------------------------------------------
Rsync completed on Projects at Sat May 30 17:08:50 CDT 2020 with code of 0
----------------------------------------------------------------
Rsync completed on Transfer at Sat May 30 17:08:50 CDT 2020 with code of 0
----------------------------------------------------------------
Rsync completed on Uploads at Sat May 30 17:08:50 CDT 2020 with code of 0
----------------------------------------------------------------
Rsync completed on YouTube at Sat May 30 17:08:51 CDT 2020 with code of 0
------------------------------done------------------------------
-----------------------------start------------------------------
Sat May 30 18:00:01 CDT 2020 kile-deb2 rsync backup
-----Creating incremental backup of /mnt/user/
to root@192.168.2.202:/mnt/user/backups/KILE-NAS1/2020-05-30.18
-----excluding the following folders:
appdata domains Archive Backups Cache Downloads Emulation Movies Plex Projects system Temporary Transfer Uploads YouTube
----------------------------------------------------------------
Rsync completed at Sat May 30 18:02:36 CDT 2020 with code of 0
du: cannot access '/mnt/disk*/Backups/KILE-NAS1/2020-05-30.17': No such file or directory
du: cannot access '/mnt/disk*/Backups/KILE-NAS1/current': No such file or directory
numfmt: invalid number: ‘’
Snapshot 2020-05-30.18 has total size of:

bash: line 0: [: missing `]'
----------------------------------------------------------------
-----Synchronizing the following folders
Archive Backups Downloads Emulation Plex Projects Transfer Uploads YouTube
-----from /mnt/user/ to root@192.168.2.202:/mnt/user/backups/KILE-NAS1/sync
----------------------------------------------------------------
Rsync completed on Archive at Sat May 30 18:03:32 CDT 2020 with code of 0
----------------------------------------------------------------
Rsync completed on Backups at Sat May 30 18:03:33 CDT 2020 with code of 0
----------------------------------------------------------------
IO error encountered -- skipping file deletion
rsync: readdir("/mnt/user/backups/KILE-NAS1/sync/Downloads/Series/Psych/Season 08"): Structure needs cleaning (117)
rsync: recv_generator: failed to stat "/mnt/user/backups/KILE-NAS1/sync/Downloads/Series/Psych/Season 08/Psych - S08E05 - COG Blocked.nfo": Structure needs cleaning (117)
rsync error: some files/attrs were not transferred (see previous errors) (code 23) at main.c(1189) [sender=3.1.3]
Rsync completed on Downloads at Sat May 30 18:03:35 CDT 2020 with code of 23
----------------------------------------------------------------
Rsync completed on Emulation at Sat May 30 18:03:49 CDT 2020 with code of 0
----------------------------------------------------------------
Rsync completed on Plex at Sat May 30 18:10:45 CDT 2020 with code of 0
----------------------------------------------------------------
Rsync completed on Projects at Sat May 30 18:10:48 CDT 2020 with code of 0
----------------------------------------------------------------
Rsync completed on Transfer at Sat May 30 18:10:48 CDT 2020 with code of 0
----------------------------------------------------------------
Rsync completed on Uploads at Sat May 30 18:10:49 CDT 2020 with code of 0
----------------------------------------------------------------
Rsync completed on YouTube at Sat May 30 18:10:49 CDT 2020 with code of 0
------------------------------done------------------------------
-----------------------------start------------------------------
Sat May 30 19:00:11 CDT 2020 kile-deb2 rsync backup
-----Creating incremental backup of /mnt/user/
to root@192.168.2.202:/mnt/user/backups/KILE-NAS1/2020-05-30.19
-----excluding the following folders:
appdata domains Archive Backups Cache Downloads Emulation Movies Plex Projects system Temporary Transfer Uploads YouTube
----------------------------------------------------------------
Rsync completed at Sat May 30 19:02:26 CDT 2020 with code of 0
du: cannot access '/mnt/disk*/Backups/KILE-NAS1/2020-05-30.18': No such file or directory
du: cannot access '/mnt/disk*/Backups/KILE-NAS1/current': No such file or directory
numfmt: invalid number: ‘’
Snapshot 2020-05-30.19 has total size of:

bash: line 0: [: missing `]'
----------------------------------------------------------------
-----Synchronizing the following folders
Archive Backups Downloads Emulation Plex Projects Transfer Uploads YouTube
-----from /mnt/user/ to root@192.168.2.202:/mnt/user/backups/KILE-NAS1/sync
----------------------------------------------------------------
Rsync completed on Archive at Sat May 30 19:03:36 CDT 2020 with code of 0
----------------------------------------------------------------
Rsync completed on Backups at Sat May 30 19:03:36 CDT 2020 with code of 0
----------------------------------------------------------------
IO error encountered -- skipping file deletion
rsync: readdir("/mnt/user/backups/KILE-NAS1/sync/Downloads/Series/Psych/Season 08"): Structure needs cleaning (117)
rsync: recv_generator: failed to stat "/mnt/user/backups/KILE-NAS1/sync/Downloads/Series/Psych/Season 08/Psych - S08E05 - COG Blocked.nfo": Structure needs cleaning (117)
rsync error: some files/attrs were not transferred (see previous errors) (code 23) at main.c(1189) [sender=3.1.3]
Rsync completed on Downloads at Sat May 30 19:03:39 CDT 2020 with code of 23
----------------------------------------------------------------
Rsync completed on Emulation at Sat May 30 19:03:50 CDT 2020 with code of 0
----------------------------------------------------------------
Rsync completed on Plex at Sat May 30 19:09:40 CDT 2020 with code of 0
----------------------------------------------------------------
Rsync completed on Projects at Sat May 30 19:09:45 CDT 2020 with code of 0
----------------------------------------------------------------
Rsync completed on Transfer at Sat May 30 19:09:45 CDT 2020 with code of 0
----------------------------------------------------------------
Rsync completed on Uploads at Sat May 30 19:09:45 CDT 2020 with code of 0
----------------------------------------------------------------
Rsync completed on YouTube at Sat May 30 19:09:46 CDT 2020 with code of 0
------------------------------done------------------------------
-----------------------------start------------------------------
Sat May 30 23:00:01 CDT 2020 kile-deb2 rsync backup
-----Creating incremental backup of /mnt/user/
to root@192.168.2.202:/mnt/user/backups/KILE-NAS1/2020-05-30.23
-----excluding the following folders:
appdata domains Archive Backups Cache Downloads Emulation Movies Plex Projects system Temporary Transfer Uploads YouTube
----------------------------------------------------------------
Rsync completed at Sat May 30 23:01:52 CDT 2020 with code of 0
du: cannot access '/mnt/disk*/Backups/KILE-NAS1/2020-05-30.19': No such file or directory
du: cannot access '/mnt/disk*/Backups/KILE-NAS1/current': No such file or directory
numfmt: invalid number: ‘’
Snapshot 2020-05-30.23 has total size of:

bash: line 0: [: missing `]'
----------------------------------------------------------------
-----Synchronizing the following folders
Archive Backups Downloads Emulation Plex Projects Transfer Uploads YouTube
-----from /mnt/user/ to root@192.168.2.202:/mnt/user/backups/KILE-NAS1/sync
----------------------------------------------------------------
Rsync completed on Archive at Sat May 30 23:02:39 CDT 2020 with code of 0
----------------------------------------------------------------
Rsync completed on Backups at Sat May 30 23:02:39 CDT 2020 with code of 0
----------------------------------------------------------------
IO error encountered -- skipping file deletion
rsync: readdir("/mnt/user/backups/KILE-NAS1/sync/Downloads/Series/Psych/Season 08"): Structure needs cleaning (117)
rsync: recv_generator: failed to stat "/mnt/user/backups/KILE-NAS1/sync/Downloads/Series/Psych/Season 08/Psych - S08E05 - COG Blocked.nfo": Structure needs cleaning (117)
rsync error: some files/attrs were not transferred (see previous errors) (code 23) at main.c(1189) [sender=3.1.3]
Rsync completed on Downloads at Sat May 30 23:02:42 CDT 2020 with code of 23
----------------------------------------------------------------
Rsync completed on Emulation at Sat May 30 23:02:52 CDT 2020 with code of 0
----------------------------------------------------------------
Rsync completed on Plex at Sat May 30 23:08:23 CDT 2020 with code of 0
----------------------------------------------------------------
Rsync completed on Projects at Sat May 30 23:08:26 CDT 2020 with code of 0
----------------------------------------------------------------
Rsync completed on Transfer at Sat May 30 23:08:26 CDT 2020 with code of 0
----------------------------------------------------------------
Rsync completed on Uploads at Sat May 30 23:08:26 CDT 2020 with code of 0
----------------------------------------------------------------
Rsync completed on YouTube at Sat May 30 23:08:27 CDT 2020 with code of 0
------------------------------done------------------------------
