-----------------------------start------------------------------
Thu May 28 02:00:02 CDT 2020 kile-deb2 rsync backup
-----Creating incremental backup of /mnt/user/
to root@192.168.2.202:/mnt/user/backups/KILE-NAS1/2020-05-28.02
-----excluding the following folders:
appdata domains Archive Backups Cache Downloads Emulation Movies Plex Projects system Temporary Transfer Uploads YouTube
----------------------------------------------------------------
Rsync completed at Thu May 28 02:03:00 CDT 2020 with code of 0
du: cannot access '/mnt/disk*/Backups/KILE-NAS1/2020-05-27.23': No such file or directory
du: cannot access '/mnt/disk*/Backups/KILE-NAS1/current': No such file or directory
numfmt: invalid number: ‘’
Snapshot 2020-05-28.02 has total size of:

bash: line 0: [: missing `]'
----------------------------------------------------------------
-----Synchronizing the following folders
Archive Backups Downloads Emulation Plex Projects Transfer Uploads YouTube
-----from /mnt/user/ to root@192.168.2.202:/mnt/user/backups/KILE-NAS1/sync
----------------------------------------------------------------
Rsync completed on Archive at Thu May 28 02:04:15 CDT 2020 with code of 0
----------------------------------------------------------------
Rsync completed on Backups at Thu May 28 02:35:08 CDT 2020 with code of 0
----------------------------------------------------------------
IO error encountered -- skipping file deletion
rsync: readdir("/mnt/user/backups/KILE-NAS1/sync/Downloads/Series/Psych/Season 08"): Structure needs cleaning (117)
rsync: recv_generator: failed to stat "/mnt/user/backups/KILE-NAS1/sync/Downloads/Series/Psych/Season 08/Psych - S08E05 - COG Blocked.nfo": Structure needs cleaning (117)
rsync error: some files/attrs were not transferred (see previous errors) (code 23) at main.c(1189) [sender=3.1.3]
Rsync completed on Downloads at Thu May 28 02:43:53 CDT 2020 with code of 23
----------------------------------------------------------------
Rsync completed on Emulation at Thu May 28 02:44:10 CDT 2020 with code of 0
----------------------------------------------------------------
Rsync completed on Plex at Thu May 28 02:51:24 CDT 2020 with code of 0
----------------------------------------------------------------
Rsync completed on Projects at Thu May 28 02:51:32 CDT 2020 with code of 0
----------------------------------------------------------------
Rsync completed on Transfer at Thu May 28 02:51:34 CDT 2020 with code of 0
----------------------------------------------------------------
Rsync completed on Uploads at Thu May 28 02:51:35 CDT 2020 with code of 0
----------------------------------------------------------------
Rsync completed on YouTube at Thu May 28 02:51:36 CDT 2020 with code of 0
------------------------------done------------------------------
-----------------------------start------------------------------
Thu May 28 07:00:01 CDT 2020 kile-deb2 rsync backup
-----Creating incremental backup of /mnt/user/
to root@192.168.2.202:/mnt/user/backups/KILE-NAS1/2020-05-28.07
-----excluding the following folders:
appdata domains Archive Backups Cache Downloads Emulation Movies Plex Projects system Temporary Transfer Uploads YouTube
----------------------------------------------------------------
Rsync completed at Thu May 28 07:04:16 CDT 2020 with code of 0
du: cannot access '/mnt/disk*/Backups/KILE-NAS1/2020-05-28.02': No such file or directory
du: cannot access '/mnt/disk*/Backups/KILE-NAS1/current': No such file or directory
numfmt: invalid number: ‘’
Snapshot 2020-05-28.07 has total size of:

bash: line 0: [: missing `]'
----------------------------------------------------------------
-----Synchronizing the following folders
Archive Backups Downloads Emulation Plex Projects Transfer Uploads YouTube
-----from /mnt/user/ to root@192.168.2.202:/mnt/user/backups/KILE-NAS1/sync
----------------------------------------------------------------
Rsync completed on Archive at Thu May 28 07:05:55 CDT 2020 with code of 0
----------------------------------------------------------------
Rsync completed on Backups at Thu May 28 07:05:55 CDT 2020 with code of 0
----------------------------------------------------------------
IO error encountered -- skipping file deletion
rsync: readdir("/mnt/user/backups/KILE-NAS1/sync/Downloads/Series/Psych/Season 08"): Structure needs cleaning (117)
rsync: recv_generator: failed to stat "/mnt/user/backups/KILE-NAS1/sync/Downloads/Series/Psych/Season 08/Psych - S08E05 - COG Blocked.nfo": Structure needs cleaning (117)
rsync error: some files/attrs were not transferred (see previous errors) (code 23) at main.c(1189) [sender=3.1.3]
Rsync completed on Downloads at Thu May 28 07:06:25 CDT 2020 with code of 23
----------------------------------------------------------------
Rsync completed on Emulation at Thu May 28 07:06:38 CDT 2020 with code of 0
----------------------------------------------------------------
Rsync completed on Plex at Thu May 28 07:12:23 CDT 2020 with code of 0
----------------------------------------------------------------
Rsync completed on Projects at Thu May 28 07:12:26 CDT 2020 with code of 0
----------------------------------------------------------------
Rsync completed on Transfer at Thu May 28 07:12:26 CDT 2020 with code of 0
----------------------------------------------------------------
Rsync completed on Uploads at Thu May 28 07:12:27 CDT 2020 with code of 0
----------------------------------------------------------------
Rsync completed on YouTube at Thu May 28 07:12:27 CDT 2020 with code of 0
------------------------------done------------------------------
-----------------------------start------------------------------
Thu May 28 09:00:01 CDT 2020 kile-deb2 rsync backup
-----Creating incremental backup of /mnt/user/
to root@192.168.2.202:/mnt/user/backups/KILE-NAS1/2020-05-28.09
-----excluding the following folders:
appdata domains Archive Backups Cache Downloads Emulation Movies Plex Projects system Temporary Transfer Uploads YouTube
----------------------------------------------------------------
Rsync completed at Thu May 28 09:02:37 CDT 2020 with code of 0
du: cannot access '/mnt/disk*/Backups/KILE-NAS1/2020-05-28.07': No such file or directory
du: cannot access '/mnt/disk*/Backups/KILE-NAS1/current': No such file or directory
numfmt: invalid number: ‘’
Snapshot 2020-05-28.09 has total size of:

bash: line 0: [: missing `]'
----------------------------------------------------------------
-----Synchronizing the following folders
Archive Backups Downloads Emulation Plex Projects Transfer Uploads YouTube
-----from /mnt/user/ to root@192.168.2.202:/mnt/user/backups/KILE-NAS1/sync
----------------------------------------------------------------
Rsync completed on Archive at Thu May 28 09:03:25 CDT 2020 with code of 0
----------------------------------------------------------------
Rsync completed on Backups at Thu May 28 09:03:26 CDT 2020 with code of 0
----------------------------------------------------------------
IO error encountered -- skipping file deletion
rsync: readdir("/mnt/user/backups/KILE-NAS1/sync/Downloads/Series/Psych/Season 08"): Structure needs cleaning (117)
rsync: recv_generator: failed to stat "/mnt/user/backups/KILE-NAS1/sync/Downloads/Series/Psych/Season 08/Psych - S08E05 - COG Blocked.nfo": Structure needs cleaning (117)
rsync error: some files/attrs were not transferred (see previous errors) (code 23) at main.c(1189) [sender=3.1.3]
Rsync completed on Downloads at Thu May 28 09:03:28 CDT 2020 with code of 23
----------------------------------------------------------------
Rsync completed on Emulation at Thu May 28 09:03:40 CDT 2020 with code of 0
----------------------------------------------------------------
Rsync completed on Plex at Thu May 28 09:09:30 CDT 2020 with code of 0
----------------------------------------------------------------
Rsync completed on Projects at Thu May 28 09:09:33 CDT 2020 with code of 0
----------------------------------------------------------------
Rsync completed on Transfer at Thu May 28 09:09:33 CDT 2020 with code of 0
----------------------------------------------------------------
Rsync completed on Uploads at Thu May 28 09:09:34 CDT 2020 with code of 0
----------------------------------------------------------------
Rsync completed on YouTube at Thu May 28 09:09:34 CDT 2020 with code of 0
------------------------------done------------------------------
-----------------------------start------------------------------
Thu May 28 10:00:11 CDT 2020 kile-deb2 rsync backup
-----Creating incremental backup of /mnt/user/
to root@192.168.2.202:/mnt/user/backups/KILE-NAS1/2020-05-28.10
-----excluding the following folders:
appdata domains Archive Backups Cache Downloads Emulation Movies Plex Projects system Temporary Transfer Uploads YouTube
----------------------------------------------------------------
Rsync completed at Thu May 28 10:03:38 CDT 2020 with code of 0
du: cannot access '/mnt/disk*/Backups/KILE-NAS1/2020-05-28.09': No such file or directory
du: cannot access '/mnt/disk*/Backups/KILE-NAS1/current': No such file or directory
numfmt: invalid number: ‘’
Snapshot 2020-05-28.10 has total size of:

bash: line 0: [: missing `]'
----------------------------------------------------------------
-----Synchronizing the following folders
Archive Backups Downloads Emulation Plex Projects Transfer Uploads YouTube
-----from /mnt/user/ to root@192.168.2.202:/mnt/user/backups/KILE-NAS1/sync
----------------------------------------------------------------
Rsync completed on Archive at Thu May 28 10:04:49 CDT 2020 with code of 0
----------------------------------------------------------------
Rsync completed on Backups at Thu May 28 10:04:49 CDT 2020 with code of 0
----------------------------------------------------------------
IO error encountered -- skipping file deletion
rsync: readdir("/mnt/user/backups/KILE-NAS1/sync/Downloads/Series/Psych/Season 08"): Structure needs cleaning (117)
rsync: recv_generator: failed to stat "/mnt/user/backups/KILE-NAS1/sync/Downloads/Series/Psych/Season 08/Psych - S08E05 - COG Blocked.nfo": Structure needs cleaning (117)
rsync error: some files/attrs were not transferred (see previous errors) (code 23) at main.c(1189) [sender=3.1.3]
Rsync completed on Downloads at Thu May 28 10:04:55 CDT 2020 with code of 23
----------------------------------------------------------------
Rsync completed on Emulation at Thu May 28 10:05:10 CDT 2020 with code of 0
----------------------------------------------------------------
Rsync completed on Plex at Thu May 28 10:11:40 CDT 2020 with code of 0
----------------------------------------------------------------
Rsync completed on Projects at Thu May 28 10:11:45 CDT 2020 with code of 0
----------------------------------------------------------------
Rsync completed on Transfer at Thu May 28 10:11:45 CDT 2020 with code of 0
----------------------------------------------------------------
Rsync completed on Uploads at Thu May 28 10:11:46 CDT 2020 with code of 0
----------------------------------------------------------------
Rsync completed on YouTube at Thu May 28 10:11:47 CDT 2020 with code of 0
------------------------------done------------------------------
-----------------------------start------------------------------
Thu May 28 11:00:02 CDT 2020 kile-deb2 rsync backup
-----Creating incremental backup of /mnt/user/
to root@192.168.2.202:/mnt/user/backups/KILE-NAS1/2020-05-28.11
-----excluding the following folders:
appdata domains Archive Backups Cache Downloads Emulation Movies Plex Projects system Temporary Transfer Uploads YouTube
----------------------------------------------------------------
Rsync completed at Thu May 28 11:03:21 CDT 2020 with code of 0
du: cannot access '/mnt/disk*/Backups/KILE-NAS1/2020-05-28.10': No such file or directory
du: cannot access '/mnt/disk*/Backups/KILE-NAS1/current': No such file or directory
numfmt: invalid number: ‘’
Snapshot 2020-05-28.11 has total size of:

bash: line 0: [: missing `]'
----------------------------------------------------------------
-----Synchronizing the following folders
Archive Backups Downloads Emulation Plex Projects Transfer Uploads YouTube
-----from /mnt/user/ to root@192.168.2.202:/mnt/user/backups/KILE-NAS1/sync
----------------------------------------------------------------
Rsync completed on Archive at Thu May 28 11:04:31 CDT 2020 with code of 0
----------------------------------------------------------------
Rsync completed on Backups at Thu May 28 11:04:31 CDT 2020 with code of 0
----------------------------------------------------------------
IO error encountered -- skipping file deletion
rsync: readdir("/mnt/user/backups/KILE-NAS1/sync/Downloads/Series/Psych/Season 08"): Structure needs cleaning (117)
rsync: recv_generator: failed to stat "/mnt/user/backups/KILE-NAS1/sync/Downloads/Series/Psych/Season 08/Psych - S08E05 - COG Blocked.nfo": Structure needs cleaning (117)
rsync error: some files/attrs were not transferred (see previous errors) (code 23) at main.c(1189) [sender=3.1.3]
Rsync completed on Downloads at Thu May 28 11:04:34 CDT 2020 with code of 23
----------------------------------------------------------------
Rsync completed on Emulation at Thu May 28 11:04:49 CDT 2020 with code of 0
----------------------------------------------------------------
Rsync completed on Plex at Thu May 28 11:11:24 CDT 2020 with code of 0
----------------------------------------------------------------
Rsync completed on Projects at Thu May 28 11:11:27 CDT 2020 with code of 0
----------------------------------------------------------------
Rsync completed on Transfer at Thu May 28 11:11:28 CDT 2020 with code of 0
----------------------------------------------------------------
Rsync completed on Uploads at Thu May 28 11:11:28 CDT 2020 with code of 0
----------------------------------------------------------------
Rsync completed on YouTube at Thu May 28 11:11:28 CDT 2020 with code of 0
------------------------------done------------------------------
-----------------------------start------------------------------
Thu May 28 12:00:01 CDT 2020 kile-deb2 rsync backup
-----Creating incremental backup of /mnt/user/
to root@192.168.2.202:/mnt/user/backups/KILE-NAS1/2020-05-28.12
-----excluding the following folders:
appdata domains Archive Backups Cache Downloads Emulation Movies Plex Projects system Temporary Transfer Uploads YouTube
----------------------------------------------------------------
Rsync completed at Thu May 28 12:02:30 CDT 2020 with code of 0
du: cannot access '/mnt/disk*/Backups/KILE-NAS1/2020-05-28.11': No such file or directory
du: cannot access '/mnt/disk*/Backups/KILE-NAS1/current': No such file or directory
numfmt: invalid number: ‘’
Snapshot 2020-05-28.12 has total size of:

bash: line 0: [: missing `]'
----------------------------------------------------------------
-----Synchronizing the following folders
Archive Backups Downloads Emulation Plex Projects Transfer Uploads YouTube
-----from /mnt/user/ to root@192.168.2.202:/mnt/user/backups/KILE-NAS1/sync
----------------------------------------------------------------
Rsync completed on Archive at Thu May 28 12:03:32 CDT 2020 with code of 0
----------------------------------------------------------------
Rsync completed on Backups at Thu May 28 12:03:33 CDT 2020 with code of 0
----------------------------------------------------------------
IO error encountered -- skipping file deletion
rsync: readdir("/mnt/user/backups/KILE-NAS1/sync/Downloads/Series/Psych/Season 08"): Structure needs cleaning (117)
rsync: recv_generator: failed to stat "/mnt/user/backups/KILE-NAS1/sync/Downloads/Series/Psych/Season 08/Psych - S08E05 - COG Blocked.nfo": Structure needs cleaning (117)
rsync error: some files/attrs were not transferred (see previous errors) (code 23) at main.c(1189) [sender=3.1.3]
Rsync completed on Downloads at Thu May 28 12:03:38 CDT 2020 with code of 23
----------------------------------------------------------------
Rsync completed on Emulation at Thu May 28 12:03:52 CDT 2020 with code of 0
----------------------------------------------------------------
Rsync completed on Plex at Thu May 28 12:09:50 CDT 2020 with code of 0
----------------------------------------------------------------
Rsync completed on Projects at Thu May 28 12:09:53 CDT 2020 with code of 0
----------------------------------------------------------------
Rsync completed on Transfer at Thu May 28 12:09:53 CDT 2020 with code of 0
----------------------------------------------------------------
Rsync completed on Uploads at Thu May 28 12:09:54 CDT 2020 with code of 0
----------------------------------------------------------------
Rsync completed on YouTube at Thu May 28 12:09:54 CDT 2020 with code of 0
------------------------------done------------------------------
-----------------------------start------------------------------
Thu May 28 13:00:01 CDT 2020 kile-deb2 rsync backup
-----Creating incremental backup of /mnt/user/
to root@192.168.2.202:/mnt/user/backups/KILE-NAS1/2020-05-28.13
-----excluding the following folders:
appdata domains Archive Backups Cache Downloads Emulation Movies Plex Projects system Temporary Transfer Uploads YouTube
----------------------------------------------------------------
Rsync completed at Thu May 28 13:02:45 CDT 2020 with code of 0
du: cannot access '/mnt/disk*/Backups/KILE-NAS1/2020-05-28.12': No such file or directory
du: cannot access '/mnt/disk*/Backups/KILE-NAS1/current': No such file or directory
numfmt: invalid number: ‘’
Snapshot 2020-05-28.13 has total size of:

bash: line 0: [: missing `]'
----------------------------------------------------------------
-----Synchronizing the following folders
Archive Backups Downloads Emulation Plex Projects Transfer Uploads YouTube
-----from /mnt/user/ to root@192.168.2.202:/mnt/user/backups/KILE-NAS1/sync
----------------------------------------------------------------
Rsync completed on Archive at Thu May 28 13:03:34 CDT 2020 with code of 0
----------------------------------------------------------------
Rsync completed on Backups at Thu May 28 13:03:34 CDT 2020 with code of 0
----------------------------------------------------------------
IO error encountered -- skipping file deletion
rsync: readdir("/mnt/user/backups/KILE-NAS1/sync/Downloads/Series/Psych/Season 08"): Structure needs cleaning (117)
rsync: recv_generator: failed to stat "/mnt/user/backups/KILE-NAS1/sync/Downloads/Series/Psych/Season 08/Psych - S08E05 - COG Blocked.nfo": Structure needs cleaning (117)
rsync error: some files/attrs were not transferred (see previous errors) (code 23) at main.c(1189) [sender=3.1.3]
Rsync completed on Downloads at Thu May 28 13:04:19 CDT 2020 with code of 23
----------------------------------------------------------------
Rsync completed on Emulation at Thu May 28 13:04:31 CDT 2020 with code of 0
----------------------------------------------------------------
Rsync completed on Plex at Thu May 28 13:10:22 CDT 2020 with code of 0
----------------------------------------------------------------
Rsync completed on Projects at Thu May 28 13:10:24 CDT 2020 with code of 0
----------------------------------------------------------------
Rsync completed on Transfer at Thu May 28 13:10:25 CDT 2020 with code of 0
----------------------------------------------------------------
Rsync completed on Uploads at Thu May 28 13:10:25 CDT 2020 with code of 0
----------------------------------------------------------------
Rsync completed on YouTube at Thu May 28 13:10:25 CDT 2020 with code of 0
------------------------------done------------------------------
-----------------------------start------------------------------
Thu May 28 14:00:01 CDT 2020 kile-deb2 rsync backup
-----Creating incremental backup of /mnt/user/
to root@192.168.2.202:/mnt/user/backups/KILE-NAS1/2020-05-28.14
-----excluding the following folders:
appdata domains Archive Backups Cache Downloads Emulation Movies Plex Projects system Temporary Transfer Uploads YouTube
----------------------------------------------------------------
Rsync completed at Thu May 28 14:02:12 CDT 2020 with code of 0
du: cannot access '/mnt/disk*/Backups/KILE-NAS1/2020-05-28.13': No such file or directory
du: cannot access '/mnt/disk*/Backups/KILE-NAS1/current': No such file or directory
numfmt: invalid number: ‘’
Snapshot 2020-05-28.14 has total size of:

bash: line 0: [: missing `]'
----------------------------------------------------------------
-----Synchronizing the following folders
Archive Backups Downloads Emulation Plex Projects Transfer Uploads YouTube
-----from /mnt/user/ to root@192.168.2.202:/mnt/user/backups/KILE-NAS1/sync
----------------------------------------------------------------
Rsync completed on Archive at Thu May 28 14:03:00 CDT 2020 with code of 0
----------------------------------------------------------------
Rsync completed on Backups at Thu May 28 14:03:00 CDT 2020 with code of 0
----------------------------------------------------------------
IO error encountered -- skipping file deletion
rsync: readdir("/mnt/user/backups/KILE-NAS1/sync/Downloads/Series/Psych/Season 08"): Structure needs cleaning (117)
rsync: recv_generator: failed to stat "/mnt/user/backups/KILE-NAS1/sync/Downloads/Series/Psych/Season 08/Psych - S08E05 - COG Blocked.nfo": Structure needs cleaning (117)
rsync error: some files/attrs were not transferred (see previous errors) (code 23) at main.c(1189) [sender=3.1.3]
Rsync completed on Downloads at Thu May 28 14:03:30 CDT 2020 with code of 23
----------------------------------------------------------------
Rsync completed on Emulation at Thu May 28 14:03:42 CDT 2020 with code of 0
----------------------------------------------------------------
Rsync completed on Plex at Thu May 28 14:09:26 CDT 2020 with code of 0
----------------------------------------------------------------
Rsync completed on Projects at Thu May 28 14:09:29 CDT 2020 with code of 0
----------------------------------------------------------------
Rsync completed on Transfer at Thu May 28 14:09:30 CDT 2020 with code of 0
----------------------------------------------------------------
Rsync completed on Uploads at Thu May 28 14:09:30 CDT 2020 with code of 0
----------------------------------------------------------------
Rsync completed on YouTube at Thu May 28 14:09:30 CDT 2020 with code of 0
------------------------------done------------------------------
-----------------------------start------------------------------
Thu May 28 15:00:01 CDT 2020 kile-deb2 rsync backup
-----Creating incremental backup of /mnt/user/
to root@192.168.2.202:/mnt/user/backups/KILE-NAS1/2020-05-28.15
-----excluding the following folders:
appdata domains Archive Backups Cache Downloads Emulation Movies Plex Projects system Temporary Transfer Uploads YouTube
----------------------------------------------------------------
Rsync completed at Thu May 28 15:02:31 CDT 2020 with code of 0
du: cannot access '/mnt/disk*/Backups/KILE-NAS1/2020-05-28.14': No such file or directory
du: cannot access '/mnt/disk*/Backups/KILE-NAS1/current': No such file or directory
numfmt: invalid number: ‘’
Snapshot 2020-05-28.15 has total size of:

bash: line 0: [: missing `]'
----------------------------------------------------------------
-----Synchronizing the following folders
Archive Backups Downloads Emulation Plex Projects Transfer Uploads YouTube
-----from /mnt/user/ to root@192.168.2.202:/mnt/user/backups/KILE-NAS1/sync
----------------------------------------------------------------
Rsync completed on Archive at Thu May 28 15:03:18 CDT 2020 with code of 0
----------------------------------------------------------------
Rsync completed on Backups at Thu May 28 15:03:19 CDT 2020 with code of 0
----------------------------------------------------------------
IO error encountered -- skipping file deletion
rsync: readdir("/mnt/user/backups/KILE-NAS1/sync/Downloads/Series/Psych/Season 08"): Structure needs cleaning (117)
rsync: recv_generator: failed to stat "/mnt/user/backups/KILE-NAS1/sync/Downloads/Series/Psych/Season 08/Psych - S08E05 - COG Blocked.nfo": Structure needs cleaning (117)
rsync error: some files/attrs were not transferred (see previous errors) (code 23) at main.c(1189) [sender=3.1.3]
Rsync completed on Downloads at Thu May 28 15:03:35 CDT 2020 with code of 23
----------------------------------------------------------------
Rsync completed on Emulation at Thu May 28 15:03:47 CDT 2020 with code of 0
----------------------------------------------------------------
Rsync completed on Plex at Thu May 28 15:09:28 CDT 2020 with code of 0
----------------------------------------------------------------
Rsync completed on Projects at Thu May 28 15:09:31 CDT 2020 with code of 0
----------------------------------------------------------------
Rsync completed on Transfer at Thu May 28 15:09:32 CDT 2020 with code of 0
----------------------------------------------------------------
Rsync completed on Uploads at Thu May 28 15:09:32 CDT 2020 with code of 0
----------------------------------------------------------------
Rsync completed on YouTube at Thu May 28 15:09:32 CDT 2020 with code of 0
------------------------------done------------------------------
-----------------------------start------------------------------
Thu May 28 16:00:01 CDT 2020 kile-deb2 rsync backup
-----Creating incremental backup of /mnt/user/
to root@192.168.2.202:/mnt/user/backups/KILE-NAS1/2020-05-28.16
-----excluding the following folders:
appdata domains Archive Backups Cache Downloads Emulation Movies Plex Projects system Temporary Transfer Uploads YouTube
----------------------------------------------------------------
Rsync completed at Thu May 28 16:01:58 CDT 2020 with code of 0
du: cannot access '/mnt/disk*/Backups/KILE-NAS1/2020-05-28.15': No such file or directory
du: cannot access '/mnt/disk*/Backups/KILE-NAS1/current': No such file or directory
numfmt: invalid number: ‘’
Snapshot 2020-05-28.16 has total size of:

bash: line 0: [: missing `]'
----------------------------------------------------------------
-----Synchronizing the following folders
Archive Backups Downloads Emulation Plex Projects Transfer Uploads YouTube
-----from /mnt/user/ to root@192.168.2.202:/mnt/user/backups/KILE-NAS1/sync
----------------------------------------------------------------
Rsync completed on Archive at Thu May 28 16:02:46 CDT 2020 with code of 0
----------------------------------------------------------------
Rsync completed on Backups at Thu May 28 16:02:47 CDT 2020 with code of 0
----------------------------------------------------------------
IO error encountered -- skipping file deletion
rsync: readdir("/mnt/user/backups/KILE-NAS1/sync/Downloads/Series/Psych/Season 08"): Structure needs cleaning (117)
rsync: recv_generator: failed to stat "/mnt/user/backups/KILE-NAS1/sync/Downloads/Series/Psych/Season 08/Psych - S08E05 - COG Blocked.nfo": Structure needs cleaning (117)
rsync error: some files/attrs were not transferred (see previous errors) (code 23) at main.c(1189) [sender=3.1.3]
Rsync completed on Downloads at Thu May 28 16:02:49 CDT 2020 with code of 23
----------------------------------------------------------------
Rsync completed on Emulation at Thu May 28 16:03:01 CDT 2020 with code of 0
----------------------------------------------------------------
Rsync completed on Plex at Thu May 28 16:08:49 CDT 2020 with code of 0
----------------------------------------------------------------
Rsync completed on Projects at Thu May 28 16:08:51 CDT 2020 with code of 0
----------------------------------------------------------------
Rsync completed on Transfer at Thu May 28 16:08:52 CDT 2020 with code of 0
----------------------------------------------------------------
Rsync completed on Uploads at Thu May 28 16:08:52 CDT 2020 with code of 0
----------------------------------------------------------------
Rsync completed on YouTube at Thu May 28 16:08:53 CDT 2020 with code of 0
------------------------------done------------------------------
-----------------------------start------------------------------
Thu May 28 17:00:01 CDT 2020 kile-deb2 rsync backup
-----Creating incremental backup of /mnt/user/
to root@192.168.2.202:/mnt/user/backups/KILE-NAS1/2020-05-28.17
-----excluding the following folders:
appdata domains Archive Backups Cache Downloads Emulation Movies Plex Projects system Temporary Transfer Uploads YouTube
----------------------------------------------------------------
Rsync completed at Thu May 28 17:02:21 CDT 2020 with code of 0
du: cannot access '/mnt/disk*/Backups/KILE-NAS1/2020-05-28.16': No such file or directory
du: cannot access '/mnt/disk*/Backups/KILE-NAS1/current': No such file or directory
numfmt: invalid number: ‘’
Snapshot 2020-05-28.17 has total size of:

bash: line 0: [: missing `]'
----------------------------------------------------------------
-----Synchronizing the following folders
Archive Backups Downloads Emulation Plex Projects Transfer Uploads YouTube
-----from /mnt/user/ to root@192.168.2.202:/mnt/user/backups/KILE-NAS1/sync
----------------------------------------------------------------
Rsync completed on Archive at Thu May 28 17:03:09 CDT 2020 with code of 0
----------------------------------------------------------------
Rsync completed on Backups at Thu May 28 17:03:09 CDT 2020 with code of 0
----------------------------------------------------------------
IO error encountered -- skipping file deletion
rsync: readdir("/mnt/user/backups/KILE-NAS1/sync/Downloads/Series/Psych/Season 08"): Structure needs cleaning (117)
rsync: recv_generator: failed to stat "/mnt/user/backups/KILE-NAS1/sync/Downloads/Series/Psych/Season 08/Psych - S08E05 - COG Blocked.nfo": Structure needs cleaning (117)
rsync error: some files/attrs were not transferred (see previous errors) (code 23) at main.c(1189) [sender=3.1.3]
Rsync completed on Downloads at Thu May 28 17:03:14 CDT 2020 with code of 23
----------------------------------------------------------------
Rsync completed on Emulation at Thu May 28 17:03:26 CDT 2020 with code of 0
----------------------------------------------------------------
Rsync completed on Plex at Thu May 28 17:09:19 CDT 2020 with code of 0
----------------------------------------------------------------
Rsync completed on Projects at Thu May 28 17:09:22 CDT 2020 with code of 0
----------------------------------------------------------------
Rsync completed on Transfer at Thu May 28 17:09:23 CDT 2020 with code of 0
----------------------------------------------------------------
Rsync completed on Uploads at Thu May 28 17:09:23 CDT 2020 with code of 0
----------------------------------------------------------------
Rsync completed on YouTube at Thu May 28 17:09:23 CDT 2020 with code of 0
------------------------------done------------------------------
-----------------------------start------------------------------
Thu May 28 18:00:01 CDT 2020 kile-deb2 rsync backup
-----Creating incremental backup of /mnt/user/
to root@192.168.2.202:/mnt/user/backups/KILE-NAS1/2020-05-28.18
-----excluding the following folders:
appdata domains Archive Backups Cache Downloads Emulation Movies Plex Projects system Temporary Transfer Uploads YouTube
----------------------------------------------------------------
Rsync completed at Thu May 28 18:01:57 CDT 2020 with code of 0
du: cannot access '/mnt/disk*/Backups/KILE-NAS1/2020-05-28.17': No such file or directory
du: cannot access '/mnt/disk*/Backups/KILE-NAS1/current': No such file or directory
numfmt: invalid number: ‘’
Snapshot 2020-05-28.18 has total size of:

bash: line 0: [: missing `]'
----------------------------------------------------------------
-----Synchronizing the following folders
Archive Backups Downloads Emulation Plex Projects Transfer Uploads YouTube
-----from /mnt/user/ to root@192.168.2.202:/mnt/user/backups/KILE-NAS1/sync
----------------------------------------------------------------
Rsync completed on Archive at Thu May 28 18:02:46 CDT 2020 with code of 0
----------------------------------------------------------------
Rsync completed on Backups at Thu May 28 18:02:46 CDT 2020 with code of 0
----------------------------------------------------------------
IO error encountered -- skipping file deletion
rsync: readdir("/mnt/user/backups/KILE-NAS1/sync/Downloads/Series/Psych/Season 08"): Structure needs cleaning (117)
rsync: recv_generator: failed to stat "/mnt/user/backups/KILE-NAS1/sync/Downloads/Series/Psych/Season 08/Psych - S08E05 - COG Blocked.nfo": Structure needs cleaning (117)
rsync error: some files/attrs were not transferred (see previous errors) (code 23) at main.c(1189) [sender=3.1.3]
Rsync completed on Downloads at Thu May 28 18:02:48 CDT 2020 with code of 23
----------------------------------------------------------------
Rsync completed on Emulation at Thu May 28 18:02:59 CDT 2020 with code of 0
----------------------------------------------------------------
Rsync completed on Plex at Thu May 28 18:08:48 CDT 2020 with code of 0
----------------------------------------------------------------
Rsync completed on Projects at Thu May 28 18:08:52 CDT 2020 with code of 0
----------------------------------------------------------------
Rsync completed on Transfer at Thu May 28 18:08:52 CDT 2020 with code of 0
----------------------------------------------------------------
Rsync completed on Uploads at Thu May 28 18:08:52 CDT 2020 with code of 0
----------------------------------------------------------------
Rsync completed on YouTube at Thu May 28 18:08:53 CDT 2020 with code of 0
------------------------------done------------------------------
-----------------------------start------------------------------
Thu May 28 19:00:01 CDT 2020 kile-deb2 rsync backup
-----Creating incremental backup of /mnt/user/
to root@192.168.2.202:/mnt/user/backups/KILE-NAS1/2020-05-28.19
-----excluding the following folders:
appdata domains Archive Backups Cache Downloads Emulation Movies Plex Projects system Temporary Transfer Uploads YouTube
----------------------------------------------------------------
Rsync completed at Thu May 28 19:01:58 CDT 2020 with code of 0
du: cannot access '/mnt/disk*/Backups/KILE-NAS1/2020-05-28.18': No such file or directory
du: cannot access '/mnt/disk*/Backups/KILE-NAS1/current': No such file or directory
numfmt: invalid number: ‘’
Snapshot 2020-05-28.19 has total size of:

bash: line 0: [: missing `]'
----------------------------------------------------------------
-----Synchronizing the following folders
Archive Backups Downloads Emulation Plex Projects Transfer Uploads YouTube
-----from /mnt/user/ to root@192.168.2.202:/mnt/user/backups/KILE-NAS1/sync
----------------------------------------------------------------
Rsync completed on Archive at Thu May 28 19:02:46 CDT 2020 with code of 0
----------------------------------------------------------------
Rsync completed on Backups at Thu May 28 19:02:46 CDT 2020 with code of 0
----------------------------------------------------------------
IO error encountered -- skipping file deletion
rsync: readdir("/mnt/user/backups/KILE-NAS1/sync/Downloads/Series/Psych/Season 08"): Structure needs cleaning (117)
rsync: recv_generator: failed to stat "/mnt/user/backups/KILE-NAS1/sync/Downloads/Series/Psych/Season 08/Psych - S08E05 - COG Blocked.nfo": Structure needs cleaning (117)
rsync error: some files/attrs were not transferred (see previous errors) (code 23) at main.c(1189) [sender=3.1.3]
Rsync completed on Downloads at Thu May 28 19:02:49 CDT 2020 with code of 23
----------------------------------------------------------------
Rsync completed on Emulation at Thu May 28 19:03:00 CDT 2020 with code of 0
----------------------------------------------------------------
Rsync completed on Plex at Thu May 28 19:08:54 CDT 2020 with code of 0
----------------------------------------------------------------
Rsync completed on Projects at Thu May 28 19:08:57 CDT 2020 with code of 0
----------------------------------------------------------------
Rsync completed on Transfer at Thu May 28 19:08:57 CDT 2020 with code of 0
----------------------------------------------------------------
Rsync completed on Uploads at Thu May 28 19:08:57 CDT 2020 with code of 0
----------------------------------------------------------------
Rsync completed on YouTube at Thu May 28 19:08:58 CDT 2020 with code of 0
------------------------------done------------------------------
-----------------------------start------------------------------
Thu May 28 23:00:01 CDT 2020 kile-deb2 rsync backup
-----Creating incremental backup of /mnt/user/
to root@192.168.2.202:/mnt/user/backups/KILE-NAS1/2020-05-28.23
-----excluding the following folders:
appdata domains Archive Backups Cache Downloads Emulation Movies Plex Projects system Temporary Transfer Uploads YouTube
----------------------------------------------------------------
Rsync completed at Thu May 28 23:01:57 CDT 2020 with code of 0
du: cannot access '/mnt/disk*/Backups/KILE-NAS1/2020-05-28.19': No such file or directory
du: cannot access '/mnt/disk*/Backups/KILE-NAS1/current': No such file or directory
numfmt: invalid number: ‘’
Snapshot 2020-05-28.23 has total size of:

bash: line 0: [: missing `]'
----------------------------------------------------------------
-----Synchronizing the following folders
Archive Backups Downloads Emulation Plex Projects Transfer Uploads YouTube
-----from /mnt/user/ to root@192.168.2.202:/mnt/user/backups/KILE-NAS1/sync
----------------------------------------------------------------
Rsync completed on Archive at Thu May 28 23:02:45 CDT 2020 with code of 0
----------------------------------------------------------------
Rsync completed on Backups at Thu May 28 23:02:45 CDT 2020 with code of 0
----------------------------------------------------------------
IO error encountered -- skipping file deletion
rsync: readdir("/mnt/user/backups/KILE-NAS1/sync/Downloads/Series/Psych/Season 08"): Structure needs cleaning (117)
rsync: recv_generator: failed to stat "/mnt/user/backups/KILE-NAS1/sync/Downloads/Series/Psych/Season 08/Psych - S08E05 - COG Blocked.nfo": Structure needs cleaning (117)
rsync error: some files/attrs were not transferred (see previous errors) (code 23) at main.c(1189) [sender=3.1.3]
Rsync completed on Downloads at Thu May 28 23:02:47 CDT 2020 with code of 23
----------------------------------------------------------------
Rsync completed on Emulation at Thu May 28 23:03:00 CDT 2020 with code of 0
----------------------------------------------------------------
Rsync completed on Plex at Thu May 28 23:08:42 CDT 2020 with code of 0
----------------------------------------------------------------
Rsync completed on Projects at Thu May 28 23:08:45 CDT 2020 with code of 0
----------------------------------------------------------------
Rsync completed on Transfer at Thu May 28 23:08:46 CDT 2020 with code of 0
----------------------------------------------------------------
Rsync completed on Uploads at Thu May 28 23:08:46 CDT 2020 with code of 0
----------------------------------------------------------------
Rsync completed on YouTube at Thu May 28 23:08:46 CDT 2020 with code of 0
------------------------------done------------------------------
