-----------------------------start------------------------------
Tue Jun  9 00:00:01 CDT 2020 kile-deb2 rsync cleanup
----------------------------------------------------------------
Beginning rsync hourly cleanup at Tue Jun  9 00:00:01 CDT 2020
90
Checking for /mnt/user/Backups/KILE-NAS1/2020-03-11
89
Checking for /mnt/user/Backups/KILE-NAS1/2020-03-12
88
Checking for /mnt/user/Backups/KILE-NAS1/2020-03-13
87
Checking for /mnt/user/Backups/KILE-NAS1/2020-03-14
86
Checking for /mnt/user/Backups/KILE-NAS1/2020-03-15
85
Checking for /mnt/user/Backups/KILE-NAS1/2020-03-16
84
Checking for /mnt/user/Backups/KILE-NAS1/2020-03-17
83
Checking for /mnt/user/Backups/KILE-NAS1/2020-03-18
82
Checking for /mnt/user/Backups/KILE-NAS1/2020-03-19
81
Checking for /mnt/user/Backups/KILE-NAS1/2020-03-20
80
Checking for /mnt/user/Backups/KILE-NAS1/2020-03-21
79
Checking for /mnt/user/Backups/KILE-NAS1/2020-03-22
78
Checking for /mnt/user/Backups/KILE-NAS1/2020-03-23
77
Checking for /mnt/user/Backups/KILE-NAS1/2020-03-24
76
Checking for /mnt/user/Backups/KILE-NAS1/2020-03-25
75
Checking for /mnt/user/Backups/KILE-NAS1/2020-03-26
74
Checking for /mnt/user/Backups/KILE-NAS1/2020-03-27
73
Checking for /mnt/user/Backups/KILE-NAS1/2020-03-28
72
Checking for /mnt/user/Backups/KILE-NAS1/2020-03-29
71
Checking for /mnt/user/Backups/KILE-NAS1/2020-03-30
70
Checking for /mnt/user/Backups/KILE-NAS1/2020-03-31
69
Checking for /mnt/user/Backups/KILE-NAS1/2020-04-01
68
Checking for /mnt/user/Backups/KILE-NAS1/2020-04-02
67
Checking for /mnt/user/Backups/KILE-NAS1/2020-04-03
66
Checking for /mnt/user/Backups/KILE-NAS1/2020-04-04
65
Checking for /mnt/user/Backups/KILE-NAS1/2020-04-05
64
Checking for /mnt/user/Backups/KILE-NAS1/2020-04-06
63
Checking for /mnt/user/Backups/KILE-NAS1/2020-04-07
62
Checking for /mnt/user/Backups/KILE-NAS1/2020-04-08
61
Checking for /mnt/user/Backups/KILE-NAS1/2020-04-09
60
Checking for /mnt/user/Backups/KILE-NAS1/2020-04-10
59
Checking for /mnt/user/Backups/KILE-NAS1/2020-04-11
58
Checking for /mnt/user/Backups/KILE-NAS1/2020-04-12
57
Checking for /mnt/user/Backups/KILE-NAS1/2020-04-13
56
Checking for /mnt/user/Backups/KILE-NAS1/2020-04-14
55
Checking for /mnt/user/Backups/KILE-NAS1/2020-04-15
54
Checking for /mnt/user/Backups/KILE-NAS1/2020-04-16
53
Checking for /mnt/user/Backups/KILE-NAS1/2020-04-17
52
Checking for /mnt/user/Backups/KILE-NAS1/2020-04-18
51
Checking for /mnt/user/Backups/KILE-NAS1/2020-04-19
50
Checking for /mnt/user/Backups/KILE-NAS1/2020-04-20
49
Checking for /mnt/user/Backups/KILE-NAS1/2020-04-21
48
Checking for /mnt/user/Backups/KILE-NAS1/2020-04-22
47
Checking for /mnt/user/Backups/KILE-NAS1/2020-04-23
46
Checking for /mnt/user/Backups/KILE-NAS1/2020-04-24
45
Checking for /mnt/user/Backups/KILE-NAS1/2020-04-25
44
Checking for /mnt/user/Backups/KILE-NAS1/2020-04-26
43
Checking for /mnt/user/Backups/KILE-NAS1/2020-04-27
42
Checking for /mnt/user/Backups/KILE-NAS1/2020-04-28
41
Checking for /mnt/user/Backups/KILE-NAS1/2020-04-29
40
Checking for /mnt/user/Backups/KILE-NAS1/2020-04-30
39
Checking for /mnt/user/Backups/KILE-NAS1/2020-05-01
38
Checking for /mnt/user/Backups/KILE-NAS1/2020-05-02
37
Checking for /mnt/user/Backups/KILE-NAS1/2020-05-03
36
Checking for /mnt/user/Backups/KILE-NAS1/2020-05-04
35
Checking for /mnt/user/Backups/KILE-NAS1/2020-05-05
34
Checking for /mnt/user/Backups/KILE-NAS1/2020-05-06
33
Checking for /mnt/user/Backups/KILE-NAS1/2020-05-07
32
Checking for /mnt/user/Backups/KILE-NAS1/2020-05-08
31
Checking for /mnt/user/Backups/KILE-NAS1/2020-05-09
30
Checking for /mnt/user/Backups/KILE-NAS1/2020-05-10
29
Checking for /mnt/user/Backups/KILE-NAS1/2020-05-11
28
Checking for /mnt/user/Backups/KILE-NAS1/2020-05-12
27
Checking for /mnt/user/Backups/KILE-NAS1/2020-05-13
26
Checking for /mnt/user/Backups/KILE-NAS1/2020-05-14
25
Checking for /mnt/user/Backups/KILE-NAS1/2020-05-15
24
Checking for /mnt/user/Backups/KILE-NAS1/2020-05-16
23
Checking for /mnt/user/Backups/KILE-NAS1/2020-05-17
22
Checking for /mnt/user/Backups/KILE-NAS1/2020-05-18
21
Checking for /mnt/user/Backups/KILE-NAS1/2020-05-19
20
Checking for /mnt/user/Backups/KILE-NAS1/2020-05-20
19
Checking for /mnt/user/Backups/KILE-NAS1/2020-05-21
18
Checking for /mnt/user/Backups/KILE-NAS1/2020-05-22
17
Checking for /mnt/user/Backups/KILE-NAS1/2020-05-23
16
Checking for /mnt/user/Backups/KILE-NAS1/2020-05-24
15
Checking for /mnt/user/Backups/KILE-NAS1/2020-05-25
14
Checking for /mnt/user/Backups/KILE-NAS1/2020-05-26
13
Checking for /mnt/user/Backups/KILE-NAS1/2020-05-27
12
Checking for /mnt/user/Backups/KILE-NAS1/2020-05-28
11
Checking for /mnt/user/Backups/KILE-NAS1/2020-05-29
10
Checking for /mnt/user/Backups/KILE-NAS1/2020-05-30
9
Checking for /mnt/user/Backups/KILE-NAS1/2020-05-31
8
Checking for /mnt/user/Backups/KILE-NAS1/2020-06-01
7
Checking for /mnt/user/Backups/KILE-NAS1/2020-06-02
6
Checking for /mnt/user/Backups/KILE-NAS1/2020-06-03
5
Checking for /mnt/user/Backups/KILE-NAS1/2020-06-04
4
Checking for /mnt/user/Backups/KILE-NAS1/2020-06-05
3
Checking for /mnt/user/Backups/KILE-NAS1/2020-06-06
----------------------------------------------------------------
Beginning rsync daily cleanup at Tue Jun  9 00:00:16 CDT 2020
----------------------------------------------------------------
Beginning rsync monthly cleanup at Tue Jun  9 00:01:03 CDT 2020
------------------------------done------------------------------
