-----------------------------start------------------------------
Wed Jun  3 00:00:01 CDT 2020 kile-deb2 rsync cleanup
----------------------------------------------------------------
Beginning rsync hourly cleanup at Wed Jun  3 00:00:01 CDT 2020
90
Checking for /mnt/user/Backups/KILE-NAS1/2020-03-04
89
Checking for /mnt/user/Backups/KILE-NAS1/2020-03-05
88
Checking for /mnt/user/Backups/KILE-NAS1/2020-03-06
87
Checking for /mnt/user/Backups/KILE-NAS1/2020-03-07
86
Checking for /mnt/user/Backups/KILE-NAS1/2020-03-09
85
Checking for /mnt/user/Backups/KILE-NAS1/2020-03-10
84
Checking for /mnt/user/Backups/KILE-NAS1/2020-03-11
83
Checking for /mnt/user/Backups/KILE-NAS1/2020-03-12
82
Checking for /mnt/user/Backups/KILE-NAS1/2020-03-13
81
Checking for /mnt/user/Backups/KILE-NAS1/2020-03-14
80
Checking for /mnt/user/Backups/KILE-NAS1/2020-03-15
79
Checking for /mnt/user/Backups/KILE-NAS1/2020-03-16
78
Checking for /mnt/user/Backups/KILE-NAS1/2020-03-17
77
Checking for /mnt/user/Backups/KILE-NAS1/2020-03-18
76
Checking for /mnt/user/Backups/KILE-NAS1/2020-03-19
75
Checking for /mnt/user/Backups/KILE-NAS1/2020-03-20
74
Checking for /mnt/user/Backups/KILE-NAS1/2020-03-21
73
Checking for /mnt/user/Backups/KILE-NAS1/2020-03-22
72
Checking for /mnt/user/Backups/KILE-NAS1/2020-03-23
71
Checking for /mnt/user/Backups/KILE-NAS1/2020-03-24
70
Checking for /mnt/user/Backups/KILE-NAS1/2020-03-25
69
Checking for /mnt/user/Backups/KILE-NAS1/2020-03-26
68
Checking for /mnt/user/Backups/KILE-NAS1/2020-03-27
67
Checking for /mnt/user/Backups/KILE-NAS1/2020-03-28
66
Checking for /mnt/user/Backups/KILE-NAS1/2020-03-29
65
Checking for /mnt/user/Backups/KILE-NAS1/2020-03-30
64
Checking for /mnt/user/Backups/KILE-NAS1/2020-03-31
63
Checking for /mnt/user/Backups/KILE-NAS1/2020-04-01
62
Checking for /mnt/user/Backups/KILE-NAS1/2020-04-02
61
Checking for /mnt/user/Backups/KILE-NAS1/2020-04-03
60
Checking for /mnt/user/Backups/KILE-NAS1/2020-04-04
59
Checking for /mnt/user/Backups/KILE-NAS1/2020-04-05
58
Checking for /mnt/user/Backups/KILE-NAS1/2020-04-06
57
Checking for /mnt/user/Backups/KILE-NAS1/2020-04-07
56
Checking for /mnt/user/Backups/KILE-NAS1/2020-04-08
55
Checking for /mnt/user/Backups/KILE-NAS1/2020-04-09
54
Checking for /mnt/user/Backups/KILE-NAS1/2020-04-10
53
Checking for /mnt/user/Backups/KILE-NAS1/2020-04-11
52
Checking for /mnt/user/Backups/KILE-NAS1/2020-04-12
51
Checking for /mnt/user/Backups/KILE-NAS1/2020-04-13
50
Checking for /mnt/user/Backups/KILE-NAS1/2020-04-14
49
Checking for /mnt/user/Backups/KILE-NAS1/2020-04-15
48
Checking for /mnt/user/Backups/KILE-NAS1/2020-04-16
47
Checking for /mnt/user/Backups/KILE-NAS1/2020-04-17
46
Checking for /mnt/user/Backups/KILE-NAS1/2020-04-18
45
Checking for /mnt/user/Backups/KILE-NAS1/2020-04-19
44
Checking for /mnt/user/Backups/KILE-NAS1/2020-04-20
43
Checking for /mnt/user/Backups/KILE-NAS1/2020-04-21
42
Checking for /mnt/user/Backups/KILE-NAS1/2020-04-22
41
Checking for /mnt/user/Backups/KILE-NAS1/2020-04-23
40
Checking for /mnt/user/Backups/KILE-NAS1/2020-04-24
39
Checking for /mnt/user/Backups/KILE-NAS1/2020-04-25
38
Checking for /mnt/user/Backups/KILE-NAS1/2020-04-26
37
Checking for /mnt/user/Backups/KILE-NAS1/2020-04-27
36
Checking for /mnt/user/Backups/KILE-NAS1/2020-04-28
35
Checking for /mnt/user/Backups/KILE-NAS1/2020-04-29
34
Checking for /mnt/user/Backups/KILE-NAS1/2020-04-30
33
Checking for /mnt/user/Backups/KILE-NAS1/2020-05-01
32
Checking for /mnt/user/Backups/KILE-NAS1/2020-05-02
31
Checking for /mnt/user/Backups/KILE-NAS1/2020-05-03
30
Checking for /mnt/user/Backups/KILE-NAS1/2020-05-04
29
Checking for /mnt/user/Backups/KILE-NAS1/2020-05-05
28
Checking for /mnt/user/Backups/KILE-NAS1/2020-05-06
27
Checking for /mnt/user/Backups/KILE-NAS1/2020-05-07
26
Checking for /mnt/user/Backups/KILE-NAS1/2020-05-08
25
Checking for /mnt/user/Backups/KILE-NAS1/2020-05-09
24
Checking for /mnt/user/Backups/KILE-NAS1/2020-05-10
23
Checking for /mnt/user/Backups/KILE-NAS1/2020-05-11
22
Checking for /mnt/user/Backups/KILE-NAS1/2020-05-12
21
Checking for /mnt/user/Backups/KILE-NAS1/2020-05-13
20
Checking for /mnt/user/Backups/KILE-NAS1/2020-05-14
19
Checking for /mnt/user/Backups/KILE-NAS1/2020-05-15
18
Checking for /mnt/user/Backups/KILE-NAS1/2020-05-16
17
Checking for /mnt/user/Backups/KILE-NAS1/2020-05-17
16
Checking for /mnt/user/Backups/KILE-NAS1/2020-05-18
15
Checking for /mnt/user/Backups/KILE-NAS1/2020-05-19
14
Checking for /mnt/user/Backups/KILE-NAS1/2020-05-20
13
Checking for /mnt/user/Backups/KILE-NAS1/2020-05-21
12
Checking for /mnt/user/Backups/KILE-NAS1/2020-05-22
11
Checking for /mnt/user/Backups/KILE-NAS1/2020-05-23
10
Checking for /mnt/user/Backups/KILE-NAS1/2020-05-24
9
Checking for /mnt/user/Backups/KILE-NAS1/2020-05-25
8
Checking for /mnt/user/Backups/KILE-NAS1/2020-05-26
7
Checking for /mnt/user/Backups/KILE-NAS1/2020-05-27
6
Checking for /mnt/user/Backups/KILE-NAS1/2020-05-28
5
Checking for /mnt/user/Backups/KILE-NAS1/2020-05-29
4
Checking for /mnt/user/Backups/KILE-NAS1/2020-05-30
3
Checking for /mnt/user/Backups/KILE-NAS1/2020-05-31
----------------------------------------------------------------
Beginning rsync daily cleanup at Wed Jun  3 00:00:16 CDT 2020
----------------------------------------------------------------
Beginning rsync monthly cleanup at Wed Jun  3 00:01:04 CDT 2020
------------------------------done------------------------------
