-----------------------------start------------------------------
Wed May 20 02:00:01 CDT 2020 kile-deb2 rsync backup
-----Creating incremental backup of /mnt/user/
to root@192.168.2.202:/mnt/user/backups/KILE-NAS1/2020-05-20.02
-----excluding the following folders:
appdata domains Archive Backups Cache Downloads Emulation Movies Plex Projects system Temporary Transfer Uploads YouTube
----------------------------------------------------------------
Rsync completed at Wed May 20 02:03:12 CDT 2020 with code of 0
du: cannot access '/mnt/disk*/Backups/KILE-NAS1/2020-05-19.23': No such file or directory
du: cannot access '/mnt/disk*/Backups/KILE-NAS1/current': No such file or directory
numfmt: invalid number: ‘’
Snapshot 2020-05-20.02 has total size of:

bash: line 0: [: missing `]'
----------------------------------------------------------------
-----Synchronizing the following folders
Archive Backups Downloads Emulation Plex Projects Transfer Uploads YouTube
-----from /mnt/user/ to root@192.168.2.202:/mnt/user/backups/KILE-NAS1/sync
----------------------------------------------------------------
Rsync completed on Archive at Wed May 20 02:04:26 CDT 2020 with code of 0
----------------------------------------------------------------
Rsync completed on Backups at Wed May 20 02:33:17 CDT 2020 with code of 0
----------------------------------------------------------------
IO error encountered -- skipping file deletion
rsync: readdir("/mnt/user/backups/KILE-NAS1/sync/Downloads/Series/Psych/Season 08"): Structure needs cleaning (117)
rsync: recv_generator: failed to stat "/mnt/user/backups/KILE-NAS1/sync/Downloads/Series/Psych/Season 08/Psych - S08E05 - COG Blocked.nfo": Structure needs cleaning (117)
rsync error: some files/attrs were not transferred (see previous errors) (code 23) at main.c(1189) [sender=3.1.3]
Rsync completed on Downloads at Wed May 20 02:40:06 CDT 2020 with code of 23
----------------------------------------------------------------
Rsync completed on Emulation at Wed May 20 02:40:21 CDT 2020 with code of 0
----------------------------------------------------------------
Rsync completed on Plex at Wed May 20 02:49:38 CDT 2020 with code of 0
----------------------------------------------------------------
Rsync completed on Projects at Wed May 20 02:49:45 CDT 2020 with code of 0
----------------------------------------------------------------
Rsync completed on Transfer at Wed May 20 02:49:46 CDT 2020 with code of 0
----------------------------------------------------------------
Rsync completed on Uploads at Wed May 20 02:49:50 CDT 2020 with code of 0
----------------------------------------------------------------
Rsync completed on YouTube at Wed May 20 02:49:51 CDT 2020 with code of 0
------------------------------done------------------------------
-----------------------------start------------------------------
Wed May 20 07:00:01 CDT 2020 kile-deb2 rsync backup
-----Creating incremental backup of /mnt/user/
to root@192.168.2.202:/mnt/user/backups/KILE-NAS1/2020-05-20.07
-----excluding the following folders:
appdata domains Archive Backups Cache Downloads Emulation Movies Plex Projects system Temporary Transfer Uploads YouTube
----------------------------------------------------------------
Rsync completed at Wed May 20 07:04:44 CDT 2020 with code of 0
du: cannot access '/mnt/disk*/Backups/KILE-NAS1/2020-05-20.02': No such file or directory
du: cannot access '/mnt/disk*/Backups/KILE-NAS1/current': No such file or directory
numfmt: invalid number: ‘’
Snapshot 2020-05-20.07 has total size of:

bash: line 0: [: missing `]'
----------------------------------------------------------------
-----Synchronizing the following folders
Archive Backups Downloads Emulation Plex Projects Transfer Uploads YouTube
-----from /mnt/user/ to root@192.168.2.202:/mnt/user/backups/KILE-NAS1/sync
----------------------------------------------------------------
Rsync completed on Archive at Wed May 20 07:06:25 CDT 2020 with code of 0
----------------------------------------------------------------
Rsync completed on Backups at Wed May 20 07:06:26 CDT 2020 with code of 0
----------------------------------------------------------------
IO error encountered -- skipping file deletion
rsync: readdir("/mnt/user/backups/KILE-NAS1/sync/Downloads/Series/Psych/Season 08"): Structure needs cleaning (117)
rsync: recv_generator: failed to stat "/mnt/user/backups/KILE-NAS1/sync/Downloads/Series/Psych/Season 08/Psych - S08E05 - COG Blocked.nfo": Structure needs cleaning (117)
rsync error: some files/attrs were not transferred (see previous errors) (code 23) at main.c(1189) [sender=3.1.3]
Rsync completed on Downloads at Wed May 20 07:06:30 CDT 2020 with code of 23
----------------------------------------------------------------
Rsync completed on Emulation at Wed May 20 07:06:46 CDT 2020 with code of 0
----------------------------------------------------------------
Rsync completed on Plex at Wed May 20 07:13:41 CDT 2020 with code of 0
----------------------------------------------------------------
Rsync completed on Projects at Wed May 20 07:13:46 CDT 2020 with code of 0
----------------------------------------------------------------
Rsync completed on Transfer at Wed May 20 07:13:46 CDT 2020 with code of 0
----------------------------------------------------------------
Rsync completed on Uploads at Wed May 20 07:13:47 CDT 2020 with code of 0
----------------------------------------------------------------
Rsync completed on YouTube at Wed May 20 07:13:47 CDT 2020 with code of 0
------------------------------done------------------------------
-----------------------------start------------------------------
Wed May 20 09:00:02 CDT 2020 kile-deb2 rsync backup
-----Creating incremental backup of /mnt/user/
to root@192.168.2.202:/mnt/user/backups/KILE-NAS1/2020-05-20.09
-----excluding the following folders:
appdata domains Archive Backups Cache Downloads Emulation Movies Plex Projects system Temporary Transfer Uploads YouTube
----------------------------------------------------------------
Rsync completed at Wed May 20 09:03:02 CDT 2020 with code of 0
du: cannot access '/mnt/disk*/Backups/KILE-NAS1/2020-05-20.07': No such file or directory
du: cannot access '/mnt/disk*/Backups/KILE-NAS1/current': No such file or directory
numfmt: invalid number: ‘’
Snapshot 2020-05-20.09 has total size of:

bash: line 0: [: missing `]'
----------------------------------------------------------------
-----Synchronizing the following folders
Archive Backups Downloads Emulation Plex Projects Transfer Uploads YouTube
-----from /mnt/user/ to root@192.168.2.202:/mnt/user/backups/KILE-NAS1/sync
----------------------------------------------------------------
Rsync completed on Archive at Wed May 20 09:03:56 CDT 2020 with code of 0
----------------------------------------------------------------
Rsync completed on Backups at Wed May 20 09:03:56 CDT 2020 with code of 0
----------------------------------------------------------------
IO error encountered -- skipping file deletion
rsync: readdir("/mnt/user/backups/KILE-NAS1/sync/Downloads/Series/Psych/Season 08"): Structure needs cleaning (117)
rsync: recv_generator: failed to stat "/mnt/user/backups/KILE-NAS1/sync/Downloads/Series/Psych/Season 08/Psych - S08E05 - COG Blocked.nfo": Structure needs cleaning (117)
rsync error: some files/attrs were not transferred (see previous errors) (code 23) at main.c(1189) [sender=3.1.3]
Rsync completed on Downloads at Wed May 20 09:03:59 CDT 2020 with code of 23
----------------------------------------------------------------
Rsync completed on Emulation at Wed May 20 09:04:12 CDT 2020 with code of 0
----------------------------------------------------------------
Rsync completed on Plex at Wed May 20 09:10:49 CDT 2020 with code of 0
----------------------------------------------------------------
Rsync completed on Projects at Wed May 20 09:10:52 CDT 2020 with code of 0
----------------------------------------------------------------
Rsync completed on Transfer at Wed May 20 09:10:53 CDT 2020 with code of 0
----------------------------------------------------------------
Rsync completed on Uploads at Wed May 20 09:10:53 CDT 2020 with code of 0
----------------------------------------------------------------
Rsync completed on YouTube at Wed May 20 09:10:54 CDT 2020 with code of 0
------------------------------done------------------------------
-----------------------------start------------------------------
Wed May 20 10:00:01 CDT 2020 kile-deb2 rsync backup
-----Creating incremental backup of /mnt/user/
to root@192.168.2.202:/mnt/user/backups/KILE-NAS1/2020-05-20.10
-----excluding the following folders:
appdata domains Archive Backups Cache Downloads Emulation Movies Plex Projects system Temporary Transfer Uploads YouTube
----------------------------------------------------------------
Rsync completed at Wed May 20 10:02:11 CDT 2020 with code of 0
du: cannot access '/mnt/disk*/Backups/KILE-NAS1/2020-05-20.09': No such file or directory
du: cannot access '/mnt/disk*/Backups/KILE-NAS1/current': No such file or directory
numfmt: invalid number: ‘’
Snapshot 2020-05-20.10 has total size of:

bash: line 0: [: missing `]'
----------------------------------------------------------------
-----Synchronizing the following folders
Archive Backups Downloads Emulation Plex Projects Transfer Uploads YouTube
-----from /mnt/user/ to root@192.168.2.202:/mnt/user/backups/KILE-NAS1/sync
----------------------------------------------------------------
Rsync completed on Archive at Wed May 20 10:03:02 CDT 2020 with code of 0
----------------------------------------------------------------
Rsync completed on Backups at Wed May 20 10:03:02 CDT 2020 with code of 0
----------------------------------------------------------------
IO error encountered -- skipping file deletion
rsync: readdir("/mnt/user/backups/KILE-NAS1/sync/Downloads/Series/Psych/Season 08"): Structure needs cleaning (117)
rsync: recv_generator: failed to stat "/mnt/user/backups/KILE-NAS1/sync/Downloads/Series/Psych/Season 08/Psych - S08E05 - COG Blocked.nfo": Structure needs cleaning (117)
rsync error: some files/attrs were not transferred (see previous errors) (code 23) at main.c(1189) [sender=3.1.3]
Rsync completed on Downloads at Wed May 20 10:03:04 CDT 2020 with code of 23
----------------------------------------------------------------
Rsync completed on Emulation at Wed May 20 10:03:17 CDT 2020 with code of 0
----------------------------------------------------------------
Rsync completed on Plex at Wed May 20 10:09:12 CDT 2020 with code of 0
----------------------------------------------------------------
Rsync completed on Projects at Wed May 20 10:09:16 CDT 2020 with code of 0
----------------------------------------------------------------
Rsync completed on Transfer at Wed May 20 10:09:16 CDT 2020 with code of 0
----------------------------------------------------------------
Rsync completed on Uploads at Wed May 20 10:09:16 CDT 2020 with code of 0
----------------------------------------------------------------
Rsync completed on YouTube at Wed May 20 10:09:17 CDT 2020 with code of 0
------------------------------done------------------------------
-----------------------------start------------------------------
Wed May 20 11:00:01 CDT 2020 kile-deb2 rsync backup
-----Creating incremental backup of /mnt/user/
to root@192.168.2.202:/mnt/user/backups/KILE-NAS1/2020-05-20.11
-----excluding the following folders:
appdata domains Archive Backups Cache Downloads Emulation Movies Plex Projects system Temporary Transfer Uploads YouTube
----------------------------------------------------------------
Rsync completed at Wed May 20 11:02:25 CDT 2020 with code of 0
du: cannot access '/mnt/disk*/Backups/KILE-NAS1/2020-05-20.10': No such file or directory
du: cannot access '/mnt/disk*/Backups/KILE-NAS1/current': No such file or directory
numfmt: invalid number: ‘’
Snapshot 2020-05-20.11 has total size of:

bash: line 0: [: missing `]'
----------------------------------------------------------------
-----Synchronizing the following folders
Archive Backups Downloads Emulation Plex Projects Transfer Uploads YouTube
-----from /mnt/user/ to root@192.168.2.202:/mnt/user/backups/KILE-NAS1/sync
----------------------------------------------------------------
Rsync completed on Archive at Wed May 20 11:03:24 CDT 2020 with code of 0
----------------------------------------------------------------
Rsync completed on Backups at Wed May 20 11:03:24 CDT 2020 with code of 0
----------------------------------------------------------------
IO error encountered -- skipping file deletion
rsync: readdir("/mnt/user/backups/KILE-NAS1/sync/Downloads/Series/Psych/Season 08"): Structure needs cleaning (117)
rsync: recv_generator: failed to stat "/mnt/user/backups/KILE-NAS1/sync/Downloads/Series/Psych/Season 08/Psych - S08E05 - COG Blocked.nfo": Structure needs cleaning (117)
rsync error: some files/attrs were not transferred (see previous errors) (code 23) at main.c(1189) [sender=3.1.3]
Rsync completed on Downloads at Wed May 20 11:03:26 CDT 2020 with code of 23
----------------------------------------------------------------
Rsync completed on Emulation at Wed May 20 11:03:39 CDT 2020 with code of 0
----------------------------------------------------------------
Rsync completed on Plex at Wed May 20 11:09:58 CDT 2020 with code of 0
----------------------------------------------------------------
Rsync completed on Projects at Wed May 20 11:10:02 CDT 2020 with code of 0
----------------------------------------------------------------
Rsync completed on Transfer at Wed May 20 11:10:02 CDT 2020 with code of 0
----------------------------------------------------------------
Rsync completed on Uploads at Wed May 20 11:10:03 CDT 2020 with code of 0
----------------------------------------------------------------
Rsync completed on YouTube at Wed May 20 11:10:04 CDT 2020 with code of 0
------------------------------done------------------------------
-----------------------------start------------------------------
Wed May 20 12:00:01 CDT 2020 kile-deb2 rsync backup
-----Creating incremental backup of /mnt/user/
to root@192.168.2.202:/mnt/user/backups/KILE-NAS1/2020-05-20.12
-----excluding the following folders:
appdata domains Archive Backups Cache Downloads Emulation Movies Plex Projects system Temporary Transfer Uploads YouTube
----------------------------------------------------------------
Rsync completed at Wed May 20 12:02:08 CDT 2020 with code of 0
du: cannot access '/mnt/disk*/Backups/KILE-NAS1/2020-05-20.11': No such file or directory
du: cannot access '/mnt/disk*/Backups/KILE-NAS1/current': No such file or directory
numfmt: invalid number: ‘’
Snapshot 2020-05-20.12 has total size of:

bash: line 0: [: missing `]'
----------------------------------------------------------------
-----Synchronizing the following folders
Archive Backups Downloads Emulation Plex Projects Transfer Uploads YouTube
-----from /mnt/user/ to root@192.168.2.202:/mnt/user/backups/KILE-NAS1/sync
----------------------------------------------------------------
Rsync completed on Archive at Wed May 20 12:02:57 CDT 2020 with code of 0
----------------------------------------------------------------
Rsync completed on Backups at Wed May 20 12:02:57 CDT 2020 with code of 0
----------------------------------------------------------------
IO error encountered -- skipping file deletion
rsync: readdir("/mnt/user/backups/KILE-NAS1/sync/Downloads/Series/Psych/Season 08"): Structure needs cleaning (117)
rsync: recv_generator: failed to stat "/mnt/user/backups/KILE-NAS1/sync/Downloads/Series/Psych/Season 08/Psych - S08E05 - COG Blocked.nfo": Structure needs cleaning (117)
rsync error: some files/attrs were not transferred (see previous errors) (code 23) at main.c(1189) [sender=3.1.3]
Rsync completed on Downloads at Wed May 20 12:03:55 CDT 2020 with code of 23
----------------------------------------------------------------
Rsync completed on Emulation at Wed May 20 12:04:06 CDT 2020 with code of 0
----------------------------------------------------------------
Rsync completed on Plex at Wed May 20 12:10:01 CDT 2020 with code of 0
----------------------------------------------------------------
Rsync completed on Projects at Wed May 20 12:10:04 CDT 2020 with code of 0
----------------------------------------------------------------
Rsync completed on Transfer at Wed May 20 12:10:04 CDT 2020 with code of 0
----------------------------------------------------------------
Rsync completed on Uploads at Wed May 20 12:10:05 CDT 2020 with code of 0
----------------------------------------------------------------
Rsync completed on YouTube at Wed May 20 12:10:05 CDT 2020 with code of 0
------------------------------done------------------------------
-----------------------------start------------------------------
Wed May 20 13:00:01 CDT 2020 kile-deb2 rsync backup
-----Creating incremental backup of /mnt/user/
to root@192.168.2.202:/mnt/user/backups/KILE-NAS1/2020-05-20.13
-----excluding the following folders:
appdata domains Archive Backups Cache Downloads Emulation Movies Plex Projects system Temporary Transfer Uploads YouTube
----------------------------------------------------------------
Rsync completed at Wed May 20 13:02:18 CDT 2020 with code of 0
du: cannot access '/mnt/disk*/Backups/KILE-NAS1/2020-05-20.12': No such file or directory
du: cannot access '/mnt/disk*/Backups/KILE-NAS1/current': No such file or directory
numfmt: invalid number: ‘’
Snapshot 2020-05-20.13 has total size of:

bash: line 0: [: missing `]'
----------------------------------------------------------------
-----Synchronizing the following folders
Archive Backups Downloads Emulation Plex Projects Transfer Uploads YouTube
-----from /mnt/user/ to root@192.168.2.202:/mnt/user/backups/KILE-NAS1/sync
----------------------------------------------------------------
Rsync completed on Archive at Wed May 20 13:03:07 CDT 2020 with code of 0
----------------------------------------------------------------
Rsync completed on Backups at Wed May 20 13:03:07 CDT 2020 with code of 0
----------------------------------------------------------------
IO error encountered -- skipping file deletion
rsync: readdir("/mnt/user/backups/KILE-NAS1/sync/Downloads/Series/Psych/Season 08"): Structure needs cleaning (117)
rsync: recv_generator: failed to stat "/mnt/user/backups/KILE-NAS1/sync/Downloads/Series/Psych/Season 08/Psych - S08E05 - COG Blocked.nfo": Structure needs cleaning (117)
rsync error: some files/attrs were not transferred (see previous errors) (code 23) at main.c(1189) [sender=3.1.3]
Rsync completed on Downloads at Wed May 20 13:03:10 CDT 2020 with code of 23
----------------------------------------------------------------
Rsync completed on Emulation at Wed May 20 13:03:22 CDT 2020 with code of 0
----------------------------------------------------------------
Rsync completed on Plex at Wed May 20 13:09:16 CDT 2020 with code of 0
----------------------------------------------------------------
Rsync completed on Projects at Wed May 20 13:09:19 CDT 2020 with code of 0
----------------------------------------------------------------
Rsync completed on Transfer at Wed May 20 13:09:20 CDT 2020 with code of 0
----------------------------------------------------------------
Rsync completed on Uploads at Wed May 20 13:09:20 CDT 2020 with code of 0
----------------------------------------------------------------
Rsync completed on YouTube at Wed May 20 13:09:20 CDT 2020 with code of 0
------------------------------done------------------------------
-----------------------------start------------------------------
Wed May 20 14:00:01 CDT 2020 kile-deb2 rsync backup
-----Creating incremental backup of /mnt/user/
to root@192.168.2.202:/mnt/user/backups/KILE-NAS1/2020-05-20.14
-----excluding the following folders:
appdata domains Archive Backups Cache Downloads Emulation Movies Plex Projects system Temporary Transfer Uploads YouTube
----------------------------------------------------------------
Rsync completed at Wed May 20 14:02:03 CDT 2020 with code of 0
du: cannot access '/mnt/disk*/Backups/KILE-NAS1/2020-05-20.13': No such file or directory
du: cannot access '/mnt/disk*/Backups/KILE-NAS1/current': No such file or directory
numfmt: invalid number: ‘’
Snapshot 2020-05-20.14 has total size of:

bash: line 0: [: missing `]'
----------------------------------------------------------------
-----Synchronizing the following folders
Archive Backups Downloads Emulation Plex Projects Transfer Uploads YouTube
-----from /mnt/user/ to root@192.168.2.202:/mnt/user/backups/KILE-NAS1/sync
----------------------------------------------------------------
Rsync completed on Archive at Wed May 20 14:02:53 CDT 2020 with code of 0
----------------------------------------------------------------
Rsync completed on Backups at Wed May 20 14:02:53 CDT 2020 with code of 0
----------------------------------------------------------------
IO error encountered -- skipping file deletion
rsync: readdir("/mnt/user/backups/KILE-NAS1/sync/Downloads/Series/Psych/Season 08"): Structure needs cleaning (117)
rsync: recv_generator: failed to stat "/mnt/user/backups/KILE-NAS1/sync/Downloads/Series/Psych/Season 08/Psych - S08E05 - COG Blocked.nfo": Structure needs cleaning (117)
rsync error: some files/attrs were not transferred (see previous errors) (code 23) at main.c(1189) [sender=3.1.3]
Rsync completed on Downloads at Wed May 20 14:02:55 CDT 2020 with code of 23
----------------------------------------------------------------
Rsync completed on Emulation at Wed May 20 14:03:07 CDT 2020 with code of 0
----------------------------------------------------------------
Rsync completed on Plex at Wed May 20 14:09:03 CDT 2020 with code of 0
----------------------------------------------------------------
Rsync completed on Projects at Wed May 20 14:09:06 CDT 2020 with code of 0
----------------------------------------------------------------
Rsync completed on Transfer at Wed May 20 14:09:06 CDT 2020 with code of 0
----------------------------------------------------------------
Rsync completed on Uploads at Wed May 20 14:09:07 CDT 2020 with code of 0
----------------------------------------------------------------
Rsync completed on YouTube at Wed May 20 14:09:07 CDT 2020 with code of 0
------------------------------done------------------------------
-----------------------------start------------------------------
Wed May 20 15:00:01 CDT 2020 kile-deb2 rsync backup
-----Creating incremental backup of /mnt/user/
to root@192.168.2.202:/mnt/user/backups/KILE-NAS1/2020-05-20.15
-----excluding the following folders:
appdata domains Archive Backups Cache Downloads Emulation Movies Plex Projects system Temporary Transfer Uploads YouTube
----------------------------------------------------------------
Rsync completed at Wed May 20 15:02:33 CDT 2020 with code of 0
du: cannot access '/mnt/disk*/Backups/KILE-NAS1/2020-05-20.14': No such file or directory
du: cannot access '/mnt/disk*/Backups/KILE-NAS1/current': No such file or directory
numfmt: invalid number: ‘’
Snapshot 2020-05-20.15 has total size of:

bash: line 0: [: missing `]'
----------------------------------------------------------------
-----Synchronizing the following folders
Archive Backups Downloads Emulation Plex Projects Transfer Uploads YouTube
-----from /mnt/user/ to root@192.168.2.202:/mnt/user/backups/KILE-NAS1/sync
----------------------------------------------------------------
Rsync completed on Archive at Wed May 20 15:03:23 CDT 2020 with code of 0
----------------------------------------------------------------
Rsync completed on Backups at Wed May 20 15:03:23 CDT 2020 with code of 0
----------------------------------------------------------------
IO error encountered -- skipping file deletion
rsync: readdir("/mnt/user/backups/KILE-NAS1/sync/Downloads/Series/Psych/Season 08"): Structure needs cleaning (117)
rsync: recv_generator: failed to stat "/mnt/user/backups/KILE-NAS1/sync/Downloads/Series/Psych/Season 08/Psych - S08E05 - COG Blocked.nfo": Structure needs cleaning (117)
rsync error: some files/attrs were not transferred (see previous errors) (code 23) at main.c(1189) [sender=3.1.3]
Rsync completed on Downloads at Wed May 20 15:03:26 CDT 2020 with code of 23
----------------------------------------------------------------
Rsync completed on Emulation at Wed May 20 15:03:37 CDT 2020 with code of 0
----------------------------------------------------------------
Rsync completed on Plex at Wed May 20 15:09:32 CDT 2020 with code of 0
----------------------------------------------------------------
Rsync completed on Projects at Wed May 20 15:09:36 CDT 2020 with code of 0
----------------------------------------------------------------
Rsync completed on Transfer at Wed May 20 15:09:36 CDT 2020 with code of 0
----------------------------------------------------------------
Rsync completed on Uploads at Wed May 20 15:09:36 CDT 2020 with code of 0
----------------------------------------------------------------
Rsync completed on YouTube at Wed May 20 15:09:37 CDT 2020 with code of 0
------------------------------done------------------------------
-----------------------------start------------------------------
Wed May 20 16:00:01 CDT 2020 kile-deb2 rsync backup
-----Creating incremental backup of /mnt/user/
to root@192.168.2.202:/mnt/user/backups/KILE-NAS1/2020-05-20.16
-----excluding the following folders:
appdata domains Archive Backups Cache Downloads Emulation Movies Plex Projects system Temporary Transfer Uploads YouTube
----------------------------------------------------------------
Rsync completed at Wed May 20 16:02:26 CDT 2020 with code of 0
du: cannot access '/mnt/disk*/Backups/KILE-NAS1/2020-05-20.15': No such file or directory
du: cannot access '/mnt/disk*/Backups/KILE-NAS1/current': No such file or directory
numfmt: invalid number: ‘’
Snapshot 2020-05-20.16 has total size of:

bash: line 0: [: missing `]'
----------------------------------------------------------------
-----Synchronizing the following folders
Archive Backups Downloads Emulation Plex Projects Transfer Uploads YouTube
-----from /mnt/user/ to root@192.168.2.202:/mnt/user/backups/KILE-NAS1/sync
----------------------------------------------------------------
Rsync completed on Archive at Wed May 20 16:03:18 CDT 2020 with code of 0
----------------------------------------------------------------
Rsync completed on Backups at Wed May 20 16:03:18 CDT 2020 with code of 0
----------------------------------------------------------------
IO error encountered -- skipping file deletion
rsync: readdir("/mnt/user/backups/KILE-NAS1/sync/Downloads/Series/Psych/Season 08"): Structure needs cleaning (117)
rsync: recv_generator: failed to stat "/mnt/user/backups/KILE-NAS1/sync/Downloads/Series/Psych/Season 08/Psych - S08E05 - COG Blocked.nfo": Structure needs cleaning (117)
rsync error: some files/attrs were not transferred (see previous errors) (code 23) at main.c(1189) [sender=3.1.3]
Rsync completed on Downloads at Wed May 20 16:03:21 CDT 2020 with code of 23
----------------------------------------------------------------
Rsync completed on Emulation at Wed May 20 16:03:34 CDT 2020 with code of 0
----------------------------------------------------------------
Rsync completed on Plex at Wed May 20 16:09:33 CDT 2020 with code of 0
----------------------------------------------------------------
Rsync completed on Projects at Wed May 20 16:09:36 CDT 2020 with code of 0
----------------------------------------------------------------
Rsync completed on Transfer at Wed May 20 16:09:37 CDT 2020 with code of 0
----------------------------------------------------------------
Rsync completed on Uploads at Wed May 20 16:09:37 CDT 2020 with code of 0
----------------------------------------------------------------
Rsync completed on YouTube at Wed May 20 16:09:37 CDT 2020 with code of 0
------------------------------done------------------------------
-----------------------------start------------------------------
Wed May 20 17:00:02 CDT 2020 kile-deb2 rsync backup
-----Creating incremental backup of /mnt/user/
to root@192.168.2.202:/mnt/user/backups/KILE-NAS1/2020-05-20.17
-----excluding the following folders:
appdata domains Archive Backups Cache Downloads Emulation Movies Plex Projects system Temporary Transfer Uploads YouTube
----------------------------------------------------------------
Rsync completed at Wed May 20 17:02:50 CDT 2020 with code of 0
du: cannot access '/mnt/disk*/Backups/KILE-NAS1/2020-05-20.16': No such file or directory
du: cannot access '/mnt/disk*/Backups/KILE-NAS1/current': No such file or directory
numfmt: invalid number: ‘’
Snapshot 2020-05-20.17 has total size of:

bash: line 0: [: missing `]'
----------------------------------------------------------------
-----Synchronizing the following folders
Archive Backups Downloads Emulation Plex Projects Transfer Uploads YouTube
-----from /mnt/user/ to root@192.168.2.202:/mnt/user/backups/KILE-NAS1/sync
----------------------------------------------------------------
Rsync completed on Archive at Wed May 20 17:03:39 CDT 2020 with code of 0
----------------------------------------------------------------
Rsync completed on Backups at Wed May 20 17:03:40 CDT 2020 with code of 0
----------------------------------------------------------------
IO error encountered -- skipping file deletion
rsync: readdir("/mnt/user/backups/KILE-NAS1/sync/Downloads/Series/Psych/Season 08"): Structure needs cleaning (117)
rsync: recv_generator: failed to stat "/mnt/user/backups/KILE-NAS1/sync/Downloads/Series/Psych/Season 08/Psych - S08E05 - COG Blocked.nfo": Structure needs cleaning (117)
rsync error: some files/attrs were not transferred (see previous errors) (code 23) at main.c(1189) [sender=3.1.3]
Rsync completed on Downloads at Wed May 20 17:03:42 CDT 2020 with code of 23
----------------------------------------------------------------
Rsync completed on Emulation at Wed May 20 17:03:55 CDT 2020 with code of 0
----------------------------------------------------------------
Rsync completed on Plex at Wed May 20 17:09:55 CDT 2020 with code of 0
----------------------------------------------------------------
Rsync completed on Projects at Wed May 20 17:09:58 CDT 2020 with code of 0
----------------------------------------------------------------
Rsync completed on Transfer at Wed May 20 17:09:59 CDT 2020 with code of 0
----------------------------------------------------------------
Rsync completed on Uploads at Wed May 20 17:09:59 CDT 2020 with code of 0
----------------------------------------------------------------
Rsync completed on YouTube at Wed May 20 17:10:00 CDT 2020 with code of 0
------------------------------done------------------------------
-----------------------------start------------------------------
Wed May 20 18:00:01 CDT 2020 kile-deb2 rsync backup
-----Creating incremental backup of /mnt/user/
to root@192.168.2.202:/mnt/user/backups/KILE-NAS1/2020-05-20.18
-----excluding the following folders:
appdata domains Archive Backups Cache Downloads Emulation Movies Plex Projects system Temporary Transfer Uploads YouTube
----------------------------------------------------------------
Rsync completed at Wed May 20 18:02:46 CDT 2020 with code of 0
du: cannot access '/mnt/disk*/Backups/KILE-NAS1/2020-05-20.17': No such file or directory
du: cannot access '/mnt/disk*/Backups/KILE-NAS1/current': No such file or directory
numfmt: invalid number: ‘’
Snapshot 2020-05-20.18 has total size of:

bash: line 0: [: missing `]'
----------------------------------------------------------------
-----Synchronizing the following folders
Archive Backups Downloads Emulation Plex Projects Transfer Uploads YouTube
-----from /mnt/user/ to root@192.168.2.202:/mnt/user/backups/KILE-NAS1/sync
----------------------------------------------------------------
Rsync completed on Archive at Wed May 20 18:03:37 CDT 2020 with code of 0
----------------------------------------------------------------
Rsync completed on Backups at Wed May 20 18:03:37 CDT 2020 with code of 0
----------------------------------------------------------------
IO error encountered -- skipping file deletion
rsync: readdir("/mnt/user/backups/KILE-NAS1/sync/Downloads/Series/Psych/Season 08"): Structure needs cleaning (117)
rsync: recv_generator: failed to stat "/mnt/user/backups/KILE-NAS1/sync/Downloads/Series/Psych/Season 08/Psych - S08E05 - COG Blocked.nfo": Structure needs cleaning (117)
rsync error: some files/attrs were not transferred (see previous errors) (code 23) at main.c(1189) [sender=3.1.3]
Rsync completed on Downloads at Wed May 20 18:03:39 CDT 2020 with code of 23
----------------------------------------------------------------
Rsync completed on Emulation at Wed May 20 18:03:52 CDT 2020 with code of 0
----------------------------------------------------------------
Rsync completed on Plex at Wed May 20 18:09:58 CDT 2020 with code of 0
----------------------------------------------------------------
Rsync completed on Projects at Wed May 20 18:10:01 CDT 2020 with code of 0
----------------------------------------------------------------
Rsync completed on Transfer at Wed May 20 18:10:01 CDT 2020 with code of 0
----------------------------------------------------------------
Rsync completed on Uploads at Wed May 20 18:10:02 CDT 2020 with code of 0
----------------------------------------------------------------
Rsync completed on YouTube at Wed May 20 18:10:02 CDT 2020 with code of 0
------------------------------done------------------------------
-----------------------------start------------------------------
Wed May 20 19:00:01 CDT 2020 kile-deb2 rsync backup
-----Creating incremental backup of /mnt/user/
to root@192.168.2.202:/mnt/user/backups/KILE-NAS1/2020-05-20.19
-----excluding the following folders:
appdata domains Archive Backups Cache Downloads Emulation Movies Plex Projects system Temporary Transfer Uploads YouTube
----------------------------------------------------------------
Rsync completed at Wed May 20 19:02:50 CDT 2020 with code of 0
du: cannot access '/mnt/disk*/Backups/KILE-NAS1/2020-05-20.18': No such file or directory
du: cannot access '/mnt/disk*/Backups/KILE-NAS1/current': No such file or directory
numfmt: invalid number: ‘’
Snapshot 2020-05-20.19 has total size of:

bash: line 0: [: missing `]'
----------------------------------------------------------------
-----Synchronizing the following folders
Archive Backups Downloads Emulation Plex Projects Transfer Uploads YouTube
-----from /mnt/user/ to root@192.168.2.202:/mnt/user/backups/KILE-NAS1/sync
----------------------------------------------------------------
Rsync completed on Archive at Wed May 20 19:03:40 CDT 2020 with code of 0
----------------------------------------------------------------
Rsync completed on Backups at Wed May 20 19:03:40 CDT 2020 with code of 0
----------------------------------------------------------------
IO error encountered -- skipping file deletion
rsync: readdir("/mnt/user/backups/KILE-NAS1/sync/Downloads/Series/Psych/Season 08"): Structure needs cleaning (117)
rsync: recv_generator: failed to stat "/mnt/user/backups/KILE-NAS1/sync/Downloads/Series/Psych/Season 08/Psych - S08E05 - COG Blocked.nfo": Structure needs cleaning (117)
rsync error: some files/attrs were not transferred (see previous errors) (code 23) at main.c(1189) [sender=3.1.3]
Rsync completed on Downloads at Wed May 20 19:03:53 CDT 2020 with code of 23
----------------------------------------------------------------
Rsync completed on Emulation at Wed May 20 19:04:05 CDT 2020 with code of 0
----------------------------------------------------------------
Rsync completed on Plex at Wed May 20 19:10:03 CDT 2020 with code of 0
----------------------------------------------------------------
Rsync completed on Projects at Wed May 20 19:10:06 CDT 2020 with code of 0
----------------------------------------------------------------
Rsync completed on Transfer at Wed May 20 19:10:07 CDT 2020 with code of 0
----------------------------------------------------------------
Rsync completed on Uploads at Wed May 20 19:10:07 CDT 2020 with code of 0
----------------------------------------------------------------
Rsync completed on YouTube at Wed May 20 19:10:07 CDT 2020 with code of 0
------------------------------done------------------------------
-----------------------------start------------------------------
Wed May 20 23:00:02 CDT 2020 kile-deb2 rsync backup
-----Creating incremental backup of /mnt/user/
to root@192.168.2.202:/mnt/user/backups/KILE-NAS1/2020-05-20.23
-----excluding the following folders:
appdata domains Archive Backups Cache Downloads Emulation Movies Plex Projects system Temporary Transfer Uploads YouTube
----------------------------------------------------------------
Rsync completed at Wed May 20 23:03:01 CDT 2020 with code of 0
du: cannot access '/mnt/disk*/Backups/KILE-NAS1/2020-05-20.19': No such file or directory
du: cannot access '/mnt/disk*/Backups/KILE-NAS1/current': No such file or directory
numfmt: invalid number: ‘’
Snapshot 2020-05-20.23 has total size of:

bash: line 0: [: missing `]'
----------------------------------------------------------------
-----Synchronizing the following folders
Archive Backups Downloads Emulation Plex Projects Transfer Uploads YouTube
-----from /mnt/user/ to root@192.168.2.202:/mnt/user/backups/KILE-NAS1/sync
----------------------------------------------------------------
Rsync completed on Archive at Wed May 20 23:04:17 CDT 2020 with code of 0
----------------------------------------------------------------
Rsync completed on Backups at Wed May 20 23:04:17 CDT 2020 with code of 0
----------------------------------------------------------------
IO error encountered -- skipping file deletion
rsync: readdir("/mnt/user/backups/KILE-NAS1/sync/Downloads/Series/Psych/Season 08"): Structure needs cleaning (117)
rsync: recv_generator: failed to stat "/mnt/user/backups/KILE-NAS1/sync/Downloads/Series/Psych/Season 08/Psych - S08E05 - COG Blocked.nfo": Structure needs cleaning (117)
rsync error: some files/attrs were not transferred (see previous errors) (code 23) at main.c(1189) [sender=3.1.3]
Rsync completed on Downloads at Wed May 20 23:04:36 CDT 2020 with code of 23
----------------------------------------------------------------
Rsync completed on Emulation at Wed May 20 23:04:52 CDT 2020 with code of 0
----------------------------------------------------------------
Rsync completed on Plex at Wed May 20 23:12:04 CDT 2020 with code of 0
----------------------------------------------------------------
Rsync completed on Projects at Wed May 20 23:12:08 CDT 2020 with code of 0
----------------------------------------------------------------
Rsync completed on Transfer at Wed May 20 23:12:09 CDT 2020 with code of 0
----------------------------------------------------------------
Rsync completed on Uploads at Wed May 20 23:12:09 CDT 2020 with code of 0
----------------------------------------------------------------
Rsync completed on YouTube at Wed May 20 23:12:10 CDT 2020 with code of 0
------------------------------done------------------------------
