-----------------------------start------------------------------
Tue May 26 00:00:02 CDT 2020 kile-deb2 rsync cleanup
----------------------------------------------------------------
Beginning rsync hourly cleanup at Tue May 26 00:00:02 CDT 2020
90
Checking for /mnt/user/Backups/KILE-NAS1/2020-02-25
89
Checking for /mnt/user/Backups/KILE-NAS1/2020-02-26
88
Checking for /mnt/user/Backups/KILE-NAS1/2020-02-27
87
Checking for /mnt/user/Backups/KILE-NAS1/2020-02-28
86
Checking for /mnt/user/Backups/KILE-NAS1/2020-02-29
85
Checking for /mnt/user/Backups/KILE-NAS1/2020-03-01
84
Checking for /mnt/user/Backups/KILE-NAS1/2020-03-02
83
Checking for /mnt/user/Backups/KILE-NAS1/2020-03-03
82
Checking for /mnt/user/Backups/KILE-NAS1/2020-03-04
81
Checking for /mnt/user/Backups/KILE-NAS1/2020-03-05
80
Checking for /mnt/user/Backups/KILE-NAS1/2020-03-06
79
Checking for /mnt/user/Backups/KILE-NAS1/2020-03-07
78
Checking for /mnt/user/Backups/KILE-NAS1/2020-03-09
77
Checking for /mnt/user/Backups/KILE-NAS1/2020-03-10
76
Checking for /mnt/user/Backups/KILE-NAS1/2020-03-11
75
Checking for /mnt/user/Backups/KILE-NAS1/2020-03-12
74
Checking for /mnt/user/Backups/KILE-NAS1/2020-03-13
73
Checking for /mnt/user/Backups/KILE-NAS1/2020-03-14
72
Checking for /mnt/user/Backups/KILE-NAS1/2020-03-15
71
Checking for /mnt/user/Backups/KILE-NAS1/2020-03-16
70
Checking for /mnt/user/Backups/KILE-NAS1/2020-03-17
69
Checking for /mnt/user/Backups/KILE-NAS1/2020-03-18
68
Checking for /mnt/user/Backups/KILE-NAS1/2020-03-19
67
Checking for /mnt/user/Backups/KILE-NAS1/2020-03-20
66
Checking for /mnt/user/Backups/KILE-NAS1/2020-03-21
65
Checking for /mnt/user/Backups/KILE-NAS1/2020-03-22
64
Checking for /mnt/user/Backups/KILE-NAS1/2020-03-23
63
Checking for /mnt/user/Backups/KILE-NAS1/2020-03-24
62
Checking for /mnt/user/Backups/KILE-NAS1/2020-03-25
61
Checking for /mnt/user/Backups/KILE-NAS1/2020-03-26
60
Checking for /mnt/user/Backups/KILE-NAS1/2020-03-27
59
Checking for /mnt/user/Backups/KILE-NAS1/2020-03-28
58
Checking for /mnt/user/Backups/KILE-NAS1/2020-03-29
57
Checking for /mnt/user/Backups/KILE-NAS1/2020-03-30
56
Checking for /mnt/user/Backups/KILE-NAS1/2020-03-31
55
Checking for /mnt/user/Backups/KILE-NAS1/2020-04-01
54
Checking for /mnt/user/Backups/KILE-NAS1/2020-04-02
53
Checking for /mnt/user/Backups/KILE-NAS1/2020-04-03
52
Checking for /mnt/user/Backups/KILE-NAS1/2020-04-04
51
Checking for /mnt/user/Backups/KILE-NAS1/2020-04-05
50
Checking for /mnt/user/Backups/KILE-NAS1/2020-04-06
49
Checking for /mnt/user/Backups/KILE-NAS1/2020-04-07
48
Checking for /mnt/user/Backups/KILE-NAS1/2020-04-08
47
Checking for /mnt/user/Backups/KILE-NAS1/2020-04-09
46
Checking for /mnt/user/Backups/KILE-NAS1/2020-04-10
45
Checking for /mnt/user/Backups/KILE-NAS1/2020-04-11
44
Checking for /mnt/user/Backups/KILE-NAS1/2020-04-12
43
Checking for /mnt/user/Backups/KILE-NAS1/2020-04-13
42
Checking for /mnt/user/Backups/KILE-NAS1/2020-04-14
41
Checking for /mnt/user/Backups/KILE-NAS1/2020-04-15
40
Checking for /mnt/user/Backups/KILE-NAS1/2020-04-16
39
Checking for /mnt/user/Backups/KILE-NAS1/2020-04-17
38
Checking for /mnt/user/Backups/KILE-NAS1/2020-04-18
37
Checking for /mnt/user/Backups/KILE-NAS1/2020-04-19
36
Checking for /mnt/user/Backups/KILE-NAS1/2020-04-20
35
Checking for /mnt/user/Backups/KILE-NAS1/2020-04-21
34
Checking for /mnt/user/Backups/KILE-NAS1/2020-04-22
33
Checking for /mnt/user/Backups/KILE-NAS1/2020-04-23
32
Checking for /mnt/user/Backups/KILE-NAS1/2020-04-24
31
Checking for /mnt/user/Backups/KILE-NAS1/2020-04-25
30
Checking for /mnt/user/Backups/KILE-NAS1/2020-04-26
29
Checking for /mnt/user/Backups/KILE-NAS1/2020-04-27
28
Checking for /mnt/user/Backups/KILE-NAS1/2020-04-28
27
Checking for /mnt/user/Backups/KILE-NAS1/2020-04-29
26
Checking for /mnt/user/Backups/KILE-NAS1/2020-04-30
25
Checking for /mnt/user/Backups/KILE-NAS1/2020-05-01
24
Checking for /mnt/user/Backups/KILE-NAS1/2020-05-02
23
Checking for /mnt/user/Backups/KILE-NAS1/2020-05-03
22
Checking for /mnt/user/Backups/KILE-NAS1/2020-05-04
21
Checking for /mnt/user/Backups/KILE-NAS1/2020-05-05
20
Checking for /mnt/user/Backups/KILE-NAS1/2020-05-06
19
Checking for /mnt/user/Backups/KILE-NAS1/2020-05-07
18
Checking for /mnt/user/Backups/KILE-NAS1/2020-05-08
17
Checking for /mnt/user/Backups/KILE-NAS1/2020-05-09
16
Checking for /mnt/user/Backups/KILE-NAS1/2020-05-10
15
Checking for /mnt/user/Backups/KILE-NAS1/2020-05-11
14
Checking for /mnt/user/Backups/KILE-NAS1/2020-05-12
13
Checking for /mnt/user/Backups/KILE-NAS1/2020-05-13
12
Checking for /mnt/user/Backups/KILE-NAS1/2020-05-14
11
Checking for /mnt/user/Backups/KILE-NAS1/2020-05-15
10
Checking for /mnt/user/Backups/KILE-NAS1/2020-05-16
9
Checking for /mnt/user/Backups/KILE-NAS1/2020-05-17
8
Checking for /mnt/user/Backups/KILE-NAS1/2020-05-18
7
Checking for /mnt/user/Backups/KILE-NAS1/2020-05-19
6
Checking for /mnt/user/Backups/KILE-NAS1/2020-05-20
5
Checking for /mnt/user/Backups/KILE-NAS1/2020-05-21
4
Checking for /mnt/user/Backups/KILE-NAS1/2020-05-22
3
Checking for /mnt/user/Backups/KILE-NAS1/2020-05-23
----------------------------------------------------------------
Beginning rsync daily cleanup at Tue May 26 00:00:17 CDT 2020
----------------------------------------------------------------
Beginning rsync monthly cleanup at Tue May 26 00:01:04 CDT 2020
------------------------------done------------------------------
