-----------------------------start------------------------------
Wed May 20 00:00:01 CDT 2020 kile-deb2 rsync cleanup
----------------------------------------------------------------
Beginning rsync hourly cleanup at Wed May 20 00:00:01 CDT 2020
90
Checking for /mnt/user/Backups/KILE-NAS1/2020-02-19
89
Checking for /mnt/user/Backups/KILE-NAS1/2020-02-20
88
Checking for /mnt/user/Backups/KILE-NAS1/2020-02-21
87
Checking for /mnt/user/Backups/KILE-NAS1/2020-02-22
86
Checking for /mnt/user/Backups/KILE-NAS1/2020-02-23
85
Checking for /mnt/user/Backups/KILE-NAS1/2020-02-24
84
Checking for /mnt/user/Backups/KILE-NAS1/2020-02-25
83
Checking for /mnt/user/Backups/KILE-NAS1/2020-02-26
82
Checking for /mnt/user/Backups/KILE-NAS1/2020-02-27
81
Checking for /mnt/user/Backups/KILE-NAS1/2020-02-28
80
Checking for /mnt/user/Backups/KILE-NAS1/2020-02-29
79
Checking for /mnt/user/Backups/KILE-NAS1/2020-03-01
78
Checking for /mnt/user/Backups/KILE-NAS1/2020-03-02
77
Checking for /mnt/user/Backups/KILE-NAS1/2020-03-03
76
Checking for /mnt/user/Backups/KILE-NAS1/2020-03-04
75
Checking for /mnt/user/Backups/KILE-NAS1/2020-03-05
74
Checking for /mnt/user/Backups/KILE-NAS1/2020-03-06
73
Checking for /mnt/user/Backups/KILE-NAS1/2020-03-07
72
Checking for /mnt/user/Backups/KILE-NAS1/2020-03-09
71
Checking for /mnt/user/Backups/KILE-NAS1/2020-03-10
70
Checking for /mnt/user/Backups/KILE-NAS1/2020-03-11
69
Checking for /mnt/user/Backups/KILE-NAS1/2020-03-12
68
Checking for /mnt/user/Backups/KILE-NAS1/2020-03-13
67
Checking for /mnt/user/Backups/KILE-NAS1/2020-03-14
66
Checking for /mnt/user/Backups/KILE-NAS1/2020-03-15
65
Checking for /mnt/user/Backups/KILE-NAS1/2020-03-16
64
Checking for /mnt/user/Backups/KILE-NAS1/2020-03-17
63
Checking for /mnt/user/Backups/KILE-NAS1/2020-03-18
62
Checking for /mnt/user/Backups/KILE-NAS1/2020-03-19
61
Checking for /mnt/user/Backups/KILE-NAS1/2020-03-20
60
Checking for /mnt/user/Backups/KILE-NAS1/2020-03-21
59
Checking for /mnt/user/Backups/KILE-NAS1/2020-03-22
58
Checking for /mnt/user/Backups/KILE-NAS1/2020-03-23
57
Checking for /mnt/user/Backups/KILE-NAS1/2020-03-24
56
Checking for /mnt/user/Backups/KILE-NAS1/2020-03-25
55
Checking for /mnt/user/Backups/KILE-NAS1/2020-03-26
54
Checking for /mnt/user/Backups/KILE-NAS1/2020-03-27
53
Checking for /mnt/user/Backups/KILE-NAS1/2020-03-28
52
Checking for /mnt/user/Backups/KILE-NAS1/2020-03-29
51
Checking for /mnt/user/Backups/KILE-NAS1/2020-03-30
50
Checking for /mnt/user/Backups/KILE-NAS1/2020-03-31
49
Checking for /mnt/user/Backups/KILE-NAS1/2020-04-01
48
Checking for /mnt/user/Backups/KILE-NAS1/2020-04-02
47
Checking for /mnt/user/Backups/KILE-NAS1/2020-04-03
46
Checking for /mnt/user/Backups/KILE-NAS1/2020-04-04
45
Checking for /mnt/user/Backups/KILE-NAS1/2020-04-05
44
Checking for /mnt/user/Backups/KILE-NAS1/2020-04-06
43
Checking for /mnt/user/Backups/KILE-NAS1/2020-04-07
42
Checking for /mnt/user/Backups/KILE-NAS1/2020-04-08
41
Checking for /mnt/user/Backups/KILE-NAS1/2020-04-09
40
Checking for /mnt/user/Backups/KILE-NAS1/2020-04-10
39
Checking for /mnt/user/Backups/KILE-NAS1/2020-04-11
38
Checking for /mnt/user/Backups/KILE-NAS1/2020-04-12
37
Checking for /mnt/user/Backups/KILE-NAS1/2020-04-13
36
Checking for /mnt/user/Backups/KILE-NAS1/2020-04-14
35
Checking for /mnt/user/Backups/KILE-NAS1/2020-04-15
34
Checking for /mnt/user/Backups/KILE-NAS1/2020-04-16
33
Checking for /mnt/user/Backups/KILE-NAS1/2020-04-17
32
Checking for /mnt/user/Backups/KILE-NAS1/2020-04-18
31
Checking for /mnt/user/Backups/KILE-NAS1/2020-04-19
30
Checking for /mnt/user/Backups/KILE-NAS1/2020-04-20
29
Checking for /mnt/user/Backups/KILE-NAS1/2020-04-21
28
Checking for /mnt/user/Backups/KILE-NAS1/2020-04-22
27
Checking for /mnt/user/Backups/KILE-NAS1/2020-04-23
26
Checking for /mnt/user/Backups/KILE-NAS1/2020-04-24
25
Checking for /mnt/user/Backups/KILE-NAS1/2020-04-25
24
Checking for /mnt/user/Backups/KILE-NAS1/2020-04-26
23
Checking for /mnt/user/Backups/KILE-NAS1/2020-04-27
22
Checking for /mnt/user/Backups/KILE-NAS1/2020-04-28
21
Checking for /mnt/user/Backups/KILE-NAS1/2020-04-29
20
Checking for /mnt/user/Backups/KILE-NAS1/2020-04-30
19
Checking for /mnt/user/Backups/KILE-NAS1/2020-05-01
18
Checking for /mnt/user/Backups/KILE-NAS1/2020-05-02
17
Checking for /mnt/user/Backups/KILE-NAS1/2020-05-03
16
Checking for /mnt/user/Backups/KILE-NAS1/2020-05-04
15
Checking for /mnt/user/Backups/KILE-NAS1/2020-05-05
14
Checking for /mnt/user/Backups/KILE-NAS1/2020-05-06
13
Checking for /mnt/user/Backups/KILE-NAS1/2020-05-07
12
Checking for /mnt/user/Backups/KILE-NAS1/2020-05-08
11
Checking for /mnt/user/Backups/KILE-NAS1/2020-05-09
10
Checking for /mnt/user/Backups/KILE-NAS1/2020-05-10
9
Checking for /mnt/user/Backups/KILE-NAS1/2020-05-11
8
Checking for /mnt/user/Backups/KILE-NAS1/2020-05-12
7
Checking for /mnt/user/Backups/KILE-NAS1/2020-05-13
6
Checking for /mnt/user/Backups/KILE-NAS1/2020-05-14
5
Checking for /mnt/user/Backups/KILE-NAS1/2020-05-15
4
Checking for /mnt/user/Backups/KILE-NAS1/2020-05-16
3
Checking for /mnt/user/Backups/KILE-NAS1/2020-05-17
----------------------------------------------------------------
Beginning rsync daily cleanup at Wed May 20 00:00:16 CDT 2020
----------------------------------------------------------------
Beginning rsync monthly cleanup at Wed May 20 00:01:04 CDT 2020
------------------------------done------------------------------
