-----------------------------start------------------------------
Tue May 19 00:00:01 CDT 2020 kile-deb2 rsync cleanup
----------------------------------------------------------------
Beginning rsync hourly cleanup at Tue May 19 00:00:01 CDT 2020
90
Checking for /mnt/user/Backups/KILE-NAS1/2020-02-18
89
Checking for /mnt/user/Backups/KILE-NAS1/2020-02-19
88
Checking for /mnt/user/Backups/KILE-NAS1/2020-02-20
87
Checking for /mnt/user/Backups/KILE-NAS1/2020-02-21
86
Checking for /mnt/user/Backups/KILE-NAS1/2020-02-22
85
Checking for /mnt/user/Backups/KILE-NAS1/2020-02-23
84
Checking for /mnt/user/Backups/KILE-NAS1/2020-02-24
83
Checking for /mnt/user/Backups/KILE-NAS1/2020-02-25
82
Checking for /mnt/user/Backups/KILE-NAS1/2020-02-26
81
Checking for /mnt/user/Backups/KILE-NAS1/2020-02-27
80
Checking for /mnt/user/Backups/KILE-NAS1/2020-02-28
79
Checking for /mnt/user/Backups/KILE-NAS1/2020-02-29
78
Checking for /mnt/user/Backups/KILE-NAS1/2020-03-01
77
Checking for /mnt/user/Backups/KILE-NAS1/2020-03-02
76
Checking for /mnt/user/Backups/KILE-NAS1/2020-03-03
75
Checking for /mnt/user/Backups/KILE-NAS1/2020-03-04
74
Checking for /mnt/user/Backups/KILE-NAS1/2020-03-05
73
Checking for /mnt/user/Backups/KILE-NAS1/2020-03-06
72
Checking for /mnt/user/Backups/KILE-NAS1/2020-03-07
71
Checking for /mnt/user/Backups/KILE-NAS1/2020-03-09
70
Checking for /mnt/user/Backups/KILE-NAS1/2020-03-10
69
Checking for /mnt/user/Backups/KILE-NAS1/2020-03-11
68
Checking for /mnt/user/Backups/KILE-NAS1/2020-03-12
67
Checking for /mnt/user/Backups/KILE-NAS1/2020-03-13
66
Checking for /mnt/user/Backups/KILE-NAS1/2020-03-14
65
Checking for /mnt/user/Backups/KILE-NAS1/2020-03-15
64
Checking for /mnt/user/Backups/KILE-NAS1/2020-03-16
63
Checking for /mnt/user/Backups/KILE-NAS1/2020-03-17
62
Checking for /mnt/user/Backups/KILE-NAS1/2020-03-18
61
Checking for /mnt/user/Backups/KILE-NAS1/2020-03-19
60
Checking for /mnt/user/Backups/KILE-NAS1/2020-03-20
59
Checking for /mnt/user/Backups/KILE-NAS1/2020-03-21
58
Checking for /mnt/user/Backups/KILE-NAS1/2020-03-22
57
Checking for /mnt/user/Backups/KILE-NAS1/2020-03-23
56
Checking for /mnt/user/Backups/KILE-NAS1/2020-03-24
55
Checking for /mnt/user/Backups/KILE-NAS1/2020-03-25
54
Checking for /mnt/user/Backups/KILE-NAS1/2020-03-26
53
Checking for /mnt/user/Backups/KILE-NAS1/2020-03-27
52
Checking for /mnt/user/Backups/KILE-NAS1/2020-03-28
51
Checking for /mnt/user/Backups/KILE-NAS1/2020-03-29
50
Checking for /mnt/user/Backups/KILE-NAS1/2020-03-30
49
Checking for /mnt/user/Backups/KILE-NAS1/2020-03-31
48
Checking for /mnt/user/Backups/KILE-NAS1/2020-04-01
47
Checking for /mnt/user/Backups/KILE-NAS1/2020-04-02
46
Checking for /mnt/user/Backups/KILE-NAS1/2020-04-03
45
Checking for /mnt/user/Backups/KILE-NAS1/2020-04-04
44
Checking for /mnt/user/Backups/KILE-NAS1/2020-04-05
43
Checking for /mnt/user/Backups/KILE-NAS1/2020-04-06
42
Checking for /mnt/user/Backups/KILE-NAS1/2020-04-07
41
Checking for /mnt/user/Backups/KILE-NAS1/2020-04-08
40
Checking for /mnt/user/Backups/KILE-NAS1/2020-04-09
39
Checking for /mnt/user/Backups/KILE-NAS1/2020-04-10
38
Checking for /mnt/user/Backups/KILE-NAS1/2020-04-11
37
Checking for /mnt/user/Backups/KILE-NAS1/2020-04-12
36
Checking for /mnt/user/Backups/KILE-NAS1/2020-04-13
35
Checking for /mnt/user/Backups/KILE-NAS1/2020-04-14
34
Checking for /mnt/user/Backups/KILE-NAS1/2020-04-15
33
Checking for /mnt/user/Backups/KILE-NAS1/2020-04-16
32
Checking for /mnt/user/Backups/KILE-NAS1/2020-04-17
31
Checking for /mnt/user/Backups/KILE-NAS1/2020-04-18
30
Checking for /mnt/user/Backups/KILE-NAS1/2020-04-19
29
Checking for /mnt/user/Backups/KILE-NAS1/2020-04-20
28
Checking for /mnt/user/Backups/KILE-NAS1/2020-04-21
27
Checking for /mnt/user/Backups/KILE-NAS1/2020-04-22
26
Checking for /mnt/user/Backups/KILE-NAS1/2020-04-23
25
Checking for /mnt/user/Backups/KILE-NAS1/2020-04-24
24
Checking for /mnt/user/Backups/KILE-NAS1/2020-04-25
23
Checking for /mnt/user/Backups/KILE-NAS1/2020-04-26
22
Checking for /mnt/user/Backups/KILE-NAS1/2020-04-27
21
Checking for /mnt/user/Backups/KILE-NAS1/2020-04-28
20
Checking for /mnt/user/Backups/KILE-NAS1/2020-04-29
19
Checking for /mnt/user/Backups/KILE-NAS1/2020-04-30
18
Checking for /mnt/user/Backups/KILE-NAS1/2020-05-01
17
Checking for /mnt/user/Backups/KILE-NAS1/2020-05-02
16
Checking for /mnt/user/Backups/KILE-NAS1/2020-05-03
15
Checking for /mnt/user/Backups/KILE-NAS1/2020-05-04
14
Checking for /mnt/user/Backups/KILE-NAS1/2020-05-05
13
Checking for /mnt/user/Backups/KILE-NAS1/2020-05-06
12
Checking for /mnt/user/Backups/KILE-NAS1/2020-05-07
11
Checking for /mnt/user/Backups/KILE-NAS1/2020-05-08
10
Checking for /mnt/user/Backups/KILE-NAS1/2020-05-09
9
Checking for /mnt/user/Backups/KILE-NAS1/2020-05-10
8
Checking for /mnt/user/Backups/KILE-NAS1/2020-05-11
7
Checking for /mnt/user/Backups/KILE-NAS1/2020-05-12
6
Checking for /mnt/user/Backups/KILE-NAS1/2020-05-13
5
Checking for /mnt/user/Backups/KILE-NAS1/2020-05-14
4
Checking for /mnt/user/Backups/KILE-NAS1/2020-05-15
3
Checking for /mnt/user/Backups/KILE-NAS1/2020-05-16
----------------------------------------------------------------
Beginning rsync daily cleanup at Tue May 19 00:00:17 CDT 2020
----------------------------------------------------------------
Beginning rsync monthly cleanup at Tue May 19 00:01:05 CDT 2020
------------------------------done------------------------------
