-----------------------------start------------------------------
Mon Jun  8 00:00:01 CDT 2020 kile-deb2 rsync cleanup
----------------------------------------------------------------
Beginning rsync hourly cleanup at Mon Jun  8 00:00:01 CDT 2020
90
Checking for /mnt/user/Backups/KILE-NAS1/2020-03-10
89
Checking for /mnt/user/Backups/KILE-NAS1/2020-03-11
88
Checking for /mnt/user/Backups/KILE-NAS1/2020-03-12
87
Checking for /mnt/user/Backups/KILE-NAS1/2020-03-13
86
Checking for /mnt/user/Backups/KILE-NAS1/2020-03-14
85
Checking for /mnt/user/Backups/KILE-NAS1/2020-03-15
84
Checking for /mnt/user/Backups/KILE-NAS1/2020-03-16
83
Checking for /mnt/user/Backups/KILE-NAS1/2020-03-17
82
Checking for /mnt/user/Backups/KILE-NAS1/2020-03-18
81
Checking for /mnt/user/Backups/KILE-NAS1/2020-03-19
80
Checking for /mnt/user/Backups/KILE-NAS1/2020-03-20
79
Checking for /mnt/user/Backups/KILE-NAS1/2020-03-21
78
Checking for /mnt/user/Backups/KILE-NAS1/2020-03-22
77
Checking for /mnt/user/Backups/KILE-NAS1/2020-03-23
76
Checking for /mnt/user/Backups/KILE-NAS1/2020-03-24
75
Checking for /mnt/user/Backups/KILE-NAS1/2020-03-25
74
Checking for /mnt/user/Backups/KILE-NAS1/2020-03-26
73
Checking for /mnt/user/Backups/KILE-NAS1/2020-03-27
72
Checking for /mnt/user/Backups/KILE-NAS1/2020-03-28
71
Checking for /mnt/user/Backups/KILE-NAS1/2020-03-29
70
Checking for /mnt/user/Backups/KILE-NAS1/2020-03-30
69
Checking for /mnt/user/Backups/KILE-NAS1/2020-03-31
68
Checking for /mnt/user/Backups/KILE-NAS1/2020-04-01
67
Checking for /mnt/user/Backups/KILE-NAS1/2020-04-02
66
Checking for /mnt/user/Backups/KILE-NAS1/2020-04-03
65
Checking for /mnt/user/Backups/KILE-NAS1/2020-04-04
64
Checking for /mnt/user/Backups/KILE-NAS1/2020-04-05
63
Checking for /mnt/user/Backups/KILE-NAS1/2020-04-06
62
Checking for /mnt/user/Backups/KILE-NAS1/2020-04-07
61
Checking for /mnt/user/Backups/KILE-NAS1/2020-04-08
60
Checking for /mnt/user/Backups/KILE-NAS1/2020-04-09
59
Checking for /mnt/user/Backups/KILE-NAS1/2020-04-10
58
Checking for /mnt/user/Backups/KILE-NAS1/2020-04-11
57
Checking for /mnt/user/Backups/KILE-NAS1/2020-04-12
56
Checking for /mnt/user/Backups/KILE-NAS1/2020-04-13
55
Checking for /mnt/user/Backups/KILE-NAS1/2020-04-14
54
Checking for /mnt/user/Backups/KILE-NAS1/2020-04-15
53
Checking for /mnt/user/Backups/KILE-NAS1/2020-04-16
52
Checking for /mnt/user/Backups/KILE-NAS1/2020-04-17
51
Checking for /mnt/user/Backups/KILE-NAS1/2020-04-18
50
Checking for /mnt/user/Backups/KILE-NAS1/2020-04-19
49
Checking for /mnt/user/Backups/KILE-NAS1/2020-04-20
48
Checking for /mnt/user/Backups/KILE-NAS1/2020-04-21
47
Checking for /mnt/user/Backups/KILE-NAS1/2020-04-22
46
Checking for /mnt/user/Backups/KILE-NAS1/2020-04-23
45
Checking for /mnt/user/Backups/KILE-NAS1/2020-04-24
44
Checking for /mnt/user/Backups/KILE-NAS1/2020-04-25
43
Checking for /mnt/user/Backups/KILE-NAS1/2020-04-26
42
Checking for /mnt/user/Backups/KILE-NAS1/2020-04-27
41
Checking for /mnt/user/Backups/KILE-NAS1/2020-04-28
40
Checking for /mnt/user/Backups/KILE-NAS1/2020-04-29
39
Checking for /mnt/user/Backups/KILE-NAS1/2020-04-30
38
Checking for /mnt/user/Backups/KILE-NAS1/2020-05-01
37
Checking for /mnt/user/Backups/KILE-NAS1/2020-05-02
36
Checking for /mnt/user/Backups/KILE-NAS1/2020-05-03
35
Checking for /mnt/user/Backups/KILE-NAS1/2020-05-04
34
Checking for /mnt/user/Backups/KILE-NAS1/2020-05-05
33
Checking for /mnt/user/Backups/KILE-NAS1/2020-05-06
32
Checking for /mnt/user/Backups/KILE-NAS1/2020-05-07
31
Checking for /mnt/user/Backups/KILE-NAS1/2020-05-08
30
Checking for /mnt/user/Backups/KILE-NAS1/2020-05-09
29
Checking for /mnt/user/Backups/KILE-NAS1/2020-05-10
28
Checking for /mnt/user/Backups/KILE-NAS1/2020-05-11
27
Checking for /mnt/user/Backups/KILE-NAS1/2020-05-12
26
Checking for /mnt/user/Backups/KILE-NAS1/2020-05-13
25
Checking for /mnt/user/Backups/KILE-NAS1/2020-05-14
24
Checking for /mnt/user/Backups/KILE-NAS1/2020-05-15
23
Checking for /mnt/user/Backups/KILE-NAS1/2020-05-16
22
Checking for /mnt/user/Backups/KILE-NAS1/2020-05-17
21
Checking for /mnt/user/Backups/KILE-NAS1/2020-05-18
20
Checking for /mnt/user/Backups/KILE-NAS1/2020-05-19
19
Checking for /mnt/user/Backups/KILE-NAS1/2020-05-20
18
Checking for /mnt/user/Backups/KILE-NAS1/2020-05-21
17
Checking for /mnt/user/Backups/KILE-NAS1/2020-05-22
16
Checking for /mnt/user/Backups/KILE-NAS1/2020-05-23
15
Checking for /mnt/user/Backups/KILE-NAS1/2020-05-24
14
Checking for /mnt/user/Backups/KILE-NAS1/2020-05-25
13
Checking for /mnt/user/Backups/KILE-NAS1/2020-05-26
12
Checking for /mnt/user/Backups/KILE-NAS1/2020-05-27
11
Checking for /mnt/user/Backups/KILE-NAS1/2020-05-28
10
Checking for /mnt/user/Backups/KILE-NAS1/2020-05-29
9
Checking for /mnt/user/Backups/KILE-NAS1/2020-05-30
8
Checking for /mnt/user/Backups/KILE-NAS1/2020-05-31
7
Checking for /mnt/user/Backups/KILE-NAS1/2020-06-01
6
Checking for /mnt/user/Backups/KILE-NAS1/2020-06-02
5
Checking for /mnt/user/Backups/KILE-NAS1/2020-06-03
4
Checking for /mnt/user/Backups/KILE-NAS1/2020-06-04
3
Checking for /mnt/user/Backups/KILE-NAS1/2020-06-05
----------------------------------------------------------------
Beginning rsync daily cleanup at Mon Jun  8 00:00:17 CDT 2020
----------------------------------------------------------------
Beginning rsync monthly cleanup at Mon Jun  8 00:01:06 CDT 2020
------------------------------done------------------------------
