-----------------------------start------------------------------
Mon May 25 02:00:11 CDT 2020 kile-deb2 rsync backup
-----Creating incremental backup of /mnt/user/
to root@192.168.2.202:/mnt/user/backups/KILE-NAS1/2020-05-25.02
-----excluding the following folders:
appdata domains Archive Backups Cache Downloads Emulation Movies Plex Projects system Temporary Transfer Uploads YouTube
----------------------------------------------------------------
Rsync completed at Mon May 25 02:04:45 CDT 2020 with code of 0
du: cannot access '/mnt/disk*/Backups/KILE-NAS1/2020-05-24.23': No such file or directory
du: cannot access '/mnt/disk*/Backups/KILE-NAS1/current': No such file or directory
numfmt: invalid number: ‘’
Snapshot 2020-05-25.02 has total size of:

bash: line 0: [: missing `]'
----------------------------------------------------------------
-----Synchronizing the following folders
Archive Backups Downloads Emulation Plex Projects Transfer Uploads YouTube
-----from /mnt/user/ to root@192.168.2.202:/mnt/user/backups/KILE-NAS1/sync
----------------------------------------------------------------
Rsync completed on Archive at Mon May 25 02:06:26 CDT 2020 with code of 0
----------------------------------------------------------------
Rsync completed on Backups at Mon May 25 02:32:32 CDT 2020 with code of 0
----------------------------------------------------------------
IO error encountered -- skipping file deletion
rsync: readdir("/mnt/user/backups/KILE-NAS1/sync/Downloads/Series/Psych/Season 08"): Structure needs cleaning (117)
rsync: recv_generator: failed to stat "/mnt/user/backups/KILE-NAS1/sync/Downloads/Series/Psych/Season 08/Psych - S08E05 - COG Blocked.nfo": Structure needs cleaning (117)
rsync error: some files/attrs were not transferred (see previous errors) (code 23) at main.c(1189) [sender=3.1.3]
Rsync completed on Downloads at Mon May 25 02:34:13 CDT 2020 with code of 23
----------------------------------------------------------------
Rsync completed on Emulation at Mon May 25 02:34:28 CDT 2020 with code of 0
----------------------------------------------------------------
Rsync completed on Plex at Mon May 25 02:41:28 CDT 2020 with code of 0
----------------------------------------------------------------
Rsync completed on Projects at Mon May 25 02:41:35 CDT 2020 with code of 0
----------------------------------------------------------------
Rsync completed on Transfer at Mon May 25 02:41:36 CDT 2020 with code of 0
----------------------------------------------------------------
Rsync completed on Uploads at Mon May 25 02:41:37 CDT 2020 with code of 0
----------------------------------------------------------------
Rsync completed on YouTube at Mon May 25 02:41:38 CDT 2020 with code of 0
------------------------------done------------------------------
-----------------------------start------------------------------
Mon May 25 07:00:01 CDT 2020 kile-deb2 rsync backup
-----Creating incremental backup of /mnt/user/
to root@192.168.2.202:/mnt/user/backups/KILE-NAS1/2020-05-25.07
-----excluding the following folders:
appdata domains Archive Backups Cache Downloads Emulation Movies Plex Projects system Temporary Transfer Uploads YouTube
----------------------------------------------------------------
Rsync completed at Mon May 25 07:04:42 CDT 2020 with code of 0
du: cannot access '/mnt/disk*/Backups/KILE-NAS1/2020-05-25.02': No such file or directory
du: cannot access '/mnt/disk*/Backups/KILE-NAS1/current': No such file or directory
numfmt: invalid number: ‘’
Snapshot 2020-05-25.07 has total size of:

bash: line 0: [: missing `]'
----------------------------------------------------------------
-----Synchronizing the following folders
Archive Backups Downloads Emulation Plex Projects Transfer Uploads YouTube
-----from /mnt/user/ to root@192.168.2.202:/mnt/user/backups/KILE-NAS1/sync
----------------------------------------------------------------
Rsync completed on Archive at Mon May 25 07:06:17 CDT 2020 with code of 0
----------------------------------------------------------------
Rsync completed on Backups at Mon May 25 07:06:17 CDT 2020 with code of 0
----------------------------------------------------------------
IO error encountered -- skipping file deletion
rsync: readdir("/mnt/user/backups/KILE-NAS1/sync/Downloads/Series/Psych/Season 08"): Structure needs cleaning (117)
rsync: recv_generator: failed to stat "/mnt/user/backups/KILE-NAS1/sync/Downloads/Series/Psych/Season 08/Psych - S08E05 - COG Blocked.nfo": Structure needs cleaning (117)
rsync error: some files/attrs were not transferred (see previous errors) (code 23) at main.c(1189) [sender=3.1.3]
Rsync completed on Downloads at Mon May 25 07:06:20 CDT 2020 with code of 23
----------------------------------------------------------------
Rsync completed on Emulation at Mon May 25 07:06:34 CDT 2020 with code of 0
----------------------------------------------------------------
Rsync completed on Plex at Mon May 25 07:12:37 CDT 2020 with code of 0
----------------------------------------------------------------
Rsync completed on Projects at Mon May 25 07:12:42 CDT 2020 with code of 0
----------------------------------------------------------------
Rsync completed on Transfer at Mon May 25 07:12:42 CDT 2020 with code of 0
----------------------------------------------------------------
Rsync completed on Uploads at Mon May 25 07:12:42 CDT 2020 with code of 0
----------------------------------------------------------------
Rsync completed on YouTube at Mon May 25 07:12:43 CDT 2020 with code of 0
------------------------------done------------------------------
-----------------------------start------------------------------
Mon May 25 09:00:02 CDT 2020 kile-deb2 rsync backup
-----Creating incremental backup of /mnt/user/
to root@192.168.2.202:/mnt/user/backups/KILE-NAS1/2020-05-25.09
-----excluding the following folders:
appdata domains Archive Backups Cache Downloads Emulation Movies Plex Projects system Temporary Transfer Uploads YouTube
----------------------------------------------------------------
Rsync completed at Mon May 25 09:03:15 CDT 2020 with code of 0
du: cannot access '/mnt/disk*/Backups/KILE-NAS1/2020-05-25.07': No such file or directory
du: cannot access '/mnt/disk*/Backups/KILE-NAS1/current': No such file or directory
numfmt: invalid number: ‘’
Snapshot 2020-05-25.09 has total size of:

bash: line 0: [: missing `]'
----------------------------------------------------------------
-----Synchronizing the following folders
Archive Backups Downloads Emulation Plex Projects Transfer Uploads YouTube
-----from /mnt/user/ to root@192.168.2.202:/mnt/user/backups/KILE-NAS1/sync
----------------------------------------------------------------
Rsync completed on Archive at Mon May 25 09:04:04 CDT 2020 with code of 0
----------------------------------------------------------------
Rsync completed on Backups at Mon May 25 09:04:04 CDT 2020 with code of 0
----------------------------------------------------------------
IO error encountered -- skipping file deletion
rsync: readdir("/mnt/user/backups/KILE-NAS1/sync/Downloads/Series/Psych/Season 08"): Structure needs cleaning (117)
rsync: recv_generator: failed to stat "/mnt/user/backups/KILE-NAS1/sync/Downloads/Series/Psych/Season 08/Psych - S08E05 - COG Blocked.nfo": Structure needs cleaning (117)
rsync error: some files/attrs were not transferred (see previous errors) (code 23) at main.c(1189) [sender=3.1.3]
Rsync completed on Downloads at Mon May 25 09:04:11 CDT 2020 with code of 23
----------------------------------------------------------------
Rsync completed on Emulation at Mon May 25 09:04:24 CDT 2020 with code of 0
----------------------------------------------------------------
Rsync completed on Plex at Mon May 25 09:10:20 CDT 2020 with code of 0
----------------------------------------------------------------
Rsync completed on Projects at Mon May 25 09:10:23 CDT 2020 with code of 0
----------------------------------------------------------------
Rsync completed on Transfer at Mon May 25 09:10:23 CDT 2020 with code of 0
----------------------------------------------------------------
Rsync completed on Uploads at Mon May 25 09:10:23 CDT 2020 with code of 0
----------------------------------------------------------------
Rsync completed on YouTube at Mon May 25 09:10:24 CDT 2020 with code of 0
------------------------------done------------------------------
-----------------------------start------------------------------
Mon May 25 10:00:01 CDT 2020 kile-deb2 rsync backup
-----Creating incremental backup of /mnt/user/
to root@192.168.2.202:/mnt/user/backups/KILE-NAS1/2020-05-25.10
-----excluding the following folders:
appdata domains Archive Backups Cache Downloads Emulation Movies Plex Projects system Temporary Transfer Uploads YouTube
----------------------------------------------------------------
Rsync completed at Mon May 25 10:02:14 CDT 2020 with code of 0
du: cannot access '/mnt/disk*/Backups/KILE-NAS1/2020-05-25.09': No such file or directory
du: cannot access '/mnt/disk*/Backups/KILE-NAS1/current': No such file or directory
numfmt: invalid number: ‘’
Snapshot 2020-05-25.10 has total size of:

bash: line 0: [: missing `]'
----------------------------------------------------------------
-----Synchronizing the following folders
Archive Backups Downloads Emulation Plex Projects Transfer Uploads YouTube
-----from /mnt/user/ to root@192.168.2.202:/mnt/user/backups/KILE-NAS1/sync
----------------------------------------------------------------
Rsync completed on Archive at Mon May 25 10:03:01 CDT 2020 with code of 0
----------------------------------------------------------------
Rsync completed on Backups at Mon May 25 10:03:02 CDT 2020 with code of 0
----------------------------------------------------------------
IO error encountered -- skipping file deletion
rsync: readdir("/mnt/user/backups/KILE-NAS1/sync/Downloads/Series/Psych/Season 08"): Structure needs cleaning (117)
rsync: recv_generator: failed to stat "/mnt/user/backups/KILE-NAS1/sync/Downloads/Series/Psych/Season 08/Psych - S08E05 - COG Blocked.nfo": Structure needs cleaning (117)
rsync error: some files/attrs were not transferred (see previous errors) (code 23) at main.c(1189) [sender=3.1.3]
Rsync completed on Downloads at Mon May 25 10:03:11 CDT 2020 with code of 23
----------------------------------------------------------------
Rsync completed on Emulation at Mon May 25 10:03:23 CDT 2020 with code of 0
----------------------------------------------------------------
Rsync completed on Plex at Mon May 25 10:09:14 CDT 2020 with code of 0
----------------------------------------------------------------
Rsync completed on Projects at Mon May 25 10:09:17 CDT 2020 with code of 0
----------------------------------------------------------------
Rsync completed on Transfer at Mon May 25 10:09:18 CDT 2020 with code of 0
----------------------------------------------------------------
Rsync completed on Uploads at Mon May 25 10:09:18 CDT 2020 with code of 0
----------------------------------------------------------------
Rsync completed on YouTube at Mon May 25 10:09:18 CDT 2020 with code of 0
------------------------------done------------------------------
-----------------------------start------------------------------
Mon May 25 11:00:01 CDT 2020 kile-deb2 rsync backup
-----Creating incremental backup of /mnt/user/
to root@192.168.2.202:/mnt/user/backups/KILE-NAS1/2020-05-25.11
-----excluding the following folders:
appdata domains Archive Backups Cache Downloads Emulation Movies Plex Projects system Temporary Transfer Uploads YouTube
----------------------------------------------------------------
Rsync completed at Mon May 25 11:02:03 CDT 2020 with code of 0
du: cannot access '/mnt/disk*/Backups/KILE-NAS1/2020-05-25.10': No such file or directory
du: cannot access '/mnt/disk*/Backups/KILE-NAS1/current': No such file or directory
numfmt: invalid number: ‘’
Snapshot 2020-05-25.11 has total size of:

bash: line 0: [: missing `]'
----------------------------------------------------------------
-----Synchronizing the following folders
Archive Backups Downloads Emulation Plex Projects Transfer Uploads YouTube
-----from /mnt/user/ to root@192.168.2.202:/mnt/user/backups/KILE-NAS1/sync
----------------------------------------------------------------
Rsync completed on Archive at Mon May 25 11:02:51 CDT 2020 with code of 0
----------------------------------------------------------------
Rsync completed on Backups at Mon May 25 11:02:52 CDT 2020 with code of 0
----------------------------------------------------------------
IO error encountered -- skipping file deletion
rsync: readdir("/mnt/user/backups/KILE-NAS1/sync/Downloads/Series/Psych/Season 08"): Structure needs cleaning (117)
rsync: recv_generator: failed to stat "/mnt/user/backups/KILE-NAS1/sync/Downloads/Series/Psych/Season 08/Psych - S08E05 - COG Blocked.nfo": Structure needs cleaning (117)
rsync error: some files/attrs were not transferred (see previous errors) (code 23) at main.c(1189) [sender=3.1.3]
Rsync completed on Downloads at Mon May 25 11:02:54 CDT 2020 with code of 23
----------------------------------------------------------------
Rsync completed on Emulation at Mon May 25 11:03:06 CDT 2020 with code of 0
----------------------------------------------------------------
Rsync completed on Plex at Mon May 25 11:08:49 CDT 2020 with code of 0
----------------------------------------------------------------
Rsync completed on Projects at Mon May 25 11:08:53 CDT 2020 with code of 0
----------------------------------------------------------------
Rsync completed on Transfer at Mon May 25 11:08:53 CDT 2020 with code of 0
----------------------------------------------------------------
Rsync completed on Uploads at Mon May 25 11:08:53 CDT 2020 with code of 0
----------------------------------------------------------------
Rsync completed on YouTube at Mon May 25 11:08:54 CDT 2020 with code of 0
------------------------------done------------------------------
-----------------------------start------------------------------
Mon May 25 12:00:01 CDT 2020 kile-deb2 rsync backup
-----Creating incremental backup of /mnt/user/
to root@192.168.2.202:/mnt/user/backups/KILE-NAS1/2020-05-25.12
-----excluding the following folders:
appdata domains Archive Backups Cache Downloads Emulation Movies Plex Projects system Temporary Transfer Uploads YouTube
----------------------------------------------------------------
Rsync completed at Mon May 25 12:02:17 CDT 2020 with code of 0
du: cannot access '/mnt/disk*/Backups/KILE-NAS1/2020-05-25.11': No such file or directory
du: cannot access '/mnt/disk*/Backups/KILE-NAS1/current': No such file or directory
numfmt: invalid number: ‘’
Snapshot 2020-05-25.12 has total size of:

bash: line 0: [: missing `]'
----------------------------------------------------------------
-----Synchronizing the following folders
Archive Backups Downloads Emulation Plex Projects Transfer Uploads YouTube
-----from /mnt/user/ to root@192.168.2.202:/mnt/user/backups/KILE-NAS1/sync
----------------------------------------------------------------
Rsync completed on Archive at Mon May 25 12:03:06 CDT 2020 with code of 0
----------------------------------------------------------------
Rsync completed on Backups at Mon May 25 12:03:06 CDT 2020 with code of 0
----------------------------------------------------------------
IO error encountered -- skipping file deletion
rsync: readdir("/mnt/user/backups/KILE-NAS1/sync/Downloads/Series/Psych/Season 08"): Structure needs cleaning (117)
rsync: recv_generator: failed to stat "/mnt/user/backups/KILE-NAS1/sync/Downloads/Series/Psych/Season 08/Psych - S08E05 - COG Blocked.nfo": Structure needs cleaning (117)
rsync error: some files/attrs were not transferred (see previous errors) (code 23) at main.c(1189) [sender=3.1.3]
Rsync completed on Downloads at Mon May 25 12:03:12 CDT 2020 with code of 23
----------------------------------------------------------------
Rsync completed on Emulation at Mon May 25 12:03:25 CDT 2020 with code of 0
----------------------------------------------------------------
Rsync completed on Plex at Mon May 25 12:09:17 CDT 2020 with code of 0
----------------------------------------------------------------
Rsync completed on Projects at Mon May 25 12:09:20 CDT 2020 with code of 0
----------------------------------------------------------------
Rsync completed on Transfer at Mon May 25 12:09:20 CDT 2020 with code of 0
----------------------------------------------------------------
Rsync completed on Uploads at Mon May 25 12:09:21 CDT 2020 with code of 0
----------------------------------------------------------------
Rsync completed on YouTube at Mon May 25 12:09:21 CDT 2020 with code of 0
------------------------------done------------------------------
-----------------------------start------------------------------
Mon May 25 13:00:01 CDT 2020 kile-deb2 rsync backup
-----Creating incremental backup of /mnt/user/
to root@192.168.2.202:/mnt/user/backups/KILE-NAS1/2020-05-25.13
-----excluding the following folders:
appdata domains Archive Backups Cache Downloads Emulation Movies Plex Projects system Temporary Transfer Uploads YouTube
----------------------------------------------------------------
Rsync completed at Mon May 25 13:02:04 CDT 2020 with code of 0
du: cannot access '/mnt/disk*/Backups/KILE-NAS1/2020-05-25.12': No such file or directory
du: cannot access '/mnt/disk*/Backups/KILE-NAS1/current': No such file or directory
numfmt: invalid number: ‘’
Snapshot 2020-05-25.13 has total size of:

bash: line 0: [: missing `]'
----------------------------------------------------------------
-----Synchronizing the following folders
Archive Backups Downloads Emulation Plex Projects Transfer Uploads YouTube
-----from /mnt/user/ to root@192.168.2.202:/mnt/user/backups/KILE-NAS1/sync
----------------------------------------------------------------
Rsync completed on Archive at Mon May 25 13:02:53 CDT 2020 with code of 0
----------------------------------------------------------------
Rsync completed on Backups at Mon May 25 13:02:53 CDT 2020 with code of 0
----------------------------------------------------------------
IO error encountered -- skipping file deletion
rsync: readdir("/mnt/user/backups/KILE-NAS1/sync/Downloads/Series/Psych/Season 08"): Structure needs cleaning (117)
rsync: recv_generator: failed to stat "/mnt/user/backups/KILE-NAS1/sync/Downloads/Series/Psych/Season 08/Psych - S08E05 - COG Blocked.nfo": Structure needs cleaning (117)
rsync error: some files/attrs were not transferred (see previous errors) (code 23) at main.c(1189) [sender=3.1.3]
Rsync completed on Downloads at Mon May 25 13:03:07 CDT 2020 with code of 23
----------------------------------------------------------------
Rsync completed on Emulation at Mon May 25 13:03:20 CDT 2020 with code of 0
----------------------------------------------------------------
Rsync completed on Plex at Mon May 25 13:09:05 CDT 2020 with code of 0
----------------------------------------------------------------
Rsync completed on Projects at Mon May 25 13:09:08 CDT 2020 with code of 0
----------------------------------------------------------------
Rsync completed on Transfer at Mon May 25 13:09:08 CDT 2020 with code of 0
----------------------------------------------------------------
Rsync completed on Uploads at Mon May 25 13:09:08 CDT 2020 with code of 0
----------------------------------------------------------------
Rsync completed on YouTube at Mon May 25 13:09:09 CDT 2020 with code of 0
------------------------------done------------------------------
-----------------------------start------------------------------
Mon May 25 14:00:01 CDT 2020 kile-deb2 rsync backup
-----Creating incremental backup of /mnt/user/
to root@192.168.2.202:/mnt/user/backups/KILE-NAS1/2020-05-25.14
-----excluding the following folders:
appdata domains Archive Backups Cache Downloads Emulation Movies Plex Projects system Temporary Transfer Uploads YouTube
----------------------------------------------------------------
Rsync completed at Mon May 25 14:02:16 CDT 2020 with code of 0
du: cannot access '/mnt/disk*/Backups/KILE-NAS1/2020-05-25.13': No such file or directory
du: cannot access '/mnt/disk*/Backups/KILE-NAS1/current': No such file or directory
numfmt: invalid number: ‘’
Snapshot 2020-05-25.14 has total size of:

bash: line 0: [: missing `]'
----------------------------------------------------------------
-----Synchronizing the following folders
Archive Backups Downloads Emulation Plex Projects Transfer Uploads YouTube
-----from /mnt/user/ to root@192.168.2.202:/mnt/user/backups/KILE-NAS1/sync
----------------------------------------------------------------
Rsync completed on Archive at Mon May 25 14:03:04 CDT 2020 with code of 0
----------------------------------------------------------------
Rsync completed on Backups at Mon May 25 14:03:04 CDT 2020 with code of 0
----------------------------------------------------------------
IO error encountered -- skipping file deletion
rsync: readdir("/mnt/user/backups/KILE-NAS1/sync/Downloads/Series/Psych/Season 08"): Structure needs cleaning (117)
rsync: recv_generator: failed to stat "/mnt/user/backups/KILE-NAS1/sync/Downloads/Series/Psych/Season 08/Psych - S08E05 - COG Blocked.nfo": Structure needs cleaning (117)
rsync error: some files/attrs were not transferred (see previous errors) (code 23) at main.c(1189) [sender=3.1.3]
Rsync completed on Downloads at Mon May 25 14:03:12 CDT 2020 with code of 23
----------------------------------------------------------------
Rsync completed on Emulation at Mon May 25 14:03:24 CDT 2020 with code of 0
----------------------------------------------------------------
Rsync completed on Plex at Mon May 25 14:09:20 CDT 2020 with code of 0
----------------------------------------------------------------
Rsync completed on Projects at Mon May 25 14:09:23 CDT 2020 with code of 0
----------------------------------------------------------------
Rsync completed on Transfer at Mon May 25 14:09:23 CDT 2020 with code of 0
----------------------------------------------------------------
Rsync completed on Uploads at Mon May 25 14:09:24 CDT 2020 with code of 0
----------------------------------------------------------------
Rsync completed on YouTube at Mon May 25 14:09:24 CDT 2020 with code of 0
------------------------------done------------------------------
-----------------------------start------------------------------
Mon May 25 15:00:01 CDT 2020 kile-deb2 rsync backup
-----Creating incremental backup of /mnt/user/
to root@192.168.2.202:/mnt/user/backups/KILE-NAS1/2020-05-25.15
-----excluding the following folders:
appdata domains Archive Backups Cache Downloads Emulation Movies Plex Projects system Temporary Transfer Uploads YouTube
----------------------------------------------------------------
Rsync completed at Mon May 25 15:02:26 CDT 2020 with code of 0
du: cannot access '/mnt/disk*/Backups/KILE-NAS1/2020-05-25.14': No such file or directory
du: cannot access '/mnt/disk*/Backups/KILE-NAS1/current': No such file or directory
numfmt: invalid number: ‘’
Snapshot 2020-05-25.15 has total size of:

bash: line 0: [: missing `]'
----------------------------------------------------------------
-----Synchronizing the following folders
Archive Backups Downloads Emulation Plex Projects Transfer Uploads YouTube
-----from /mnt/user/ to root@192.168.2.202:/mnt/user/backups/KILE-NAS1/sync
----------------------------------------------------------------
Rsync completed on Archive at Mon May 25 15:03:16 CDT 2020 with code of 0
----------------------------------------------------------------
Rsync completed on Backups at Mon May 25 15:03:16 CDT 2020 with code of 0
----------------------------------------------------------------
IO error encountered -- skipping file deletion
rsync: readdir("/mnt/user/backups/KILE-NAS1/sync/Downloads/Series/Psych/Season 08"): Structure needs cleaning (117)
rsync: recv_generator: failed to stat "/mnt/user/backups/KILE-NAS1/sync/Downloads/Series/Psych/Season 08/Psych - S08E05 - COG Blocked.nfo": Structure needs cleaning (117)
rsync error: some files/attrs were not transferred (see previous errors) (code 23) at main.c(1189) [sender=3.1.3]
Rsync completed on Downloads at Mon May 25 15:04:32 CDT 2020 with code of 23
----------------------------------------------------------------
Rsync completed on Emulation at Mon May 25 15:04:45 CDT 2020 with code of 0
----------------------------------------------------------------
Rsync completed on Plex at Mon May 25 15:10:50 CDT 2020 with code of 0
----------------------------------------------------------------
Rsync completed on Projects at Mon May 25 15:10:53 CDT 2020 with code of 0
----------------------------------------------------------------
Rsync completed on Transfer at Mon May 25 15:10:54 CDT 2020 with code of 0
----------------------------------------------------------------
Rsync completed on Uploads at Mon May 25 15:10:54 CDT 2020 with code of 0
----------------------------------------------------------------
Rsync completed on YouTube at Mon May 25 15:10:55 CDT 2020 with code of 0
------------------------------done------------------------------
-----------------------------start------------------------------
Mon May 25 16:00:01 CDT 2020 kile-deb2 rsync backup
-----Creating incremental backup of /mnt/user/
to root@192.168.2.202:/mnt/user/backups/KILE-NAS1/2020-05-25.16
-----excluding the following folders:
appdata domains Archive Backups Cache Downloads Emulation Movies Plex Projects system Temporary Transfer Uploads YouTube
----------------------------------------------------------------
Rsync completed at Mon May 25 16:02:13 CDT 2020 with code of 0
du: cannot access '/mnt/disk*/Backups/KILE-NAS1/2020-05-25.15': No such file or directory
du: cannot access '/mnt/disk*/Backups/KILE-NAS1/current': No such file or directory
numfmt: invalid number: ‘’
Snapshot 2020-05-25.16 has total size of:

bash: line 0: [: missing `]'
----------------------------------------------------------------
-----Synchronizing the following folders
Archive Backups Downloads Emulation Plex Projects Transfer Uploads YouTube
-----from /mnt/user/ to root@192.168.2.202:/mnt/user/backups/KILE-NAS1/sync
----------------------------------------------------------------
Rsync completed on Archive at Mon May 25 16:03:04 CDT 2020 with code of 0
----------------------------------------------------------------
Rsync completed on Backups at Mon May 25 16:03:04 CDT 2020 with code of 0
----------------------------------------------------------------
IO error encountered -- skipping file deletion
rsync: readdir("/mnt/user/backups/KILE-NAS1/sync/Downloads/Series/Psych/Season 08"): Structure needs cleaning (117)
rsync: recv_generator: failed to stat "/mnt/user/backups/KILE-NAS1/sync/Downloads/Series/Psych/Season 08/Psych - S08E05 - COG Blocked.nfo": Structure needs cleaning (117)
rsync error: some files/attrs were not transferred (see previous errors) (code 23) at main.c(1189) [sender=3.1.3]
Rsync completed on Downloads at Mon May 25 16:04:09 CDT 2020 with code of 23
----------------------------------------------------------------
Rsync completed on Emulation at Mon May 25 16:04:21 CDT 2020 with code of 0
----------------------------------------------------------------
Rsync completed on Plex at Mon May 25 16:10:14 CDT 2020 with code of 0
----------------------------------------------------------------
Rsync completed on Projects at Mon May 25 16:10:17 CDT 2020 with code of 0
----------------------------------------------------------------
Rsync completed on Transfer at Mon May 25 16:10:18 CDT 2020 with code of 0
----------------------------------------------------------------
Rsync completed on Uploads at Mon May 25 16:10:18 CDT 2020 with code of 0
----------------------------------------------------------------
Rsync completed on YouTube at Mon May 25 16:10:18 CDT 2020 with code of 0
------------------------------done------------------------------
-----------------------------start------------------------------
Mon May 25 17:00:01 CDT 2020 kile-deb2 rsync backup
-----Creating incremental backup of /mnt/user/
to root@192.168.2.202:/mnt/user/backups/KILE-NAS1/2020-05-25.17
-----excluding the following folders:
appdata domains Archive Backups Cache Downloads Emulation Movies Plex Projects system Temporary Transfer Uploads YouTube
----------------------------------------------------------------
Rsync completed at Mon May 25 17:02:02 CDT 2020 with code of 0
du: cannot access '/mnt/disk*/Backups/KILE-NAS1/2020-05-25.16': No such file or directory
du: cannot access '/mnt/disk*/Backups/KILE-NAS1/current': No such file or directory
numfmt: invalid number: ‘’
Snapshot 2020-05-25.17 has total size of:

bash: line 0: [: missing `]'
----------------------------------------------------------------
-----Synchronizing the following folders
Archive Backups Downloads Emulation Plex Projects Transfer Uploads YouTube
-----from /mnt/user/ to root@192.168.2.202:/mnt/user/backups/KILE-NAS1/sync
----------------------------------------------------------------
Rsync completed on Archive at Mon May 25 17:02:51 CDT 2020 with code of 0
----------------------------------------------------------------
Rsync completed on Backups at Mon May 25 17:02:52 CDT 2020 with code of 0
----------------------------------------------------------------
IO error encountered -- skipping file deletion
rsync: readdir("/mnt/user/backups/KILE-NAS1/sync/Downloads/Series/Psych/Season 08"): Structure needs cleaning (117)
rsync: recv_generator: failed to stat "/mnt/user/backups/KILE-NAS1/sync/Downloads/Series/Psych/Season 08/Psych - S08E05 - COG Blocked.nfo": Structure needs cleaning (117)
rsync error: some files/attrs were not transferred (see previous errors) (code 23) at main.c(1189) [sender=3.1.3]
Rsync completed on Downloads at Mon May 25 17:02:54 CDT 2020 with code of 23
----------------------------------------------------------------
Rsync completed on Emulation at Mon May 25 17:03:06 CDT 2020 with code of 0
----------------------------------------------------------------
Rsync completed on Plex at Mon May 25 17:08:57 CDT 2020 with code of 0
----------------------------------------------------------------
Rsync completed on Projects at Mon May 25 17:09:01 CDT 2020 with code of 0
----------------------------------------------------------------
Rsync completed on Transfer at Mon May 25 17:09:01 CDT 2020 with code of 0
----------------------------------------------------------------
Rsync completed on Uploads at Mon May 25 17:09:02 CDT 2020 with code of 0
----------------------------------------------------------------
Rsync completed on YouTube at Mon May 25 17:09:02 CDT 2020 with code of 0
------------------------------done------------------------------
-----------------------------start------------------------------
Mon May 25 18:00:01 CDT 2020 kile-deb2 rsync backup
-----Creating incremental backup of /mnt/user/
to root@192.168.2.202:/mnt/user/backups/KILE-NAS1/2020-05-25.18
-----excluding the following folders:
appdata domains Archive Backups Cache Downloads Emulation Movies Plex Projects system Temporary Transfer Uploads YouTube
----------------------------------------------------------------
Rsync completed at Mon May 25 18:02:12 CDT 2020 with code of 0
du: cannot access '/mnt/disk*/Backups/KILE-NAS1/2020-05-25.17': No such file or directory
du: cannot access '/mnt/disk*/Backups/KILE-NAS1/current': No such file or directory
numfmt: invalid number: ‘’
Snapshot 2020-05-25.18 has total size of:

bash: line 0: [: missing `]'
----------------------------------------------------------------
-----Synchronizing the following folders
Archive Backups Downloads Emulation Plex Projects Transfer Uploads YouTube
-----from /mnt/user/ to root@192.168.2.202:/mnt/user/backups/KILE-NAS1/sync
----------------------------------------------------------------
Rsync completed on Archive at Mon May 25 18:03:01 CDT 2020 with code of 0
----------------------------------------------------------------
Rsync completed on Backups at Mon May 25 18:03:01 CDT 2020 with code of 0
----------------------------------------------------------------
IO error encountered -- skipping file deletion
rsync: readdir("/mnt/user/backups/KILE-NAS1/sync/Downloads/Series/Psych/Season 08"): Structure needs cleaning (117)
rsync: recv_generator: failed to stat "/mnt/user/backups/KILE-NAS1/sync/Downloads/Series/Psych/Season 08/Psych - S08E05 - COG Blocked.nfo": Structure needs cleaning (117)
rsync error: some files/attrs were not transferred (see previous errors) (code 23) at main.c(1189) [sender=3.1.3]
Rsync completed on Downloads at Mon May 25 18:03:04 CDT 2020 with code of 23
----------------------------------------------------------------
Rsync completed on Emulation at Mon May 25 18:03:16 CDT 2020 with code of 0
----------------------------------------------------------------
Rsync completed on Plex at Mon May 25 18:09:04 CDT 2020 with code of 0
----------------------------------------------------------------
Rsync completed on Projects at Mon May 25 18:09:08 CDT 2020 with code of 0
----------------------------------------------------------------
Rsync completed on Transfer at Mon May 25 18:09:08 CDT 2020 with code of 0
----------------------------------------------------------------
Rsync completed on Uploads at Mon May 25 18:09:08 CDT 2020 with code of 0
----------------------------------------------------------------
Rsync completed on YouTube at Mon May 25 18:09:09 CDT 2020 with code of 0
------------------------------done------------------------------
-----------------------------start------------------------------
Mon May 25 19:00:01 CDT 2020 kile-deb2 rsync backup
-----Creating incremental backup of /mnt/user/
to root@192.168.2.202:/mnt/user/backups/KILE-NAS1/2020-05-25.19
-----excluding the following folders:
appdata domains Archive Backups Cache Downloads Emulation Movies Plex Projects system Temporary Transfer Uploads YouTube
----------------------------------------------------------------
Rsync completed at Mon May 25 19:02:34 CDT 2020 with code of 0
du: cannot access '/mnt/disk*/Backups/KILE-NAS1/2020-05-25.18': No such file or directory
du: cannot access '/mnt/disk*/Backups/KILE-NAS1/current': No such file or directory
numfmt: invalid number: ‘’
Snapshot 2020-05-25.19 has total size of:

bash: line 0: [: missing `]'
----------------------------------------------------------------
-----Synchronizing the following folders
Archive Backups Downloads Emulation Plex Projects Transfer Uploads YouTube
-----from /mnt/user/ to root@192.168.2.202:/mnt/user/backups/KILE-NAS1/sync
----------------------------------------------------------------
Rsync completed on Archive at Mon May 25 19:03:23 CDT 2020 with code of 0
----------------------------------------------------------------
Rsync completed on Backups at Mon May 25 19:03:23 CDT 2020 with code of 0
----------------------------------------------------------------
IO error encountered -- skipping file deletion
rsync: readdir("/mnt/user/backups/KILE-NAS1/sync/Downloads/Series/Psych/Season 08"): Structure needs cleaning (117)
rsync: recv_generator: failed to stat "/mnt/user/backups/KILE-NAS1/sync/Downloads/Series/Psych/Season 08/Psych - S08E05 - COG Blocked.nfo": Structure needs cleaning (117)
rsync error: some files/attrs were not transferred (see previous errors) (code 23) at main.c(1189) [sender=3.1.3]
Rsync completed on Downloads at Mon May 25 19:03:25 CDT 2020 with code of 23
----------------------------------------------------------------
Rsync completed on Emulation at Mon May 25 19:03:37 CDT 2020 with code of 0
----------------------------------------------------------------
Rsync completed on Plex at Mon May 25 19:09:39 CDT 2020 with code of 0
----------------------------------------------------------------
Rsync completed on Projects at Mon May 25 19:09:42 CDT 2020 with code of 0
----------------------------------------------------------------
Rsync completed on Transfer at Mon May 25 19:09:42 CDT 2020 with code of 0
----------------------------------------------------------------
Rsync completed on Uploads at Mon May 25 19:09:42 CDT 2020 with code of 0
----------------------------------------------------------------
Rsync completed on YouTube at Mon May 25 19:09:43 CDT 2020 with code of 0
------------------------------done------------------------------
-----------------------------start------------------------------
Mon May 25 23:00:01 CDT 2020 kile-deb2 rsync backup
-----Creating incremental backup of /mnt/user/
to root@192.168.2.202:/mnt/user/backups/KILE-NAS1/2020-05-25.23
-----excluding the following folders:
appdata domains Archive Backups Cache Downloads Emulation Movies Plex Projects system Temporary Transfer Uploads YouTube
----------------------------------------------------------------
Rsync completed at Mon May 25 23:02:49 CDT 2020 with code of 0
du: cannot access '/mnt/disk*/Backups/KILE-NAS1/2020-05-25.19': No such file or directory
du: cannot access '/mnt/disk*/Backups/KILE-NAS1/current': No such file or directory
numfmt: invalid number: ‘’
Snapshot 2020-05-25.23 has total size of:

bash: line 0: [: missing `]'
----------------------------------------------------------------
-----Synchronizing the following folders
Archive Backups Downloads Emulation Plex Projects Transfer Uploads YouTube
-----from /mnt/user/ to root@192.168.2.202:/mnt/user/backups/KILE-NAS1/sync
----------------------------------------------------------------
Rsync completed on Archive at Mon May 25 23:03:39 CDT 2020 with code of 0
----------------------------------------------------------------
Rsync completed on Backups at Mon May 25 23:03:39 CDT 2020 with code of 0
----------------------------------------------------------------
IO error encountered -- skipping file deletion
rsync: readdir("/mnt/user/backups/KILE-NAS1/sync/Downloads/Series/Psych/Season 08"): Structure needs cleaning (117)
rsync: recv_generator: failed to stat "/mnt/user/backups/KILE-NAS1/sync/Downloads/Series/Psych/Season 08/Psych - S08E05 - COG Blocked.nfo": Structure needs cleaning (117)
rsync error: some files/attrs were not transferred (see previous errors) (code 23) at main.c(1189) [sender=3.1.3]
Rsync completed on Downloads at Mon May 25 23:03:45 CDT 2020 with code of 23
----------------------------------------------------------------
Rsync completed on Emulation at Mon May 25 23:03:57 CDT 2020 with code of 0
----------------------------------------------------------------
Rsync completed on Plex at Mon May 25 23:09:52 CDT 2020 with code of 0
----------------------------------------------------------------
Rsync completed on Projects at Mon May 25 23:09:55 CDT 2020 with code of 0
----------------------------------------------------------------
Rsync completed on Transfer at Mon May 25 23:09:55 CDT 2020 with code of 0
----------------------------------------------------------------
Rsync completed on Uploads at Mon May 25 23:09:55 CDT 2020 with code of 0
----------------------------------------------------------------
Rsync completed on YouTube at Mon May 25 23:09:56 CDT 2020 with code of 0
------------------------------done------------------------------
