-----------------------------start------------------------------
Sun May 31 00:00:01 CDT 2020 kile-deb2 rsync cleanup
----------------------------------------------------------------
Beginning rsync hourly cleanup at Sun May 31 00:00:01 CDT 2020
90
Checking for /mnt/user/Backups/KILE-NAS1/2020-03-01
89
Checking for /mnt/user/Backups/KILE-NAS1/2020-03-02
88
Checking for /mnt/user/Backups/KILE-NAS1/2020-03-03
87
Checking for /mnt/user/Backups/KILE-NAS1/2020-03-04
86
Checking for /mnt/user/Backups/KILE-NAS1/2020-03-05
85
Checking for /mnt/user/Backups/KILE-NAS1/2020-03-06
84
Checking for /mnt/user/Backups/KILE-NAS1/2020-03-07
83
Checking for /mnt/user/Backups/KILE-NAS1/2020-03-09
82
Checking for /mnt/user/Backups/KILE-NAS1/2020-03-10
81
Checking for /mnt/user/Backups/KILE-NAS1/2020-03-11
80
Checking for /mnt/user/Backups/KILE-NAS1/2020-03-12
79
Checking for /mnt/user/Backups/KILE-NAS1/2020-03-13
78
Checking for /mnt/user/Backups/KILE-NAS1/2020-03-14
77
Checking for /mnt/user/Backups/KILE-NAS1/2020-03-15
76
Checking for /mnt/user/Backups/KILE-NAS1/2020-03-16
75
Checking for /mnt/user/Backups/KILE-NAS1/2020-03-17
74
Checking for /mnt/user/Backups/KILE-NAS1/2020-03-18
73
Checking for /mnt/user/Backups/KILE-NAS1/2020-03-19
72
Checking for /mnt/user/Backups/KILE-NAS1/2020-03-20
71
Checking for /mnt/user/Backups/KILE-NAS1/2020-03-21
70
Checking for /mnt/user/Backups/KILE-NAS1/2020-03-22
69
Checking for /mnt/user/Backups/KILE-NAS1/2020-03-23
68
Checking for /mnt/user/Backups/KILE-NAS1/2020-03-24
67
Checking for /mnt/user/Backups/KILE-NAS1/2020-03-25
66
Checking for /mnt/user/Backups/KILE-NAS1/2020-03-26
65
Checking for /mnt/user/Backups/KILE-NAS1/2020-03-27
64
Checking for /mnt/user/Backups/KILE-NAS1/2020-03-28
63
Checking for /mnt/user/Backups/KILE-NAS1/2020-03-29
62
Checking for /mnt/user/Backups/KILE-NAS1/2020-03-30
61
Checking for /mnt/user/Backups/KILE-NAS1/2020-03-31
60
Checking for /mnt/user/Backups/KILE-NAS1/2020-04-01
59
Checking for /mnt/user/Backups/KILE-NAS1/2020-04-02
58
Checking for /mnt/user/Backups/KILE-NAS1/2020-04-03
57
Checking for /mnt/user/Backups/KILE-NAS1/2020-04-04
56
Checking for /mnt/user/Backups/KILE-NAS1/2020-04-05
55
Checking for /mnt/user/Backups/KILE-NAS1/2020-04-06
54
Checking for /mnt/user/Backups/KILE-NAS1/2020-04-07
53
Checking for /mnt/user/Backups/KILE-NAS1/2020-04-08
52
Checking for /mnt/user/Backups/KILE-NAS1/2020-04-09
51
Checking for /mnt/user/Backups/KILE-NAS1/2020-04-10
50
Checking for /mnt/user/Backups/KILE-NAS1/2020-04-11
49
Checking for /mnt/user/Backups/KILE-NAS1/2020-04-12
48
Checking for /mnt/user/Backups/KILE-NAS1/2020-04-13
47
Checking for /mnt/user/Backups/KILE-NAS1/2020-04-14
46
Checking for /mnt/user/Backups/KILE-NAS1/2020-04-15
45
Checking for /mnt/user/Backups/KILE-NAS1/2020-04-16
44
Checking for /mnt/user/Backups/KILE-NAS1/2020-04-17
43
Checking for /mnt/user/Backups/KILE-NAS1/2020-04-18
42
Checking for /mnt/user/Backups/KILE-NAS1/2020-04-19
41
Checking for /mnt/user/Backups/KILE-NAS1/2020-04-20
40
Checking for /mnt/user/Backups/KILE-NAS1/2020-04-21
39
Checking for /mnt/user/Backups/KILE-NAS1/2020-04-22
38
Checking for /mnt/user/Backups/KILE-NAS1/2020-04-23
37
Checking for /mnt/user/Backups/KILE-NAS1/2020-04-24
36
Checking for /mnt/user/Backups/KILE-NAS1/2020-04-25
35
Checking for /mnt/user/Backups/KILE-NAS1/2020-04-26
34
Checking for /mnt/user/Backups/KILE-NAS1/2020-04-27
33
Checking for /mnt/user/Backups/KILE-NAS1/2020-04-28
32
Checking for /mnt/user/Backups/KILE-NAS1/2020-04-29
31
Checking for /mnt/user/Backups/KILE-NAS1/2020-04-30
30
Checking for /mnt/user/Backups/KILE-NAS1/2020-05-01
29
Checking for /mnt/user/Backups/KILE-NAS1/2020-05-02
28
Checking for /mnt/user/Backups/KILE-NAS1/2020-05-03
27
Checking for /mnt/user/Backups/KILE-NAS1/2020-05-04
26
Checking for /mnt/user/Backups/KILE-NAS1/2020-05-05
25
Checking for /mnt/user/Backups/KILE-NAS1/2020-05-06
24
Checking for /mnt/user/Backups/KILE-NAS1/2020-05-07
23
Checking for /mnt/user/Backups/KILE-NAS1/2020-05-08
22
Checking for /mnt/user/Backups/KILE-NAS1/2020-05-09
21
Checking for /mnt/user/Backups/KILE-NAS1/2020-05-10
20
Checking for /mnt/user/Backups/KILE-NAS1/2020-05-11
19
Checking for /mnt/user/Backups/KILE-NAS1/2020-05-12
18
Checking for /mnt/user/Backups/KILE-NAS1/2020-05-13
17
Checking for /mnt/user/Backups/KILE-NAS1/2020-05-14
16
Checking for /mnt/user/Backups/KILE-NAS1/2020-05-15
15
Checking for /mnt/user/Backups/KILE-NAS1/2020-05-16
14
Checking for /mnt/user/Backups/KILE-NAS1/2020-05-17
13
Checking for /mnt/user/Backups/KILE-NAS1/2020-05-18
12
Checking for /mnt/user/Backups/KILE-NAS1/2020-05-19
11
Checking for /mnt/user/Backups/KILE-NAS1/2020-05-20
10
Checking for /mnt/user/Backups/KILE-NAS1/2020-05-21
9
Checking for /mnt/user/Backups/KILE-NAS1/2020-05-22
8
Checking for /mnt/user/Backups/KILE-NAS1/2020-05-23
7
Checking for /mnt/user/Backups/KILE-NAS1/2020-05-24
6
Checking for /mnt/user/Backups/KILE-NAS1/2020-05-25
5
Checking for /mnt/user/Backups/KILE-NAS1/2020-05-26
4
Checking for /mnt/user/Backups/KILE-NAS1/2020-05-27
3
Checking for /mnt/user/Backups/KILE-NAS1/2020-05-28
----------------------------------------------------------------
Beginning rsync daily cleanup at Sun May 31 00:00:17 CDT 2020
----------------------------------------------------------------
Beginning rsync monthly cleanup at Sun May 31 00:01:03 CDT 2020
------------------------------done------------------------------
