-----------------------------start------------------------------
Tue Jun  2 00:00:01 CDT 2020 kile-deb2 rsync cleanup
----------------------------------------------------------------
Beginning rsync hourly cleanup at Tue Jun  2 00:00:02 CDT 2020
90
Checking for /mnt/user/Backups/KILE-NAS1/2020-03-03
89
Checking for /mnt/user/Backups/KILE-NAS1/2020-03-04
88
Checking for /mnt/user/Backups/KILE-NAS1/2020-03-05
87
Checking for /mnt/user/Backups/KILE-NAS1/2020-03-06
86
Checking for /mnt/user/Backups/KILE-NAS1/2020-03-07
85
Checking for /mnt/user/Backups/KILE-NAS1/2020-03-09
84
Checking for /mnt/user/Backups/KILE-NAS1/2020-03-10
83
Checking for /mnt/user/Backups/KILE-NAS1/2020-03-11
82
Checking for /mnt/user/Backups/KILE-NAS1/2020-03-12
81
Checking for /mnt/user/Backups/KILE-NAS1/2020-03-13
80
Checking for /mnt/user/Backups/KILE-NAS1/2020-03-14
79
Checking for /mnt/user/Backups/KILE-NAS1/2020-03-15
78
Checking for /mnt/user/Backups/KILE-NAS1/2020-03-16
77
Checking for /mnt/user/Backups/KILE-NAS1/2020-03-17
76
Checking for /mnt/user/Backups/KILE-NAS1/2020-03-18
75
Checking for /mnt/user/Backups/KILE-NAS1/2020-03-19
74
Checking for /mnt/user/Backups/KILE-NAS1/2020-03-20
73
Checking for /mnt/user/Backups/KILE-NAS1/2020-03-21
72
Checking for /mnt/user/Backups/KILE-NAS1/2020-03-22
71
Checking for /mnt/user/Backups/KILE-NAS1/2020-03-23
70
Checking for /mnt/user/Backups/KILE-NAS1/2020-03-24
69
Checking for /mnt/user/Backups/KILE-NAS1/2020-03-25
68
Checking for /mnt/user/Backups/KILE-NAS1/2020-03-26
67
Checking for /mnt/user/Backups/KILE-NAS1/2020-03-27
66
Checking for /mnt/user/Backups/KILE-NAS1/2020-03-28
65
Checking for /mnt/user/Backups/KILE-NAS1/2020-03-29
64
Checking for /mnt/user/Backups/KILE-NAS1/2020-03-30
63
Checking for /mnt/user/Backups/KILE-NAS1/2020-03-31
62
Checking for /mnt/user/Backups/KILE-NAS1/2020-04-01
61
Checking for /mnt/user/Backups/KILE-NAS1/2020-04-02
60
Checking for /mnt/user/Backups/KILE-NAS1/2020-04-03
59
Checking for /mnt/user/Backups/KILE-NAS1/2020-04-04
58
Checking for /mnt/user/Backups/KILE-NAS1/2020-04-05
57
Checking for /mnt/user/Backups/KILE-NAS1/2020-04-06
56
Checking for /mnt/user/Backups/KILE-NAS1/2020-04-07
55
Checking for /mnt/user/Backups/KILE-NAS1/2020-04-08
54
Checking for /mnt/user/Backups/KILE-NAS1/2020-04-09
53
Checking for /mnt/user/Backups/KILE-NAS1/2020-04-10
52
Checking for /mnt/user/Backups/KILE-NAS1/2020-04-11
51
Checking for /mnt/user/Backups/KILE-NAS1/2020-04-12
50
Checking for /mnt/user/Backups/KILE-NAS1/2020-04-13
49
Checking for /mnt/user/Backups/KILE-NAS1/2020-04-14
48
Checking for /mnt/user/Backups/KILE-NAS1/2020-04-15
47
Checking for /mnt/user/Backups/KILE-NAS1/2020-04-16
46
Checking for /mnt/user/Backups/KILE-NAS1/2020-04-17
45
Checking for /mnt/user/Backups/KILE-NAS1/2020-04-18
44
Checking for /mnt/user/Backups/KILE-NAS1/2020-04-19
43
Checking for /mnt/user/Backups/KILE-NAS1/2020-04-20
42
Checking for /mnt/user/Backups/KILE-NAS1/2020-04-21
41
Checking for /mnt/user/Backups/KILE-NAS1/2020-04-22
40
Checking for /mnt/user/Backups/KILE-NAS1/2020-04-23
39
Checking for /mnt/user/Backups/KILE-NAS1/2020-04-24
38
Checking for /mnt/user/Backups/KILE-NAS1/2020-04-25
37
Checking for /mnt/user/Backups/KILE-NAS1/2020-04-26
36
Checking for /mnt/user/Backups/KILE-NAS1/2020-04-27
35
Checking for /mnt/user/Backups/KILE-NAS1/2020-04-28
34
Checking for /mnt/user/Backups/KILE-NAS1/2020-04-29
33
Checking for /mnt/user/Backups/KILE-NAS1/2020-04-30
32
Checking for /mnt/user/Backups/KILE-NAS1/2020-05-01
31
Checking for /mnt/user/Backups/KILE-NAS1/2020-05-02
30
Checking for /mnt/user/Backups/KILE-NAS1/2020-05-03
29
Checking for /mnt/user/Backups/KILE-NAS1/2020-05-04
28
Checking for /mnt/user/Backups/KILE-NAS1/2020-05-05
27
Checking for /mnt/user/Backups/KILE-NAS1/2020-05-06
26
Checking for /mnt/user/Backups/KILE-NAS1/2020-05-07
25
Checking for /mnt/user/Backups/KILE-NAS1/2020-05-08
24
Checking for /mnt/user/Backups/KILE-NAS1/2020-05-09
23
Checking for /mnt/user/Backups/KILE-NAS1/2020-05-10
22
Checking for /mnt/user/Backups/KILE-NAS1/2020-05-11
21
Checking for /mnt/user/Backups/KILE-NAS1/2020-05-12
20
Checking for /mnt/user/Backups/KILE-NAS1/2020-05-13
19
Checking for /mnt/user/Backups/KILE-NAS1/2020-05-14
18
Checking for /mnt/user/Backups/KILE-NAS1/2020-05-15
17
Checking for /mnt/user/Backups/KILE-NAS1/2020-05-16
16
Checking for /mnt/user/Backups/KILE-NAS1/2020-05-17
15
Checking for /mnt/user/Backups/KILE-NAS1/2020-05-18
14
Checking for /mnt/user/Backups/KILE-NAS1/2020-05-19
13
Checking for /mnt/user/Backups/KILE-NAS1/2020-05-20
12
Checking for /mnt/user/Backups/KILE-NAS1/2020-05-21
11
Checking for /mnt/user/Backups/KILE-NAS1/2020-05-22
10
Checking for /mnt/user/Backups/KILE-NAS1/2020-05-23
9
Checking for /mnt/user/Backups/KILE-NAS1/2020-05-24
8
Checking for /mnt/user/Backups/KILE-NAS1/2020-05-25
7
Checking for /mnt/user/Backups/KILE-NAS1/2020-05-26
6
Checking for /mnt/user/Backups/KILE-NAS1/2020-05-27
5
Checking for /mnt/user/Backups/KILE-NAS1/2020-05-28
4
Checking for /mnt/user/Backups/KILE-NAS1/2020-05-29
3
Checking for /mnt/user/Backups/KILE-NAS1/2020-05-30
----------------------------------------------------------------
Beginning rsync daily cleanup at Tue Jun  2 00:00:17 CDT 2020
----------------------------------------------------------------
Beginning rsync monthly cleanup at Tue Jun  2 00:01:05 CDT 2020
------------------------------done------------------------------
