-----------------------------start------------------------------
Sun Jun  7 00:00:02 CDT 2020 kile-deb2 rsync cleanup
----------------------------------------------------------------
Beginning rsync hourly cleanup at Sun Jun  7 00:00:02 CDT 2020
90
Checking for /mnt/user/Backups/KILE-NAS1/2020-03-09
89
Checking for /mnt/user/Backups/KILE-NAS1/2020-03-10
88
Checking for /mnt/user/Backups/KILE-NAS1/2020-03-11
87
Checking for /mnt/user/Backups/KILE-NAS1/2020-03-12
86
Checking for /mnt/user/Backups/KILE-NAS1/2020-03-13
85
Checking for /mnt/user/Backups/KILE-NAS1/2020-03-14
84
Checking for /mnt/user/Backups/KILE-NAS1/2020-03-15
83
Checking for /mnt/user/Backups/KILE-NAS1/2020-03-16
82
Checking for /mnt/user/Backups/KILE-NAS1/2020-03-17
81
Checking for /mnt/user/Backups/KILE-NAS1/2020-03-18
80
Checking for /mnt/user/Backups/KILE-NAS1/2020-03-19
79
Checking for /mnt/user/Backups/KILE-NAS1/2020-03-20
78
Checking for /mnt/user/Backups/KILE-NAS1/2020-03-21
77
Checking for /mnt/user/Backups/KILE-NAS1/2020-03-22
76
Checking for /mnt/user/Backups/KILE-NAS1/2020-03-23
75
Checking for /mnt/user/Backups/KILE-NAS1/2020-03-24
74
Checking for /mnt/user/Backups/KILE-NAS1/2020-03-25
73
Checking for /mnt/user/Backups/KILE-NAS1/2020-03-26
72
Checking for /mnt/user/Backups/KILE-NAS1/2020-03-27
71
Checking for /mnt/user/Backups/KILE-NAS1/2020-03-28
70
Checking for /mnt/user/Backups/KILE-NAS1/2020-03-29
69
Checking for /mnt/user/Backups/KILE-NAS1/2020-03-30
68
Checking for /mnt/user/Backups/KILE-NAS1/2020-03-31
67
Checking for /mnt/user/Backups/KILE-NAS1/2020-04-01
66
Checking for /mnt/user/Backups/KILE-NAS1/2020-04-02
65
Checking for /mnt/user/Backups/KILE-NAS1/2020-04-03
64
Checking for /mnt/user/Backups/KILE-NAS1/2020-04-04
63
Checking for /mnt/user/Backups/KILE-NAS1/2020-04-05
62
Checking for /mnt/user/Backups/KILE-NAS1/2020-04-06
61
Checking for /mnt/user/Backups/KILE-NAS1/2020-04-07
60
Checking for /mnt/user/Backups/KILE-NAS1/2020-04-08
59
Checking for /mnt/user/Backups/KILE-NAS1/2020-04-09
58
Checking for /mnt/user/Backups/KILE-NAS1/2020-04-10
57
Checking for /mnt/user/Backups/KILE-NAS1/2020-04-11
56
Checking for /mnt/user/Backups/KILE-NAS1/2020-04-12
55
Checking for /mnt/user/Backups/KILE-NAS1/2020-04-13
54
Checking for /mnt/user/Backups/KILE-NAS1/2020-04-14
53
Checking for /mnt/user/Backups/KILE-NAS1/2020-04-15
52
Checking for /mnt/user/Backups/KILE-NAS1/2020-04-16
51
Checking for /mnt/user/Backups/KILE-NAS1/2020-04-17
50
Checking for /mnt/user/Backups/KILE-NAS1/2020-04-18
49
Checking for /mnt/user/Backups/KILE-NAS1/2020-04-19
48
Checking for /mnt/user/Backups/KILE-NAS1/2020-04-20
47
Checking for /mnt/user/Backups/KILE-NAS1/2020-04-21
46
Checking for /mnt/user/Backups/KILE-NAS1/2020-04-22
45
Checking for /mnt/user/Backups/KILE-NAS1/2020-04-23
44
Checking for /mnt/user/Backups/KILE-NAS1/2020-04-24
43
Checking for /mnt/user/Backups/KILE-NAS1/2020-04-25
42
Checking for /mnt/user/Backups/KILE-NAS1/2020-04-26
41
Checking for /mnt/user/Backups/KILE-NAS1/2020-04-27
40
Checking for /mnt/user/Backups/KILE-NAS1/2020-04-28
39
Checking for /mnt/user/Backups/KILE-NAS1/2020-04-29
38
Checking for /mnt/user/Backups/KILE-NAS1/2020-04-30
37
Checking for /mnt/user/Backups/KILE-NAS1/2020-05-01
36
Checking for /mnt/user/Backups/KILE-NAS1/2020-05-02
35
Checking for /mnt/user/Backups/KILE-NAS1/2020-05-03
34
Checking for /mnt/user/Backups/KILE-NAS1/2020-05-04
33
Checking for /mnt/user/Backups/KILE-NAS1/2020-05-05
32
Checking for /mnt/user/Backups/KILE-NAS1/2020-05-06
31
Checking for /mnt/user/Backups/KILE-NAS1/2020-05-07
30
Checking for /mnt/user/Backups/KILE-NAS1/2020-05-08
29
Checking for /mnt/user/Backups/KILE-NAS1/2020-05-09
28
Checking for /mnt/user/Backups/KILE-NAS1/2020-05-10
27
Checking for /mnt/user/Backups/KILE-NAS1/2020-05-11
26
Checking for /mnt/user/Backups/KILE-NAS1/2020-05-12
25
Checking for /mnt/user/Backups/KILE-NAS1/2020-05-13
24
Checking for /mnt/user/Backups/KILE-NAS1/2020-05-14
23
Checking for /mnt/user/Backups/KILE-NAS1/2020-05-15
22
Checking for /mnt/user/Backups/KILE-NAS1/2020-05-16
21
Checking for /mnt/user/Backups/KILE-NAS1/2020-05-17
20
Checking for /mnt/user/Backups/KILE-NAS1/2020-05-18
19
Checking for /mnt/user/Backups/KILE-NAS1/2020-05-19
18
Checking for /mnt/user/Backups/KILE-NAS1/2020-05-20
17
Checking for /mnt/user/Backups/KILE-NAS1/2020-05-21
16
Checking for /mnt/user/Backups/KILE-NAS1/2020-05-22
15
Checking for /mnt/user/Backups/KILE-NAS1/2020-05-23
14
Checking for /mnt/user/Backups/KILE-NAS1/2020-05-24
13
Checking for /mnt/user/Backups/KILE-NAS1/2020-05-25
12
Checking for /mnt/user/Backups/KILE-NAS1/2020-05-26
11
Checking for /mnt/user/Backups/KILE-NAS1/2020-05-27
10
Checking for /mnt/user/Backups/KILE-NAS1/2020-05-28
9
Checking for /mnt/user/Backups/KILE-NAS1/2020-05-29
8
Checking for /mnt/user/Backups/KILE-NAS1/2020-05-30
7
Checking for /mnt/user/Backups/KILE-NAS1/2020-05-31
6
Checking for /mnt/user/Backups/KILE-NAS1/2020-06-01
5
Checking for /mnt/user/Backups/KILE-NAS1/2020-06-02
4
Checking for /mnt/user/Backups/KILE-NAS1/2020-06-03
3
Checking for /mnt/user/Backups/KILE-NAS1/2020-06-04
----------------------------------------------------------------
Beginning rsync daily cleanup at Sun Jun  7 00:00:17 CDT 2020
----------------------------------------------------------------
Beginning rsync monthly cleanup at Sun Jun  7 00:01:04 CDT 2020
------------------------------done------------------------------
