-----------------------------start------------------------------
Mon May 18 00:00:02 CDT 2020 kile-deb2 rsync cleanup
----------------------------------------------------------------
Beginning rsync hourly cleanup at Mon May 18 00:00:02 CDT 2020
90
Checking for /mnt/user/Backups/KILE-NAS1/2020-02-17
89
Checking for /mnt/user/Backups/KILE-NAS1/2020-02-18
88
Checking for /mnt/user/Backups/KILE-NAS1/2020-02-19
87
Checking for /mnt/user/Backups/KILE-NAS1/2020-02-20
86
Checking for /mnt/user/Backups/KILE-NAS1/2020-02-21
85
Checking for /mnt/user/Backups/KILE-NAS1/2020-02-22
84
Checking for /mnt/user/Backups/KILE-NAS1/2020-02-23
83
Checking for /mnt/user/Backups/KILE-NAS1/2020-02-24
82
Checking for /mnt/user/Backups/KILE-NAS1/2020-02-25
81
Checking for /mnt/user/Backups/KILE-NAS1/2020-02-26
80
Checking for /mnt/user/Backups/KILE-NAS1/2020-02-27
79
Checking for /mnt/user/Backups/KILE-NAS1/2020-02-28
78
Checking for /mnt/user/Backups/KILE-NAS1/2020-02-29
77
Checking for /mnt/user/Backups/KILE-NAS1/2020-03-01
76
Checking for /mnt/user/Backups/KILE-NAS1/2020-03-02
75
Checking for /mnt/user/Backups/KILE-NAS1/2020-03-03
74
Checking for /mnt/user/Backups/KILE-NAS1/2020-03-04
73
Checking for /mnt/user/Backups/KILE-NAS1/2020-03-05
72
Checking for /mnt/user/Backups/KILE-NAS1/2020-03-06
71
Checking for /mnt/user/Backups/KILE-NAS1/2020-03-07
70
Checking for /mnt/user/Backups/KILE-NAS1/2020-03-09
69
Checking for /mnt/user/Backups/KILE-NAS1/2020-03-10
68
Checking for /mnt/user/Backups/KILE-NAS1/2020-03-11
67
Checking for /mnt/user/Backups/KILE-NAS1/2020-03-12
66
Checking for /mnt/user/Backups/KILE-NAS1/2020-03-13
65
Checking for /mnt/user/Backups/KILE-NAS1/2020-03-14
64
Checking for /mnt/user/Backups/KILE-NAS1/2020-03-15
63
Checking for /mnt/user/Backups/KILE-NAS1/2020-03-16
62
Checking for /mnt/user/Backups/KILE-NAS1/2020-03-17
61
Checking for /mnt/user/Backups/KILE-NAS1/2020-03-18
60
Checking for /mnt/user/Backups/KILE-NAS1/2020-03-19
59
Checking for /mnt/user/Backups/KILE-NAS1/2020-03-20
58
Checking for /mnt/user/Backups/KILE-NAS1/2020-03-21
57
Checking for /mnt/user/Backups/KILE-NAS1/2020-03-22
56
Checking for /mnt/user/Backups/KILE-NAS1/2020-03-23
55
Checking for /mnt/user/Backups/KILE-NAS1/2020-03-24
54
Checking for /mnt/user/Backups/KILE-NAS1/2020-03-25
53
Checking for /mnt/user/Backups/KILE-NAS1/2020-03-26
52
Checking for /mnt/user/Backups/KILE-NAS1/2020-03-27
51
Checking for /mnt/user/Backups/KILE-NAS1/2020-03-28
50
Checking for /mnt/user/Backups/KILE-NAS1/2020-03-29
49
Checking for /mnt/user/Backups/KILE-NAS1/2020-03-30
48
Checking for /mnt/user/Backups/KILE-NAS1/2020-03-31
47
Checking for /mnt/user/Backups/KILE-NAS1/2020-04-01
46
Checking for /mnt/user/Backups/KILE-NAS1/2020-04-02
45
Checking for /mnt/user/Backups/KILE-NAS1/2020-04-03
44
Checking for /mnt/user/Backups/KILE-NAS1/2020-04-04
43
Checking for /mnt/user/Backups/KILE-NAS1/2020-04-05
42
Checking for /mnt/user/Backups/KILE-NAS1/2020-04-06
41
Checking for /mnt/user/Backups/KILE-NAS1/2020-04-07
40
Checking for /mnt/user/Backups/KILE-NAS1/2020-04-08
39
Checking for /mnt/user/Backups/KILE-NAS1/2020-04-09
38
Checking for /mnt/user/Backups/KILE-NAS1/2020-04-10
37
Checking for /mnt/user/Backups/KILE-NAS1/2020-04-11
36
Checking for /mnt/user/Backups/KILE-NAS1/2020-04-12
35
Checking for /mnt/user/Backups/KILE-NAS1/2020-04-13
34
Checking for /mnt/user/Backups/KILE-NAS1/2020-04-14
33
Checking for /mnt/user/Backups/KILE-NAS1/2020-04-15
32
Checking for /mnt/user/Backups/KILE-NAS1/2020-04-16
31
Checking for /mnt/user/Backups/KILE-NAS1/2020-04-17
30
Checking for /mnt/user/Backups/KILE-NAS1/2020-04-18
29
Checking for /mnt/user/Backups/KILE-NAS1/2020-04-19
28
Checking for /mnt/user/Backups/KILE-NAS1/2020-04-20
27
Checking for /mnt/user/Backups/KILE-NAS1/2020-04-21
26
Checking for /mnt/user/Backups/KILE-NAS1/2020-04-22
25
Checking for /mnt/user/Backups/KILE-NAS1/2020-04-23
24
Checking for /mnt/user/Backups/KILE-NAS1/2020-04-24
23
Checking for /mnt/user/Backups/KILE-NAS1/2020-04-25
22
Checking for /mnt/user/Backups/KILE-NAS1/2020-04-26
21
Checking for /mnt/user/Backups/KILE-NAS1/2020-04-27
20
Checking for /mnt/user/Backups/KILE-NAS1/2020-04-28
19
Checking for /mnt/user/Backups/KILE-NAS1/2020-04-29
18
Checking for /mnt/user/Backups/KILE-NAS1/2020-04-30
17
Checking for /mnt/user/Backups/KILE-NAS1/2020-05-01
16
Checking for /mnt/user/Backups/KILE-NAS1/2020-05-02
15
Checking for /mnt/user/Backups/KILE-NAS1/2020-05-03
14
Checking for /mnt/user/Backups/KILE-NAS1/2020-05-04
13
Checking for /mnt/user/Backups/KILE-NAS1/2020-05-05
12
Checking for /mnt/user/Backups/KILE-NAS1/2020-05-06
11
Checking for /mnt/user/Backups/KILE-NAS1/2020-05-07
10
Checking for /mnt/user/Backups/KILE-NAS1/2020-05-08
9
Checking for /mnt/user/Backups/KILE-NAS1/2020-05-09
8
Checking for /mnt/user/Backups/KILE-NAS1/2020-05-10
7
Checking for /mnt/user/Backups/KILE-NAS1/2020-05-11
6
Checking for /mnt/user/Backups/KILE-NAS1/2020-05-12
5
Checking for /mnt/user/Backups/KILE-NAS1/2020-05-13
4
Checking for /mnt/user/Backups/KILE-NAS1/2020-05-14
3
Checking for /mnt/user/Backups/KILE-NAS1/2020-05-15
----------------------------------------------------------------
Beginning rsync daily cleanup at Mon May 18 00:00:17 CDT 2020
----------------------------------------------------------------
Beginning rsync monthly cleanup at Mon May 18 00:01:06 CDT 2020
------------------------------done------------------------------
