-----------------------------start------------------------------
Thu May 21 02:00:01 CDT 2020 kile-deb2 rsync backup
-----Creating incremental backup of /mnt/user/
to root@192.168.2.202:/mnt/user/backups/KILE-NAS1/2020-05-21.02
-----excluding the following folders:
appdata domains Archive Backups Cache Downloads Emulation Movies Plex Projects system Temporary Transfer Uploads YouTube
----------------------------------------------------------------
Rsync completed at Thu May 21 02:03:00 CDT 2020 with code of 0
du: cannot access '/mnt/disk*/Backups/KILE-NAS1/2020-05-20.23': No such file or directory
du: cannot access '/mnt/disk*/Backups/KILE-NAS1/current': No such file or directory
numfmt: invalid number: ‘’
Snapshot 2020-05-21.02 has total size of:

bash: line 0: [: missing `]'
----------------------------------------------------------------
-----Synchronizing the following folders
Archive Backups Downloads Emulation Plex Projects Transfer Uploads YouTube
-----from /mnt/user/ to root@192.168.2.202:/mnt/user/backups/KILE-NAS1/sync
----------------------------------------------------------------
Rsync completed on Archive at Thu May 21 02:04:19 CDT 2020 with code of 0
----------------------------------------------------------------
Rsync completed on Backups at Thu May 21 02:19:37 CDT 2020 with code of 0
----------------------------------------------------------------
IO error encountered -- skipping file deletion
rsync: readdir("/mnt/user/backups/KILE-NAS1/sync/Downloads/Series/Psych/Season 08"): Structure needs cleaning (117)
rsync: recv_generator: failed to stat "/mnt/user/backups/KILE-NAS1/sync/Downloads/Series/Psych/Season 08/Psych - S08E05 - COG Blocked.nfo": Structure needs cleaning (117)
rsync error: some files/attrs were not transferred (see previous errors) (code 23) at main.c(1189) [sender=3.1.3]
Rsync completed on Downloads at Thu May 21 02:19:58 CDT 2020 with code of 23
----------------------------------------------------------------
Rsync completed on Emulation at Thu May 21 02:20:15 CDT 2020 with code of 0
----------------------------------------------------------------
Rsync completed on Plex at Thu May 21 02:27:29 CDT 2020 with code of 0
----------------------------------------------------------------
Rsync completed on Projects at Thu May 21 02:27:37 CDT 2020 with code of 0
----------------------------------------------------------------
Rsync completed on Transfer at Thu May 21 02:27:38 CDT 2020 with code of 0
----------------------------------------------------------------
Rsync completed on Uploads at Thu May 21 02:27:39 CDT 2020 with code of 0
----------------------------------------------------------------
Rsync completed on YouTube at Thu May 21 02:27:40 CDT 2020 with code of 0
------------------------------done------------------------------
-----------------------------start------------------------------
Thu May 21 07:00:03 CDT 2020 kile-deb2 rsync backup
-----Creating incremental backup of /mnt/user/
to root@192.168.2.202:/mnt/user/backups/KILE-NAS1/2020-05-21.07
-----excluding the following folders:
appdata domains Archive Backups Cache Downloads Emulation Movies Plex Projects system Temporary Transfer Uploads YouTube
----------------------------------------------------------------
Rsync completed at Thu May 21 07:05:31 CDT 2020 with code of 0
du: cannot access '/mnt/disk*/Backups/KILE-NAS1/2020-05-21.02': No such file or directory
du: cannot access '/mnt/disk*/Backups/KILE-NAS1/current': No such file or directory
numfmt: invalid number: ‘’
Snapshot 2020-05-21.07 has total size of:

bash: line 0: [: missing `]'
----------------------------------------------------------------
-----Synchronizing the following folders
Archive Backups Downloads Emulation Plex Projects Transfer Uploads YouTube
-----from /mnt/user/ to root@192.168.2.202:/mnt/user/backups/KILE-NAS1/sync
----------------------------------------------------------------
Rsync completed on Archive at Thu May 21 07:07:10 CDT 2020 with code of 0
----------------------------------------------------------------
Rsync completed on Backups at Thu May 21 07:07:11 CDT 2020 with code of 0
----------------------------------------------------------------
IO error encountered -- skipping file deletion
rsync: readdir("/mnt/user/backups/KILE-NAS1/sync/Downloads/Series/Psych/Season 08"): Structure needs cleaning (117)
rsync: recv_generator: failed to stat "/mnt/user/backups/KILE-NAS1/sync/Downloads/Series/Psych/Season 08/Psych - S08E05 - COG Blocked.nfo": Structure needs cleaning (117)
rsync error: some files/attrs were not transferred (see previous errors) (code 23) at main.c(1189) [sender=3.1.3]
Rsync completed on Downloads at Thu May 21 07:07:40 CDT 2020 with code of 23
----------------------------------------------------------------
Rsync completed on Emulation at Thu May 21 07:07:56 CDT 2020 with code of 0
----------------------------------------------------------------
Rsync completed on Plex at Thu May 21 07:15:17 CDT 2020 with code of 0
----------------------------------------------------------------
Rsync completed on Projects at Thu May 21 07:15:22 CDT 2020 with code of 0
----------------------------------------------------------------
Rsync completed on Transfer at Thu May 21 07:15:23 CDT 2020 with code of 0
----------------------------------------------------------------
Rsync completed on Uploads at Thu May 21 07:15:23 CDT 2020 with code of 0
----------------------------------------------------------------
Rsync completed on YouTube at Thu May 21 07:15:24 CDT 2020 with code of 0
------------------------------done------------------------------
-----------------------------start------------------------------
Thu May 21 09:00:01 CDT 2020 kile-deb2 rsync backup
-----Creating incremental backup of /mnt/user/
to root@192.168.2.202:/mnt/user/backups/KILE-NAS1/2020-05-21.09
-----excluding the following folders:
appdata domains Archive Backups Cache Downloads Emulation Movies Plex Projects system Temporary Transfer Uploads YouTube
----------------------------------------------------------------
Rsync completed at Thu May 21 09:02:47 CDT 2020 with code of 0
du: cannot access '/mnt/disk*/Backups/KILE-NAS1/2020-05-21.07': No such file or directory
du: cannot access '/mnt/disk*/Backups/KILE-NAS1/current': No such file or directory
numfmt: invalid number: ‘’
Snapshot 2020-05-21.09 has total size of:

bash: line 0: [: missing `]'
----------------------------------------------------------------
-----Synchronizing the following folders
Archive Backups Downloads Emulation Plex Projects Transfer Uploads YouTube
-----from /mnt/user/ to root@192.168.2.202:/mnt/user/backups/KILE-NAS1/sync
----------------------------------------------------------------
Rsync completed on Archive at Thu May 21 09:03:36 CDT 2020 with code of 0
----------------------------------------------------------------
Rsync completed on Backups at Thu May 21 09:03:36 CDT 2020 with code of 0
----------------------------------------------------------------
IO error encountered -- skipping file deletion
rsync: readdir("/mnt/user/backups/KILE-NAS1/sync/Downloads/Series/Psych/Season 08"): Structure needs cleaning (117)
rsync: recv_generator: failed to stat "/mnt/user/backups/KILE-NAS1/sync/Downloads/Series/Psych/Season 08/Psych - S08E05 - COG Blocked.nfo": Structure needs cleaning (117)
rsync error: some files/attrs were not transferred (see previous errors) (code 23) at main.c(1189) [sender=3.1.3]
Rsync completed on Downloads at Thu May 21 09:03:38 CDT 2020 with code of 23
----------------------------------------------------------------
Rsync completed on Emulation at Thu May 21 09:03:50 CDT 2020 with code of 0
----------------------------------------------------------------
Rsync completed on Plex at Thu May 21 09:09:33 CDT 2020 with code of 0
----------------------------------------------------------------
Rsync completed on Projects at Thu May 21 09:09:36 CDT 2020 with code of 0
----------------------------------------------------------------
Rsync completed on Transfer at Thu May 21 09:09:36 CDT 2020 with code of 0
----------------------------------------------------------------
Rsync completed on Uploads at Thu May 21 09:09:36 CDT 2020 with code of 0
----------------------------------------------------------------
Rsync completed on YouTube at Thu May 21 09:09:37 CDT 2020 with code of 0
------------------------------done------------------------------
-----------------------------start------------------------------
Thu May 21 10:00:01 CDT 2020 kile-deb2 rsync backup
-----Creating incremental backup of /mnt/user/
to root@192.168.2.202:/mnt/user/backups/KILE-NAS1/2020-05-21.10
-----excluding the following folders:
appdata domains Archive Backups Cache Downloads Emulation Movies Plex Projects system Temporary Transfer Uploads YouTube
----------------------------------------------------------------
Rsync completed at Thu May 21 10:02:02 CDT 2020 with code of 0
du: cannot access '/mnt/disk*/Backups/KILE-NAS1/2020-05-21.09': No such file or directory
du: cannot access '/mnt/disk*/Backups/KILE-NAS1/current': No such file or directory
numfmt: invalid number: ‘’
Snapshot 2020-05-21.10 has total size of:

bash: line 0: [: missing `]'
----------------------------------------------------------------
-----Synchronizing the following folders
Archive Backups Downloads Emulation Plex Projects Transfer Uploads YouTube
-----from /mnt/user/ to root@192.168.2.202:/mnt/user/backups/KILE-NAS1/sync
----------------------------------------------------------------
Rsync completed on Archive at Thu May 21 10:02:49 CDT 2020 with code of 0
----------------------------------------------------------------
Rsync completed on Backups at Thu May 21 10:02:49 CDT 2020 with code of 0
----------------------------------------------------------------
IO error encountered -- skipping file deletion
rsync: readdir("/mnt/user/backups/KILE-NAS1/sync/Downloads/Series/Psych/Season 08"): Structure needs cleaning (117)
rsync: recv_generator: failed to stat "/mnt/user/backups/KILE-NAS1/sync/Downloads/Series/Psych/Season 08/Psych - S08E05 - COG Blocked.nfo": Structure needs cleaning (117)
rsync error: some files/attrs were not transferred (see previous errors) (code 23) at main.c(1189) [sender=3.1.3]
Rsync completed on Downloads at Thu May 21 10:02:51 CDT 2020 with code of 23
----------------------------------------------------------------
Rsync completed on Emulation at Thu May 21 10:03:03 CDT 2020 with code of 0
----------------------------------------------------------------
Rsync completed on Plex at Thu May 21 10:08:47 CDT 2020 with code of 0
----------------------------------------------------------------
Rsync completed on Projects at Thu May 21 10:08:50 CDT 2020 with code of 0
----------------------------------------------------------------
Rsync completed on Transfer at Thu May 21 10:08:50 CDT 2020 with code of 0
----------------------------------------------------------------
Rsync completed on Uploads at Thu May 21 10:08:51 CDT 2020 with code of 0
----------------------------------------------------------------
Rsync completed on YouTube at Thu May 21 10:08:51 CDT 2020 with code of 0
------------------------------done------------------------------
-----------------------------start------------------------------
Thu May 21 11:00:01 CDT 2020 kile-deb2 rsync backup
-----Creating incremental backup of /mnt/user/
to root@192.168.2.202:/mnt/user/backups/KILE-NAS1/2020-05-21.11
-----excluding the following folders:
appdata domains Archive Backups Cache Downloads Emulation Movies Plex Projects system Temporary Transfer Uploads YouTube
----------------------------------------------------------------
Rsync completed at Thu May 21 11:02:45 CDT 2020 with code of 0
du: cannot access '/mnt/disk*/Backups/KILE-NAS1/2020-05-21.10': No such file or directory
du: cannot access '/mnt/disk*/Backups/KILE-NAS1/current': No such file or directory
numfmt: invalid number: ‘’
Snapshot 2020-05-21.11 has total size of:

bash: line 0: [: missing `]'
----------------------------------------------------------------
-----Synchronizing the following folders
Archive Backups Downloads Emulation Plex Projects Transfer Uploads YouTube
-----from /mnt/user/ to root@192.168.2.202:/mnt/user/backups/KILE-NAS1/sync
----------------------------------------------------------------
Rsync completed on Archive at Thu May 21 11:03:33 CDT 2020 with code of 0
----------------------------------------------------------------
Rsync completed on Backups at Thu May 21 11:03:33 CDT 2020 with code of 0
----------------------------------------------------------------
IO error encountered -- skipping file deletion
rsync: readdir("/mnt/user/backups/KILE-NAS1/sync/Downloads/Series/Psych/Season 08"): Structure needs cleaning (117)
rsync: recv_generator: failed to stat "/mnt/user/backups/KILE-NAS1/sync/Downloads/Series/Psych/Season 08/Psych - S08E05 - COG Blocked.nfo": Structure needs cleaning (117)
rsync error: some files/attrs were not transferred (see previous errors) (code 23) at main.c(1189) [sender=3.1.3]
Rsync completed on Downloads at Thu May 21 11:03:36 CDT 2020 with code of 23
----------------------------------------------------------------
Rsync completed on Emulation at Thu May 21 11:03:48 CDT 2020 with code of 0
----------------------------------------------------------------
Rsync completed on Plex at Thu May 21 11:09:28 CDT 2020 with code of 0
----------------------------------------------------------------
Rsync completed on Projects at Thu May 21 11:09:32 CDT 2020 with code of 0
----------------------------------------------------------------
Rsync completed on Transfer at Thu May 21 11:09:32 CDT 2020 with code of 0
----------------------------------------------------------------
Rsync completed on Uploads at Thu May 21 11:09:32 CDT 2020 with code of 0
----------------------------------------------------------------
Rsync completed on YouTube at Thu May 21 11:09:33 CDT 2020 with code of 0
------------------------------done------------------------------
-----------------------------start------------------------------
Thu May 21 12:00:01 CDT 2020 kile-deb2 rsync backup
-----Creating incremental backup of /mnt/user/
to root@192.168.2.202:/mnt/user/backups/KILE-NAS1/2020-05-21.12
-----excluding the following folders:
appdata domains Archive Backups Cache Downloads Emulation Movies Plex Projects system Temporary Transfer Uploads YouTube
----------------------------------------------------------------
Rsync completed at Thu May 21 12:02:15 CDT 2020 with code of 0
du: cannot access '/mnt/disk*/Backups/KILE-NAS1/2020-05-21.11': No such file or directory
du: cannot access '/mnt/disk*/Backups/KILE-NAS1/current': No such file or directory
numfmt: invalid number: ‘’
Snapshot 2020-05-21.12 has total size of:

bash: line 0: [: missing `]'
----------------------------------------------------------------
-----Synchronizing the following folders
Archive Backups Downloads Emulation Plex Projects Transfer Uploads YouTube
-----from /mnt/user/ to root@192.168.2.202:/mnt/user/backups/KILE-NAS1/sync
----------------------------------------------------------------
Rsync completed on Archive at Thu May 21 12:03:04 CDT 2020 with code of 0
----------------------------------------------------------------
Rsync completed on Backups at Thu May 21 12:03:04 CDT 2020 with code of 0
----------------------------------------------------------------
IO error encountered -- skipping file deletion
rsync: readdir("/mnt/user/backups/KILE-NAS1/sync/Downloads/Series/Psych/Season 08"): Structure needs cleaning (117)
rsync: recv_generator: failed to stat "/mnt/user/backups/KILE-NAS1/sync/Downloads/Series/Psych/Season 08/Psych - S08E05 - COG Blocked.nfo": Structure needs cleaning (117)
rsync error: some files/attrs were not transferred (see previous errors) (code 23) at main.c(1189) [sender=3.1.3]
Rsync completed on Downloads at Thu May 21 12:03:06 CDT 2020 with code of 23
----------------------------------------------------------------
Rsync completed on Emulation at Thu May 21 12:03:18 CDT 2020 with code of 0
----------------------------------------------------------------
Rsync completed on Plex at Thu May 21 12:09:05 CDT 2020 with code of 0
----------------------------------------------------------------
Rsync completed on Projects at Thu May 21 12:09:08 CDT 2020 with code of 0
----------------------------------------------------------------
Rsync completed on Transfer at Thu May 21 12:09:09 CDT 2020 with code of 0
----------------------------------------------------------------
Rsync completed on Uploads at Thu May 21 12:09:09 CDT 2020 with code of 0
----------------------------------------------------------------
Rsync completed on YouTube at Thu May 21 12:09:10 CDT 2020 with code of 0
------------------------------done------------------------------
-----------------------------start------------------------------
Thu May 21 13:00:01 CDT 2020 kile-deb2 rsync backup
-----Creating incremental backup of /mnt/user/
to root@192.168.2.202:/mnt/user/backups/KILE-NAS1/2020-05-21.13
-----excluding the following folders:
appdata domains Archive Backups Cache Downloads Emulation Movies Plex Projects system Temporary Transfer Uploads YouTube
----------------------------------------------------------------
Rsync completed at Thu May 21 13:02:24 CDT 2020 with code of 0
du: cannot access '/mnt/disk*/Backups/KILE-NAS1/2020-05-21.12': No such file or directory
du: cannot access '/mnt/disk*/Backups/KILE-NAS1/current': No such file or directory
numfmt: invalid number: ‘’
Snapshot 2020-05-21.13 has total size of:

bash: line 0: [: missing `]'
----------------------------------------------------------------
-----Synchronizing the following folders
Archive Backups Downloads Emulation Plex Projects Transfer Uploads YouTube
-----from /mnt/user/ to root@192.168.2.202:/mnt/user/backups/KILE-NAS1/sync
----------------------------------------------------------------
Rsync completed on Archive at Thu May 21 13:03:12 CDT 2020 with code of 0
----------------------------------------------------------------
Rsync completed on Backups at Thu May 21 13:03:12 CDT 2020 with code of 0
----------------------------------------------------------------
IO error encountered -- skipping file deletion
rsync: readdir("/mnt/user/backups/KILE-NAS1/sync/Downloads/Series/Psych/Season 08"): Structure needs cleaning (117)
rsync: recv_generator: failed to stat "/mnt/user/backups/KILE-NAS1/sync/Downloads/Series/Psych/Season 08/Psych - S08E05 - COG Blocked.nfo": Structure needs cleaning (117)
rsync error: some files/attrs were not transferred (see previous errors) (code 23) at main.c(1189) [sender=3.1.3]
Rsync completed on Downloads at Thu May 21 13:03:15 CDT 2020 with code of 23
----------------------------------------------------------------
Rsync completed on Emulation at Thu May 21 13:03:27 CDT 2020 with code of 0
----------------------------------------------------------------
Rsync completed on Plex at Thu May 21 13:09:13 CDT 2020 with code of 0
----------------------------------------------------------------
Rsync completed on Projects at Thu May 21 13:09:16 CDT 2020 with code of 0
----------------------------------------------------------------
Rsync completed on Transfer at Thu May 21 13:09:17 CDT 2020 with code of 0
----------------------------------------------------------------
Rsync completed on Uploads at Thu May 21 13:09:17 CDT 2020 with code of 0
----------------------------------------------------------------
Rsync completed on YouTube at Thu May 21 13:09:17 CDT 2020 with code of 0
------------------------------done------------------------------
-----------------------------start------------------------------
Thu May 21 14:00:01 CDT 2020 kile-deb2 rsync backup
-----Creating incremental backup of /mnt/user/
to root@192.168.2.202:/mnt/user/backups/KILE-NAS1/2020-05-21.14
-----excluding the following folders:
appdata domains Archive Backups Cache Downloads Emulation Movies Plex Projects system Temporary Transfer Uploads YouTube
----------------------------------------------------------------
Rsync completed at Thu May 21 14:02:03 CDT 2020 with code of 0
du: cannot access '/mnt/disk*/Backups/KILE-NAS1/2020-05-21.13': No such file or directory
du: cannot access '/mnt/disk*/Backups/KILE-NAS1/current': No such file or directory
numfmt: invalid number: ‘’
Snapshot 2020-05-21.14 has total size of:

bash: line 0: [: missing `]'
----------------------------------------------------------------
-----Synchronizing the following folders
Archive Backups Downloads Emulation Plex Projects Transfer Uploads YouTube
-----from /mnt/user/ to root@192.168.2.202:/mnt/user/backups/KILE-NAS1/sync
----------------------------------------------------------------
Rsync completed on Archive at Thu May 21 14:02:52 CDT 2020 with code of 0
----------------------------------------------------------------
Rsync completed on Backups at Thu May 21 14:02:52 CDT 2020 with code of 0
----------------------------------------------------------------
IO error encountered -- skipping file deletion
rsync: readdir("/mnt/user/backups/KILE-NAS1/sync/Downloads/Series/Psych/Season 08"): Structure needs cleaning (117)
rsync: recv_generator: failed to stat "/mnt/user/backups/KILE-NAS1/sync/Downloads/Series/Psych/Season 08/Psych - S08E05 - COG Blocked.nfo": Structure needs cleaning (117)
rsync error: some files/attrs were not transferred (see previous errors) (code 23) at main.c(1189) [sender=3.1.3]
Rsync completed on Downloads at Thu May 21 14:02:54 CDT 2020 with code of 23
----------------------------------------------------------------
Rsync completed on Emulation at Thu May 21 14:03:06 CDT 2020 with code of 0
----------------------------------------------------------------
Rsync completed on Plex at Thu May 21 14:08:53 CDT 2020 with code of 0
----------------------------------------------------------------
Rsync completed on Projects at Thu May 21 14:08:56 CDT 2020 with code of 0
----------------------------------------------------------------
Rsync completed on Transfer at Thu May 21 14:08:57 CDT 2020 with code of 0
----------------------------------------------------------------
Rsync completed on Uploads at Thu May 21 14:08:57 CDT 2020 with code of 0
----------------------------------------------------------------
Rsync completed on YouTube at Thu May 21 14:08:57 CDT 2020 with code of 0
------------------------------done------------------------------
-----------------------------start------------------------------
Thu May 21 15:00:01 CDT 2020 kile-deb2 rsync backup
-----Creating incremental backup of /mnt/user/
to root@192.168.2.202:/mnt/user/backups/KILE-NAS1/2020-05-21.15
-----excluding the following folders:
appdata domains Archive Backups Cache Downloads Emulation Movies Plex Projects system Temporary Transfer Uploads YouTube
----------------------------------------------------------------
Rsync completed at Thu May 21 15:02:04 CDT 2020 with code of 0
du: cannot access '/mnt/disk*/Backups/KILE-NAS1/2020-05-21.14': No such file or directory
du: cannot access '/mnt/disk*/Backups/KILE-NAS1/current': No such file or directory
numfmt: invalid number: ‘’
Snapshot 2020-05-21.15 has total size of:

bash: line 0: [: missing `]'
----------------------------------------------------------------
-----Synchronizing the following folders
Archive Backups Downloads Emulation Plex Projects Transfer Uploads YouTube
-----from /mnt/user/ to root@192.168.2.202:/mnt/user/backups/KILE-NAS1/sync
----------------------------------------------------------------
Rsync completed on Archive at Thu May 21 15:02:53 CDT 2020 with code of 0
----------------------------------------------------------------
Rsync completed on Backups at Thu May 21 15:02:53 CDT 2020 with code of 0
----------------------------------------------------------------
IO error encountered -- skipping file deletion
rsync: readdir("/mnt/user/backups/KILE-NAS1/sync/Downloads/Series/Psych/Season 08"): Structure needs cleaning (117)
rsync: recv_generator: failed to stat "/mnt/user/backups/KILE-NAS1/sync/Downloads/Series/Psych/Season 08/Psych - S08E05 - COG Blocked.nfo": Structure needs cleaning (117)
rsync error: some files/attrs were not transferred (see previous errors) (code 23) at main.c(1189) [sender=3.1.3]
Rsync completed on Downloads at Thu May 21 15:02:56 CDT 2020 with code of 23
----------------------------------------------------------------
Rsync completed on Emulation at Thu May 21 15:03:07 CDT 2020 with code of 0
----------------------------------------------------------------
Rsync completed on Plex at Thu May 21 15:09:02 CDT 2020 with code of 0
----------------------------------------------------------------
Rsync completed on Projects at Thu May 21 15:09:05 CDT 2020 with code of 0
----------------------------------------------------------------
Rsync completed on Transfer at Thu May 21 15:09:05 CDT 2020 with code of 0
----------------------------------------------------------------
Rsync completed on Uploads at Thu May 21 15:09:06 CDT 2020 with code of 0
----------------------------------------------------------------
Rsync completed on YouTube at Thu May 21 15:09:06 CDT 2020 with code of 0
------------------------------done------------------------------
-----------------------------start------------------------------
Thu May 21 16:00:01 CDT 2020 kile-deb2 rsync backup
-----Creating incremental backup of /mnt/user/
to root@192.168.2.202:/mnt/user/backups/KILE-NAS1/2020-05-21.16
-----excluding the following folders:
appdata domains Archive Backups Cache Downloads Emulation Movies Plex Projects system Temporary Transfer Uploads YouTube
----------------------------------------------------------------
Rsync completed at Thu May 21 16:02:04 CDT 2020 with code of 0
du: cannot access '/mnt/disk*/Backups/KILE-NAS1/2020-05-21.15': No such file or directory
du: cannot access '/mnt/disk*/Backups/KILE-NAS1/current': No such file or directory
numfmt: invalid number: ‘’
Snapshot 2020-05-21.16 has total size of:

bash: line 0: [: missing `]'
----------------------------------------------------------------
-----Synchronizing the following folders
Archive Backups Downloads Emulation Plex Projects Transfer Uploads YouTube
-----from /mnt/user/ to root@192.168.2.202:/mnt/user/backups/KILE-NAS1/sync
----------------------------------------------------------------
Rsync completed on Archive at Thu May 21 16:02:57 CDT 2020 with code of 0
----------------------------------------------------------------
Rsync completed on Backups at Thu May 21 16:02:57 CDT 2020 with code of 0
----------------------------------------------------------------
IO error encountered -- skipping file deletion
rsync: readdir("/mnt/user/backups/KILE-NAS1/sync/Downloads/Series/Psych/Season 08"): Structure needs cleaning (117)
rsync: recv_generator: failed to stat "/mnt/user/backups/KILE-NAS1/sync/Downloads/Series/Psych/Season 08/Psych - S08E05 - COG Blocked.nfo": Structure needs cleaning (117)
rsync error: some files/attrs were not transferred (see previous errors) (code 23) at main.c(1189) [sender=3.1.3]
Rsync completed on Downloads at Thu May 21 16:03:00 CDT 2020 with code of 23
----------------------------------------------------------------
Rsync completed on Emulation at Thu May 21 16:03:12 CDT 2020 with code of 0
----------------------------------------------------------------
Rsync completed on Plex at Thu May 21 16:09:09 CDT 2020 with code of 0
----------------------------------------------------------------
Rsync completed on Projects at Thu May 21 16:09:13 CDT 2020 with code of 0
----------------------------------------------------------------
Rsync completed on Transfer at Thu May 21 16:09:13 CDT 2020 with code of 0
----------------------------------------------------------------
Rsync completed on Uploads at Thu May 21 16:09:13 CDT 2020 with code of 0
----------------------------------------------------------------
Rsync completed on YouTube at Thu May 21 16:09:14 CDT 2020 with code of 0
------------------------------done------------------------------
-----------------------------start------------------------------
Thu May 21 17:00:01 CDT 2020 kile-deb2 rsync backup
-----Creating incremental backup of /mnt/user/
to root@192.168.2.202:/mnt/user/backups/KILE-NAS1/2020-05-21.17
-----excluding the following folders:
appdata domains Archive Backups Cache Downloads Emulation Movies Plex Projects system Temporary Transfer Uploads YouTube
----------------------------------------------------------------
Rsync completed at Thu May 21 17:02:05 CDT 2020 with code of 0
du: cannot access '/mnt/disk*/Backups/KILE-NAS1/2020-05-21.16': No such file or directory
du: cannot access '/mnt/disk*/Backups/KILE-NAS1/current': No such file or directory
numfmt: invalid number: ‘’
Snapshot 2020-05-21.17 has total size of:

bash: line 0: [: missing `]'
----------------------------------------------------------------
-----Synchronizing the following folders
Archive Backups Downloads Emulation Plex Projects Transfer Uploads YouTube
-----from /mnt/user/ to root@192.168.2.202:/mnt/user/backups/KILE-NAS1/sync
----------------------------------------------------------------
Rsync completed on Archive at Thu May 21 17:02:55 CDT 2020 with code of 0
----------------------------------------------------------------
Rsync completed on Backups at Thu May 21 17:02:55 CDT 2020 with code of 0
----------------------------------------------------------------
IO error encountered -- skipping file deletion
rsync: readdir("/mnt/user/backups/KILE-NAS1/sync/Downloads/Series/Psych/Season 08"): Structure needs cleaning (117)
rsync: recv_generator: failed to stat "/mnt/user/backups/KILE-NAS1/sync/Downloads/Series/Psych/Season 08/Psych - S08E05 - COG Blocked.nfo": Structure needs cleaning (117)
rsync error: some files/attrs were not transferred (see previous errors) (code 23) at main.c(1189) [sender=3.1.3]
Rsync completed on Downloads at Thu May 21 17:02:58 CDT 2020 with code of 23
----------------------------------------------------------------
Rsync completed on Emulation at Thu May 21 17:03:10 CDT 2020 with code of 0
----------------------------------------------------------------
Rsync completed on Plex at Thu May 21 17:09:10 CDT 2020 with code of 0
----------------------------------------------------------------
Rsync completed on Projects at Thu May 21 17:09:13 CDT 2020 with code of 0
----------------------------------------------------------------
Rsync completed on Transfer at Thu May 21 17:09:13 CDT 2020 with code of 0
----------------------------------------------------------------
Rsync completed on Uploads at Thu May 21 17:09:14 CDT 2020 with code of 0
----------------------------------------------------------------
Rsync completed on YouTube at Thu May 21 17:09:14 CDT 2020 with code of 0
------------------------------done------------------------------
-----------------------------start------------------------------
Thu May 21 18:00:01 CDT 2020 kile-deb2 rsync backup
-----Creating incremental backup of /mnt/user/
to root@192.168.2.202:/mnt/user/backups/KILE-NAS1/2020-05-21.18
-----excluding the following folders:
appdata domains Archive Backups Cache Downloads Emulation Movies Plex Projects system Temporary Transfer Uploads YouTube
----------------------------------------------------------------
Rsync completed at Thu May 21 18:02:04 CDT 2020 with code of 0
du: cannot access '/mnt/disk*/Backups/KILE-NAS1/2020-05-21.17': No such file or directory
du: cannot access '/mnt/disk*/Backups/KILE-NAS1/current': No such file or directory
numfmt: invalid number: ‘’
Snapshot 2020-05-21.18 has total size of:

bash: line 0: [: missing `]'
----------------------------------------------------------------
-----Synchronizing the following folders
Archive Backups Downloads Emulation Plex Projects Transfer Uploads YouTube
-----from /mnt/user/ to root@192.168.2.202:/mnt/user/backups/KILE-NAS1/sync
----------------------------------------------------------------
Rsync completed on Archive at Thu May 21 18:02:54 CDT 2020 with code of 0
----------------------------------------------------------------
Rsync completed on Backups at Thu May 21 18:02:54 CDT 2020 with code of 0
----------------------------------------------------------------
IO error encountered -- skipping file deletion
rsync: readdir("/mnt/user/backups/KILE-NAS1/sync/Downloads/Series/Psych/Season 08"): Structure needs cleaning (117)
rsync: recv_generator: failed to stat "/mnt/user/backups/KILE-NAS1/sync/Downloads/Series/Psych/Season 08/Psych - S08E05 - COG Blocked.nfo": Structure needs cleaning (117)
rsync error: some files/attrs were not transferred (see previous errors) (code 23) at main.c(1189) [sender=3.1.3]
Rsync completed on Downloads at Thu May 21 18:03:11 CDT 2020 with code of 23
----------------------------------------------------------------
Rsync completed on Emulation at Thu May 21 18:03:33 CDT 2020 with code of 0
----------------------------------------------------------------
Rsync completed on Plex at Thu May 21 18:09:33 CDT 2020 with code of 0
----------------------------------------------------------------
Rsync completed on Projects at Thu May 21 18:09:36 CDT 2020 with code of 0
----------------------------------------------------------------
Rsync completed on Transfer at Thu May 21 18:09:37 CDT 2020 with code of 0
----------------------------------------------------------------
Rsync completed on Uploads at Thu May 21 18:09:37 CDT 2020 with code of 0
----------------------------------------------------------------
Rsync completed on YouTube at Thu May 21 18:09:37 CDT 2020 with code of 0
------------------------------done------------------------------
-----------------------------start------------------------------
Thu May 21 19:00:01 CDT 2020 kile-deb2 rsync backup
-----Creating incremental backup of /mnt/user/
to root@192.168.2.202:/mnt/user/backups/KILE-NAS1/2020-05-21.19
-----excluding the following folders:
appdata domains Archive Backups Cache Downloads Emulation Movies Plex Projects system Temporary Transfer Uploads YouTube
----------------------------------------------------------------
Rsync completed at Thu May 21 19:02:43 CDT 2020 with code of 0
du: cannot access '/mnt/disk*/Backups/KILE-NAS1/2020-05-21.18': No such file or directory
du: cannot access '/mnt/disk*/Backups/KILE-NAS1/current': No such file or directory
numfmt: invalid number: ‘’
Snapshot 2020-05-21.19 has total size of:

bash: line 0: [: missing `]'
----------------------------------------------------------------
-----Synchronizing the following folders
Archive Backups Downloads Emulation Plex Projects Transfer Uploads YouTube
-----from /mnt/user/ to root@192.168.2.202:/mnt/user/backups/KILE-NAS1/sync
----------------------------------------------------------------
Rsync completed on Archive at Thu May 21 19:03:34 CDT 2020 with code of 0
----------------------------------------------------------------
Rsync completed on Backups at Thu May 21 19:03:34 CDT 2020 with code of 0
----------------------------------------------------------------
IO error encountered -- skipping file deletion
rsync: readdir("/mnt/user/backups/KILE-NAS1/sync/Downloads/Series/Psych/Season 08"): Structure needs cleaning (117)
rsync: recv_generator: failed to stat "/mnt/user/backups/KILE-NAS1/sync/Downloads/Series/Psych/Season 08/Psych - S08E05 - COG Blocked.nfo": Structure needs cleaning (117)
rsync error: some files/attrs were not transferred (see previous errors) (code 23) at main.c(1189) [sender=3.1.3]
Rsync completed on Downloads at Thu May 21 19:03:36 CDT 2020 with code of 23
----------------------------------------------------------------
Rsync completed on Emulation at Thu May 21 19:03:48 CDT 2020 with code of 0
----------------------------------------------------------------
Rsync completed on Plex at Thu May 21 19:09:46 CDT 2020 with code of 0
----------------------------------------------------------------
Rsync completed on Projects at Thu May 21 19:09:49 CDT 2020 with code of 0
----------------------------------------------------------------
Rsync completed on Transfer at Thu May 21 19:09:50 CDT 2020 with code of 0
----------------------------------------------------------------
Rsync completed on Uploads at Thu May 21 19:09:50 CDT 2020 with code of 0
----------------------------------------------------------------
Rsync completed on YouTube at Thu May 21 19:09:50 CDT 2020 with code of 0
------------------------------done------------------------------
-----------------------------start------------------------------
Thu May 21 23:00:02 CDT 2020 kile-deb2 rsync backup
-----Creating incremental backup of /mnt/user/
to root@192.168.2.202:/mnt/user/backups/KILE-NAS1/2020-05-21.23
-----excluding the following folders:
appdata domains Archive Backups Cache Downloads Emulation Movies Plex Projects system Temporary Transfer Uploads YouTube
----------------------------------------------------------------
Rsync completed at Thu May 21 23:02:42 CDT 2020 with code of 0
du: cannot access '/mnt/disk*/Backups/KILE-NAS1/2020-05-21.19': No such file or directory
du: cannot access '/mnt/disk*/Backups/KILE-NAS1/current': No such file or directory
numfmt: invalid number: ‘’
Snapshot 2020-05-21.23 has total size of:

bash: line 0: [: missing `]'
----------------------------------------------------------------
-----Synchronizing the following folders
Archive Backups Downloads Emulation Plex Projects Transfer Uploads YouTube
-----from /mnt/user/ to root@192.168.2.202:/mnt/user/backups/KILE-NAS1/sync
----------------------------------------------------------------
Rsync completed on Archive at Thu May 21 23:03:43 CDT 2020 with code of 0
----------------------------------------------------------------
Rsync completed on Backups at Thu May 21 23:03:43 CDT 2020 with code of 0
----------------------------------------------------------------
IO error encountered -- skipping file deletion
rsync: readdir("/mnt/user/backups/KILE-NAS1/sync/Downloads/Series/Psych/Season 08"): Structure needs cleaning (117)
rsync: recv_generator: failed to stat "/mnt/user/backups/KILE-NAS1/sync/Downloads/Series/Psych/Season 08/Psych - S08E05 - COG Blocked.nfo": Structure needs cleaning (117)
rsync error: some files/attrs were not transferred (see previous errors) (code 23) at main.c(1189) [sender=3.1.3]
Rsync completed on Downloads at Thu May 21 23:03:46 CDT 2020 with code of 23
----------------------------------------------------------------
Rsync completed on Emulation at Thu May 21 23:04:01 CDT 2020 with code of 0
----------------------------------------------------------------
Rsync completed on Plex at Thu May 21 23:11:09 CDT 2020 with code of 0
----------------------------------------------------------------
Rsync completed on Projects at Thu May 21 23:11:14 CDT 2020 with code of 0
----------------------------------------------------------------
Rsync completed on Transfer at Thu May 21 23:11:14 CDT 2020 with code of 0
----------------------------------------------------------------
Rsync completed on Uploads at Thu May 21 23:11:15 CDT 2020 with code of 0
----------------------------------------------------------------
Rsync completed on YouTube at Thu May 21 23:11:16 CDT 2020 with code of 0
------------------------------done------------------------------
