-----------------------------start------------------------------
Sat May 16 00:00:01 CDT 2020 kile-deb2 rsync cleanup
----------------------------------------------------------------
Beginning rsync hourly cleanup at Sat May 16 00:00:01 CDT 2020
90
Checking for /mnt/user/Backups/KILE-NAS1/2020-02-15
89
Checking for /mnt/user/Backups/KILE-NAS1/2020-02-16
88
Checking for /mnt/user/Backups/KILE-NAS1/2020-02-17
87
Checking for /mnt/user/Backups/KILE-NAS1/2020-02-18
86
Checking for /mnt/user/Backups/KILE-NAS1/2020-02-19
85
Checking for /mnt/user/Backups/KILE-NAS1/2020-02-20
84
Checking for /mnt/user/Backups/KILE-NAS1/2020-02-21
83
Checking for /mnt/user/Backups/KILE-NAS1/2020-02-22
82
Checking for /mnt/user/Backups/KILE-NAS1/2020-02-23
81
Checking for /mnt/user/Backups/KILE-NAS1/2020-02-24
80
Checking for /mnt/user/Backups/KILE-NAS1/2020-02-25
79
Checking for /mnt/user/Backups/KILE-NAS1/2020-02-26
78
Checking for /mnt/user/Backups/KILE-NAS1/2020-02-27
77
Checking for /mnt/user/Backups/KILE-NAS1/2020-02-28
76
Checking for /mnt/user/Backups/KILE-NAS1/2020-02-29
75
Checking for /mnt/user/Backups/KILE-NAS1/2020-03-01
74
Checking for /mnt/user/Backups/KILE-NAS1/2020-03-02
73
Checking for /mnt/user/Backups/KILE-NAS1/2020-03-03
72
Checking for /mnt/user/Backups/KILE-NAS1/2020-03-04
71
Checking for /mnt/user/Backups/KILE-NAS1/2020-03-05
70
Checking for /mnt/user/Backups/KILE-NAS1/2020-03-06
69
Checking for /mnt/user/Backups/KILE-NAS1/2020-03-07
68
Checking for /mnt/user/Backups/KILE-NAS1/2020-03-09
67
Checking for /mnt/user/Backups/KILE-NAS1/2020-03-10
66
Checking for /mnt/user/Backups/KILE-NAS1/2020-03-11
65
Checking for /mnt/user/Backups/KILE-NAS1/2020-03-12
64
Checking for /mnt/user/Backups/KILE-NAS1/2020-03-13
63
Checking for /mnt/user/Backups/KILE-NAS1/2020-03-14
62
Checking for /mnt/user/Backups/KILE-NAS1/2020-03-15
61
Checking for /mnt/user/Backups/KILE-NAS1/2020-03-16
60
Checking for /mnt/user/Backups/KILE-NAS1/2020-03-17
59
Checking for /mnt/user/Backups/KILE-NAS1/2020-03-18
58
Checking for /mnt/user/Backups/KILE-NAS1/2020-03-19
57
Checking for /mnt/user/Backups/KILE-NAS1/2020-03-20
56
Checking for /mnt/user/Backups/KILE-NAS1/2020-03-21
55
Checking for /mnt/user/Backups/KILE-NAS1/2020-03-22
54
Checking for /mnt/user/Backups/KILE-NAS1/2020-03-23
53
Checking for /mnt/user/Backups/KILE-NAS1/2020-03-24
52
Checking for /mnt/user/Backups/KILE-NAS1/2020-03-25
51
Checking for /mnt/user/Backups/KILE-NAS1/2020-03-26
50
Checking for /mnt/user/Backups/KILE-NAS1/2020-03-27
49
Checking for /mnt/user/Backups/KILE-NAS1/2020-03-28
48
Checking for /mnt/user/Backups/KILE-NAS1/2020-03-29
47
Checking for /mnt/user/Backups/KILE-NAS1/2020-03-30
46
Checking for /mnt/user/Backups/KILE-NAS1/2020-03-31
45
Checking for /mnt/user/Backups/KILE-NAS1/2020-04-01
44
Checking for /mnt/user/Backups/KILE-NAS1/2020-04-02
43
Checking for /mnt/user/Backups/KILE-NAS1/2020-04-03
42
Checking for /mnt/user/Backups/KILE-NAS1/2020-04-04
41
Checking for /mnt/user/Backups/KILE-NAS1/2020-04-05
40
Checking for /mnt/user/Backups/KILE-NAS1/2020-04-06
39
Checking for /mnt/user/Backups/KILE-NAS1/2020-04-07
38
Checking for /mnt/user/Backups/KILE-NAS1/2020-04-08
37
Checking for /mnt/user/Backups/KILE-NAS1/2020-04-09
36
Checking for /mnt/user/Backups/KILE-NAS1/2020-04-10
35
Checking for /mnt/user/Backups/KILE-NAS1/2020-04-11
34
Checking for /mnt/user/Backups/KILE-NAS1/2020-04-12
33
Checking for /mnt/user/Backups/KILE-NAS1/2020-04-13
32
Checking for /mnt/user/Backups/KILE-NAS1/2020-04-14
31
Checking for /mnt/user/Backups/KILE-NAS1/2020-04-15
30
Checking for /mnt/user/Backups/KILE-NAS1/2020-04-16
29
Checking for /mnt/user/Backups/KILE-NAS1/2020-04-17
28
Checking for /mnt/user/Backups/KILE-NAS1/2020-04-18
27
Checking for /mnt/user/Backups/KILE-NAS1/2020-04-19
26
Checking for /mnt/user/Backups/KILE-NAS1/2020-04-20
25
Checking for /mnt/user/Backups/KILE-NAS1/2020-04-21
24
Checking for /mnt/user/Backups/KILE-NAS1/2020-04-22
23
Checking for /mnt/user/Backups/KILE-NAS1/2020-04-23
22
Checking for /mnt/user/Backups/KILE-NAS1/2020-04-24
21
Checking for /mnt/user/Backups/KILE-NAS1/2020-04-25
20
Checking for /mnt/user/Backups/KILE-NAS1/2020-04-26
19
Checking for /mnt/user/Backups/KILE-NAS1/2020-04-27
18
Checking for /mnt/user/Backups/KILE-NAS1/2020-04-28
17
Checking for /mnt/user/Backups/KILE-NAS1/2020-04-29
16
Checking for /mnt/user/Backups/KILE-NAS1/2020-04-30
15
Checking for /mnt/user/Backups/KILE-NAS1/2020-05-01
14
Checking for /mnt/user/Backups/KILE-NAS1/2020-05-02
13
Checking for /mnt/user/Backups/KILE-NAS1/2020-05-03
12
Checking for /mnt/user/Backups/KILE-NAS1/2020-05-04
11
Checking for /mnt/user/Backups/KILE-NAS1/2020-05-05
10
Checking for /mnt/user/Backups/KILE-NAS1/2020-05-06
9
Checking for /mnt/user/Backups/KILE-NAS1/2020-05-07
8
Checking for /mnt/user/Backups/KILE-NAS1/2020-05-08
7
Checking for /mnt/user/Backups/KILE-NAS1/2020-05-09
6
Checking for /mnt/user/Backups/KILE-NAS1/2020-05-10
5
Checking for /mnt/user/Backups/KILE-NAS1/2020-05-11
4
Checking for /mnt/user/Backups/KILE-NAS1/2020-05-12
3
Checking for /mnt/user/Backups/KILE-NAS1/2020-05-13
----------------------------------------------------------------
Beginning rsync daily cleanup at Sat May 16 00:00:16 CDT 2020
----------------------------------------------------------------
Beginning rsync monthly cleanup at Sat May 16 00:01:03 CDT 2020
------------------------------done------------------------------
