-----------------------------start------------------------------
Fri May 29 02:00:01 CDT 2020 kile-deb2 rsync backup
-----Creating incremental backup of /mnt/user/
to root@192.168.2.202:/mnt/user/backups/KILE-NAS1/2020-05-29.02
-----excluding the following folders:
appdata domains Archive Backups Cache Downloads Emulation Movies Plex Projects system Temporary Transfer Uploads YouTube
----------------------------------------------------------------
Rsync completed at Fri May 29 02:02:11 CDT 2020 with code of 0
du: cannot access '/mnt/disk*/Backups/KILE-NAS1/2020-05-28.23': No such file or directory
du: cannot access '/mnt/disk*/Backups/KILE-NAS1/current': No such file or directory
numfmt: invalid number: ‘’
Snapshot 2020-05-29.02 has total size of:

bash: line 0: [: missing `]'
----------------------------------------------------------------
-----Synchronizing the following folders
Archive Backups Downloads Emulation Plex Projects Transfer Uploads YouTube
-----from /mnt/user/ to root@192.168.2.202:/mnt/user/backups/KILE-NAS1/sync
----------------------------------------------------------------
Rsync completed on Archive at Fri May 29 02:03:14 CDT 2020 with code of 0
----------------------------------------------------------------
Rsync completed on Backups at Fri May 29 02:03:14 CDT 2020 with code of 0
----------------------------------------------------------------
IO error encountered -- skipping file deletion
rsync: readdir("/mnt/user/backups/KILE-NAS1/sync/Downloads/Series/Psych/Season 08"): Structure needs cleaning (117)
rsync: recv_generator: failed to stat "/mnt/user/backups/KILE-NAS1/sync/Downloads/Series/Psych/Season 08/Psych - S08E05 - COG Blocked.nfo": Structure needs cleaning (117)
rsync error: some files/attrs were not transferred (see previous errors) (code 23) at main.c(1189) [sender=3.1.3]
Rsync completed on Downloads at Fri May 29 02:03:40 CDT 2020 with code of 23
----------------------------------------------------------------
Rsync completed on Emulation at Fri May 29 02:03:52 CDT 2020 with code of 0
----------------------------------------------------------------
Rsync completed on Plex at Fri May 29 02:09:46 CDT 2020 with code of 0
----------------------------------------------------------------
Rsync completed on Projects at Fri May 29 02:09:49 CDT 2020 with code of 0
----------------------------------------------------------------
Rsync completed on Transfer at Fri May 29 02:09:49 CDT 2020 with code of 0
----------------------------------------------------------------
Rsync completed on Uploads at Fri May 29 02:09:50 CDT 2020 with code of 0
----------------------------------------------------------------
Rsync completed on YouTube at Fri May 29 02:09:50 CDT 2020 with code of 0
------------------------------done------------------------------
-----------------------------start------------------------------
Fri May 29 07:00:01 CDT 2020 kile-deb2 rsync backup
-----Creating incremental backup of /mnt/user/
to root@192.168.2.202:/mnt/user/backups/KILE-NAS1/2020-05-29.07
-----excluding the following folders:
appdata domains Archive Backups Cache Downloads Emulation Movies Plex Projects system Temporary Transfer Uploads YouTube
----------------------------------------------------------------
Rsync completed at Fri May 29 07:02:46 CDT 2020 with code of 0
du: cannot access '/mnt/disk*/Backups/KILE-NAS1/2020-05-29.02': No such file or directory
du: cannot access '/mnt/disk*/Backups/KILE-NAS1/current': No such file or directory
numfmt: invalid number: ‘’
Snapshot 2020-05-29.07 has total size of:

bash: line 0: [: missing `]'
----------------------------------------------------------------
-----Synchronizing the following folders
Archive Backups Downloads Emulation Plex Projects Transfer Uploads YouTube
-----from /mnt/user/ to root@192.168.2.202:/mnt/user/backups/KILE-NAS1/sync
----------------------------------------------------------------
Rsync completed on Archive at Fri May 29 07:03:50 CDT 2020 with code of 0
----------------------------------------------------------------
Rsync completed on Backups at Fri May 29 07:03:50 CDT 2020 with code of 0
----------------------------------------------------------------
IO error encountered -- skipping file deletion
rsync: readdir("/mnt/user/backups/KILE-NAS1/sync/Downloads/Series/Psych/Season 08"): Structure needs cleaning (117)
rsync: recv_generator: failed to stat "/mnt/user/backups/KILE-NAS1/sync/Downloads/Series/Psych/Season 08/Psych - S08E05 - COG Blocked.nfo": Structure needs cleaning (117)
rsync error: some files/attrs were not transferred (see previous errors) (code 23) at main.c(1189) [sender=3.1.3]
Rsync completed on Downloads at Fri May 29 07:05:19 CDT 2020 with code of 23
----------------------------------------------------------------
-----------------------------start------------------------------
Fri May 29 09:00:01 CDT 2020 kile-deb2 rsync backup
Sync in progress
------------------------------done------------------------------
-----------------------------start------------------------------
Fri May 29 10:00:01 CDT 2020 kile-deb2 rsync backup
Sync in progress
------------------------------done------------------------------
-----------------------------start------------------------------
Fri May 29 11:00:02 CDT 2020 kile-deb2 rsync backup
Sync in progress
------------------------------done------------------------------
-----------------------------start------------------------------
Fri May 29 12:00:01 CDT 2020 kile-deb2 rsync backup
Sync in progress
------------------------------done------------------------------
-----------------------------start------------------------------
Fri May 29 13:00:01 CDT 2020 kile-deb2 rsync backup
Sync in progress
------------------------------done------------------------------
-----------------------------start------------------------------
Fri May 29 14:00:01 CDT 2020 kile-deb2 rsync backup
Sync in progress
------------------------------done------------------------------
-----------------------------start------------------------------
Fri May 29 15:00:01 CDT 2020 kile-deb2 rsync backup
Sync in progress
------------------------------done------------------------------
client_loop: send disconnect: Broken pipe
rsync: connection unexpectedly closed (800 bytes received so far) [sender]
rsync error: unexplained error (code 255) at io.c(226) [sender=3.1.3]
Rsync completed on Emulation at Fri May 29 15:15:39 CDT 2020 with code of 255
----------------------------------------------------------------
Rsync completed on Plex at Fri May 29 15:34:34 CDT 2020 with code of 0
----------------------------------------------------------------
Rsync completed on Projects at Fri May 29 15:34:52 CDT 2020 with code of 0
----------------------------------------------------------------
Rsync completed on Transfer at Fri May 29 15:34:55 CDT 2020 with code of 0
----------------------------------------------------------------
Rsync completed on Uploads at Fri May 29 15:35:14 CDT 2020 with code of 0
----------------------------------------------------------------
Rsync completed on YouTube at Fri May 29 15:35:16 CDT 2020 with code of 0
------------------------------done------------------------------
-----------------------------start------------------------------
Fri May 29 16:00:01 CDT 2020 kile-deb2 rsync backup
-----Creating incremental backup of /mnt/user/
to root@192.168.2.202:/mnt/user/backups/KILE-NAS1/2020-05-29.16
-----excluding the following folders:
appdata domains Archive Backups Cache Downloads Emulation Movies Plex Projects system Temporary Transfer Uploads YouTube
----------------------------------------------------------------
Rsync completed at Fri May 29 16:53:51 CDT 2020 with code of 0
du: cannot access '/mnt/disk*/Backups/KILE-NAS1/2020-05-29.07': No such file or directory
du: cannot access '/mnt/disk*/Backups/KILE-NAS1/current': No such file or directory
numfmt: invalid number: ‘’
Snapshot 2020-05-29.16 has total size of:

bash: line 0: [: missing `]'
----------------------------------------------------------------
-----Synchronizing the following folders
Archive Backups Downloads Emulation Plex Projects Transfer Uploads YouTube
-----from /mnt/user/ to root@192.168.2.202:/mnt/user/backups/KILE-NAS1/sync
----------------------------------------------------------------
-----------------------------start------------------------------
Fri May 29 17:00:01 CDT 2020 kile-deb2 rsync backup
Sync in progress
------------------------------done------------------------------
Rsync completed on Archive at Fri May 29 17:00:57 CDT 2020 with code of 0
----------------------------------------------------------------
Rsync completed on Backups at Fri May 29 17:01:05 CDT 2020 with code of 0
----------------------------------------------------------------
IO error encountered -- skipping file deletion
rsync: readdir("/mnt/user/backups/KILE-NAS1/sync/Downloads/Series/Psych/Season 08"): Structure needs cleaning (117)
rsync: recv_generator: failed to stat "/mnt/user/backups/KILE-NAS1/sync/Downloads/Series/Psych/Season 08/Psych - S08E05 - COG Blocked.nfo": Structure needs cleaning (117)
rsync error: some files/attrs were not transferred (see previous errors) (code 23) at main.c(1189) [sender=3.1.3]
Rsync completed on Downloads at Fri May 29 17:05:44 CDT 2020 with code of 23
----------------------------------------------------------------
Rsync completed on Emulation at Fri May 29 17:07:09 CDT 2020 with code of 0
----------------------------------------------------------------
Rsync completed on Plex at Fri May 29 17:12:47 CDT 2020 with code of 0
----------------------------------------------------------------
Rsync completed on Projects at Fri May 29 17:12:49 CDT 2020 with code of 0
----------------------------------------------------------------
Rsync completed on Transfer at Fri May 29 17:12:50 CDT 2020 with code of 0
----------------------------------------------------------------
Rsync completed on Uploads at Fri May 29 17:12:50 CDT 2020 with code of 0
----------------------------------------------------------------
Rsync completed on YouTube at Fri May 29 17:12:50 CDT 2020 with code of 0
------------------------------done------------------------------
-----------------------------start------------------------------
Fri May 29 18:00:01 CDT 2020 kile-deb2 rsync backup
-----Creating incremental backup of /mnt/user/
to root@192.168.2.202:/mnt/user/backups/KILE-NAS1/2020-05-29.18
-----excluding the following folders:
appdata domains Archive Backups Cache Downloads Emulation Movies Plex Projects system Temporary Transfer Uploads YouTube
----------------------------------------------------------------
Rsync completed at Fri May 29 18:01:59 CDT 2020 with code of 0
du: cannot access '/mnt/disk*/Backups/KILE-NAS1/2020-05-29.16': No such file or directory
du: cannot access '/mnt/disk*/Backups/KILE-NAS1/current': No such file or directory
numfmt: invalid number: ‘’
Snapshot 2020-05-29.18 has total size of:

bash: line 0: [: missing `]'
----------------------------------------------------------------
-----Synchronizing the following folders
Archive Backups Downloads Emulation Plex Projects Transfer Uploads YouTube
-----from /mnt/user/ to root@192.168.2.202:/mnt/user/backups/KILE-NAS1/sync
----------------------------------------------------------------
Rsync completed on Archive at Fri May 29 18:02:46 CDT 2020 with code of 0
----------------------------------------------------------------
Rsync completed on Backups at Fri May 29 18:02:46 CDT 2020 with code of 0
----------------------------------------------------------------
IO error encountered -- skipping file deletion
rsync: readdir("/mnt/user/backups/KILE-NAS1/sync/Downloads/Series/Psych/Season 08"): Structure needs cleaning (117)
rsync: recv_generator: failed to stat "/mnt/user/backups/KILE-NAS1/sync/Downloads/Series/Psych/Season 08/Psych - S08E05 - COG Blocked.nfo": Structure needs cleaning (117)
rsync error: some files/attrs were not transferred (see previous errors) (code 23) at main.c(1189) [sender=3.1.3]
Rsync completed on Downloads at Fri May 29 18:02:50 CDT 2020 with code of 23
----------------------------------------------------------------
Rsync completed on Emulation at Fri May 29 18:03:02 CDT 2020 with code of 0
----------------------------------------------------------------
Rsync completed on Plex at Fri May 29 18:08:37 CDT 2020 with code of 0
----------------------------------------------------------------
Rsync completed on Projects at Fri May 29 18:08:40 CDT 2020 with code of 0
----------------------------------------------------------------
Rsync completed on Transfer at Fri May 29 18:08:40 CDT 2020 with code of 0
----------------------------------------------------------------
Rsync completed on Uploads at Fri May 29 18:08:40 CDT 2020 with code of 0
----------------------------------------------------------------
Rsync completed on YouTube at Fri May 29 18:08:41 CDT 2020 with code of 0
------------------------------done------------------------------
-----------------------------start------------------------------
Fri May 29 19:00:01 CDT 2020 kile-deb2 rsync backup
-----Creating incremental backup of /mnt/user/
to root@192.168.2.202:/mnt/user/backups/KILE-NAS1/2020-05-29.19
-----excluding the following folders:
appdata domains Archive Backups Cache Downloads Emulation Movies Plex Projects system Temporary Transfer Uploads YouTube
----------------------------------------------------------------
Rsync completed at Fri May 29 19:01:55 CDT 2020 with code of 0
du: cannot access '/mnt/disk*/Backups/KILE-NAS1/2020-05-29.18': No such file or directory
du: cannot access '/mnt/disk*/Backups/KILE-NAS1/current': No such file or directory
numfmt: invalid number: ‘’
Snapshot 2020-05-29.19 has total size of:

bash: line 0: [: missing `]'
----------------------------------------------------------------
-----Synchronizing the following folders
Archive Backups Downloads Emulation Plex Projects Transfer Uploads YouTube
-----from /mnt/user/ to root@192.168.2.202:/mnt/user/backups/KILE-NAS1/sync
----------------------------------------------------------------
Rsync completed on Archive at Fri May 29 19:02:42 CDT 2020 with code of 0
----------------------------------------------------------------
Rsync completed on Backups at Fri May 29 19:02:42 CDT 2020 with code of 0
----------------------------------------------------------------
IO error encountered -- skipping file deletion
rsync: readdir("/mnt/user/backups/KILE-NAS1/sync/Downloads/Series/Psych/Season 08"): Structure needs cleaning (117)
rsync: recv_generator: failed to stat "/mnt/user/backups/KILE-NAS1/sync/Downloads/Series/Psych/Season 08/Psych - S08E05 - COG Blocked.nfo": Structure needs cleaning (117)
rsync error: some files/attrs were not transferred (see previous errors) (code 23) at main.c(1189) [sender=3.1.3]
Rsync completed on Downloads at Fri May 29 19:02:45 CDT 2020 with code of 23
----------------------------------------------------------------
Rsync completed on Emulation at Fri May 29 19:02:55 CDT 2020 with code of 0
----------------------------------------------------------------
Rsync completed on Plex at Fri May 29 19:08:38 CDT 2020 with code of 0
----------------------------------------------------------------
Rsync completed on Projects at Fri May 29 19:08:41 CDT 2020 with code of 0
----------------------------------------------------------------
Rsync completed on Transfer at Fri May 29 19:08:41 CDT 2020 with code of 0
----------------------------------------------------------------
Rsync completed on Uploads at Fri May 29 19:08:41 CDT 2020 with code of 0
----------------------------------------------------------------
Rsync completed on YouTube at Fri May 29 19:08:42 CDT 2020 with code of 0
------------------------------done------------------------------
-----------------------------start------------------------------
Fri May 29 23:00:01 CDT 2020 kile-deb2 rsync backup
-----Creating incremental backup of /mnt/user/
to root@192.168.2.202:/mnt/user/backups/KILE-NAS1/2020-05-29.23
-----excluding the following folders:
appdata domains Archive Backups Cache Downloads Emulation Movies Plex Projects system Temporary Transfer Uploads YouTube
----------------------------------------------------------------
Rsync completed at Fri May 29 23:01:55 CDT 2020 with code of 0
du: cannot access '/mnt/disk*/Backups/KILE-NAS1/2020-05-29.19': No such file or directory
du: cannot access '/mnt/disk*/Backups/KILE-NAS1/current': No such file or directory
numfmt: invalid number: ‘’
Snapshot 2020-05-29.23 has total size of:

bash: line 0: [: missing `]'
----------------------------------------------------------------
-----Synchronizing the following folders
Archive Backups Downloads Emulation Plex Projects Transfer Uploads YouTube
-----from /mnt/user/ to root@192.168.2.202:/mnt/user/backups/KILE-NAS1/sync
----------------------------------------------------------------
Rsync completed on Archive at Fri May 29 23:02:42 CDT 2020 with code of 0
----------------------------------------------------------------
Rsync completed on Backups at Fri May 29 23:02:42 CDT 2020 with code of 0
----------------------------------------------------------------
IO error encountered -- skipping file deletion
rsync: readdir("/mnt/user/backups/KILE-NAS1/sync/Downloads/Series/Psych/Season 08"): Structure needs cleaning (117)
rsync: recv_generator: failed to stat "/mnt/user/backups/KILE-NAS1/sync/Downloads/Series/Psych/Season 08/Psych - S08E05 - COG Blocked.nfo": Structure needs cleaning (117)
rsync error: some files/attrs were not transferred (see previous errors) (code 23) at main.c(1189) [sender=3.1.3]
Rsync completed on Downloads at Fri May 29 23:02:44 CDT 2020 with code of 23
----------------------------------------------------------------
Rsync completed on Emulation at Fri May 29 23:02:56 CDT 2020 with code of 0
----------------------------------------------------------------
Rsync completed on Plex at Fri May 29 23:08:32 CDT 2020 with code of 0
----------------------------------------------------------------
Rsync completed on Projects at Fri May 29 23:08:35 CDT 2020 with code of 0
----------------------------------------------------------------
Rsync completed on Transfer at Fri May 29 23:08:36 CDT 2020 with code of 0
----------------------------------------------------------------
Rsync completed on Uploads at Fri May 29 23:08:36 CDT 2020 with code of 0
----------------------------------------------------------------
Rsync completed on YouTube at Fri May 29 23:08:36 CDT 2020 with code of 0
------------------------------done------------------------------
