-----------------------------start------------------------------
Mon Jun  1 02:00:01 CDT 2020 kile-deb2 rsync backup
-----Creating incremental backup of /mnt/user/
to root@192.168.2.202:/mnt/user/backups/KILE-NAS1/2020-06-01.02
-----excluding the following folders:
appdata domains Archive Backups Cache Downloads Emulation Movies Plex Projects system Temporary Transfer Uploads YouTube
----------------------------------------------------------------
Rsync completed at Mon Jun  1 02:01:59 CDT 2020 with code of 0
du: cannot access '/mnt/disk*/Backups/KILE-NAS1/2020-05-31.23': No such file or directory
du: cannot access '/mnt/disk*/Backups/KILE-NAS1/current': No such file or directory
numfmt: invalid number: ‘’
Snapshot 2020-06-01.02 has total size of:

bash: line 0: [: missing `]'
----------------------------------------------------------------
-----Synchronizing the following folders
Archive Backups Downloads Emulation Plex Projects Transfer Uploads YouTube
-----from /mnt/user/ to root@192.168.2.202:/mnt/user/backups/KILE-NAS1/sync
----------------------------------------------------------------
Rsync completed on Archive at Mon Jun  1 02:03:05 CDT 2020 with code of 0
----------------------------------------------------------------
Rsync completed on Backups at Mon Jun  1 02:03:06 CDT 2020 with code of 0
----------------------------------------------------------------
IO error encountered -- skipping file deletion
rsync: readdir("/mnt/user/backups/KILE-NAS1/sync/Downloads/Series/Psych/Season 08"): Structure needs cleaning (117)
rsync: recv_generator: failed to stat "/mnt/user/backups/KILE-NAS1/sync/Downloads/Series/Psych/Season 08/Psych - S08E05 - COG Blocked.nfo": Structure needs cleaning (117)
rsync error: some files/attrs were not transferred (see previous errors) (code 23) at main.c(1189) [sender=3.1.3]
Rsync completed on Downloads at Mon Jun  1 02:08:37 CDT 2020 with code of 23
----------------------------------------------------------------
Rsync completed on Emulation at Mon Jun  1 02:08:47 CDT 2020 with code of 0
----------------------------------------------------------------
Rsync completed on Plex at Mon Jun  1 02:14:26 CDT 2020 with code of 0
----------------------------------------------------------------
Rsync completed on Projects at Mon Jun  1 02:14:29 CDT 2020 with code of 0
----------------------------------------------------------------
Rsync completed on Transfer at Mon Jun  1 02:14:29 CDT 2020 with code of 0
----------------------------------------------------------------
Rsync completed on Uploads at Mon Jun  1 02:14:31 CDT 2020 with code of 0
----------------------------------------------------------------
Rsync completed on YouTube at Mon Jun  1 02:14:31 CDT 2020 with code of 0
------------------------------done------------------------------
-----------------------------start------------------------------
Mon Jun  1 07:00:01 CDT 2020 kile-deb2 rsync backup
-----Creating incremental backup of /mnt/user/
to root@192.168.2.202:/mnt/user/backups/KILE-NAS1/2020-06-01.07
-----excluding the following folders:
appdata domains Archive Backups Cache Downloads Emulation Movies Plex Projects system Temporary Transfer Uploads YouTube
----------------------------------------------------------------
Rsync completed at Mon Jun  1 07:01:59 CDT 2020 with code of 0
du: cannot access '/mnt/disk*/Backups/KILE-NAS1/2020-06-01.02': No such file or directory
du: cannot access '/mnt/disk*/Backups/KILE-NAS1/current': No such file or directory
numfmt: invalid number: ‘’
Snapshot 2020-06-01.07 has total size of:

bash: line 0: [: missing `]'
----------------------------------------------------------------
-----Synchronizing the following folders
Archive Backups Downloads Emulation Plex Projects Transfer Uploads YouTube
-----from /mnt/user/ to root@192.168.2.202:/mnt/user/backups/KILE-NAS1/sync
----------------------------------------------------------------
Rsync completed on Archive at Mon Jun  1 07:02:57 CDT 2020 with code of 0
----------------------------------------------------------------
Rsync completed on Backups at Mon Jun  1 07:02:57 CDT 2020 with code of 0
----------------------------------------------------------------
IO error encountered -- skipping file deletion
rsync: readdir("/mnt/user/backups/KILE-NAS1/sync/Downloads/Series/Psych/Season 08"): Structure needs cleaning (117)
rsync: recv_generator: failed to stat "/mnt/user/backups/KILE-NAS1/sync/Downloads/Series/Psych/Season 08/Psych - S08E05 - COG Blocked.nfo": Structure needs cleaning (117)
rsync error: some files/attrs were not transferred (see previous errors) (code 23) at main.c(1189) [sender=3.1.3]
Rsync completed on Downloads at Mon Jun  1 07:03:04 CDT 2020 with code of 23
----------------------------------------------------------------
Rsync completed on Emulation at Mon Jun  1 07:03:15 CDT 2020 with code of 0
----------------------------------------------------------------
Rsync completed on Plex at Mon Jun  1 07:08:48 CDT 2020 with code of 0
----------------------------------------------------------------
Rsync completed on Projects at Mon Jun  1 07:08:51 CDT 2020 with code of 0
----------------------------------------------------------------
Rsync completed on Transfer at Mon Jun  1 07:08:51 CDT 2020 with code of 0
----------------------------------------------------------------
Rsync completed on Uploads at Mon Jun  1 07:08:52 CDT 2020 with code of 0
----------------------------------------------------------------
Rsync completed on YouTube at Mon Jun  1 07:08:52 CDT 2020 with code of 0
------------------------------done------------------------------
-----------------------------start------------------------------
Mon Jun  1 09:00:01 CDT 2020 kile-deb2 rsync backup
-----Creating incremental backup of /mnt/user/
to root@192.168.2.202:/mnt/user/backups/KILE-NAS1/2020-06-01.09
-----excluding the following folders:
appdata domains Archive Backups Cache Downloads Emulation Movies Plex Projects system Temporary Transfer Uploads YouTube
----------------------------------------------------------------
Rsync completed at Mon Jun  1 09:01:54 CDT 2020 with code of 0
du: cannot access '/mnt/disk*/Backups/KILE-NAS1/2020-06-01.07': No such file or directory
du: cannot access '/mnt/disk*/Backups/KILE-NAS1/current': No such file or directory
numfmt: invalid number: ‘’
Snapshot 2020-06-01.09 has total size of:

bash: line 0: [: missing `]'
----------------------------------------------------------------
-----Synchronizing the following folders
Archive Backups Downloads Emulation Plex Projects Transfer Uploads YouTube
-----from /mnt/user/ to root@192.168.2.202:/mnt/user/backups/KILE-NAS1/sync
----------------------------------------------------------------
Rsync completed on Archive at Mon Jun  1 09:02:41 CDT 2020 with code of 0
----------------------------------------------------------------
Rsync completed on Backups at Mon Jun  1 09:02:41 CDT 2020 with code of 0
----------------------------------------------------------------
IO error encountered -- skipping file deletion
rsync: readdir("/mnt/user/backups/KILE-NAS1/sync/Downloads/Series/Psych/Season 08"): Structure needs cleaning (117)
rsync: recv_generator: failed to stat "/mnt/user/backups/KILE-NAS1/sync/Downloads/Series/Psych/Season 08/Psych - S08E05 - COG Blocked.nfo": Structure needs cleaning (117)
rsync error: some files/attrs were not transferred (see previous errors) (code 23) at main.c(1189) [sender=3.1.3]
Rsync completed on Downloads at Mon Jun  1 09:02:44 CDT 2020 with code of 23
----------------------------------------------------------------
Rsync completed on Emulation at Mon Jun  1 09:02:54 CDT 2020 with code of 0
----------------------------------------------------------------
Rsync completed on Plex at Mon Jun  1 09:08:30 CDT 2020 with code of 0
----------------------------------------------------------------
Rsync completed on Projects at Mon Jun  1 09:08:33 CDT 2020 with code of 0
----------------------------------------------------------------
Rsync completed on Transfer at Mon Jun  1 09:08:33 CDT 2020 with code of 0
----------------------------------------------------------------
Rsync completed on Uploads at Mon Jun  1 09:08:34 CDT 2020 with code of 0
----------------------------------------------------------------
Rsync completed on YouTube at Mon Jun  1 09:08:34 CDT 2020 with code of 0
------------------------------done------------------------------
-----------------------------start------------------------------
Mon Jun  1 10:00:01 CDT 2020 kile-deb2 rsync backup
-----Creating incremental backup of /mnt/user/
to root@192.168.2.202:/mnt/user/backups/KILE-NAS1/2020-06-01.10
-----excluding the following folders:
appdata domains Archive Backups Cache Downloads Emulation Movies Plex Projects system Temporary Transfer Uploads YouTube
----------------------------------------------------------------
Rsync completed at Mon Jun  1 10:02:53 CDT 2020 with code of 0
du: cannot access '/mnt/disk*/Backups/KILE-NAS1/2020-06-01.09': No such file or directory
du: cannot access '/mnt/disk*/Backups/KILE-NAS1/current': No such file or directory
numfmt: invalid number: ‘’
Snapshot 2020-06-01.10 has total size of:

bash: line 0: [: missing `]'
----------------------------------------------------------------
-----Synchronizing the following folders
Archive Backups Downloads Emulation Plex Projects Transfer Uploads YouTube
-----from /mnt/user/ to root@192.168.2.202:/mnt/user/backups/KILE-NAS1/sync
----------------------------------------------------------------
Rsync completed on Archive at Mon Jun  1 10:03:40 CDT 2020 with code of 0
----------------------------------------------------------------
Rsync completed on Backups at Mon Jun  1 10:03:41 CDT 2020 with code of 0
----------------------------------------------------------------
IO error encountered -- skipping file deletion
rsync: readdir("/mnt/user/backups/KILE-NAS1/sync/Downloads/Series/Psych/Season 08"): Structure needs cleaning (117)
rsync: recv_generator: failed to stat "/mnt/user/backups/KILE-NAS1/sync/Downloads/Series/Psych/Season 08/Psych - S08E05 - COG Blocked.nfo": Structure needs cleaning (117)
rsync error: some files/attrs were not transferred (see previous errors) (code 23) at main.c(1189) [sender=3.1.3]
Rsync completed on Downloads at Mon Jun  1 10:03:47 CDT 2020 with code of 23
----------------------------------------------------------------
Rsync completed on Emulation at Mon Jun  1 10:03:58 CDT 2020 with code of 0
----------------------------------------------------------------
Rsync completed on Plex at Mon Jun  1 10:09:37 CDT 2020 with code of 0
----------------------------------------------------------------
Rsync completed on Projects at Mon Jun  1 10:09:40 CDT 2020 with code of 0
----------------------------------------------------------------
Rsync completed on Transfer at Mon Jun  1 10:09:40 CDT 2020 with code of 0
----------------------------------------------------------------
Rsync completed on Uploads at Mon Jun  1 10:09:41 CDT 2020 with code of 0
----------------------------------------------------------------
Rsync completed on YouTube at Mon Jun  1 10:09:41 CDT 2020 with code of 0
------------------------------done------------------------------
-----------------------------start------------------------------
Mon Jun  1 11:00:01 CDT 2020 kile-deb2 rsync backup
-----Creating incremental backup of /mnt/user/
to root@192.168.2.202:/mnt/user/backups/KILE-NAS1/2020-06-01.11
-----excluding the following folders:
appdata domains Archive Backups Cache Downloads Emulation Movies Plex Projects system Temporary Transfer Uploads YouTube
----------------------------------------------------------------
Rsync completed at Mon Jun  1 11:01:57 CDT 2020 with code of 0
du: cannot access '/mnt/disk*/Backups/KILE-NAS1/2020-06-01.10': No such file or directory
du: cannot access '/mnt/disk*/Backups/KILE-NAS1/current': No such file or directory
numfmt: invalid number: ‘’
Snapshot 2020-06-01.11 has total size of:

bash: line 0: [: missing `]'
----------------------------------------------------------------
-----Synchronizing the following folders
Archive Backups Downloads Emulation Plex Projects Transfer Uploads YouTube
-----from /mnt/user/ to root@192.168.2.202:/mnt/user/backups/KILE-NAS1/sync
----------------------------------------------------------------
Rsync completed on Archive at Mon Jun  1 11:02:45 CDT 2020 with code of 0
----------------------------------------------------------------
Rsync completed on Backups at Mon Jun  1 11:02:45 CDT 2020 with code of 0
----------------------------------------------------------------
IO error encountered -- skipping file deletion
rsync: readdir("/mnt/user/backups/KILE-NAS1/sync/Downloads/Series/Psych/Season 08"): Structure needs cleaning (117)
rsync: recv_generator: failed to stat "/mnt/user/backups/KILE-NAS1/sync/Downloads/Series/Psych/Season 08/Psych - S08E05 - COG Blocked.nfo": Structure needs cleaning (117)
rsync error: some files/attrs were not transferred (see previous errors) (code 23) at main.c(1189) [sender=3.1.3]
Rsync completed on Downloads at Mon Jun  1 11:02:51 CDT 2020 with code of 23
----------------------------------------------------------------
Rsync completed on Emulation at Mon Jun  1 11:03:02 CDT 2020 with code of 0
----------------------------------------------------------------
Rsync completed on Plex at Mon Jun  1 11:08:41 CDT 2020 with code of 0
----------------------------------------------------------------
Rsync completed on Projects at Mon Jun  1 11:08:44 CDT 2020 with code of 0
----------------------------------------------------------------
Rsync completed on Transfer at Mon Jun  1 11:08:44 CDT 2020 with code of 0
----------------------------------------------------------------
Rsync completed on Uploads at Mon Jun  1 11:08:45 CDT 2020 with code of 0
----------------------------------------------------------------
Rsync completed on YouTube at Mon Jun  1 11:08:45 CDT 2020 with code of 0
------------------------------done------------------------------
-----------------------------start------------------------------
Mon Jun  1 12:00:01 CDT 2020 kile-deb2 rsync backup
-----Creating incremental backup of /mnt/user/
to root@192.168.2.202:/mnt/user/backups/KILE-NAS1/2020-06-01.12
-----excluding the following folders:
appdata domains Archive Backups Cache Downloads Emulation Movies Plex Projects system Temporary Transfer Uploads YouTube
----------------------------------------------------------------
Rsync completed at Mon Jun  1 12:03:27 CDT 2020 with code of 0
du: cannot access '/mnt/disk*/Backups/KILE-NAS1/2020-06-01.11': No such file or directory
du: cannot access '/mnt/disk*/Backups/KILE-NAS1/current': No such file or directory
numfmt: invalid number: ‘’
Snapshot 2020-06-01.12 has total size of:

bash: line 0: [: missing `]'
----------------------------------------------------------------
-----Synchronizing the following folders
Archive Backups Downloads Emulation Plex Projects Transfer Uploads YouTube
-----from /mnt/user/ to root@192.168.2.202:/mnt/user/backups/KILE-NAS1/sync
----------------------------------------------------------------
Rsync completed on Archive at Mon Jun  1 12:04:16 CDT 2020 with code of 0
----------------------------------------------------------------
-----------------------------start------------------------------
Mon Jun  1 13:00:02 CDT 2020 kile-deb2 rsync backup
Sync in progress
------------------------------done------------------------------
-----------------------------start------------------------------
Mon Jun  1 14:00:01 CDT 2020 kile-deb2 rsync backup
Sync in progress
------------------------------done------------------------------
-----------------------------start------------------------------
Mon Jun  1 15:00:01 CDT 2020 kile-deb2 rsync backup
Sync in progress
------------------------------done------------------------------
-----------------------------start------------------------------
Mon Jun  1 16:00:01 CDT 2020 kile-deb2 rsync backup
Sync in progress
------------------------------done------------------------------
-----------------------------start------------------------------
Mon Jun  1 17:00:01 CDT 2020 kile-deb2 rsync backup
Sync in progress
------------------------------done------------------------------
Rsync completed on Backups at Mon Jun  1 17:42:51 CDT 2020 with code of 0
----------------------------------------------------------------
IO error encountered -- skipping file deletion
rsync: readdir("/mnt/user/backups/KILE-NAS1/sync/Downloads/Series/Psych/Season 08"): Structure needs cleaning (117)
rsync: recv_generator: failed to stat "/mnt/user/backups/KILE-NAS1/sync/Downloads/Series/Psych/Season 08/Psych - S08E05 - COG Blocked.nfo": Structure needs cleaning (117)
-----------------------------start------------------------------
Mon Jun  1 18:00:01 CDT 2020 kile-deb2 rsync backup
Sync in progress
------------------------------done------------------------------
rsync error: some files/attrs were not transferred (see previous errors) (code 23) at main.c(1189) [sender=3.1.3]
Rsync completed on Downloads at Mon Jun  1 18:40:39 CDT 2020 with code of 23
----------------------------------------------------------------
Rsync completed on Emulation at Mon Jun  1 18:41:29 CDT 2020 with code of 0
----------------------------------------------------------------
Rsync completed on Plex at Mon Jun  1 18:48:15 CDT 2020 with code of 0
----------------------------------------------------------------
Rsync completed on Projects at Mon Jun  1 18:48:21 CDT 2020 with code of 0
----------------------------------------------------------------
Rsync completed on Transfer at Mon Jun  1 18:48:22 CDT 2020 with code of 0
----------------------------------------------------------------
Rsync completed on Uploads at Mon Jun  1 18:48:36 CDT 2020 with code of 0
----------------------------------------------------------------
Rsync completed on YouTube at Mon Jun  1 18:48:37 CDT 2020 with code of 0
------------------------------done------------------------------
-----------------------------start------------------------------
Mon Jun  1 19:00:01 CDT 2020 kile-deb2 rsync backup
-----Creating incremental backup of /mnt/user/
to root@192.168.2.202:/mnt/user/backups/KILE-NAS1/2020-06-01.19
-----excluding the following folders:
appdata domains Archive Backups Cache Downloads Emulation Movies Plex Projects system Temporary Transfer Uploads YouTube
----------------------------------------------------------------
Rsync completed at Mon Jun  1 19:02:40 CDT 2020 with code of 0
du: cannot access '/mnt/disk*/Backups/KILE-NAS1/2020-06-01.12': No such file or directory
du: cannot access '/mnt/disk*/Backups/KILE-NAS1/current': No such file or directory
numfmt: invalid number: ‘’
Snapshot 2020-06-01.19 has total size of:

bash: line 0: [: missing `]'
----------------------------------------------------------------
-----Synchronizing the following folders
Archive Backups Downloads Emulation Plex Projects Transfer Uploads YouTube
-----from /mnt/user/ to root@192.168.2.202:/mnt/user/backups/KILE-NAS1/sync
----------------------------------------------------------------
Rsync completed on Archive at Mon Jun  1 19:18:02 CDT 2020 with code of 0
----------------------------------------------------------------
-----------------------------start------------------------------
Mon Jun  1 23:00:01 CDT 2020 kile-deb2 rsync backup
Sync in progress
------------------------------done------------------------------
Rsync completed on Backups at Tue Jun  2 00:00:57 CDT 2020 with code of 0
----------------------------------------------------------------
IO error encountered -- skipping file deletion
rsync: readdir("/mnt/user/backups/KILE-NAS1/sync/Downloads/Series/Psych/Season 08"): Structure needs cleaning (117)
rsync: recv_generator: failed to stat "/mnt/user/backups/KILE-NAS1/sync/Downloads/Series/Psych/Season 08/Psych - S08E05 - COG Blocked.nfo": Structure needs cleaning (117)
rsync error: some files/attrs were not transferred (see previous errors) (code 23) at main.c(1189) [sender=3.1.3]
Rsync completed on Downloads at Tue Jun  2 00:01:28 CDT 2020 with code of 23
----------------------------------------------------------------
Rsync completed on Emulation at Tue Jun  2 00:01:44 CDT 2020 with code of 0
----------------------------------------------------------------
Rsync completed on Plex at Tue Jun  2 00:08:57 CDT 2020 with code of 0
----------------------------------------------------------------
Rsync completed on Projects at Tue Jun  2 00:09:03 CDT 2020 with code of 0
----------------------------------------------------------------
Rsync completed on Transfer at Tue Jun  2 00:09:04 CDT 2020 with code of 0
----------------------------------------------------------------
Rsync completed on Uploads at Tue Jun  2 00:09:05 CDT 2020 with code of 0
----------------------------------------------------------------
Rsync completed on YouTube at Tue Jun  2 00:09:06 CDT 2020 with code of 0
------------------------------done------------------------------
