-----------------------------start------------------------------
Tue May 26 02:00:01 CDT 2020 kile-deb2 rsync backup
-----Creating incremental backup of /mnt/user/
to root@192.168.2.202:/mnt/user/backups/KILE-NAS1/2020-05-26.02
-----excluding the following folders:
appdata domains Archive Backups Cache Downloads Emulation Movies Plex Projects system Temporary Transfer Uploads YouTube
----------------------------------------------------------------
Rsync completed at Tue May 26 02:02:35 CDT 2020 with code of 0
du: cannot access '/mnt/disk*/Backups/KILE-NAS1/2020-05-25.23': No such file or directory
du: cannot access '/mnt/disk*/Backups/KILE-NAS1/current': No such file or directory
numfmt: invalid number: ‘’
Snapshot 2020-05-26.02 has total size of:

bash: line 0: [: missing `]'
----------------------------------------------------------------
-----Synchronizing the following folders
Archive Backups Downloads Emulation Plex Projects Transfer Uploads YouTube
-----from /mnt/user/ to root@192.168.2.202:/mnt/user/backups/KILE-NAS1/sync
----------------------------------------------------------------
Rsync completed on Archive at Tue May 26 02:03:34 CDT 2020 with code of 0
----------------------------------------------------------------
Rsync completed on Backups at Tue May 26 02:18:10 CDT 2020 with code of 0
----------------------------------------------------------------
IO error encountered -- skipping file deletion
rsync: readdir("/mnt/user/backups/KILE-NAS1/sync/Downloads/Series/Psych/Season 08"): Structure needs cleaning (117)
rsync: recv_generator: failed to stat "/mnt/user/backups/KILE-NAS1/sync/Downloads/Series/Psych/Season 08/Psych - S08E05 - COG Blocked.nfo": Structure needs cleaning (117)
rsync error: some files/attrs were not transferred (see previous errors) (code 23) at main.c(1189) [sender=3.1.3]
Rsync completed on Downloads at Tue May 26 02:18:38 CDT 2020 with code of 23
----------------------------------------------------------------
Rsync completed on Emulation at Tue May 26 02:18:55 CDT 2020 with code of 0
----------------------------------------------------------------
Rsync completed on Plex at Tue May 26 02:25:59 CDT 2020 with code of 0
----------------------------------------------------------------
Rsync completed on Projects at Tue May 26 02:26:06 CDT 2020 with code of 0
----------------------------------------------------------------
Rsync completed on Transfer at Tue May 26 02:26:07 CDT 2020 with code of 0
----------------------------------------------------------------
Rsync completed on Uploads at Tue May 26 02:26:08 CDT 2020 with code of 0
----------------------------------------------------------------
Rsync completed on YouTube at Tue May 26 02:26:09 CDT 2020 with code of 0
------------------------------done------------------------------
-----------------------------start------------------------------
Tue May 26 07:00:01 CDT 2020 kile-deb2 rsync backup
-----Creating incremental backup of /mnt/user/
to root@192.168.2.202:/mnt/user/backups/KILE-NAS1/2020-05-26.07
-----excluding the following folders:
appdata domains Archive Backups Cache Downloads Emulation Movies Plex Projects system Temporary Transfer Uploads YouTube
----------------------------------------------------------------
Rsync completed at Tue May 26 07:04:37 CDT 2020 with code of 0
du: cannot access '/mnt/disk*/Backups/KILE-NAS1/2020-05-26.02': No such file or directory
du: cannot access '/mnt/disk*/Backups/KILE-NAS1/current': No such file or directory
numfmt: invalid number: ‘’
Snapshot 2020-05-26.07 has total size of:

bash: line 0: [: missing `]'
----------------------------------------------------------------
-----Synchronizing the following folders
Archive Backups Downloads Emulation Plex Projects Transfer Uploads YouTube
-----from /mnt/user/ to root@192.168.2.202:/mnt/user/backups/KILE-NAS1/sync
----------------------------------------------------------------
Rsync completed on Archive at Tue May 26 07:06:13 CDT 2020 with code of 0
----------------------------------------------------------------
Rsync completed on Backups at Tue May 26 07:06:14 CDT 2020 with code of 0
----------------------------------------------------------------
IO error encountered -- skipping file deletion
rsync: readdir("/mnt/user/backups/KILE-NAS1/sync/Downloads/Series/Psych/Season 08"): Structure needs cleaning (117)
rsync: recv_generator: failed to stat "/mnt/user/backups/KILE-NAS1/sync/Downloads/Series/Psych/Season 08/Psych - S08E05 - COG Blocked.nfo": Structure needs cleaning (117)
file has vanished: "/mnt/user/Downloads/YouTube/kids/kids/Dude_Perfect/RC_Airplane_Battle_Dude_Perfect.f313.webm.part"
rsync error: some files/attrs were not transferred (see previous errors) (code 23) at main.c(1189) [sender=3.1.3]
Rsync completed on Downloads at Tue May 26 07:08:13 CDT 2020 with code of 23
----------------------------------------------------------------
Rsync completed on Emulation at Tue May 26 07:08:25 CDT 2020 with code of 0
----------------------------------------------------------------
Rsync completed on Plex at Tue May 26 07:14:26 CDT 2020 with code of 0
----------------------------------------------------------------
Rsync completed on Projects at Tue May 26 07:14:29 CDT 2020 with code of 0
----------------------------------------------------------------
Rsync completed on Transfer at Tue May 26 07:14:29 CDT 2020 with code of 0
----------------------------------------------------------------
Rsync completed on Uploads at Tue May 26 07:14:30 CDT 2020 with code of 0
----------------------------------------------------------------
Rsync completed on YouTube at Tue May 26 07:14:30 CDT 2020 with code of 0
------------------------------done------------------------------
-----------------------------start------------------------------
Tue May 26 09:00:11 CDT 2020 kile-deb2 rsync backup
-----Creating incremental backup of /mnt/user/
to root@192.168.2.202:/mnt/user/backups/KILE-NAS1/2020-05-26.09
-----excluding the following folders:
appdata domains Archive Backups Cache Downloads Emulation Movies Plex Projects system Temporary Transfer Uploads YouTube
----------------------------------------------------------------
Rsync completed at Tue May 26 09:03:35 CDT 2020 with code of 0
du: cannot access '/mnt/disk*/Backups/KILE-NAS1/2020-05-26.07': No such file or directory
du: cannot access '/mnt/disk*/Backups/KILE-NAS1/current': No such file or directory
numfmt: invalid number: ‘’
Snapshot 2020-05-26.09 has total size of:

bash: line 0: [: missing `]'
----------------------------------------------------------------
-----Synchronizing the following folders
Archive Backups Downloads Emulation Plex Projects Transfer Uploads YouTube
-----from /mnt/user/ to root@192.168.2.202:/mnt/user/backups/KILE-NAS1/sync
----------------------------------------------------------------
Rsync completed on Archive at Tue May 26 09:04:48 CDT 2020 with code of 0
----------------------------------------------------------------
Rsync completed on Backups at Tue May 26 09:04:48 CDT 2020 with code of 0
----------------------------------------------------------------
IO error encountered -- skipping file deletion
rsync: readdir("/mnt/user/backups/KILE-NAS1/sync/Downloads/Series/Psych/Season 08"): Structure needs cleaning (117)
rsync: recv_generator: failed to stat "/mnt/user/backups/KILE-NAS1/sync/Downloads/Series/Psych/Season 08/Psych - S08E05 - COG Blocked.nfo": Structure needs cleaning (117)
file has vanished: "/mnt/user/Downloads/YouTube/kids/kids/Jelle_s_Marble_Runs/Marbula_One_-_Momotorway_GP_S1R3_-_Marble_Race_by_Jelle_s_Marble_Runs.f299.mp4.part"
rsync error: some files/attrs were not transferred (see previous errors) (code 23) at main.c(1189) [sender=3.1.3]
Rsync completed on Downloads at Tue May 26 09:11:40 CDT 2020 with code of 23
----------------------------------------------------------------
Rsync completed on Emulation at Tue May 26 09:11:55 CDT 2020 with code of 0
----------------------------------------------------------------
Rsync completed on Plex at Tue May 26 09:18:56 CDT 2020 with code of 0
----------------------------------------------------------------
Rsync completed on Projects at Tue May 26 09:19:02 CDT 2020 with code of 0
----------------------------------------------------------------
Rsync completed on Transfer at Tue May 26 09:19:02 CDT 2020 with code of 0
----------------------------------------------------------------
Rsync completed on Uploads at Tue May 26 09:19:03 CDT 2020 with code of 0
----------------------------------------------------------------
Rsync completed on YouTube at Tue May 26 09:19:04 CDT 2020 with code of 0
------------------------------done------------------------------
-----------------------------start------------------------------
Tue May 26 10:00:01 CDT 2020 kile-deb2 rsync backup
-----Creating incremental backup of /mnt/user/
to root@192.168.2.202:/mnt/user/backups/KILE-NAS1/2020-05-26.10
-----excluding the following folders:
appdata domains Archive Backups Cache Downloads Emulation Movies Plex Projects system Temporary Transfer Uploads YouTube
----------------------------------------------------------------
Rsync completed at Tue May 26 10:03:21 CDT 2020 with code of 0
du: cannot access '/mnt/disk*/Backups/KILE-NAS1/2020-05-26.09': No such file or directory
du: cannot access '/mnt/disk*/Backups/KILE-NAS1/current': No such file or directory
numfmt: invalid number: ‘’
Snapshot 2020-05-26.10 has total size of:

bash: line 0: [: missing `]'
----------------------------------------------------------------
-----Synchronizing the following folders
Archive Backups Downloads Emulation Plex Projects Transfer Uploads YouTube
-----from /mnt/user/ to root@192.168.2.202:/mnt/user/backups/KILE-NAS1/sync
----------------------------------------------------------------
Rsync completed on Archive at Tue May 26 10:04:42 CDT 2020 with code of 0
----------------------------------------------------------------
Rsync completed on Backups at Tue May 26 10:04:42 CDT 2020 with code of 0
----------------------------------------------------------------
IO error encountered -- skipping file deletion
rsync: readdir("/mnt/user/backups/KILE-NAS1/sync/Downloads/Series/Psych/Season 08"): Structure needs cleaning (117)
rsync: recv_generator: failed to stat "/mnt/user/backups/KILE-NAS1/sync/Downloads/Series/Psych/Season 08/Psych - S08E05 - COG Blocked.nfo": Structure needs cleaning (117)
rsync error: some files/attrs were not transferred (see previous errors) (code 23) at main.c(1189) [sender=3.1.3]
Rsync completed on Downloads at Tue May 26 10:07:15 CDT 2020 with code of 23
----------------------------------------------------------------
Rsync completed on Emulation at Tue May 26 10:07:27 CDT 2020 with code of 0
----------------------------------------------------------------
Rsync completed on Plex at Tue May 26 10:13:54 CDT 2020 with code of 0
----------------------------------------------------------------
Rsync completed on Projects at Tue May 26 10:13:57 CDT 2020 with code of 0
----------------------------------------------------------------
Rsync completed on Transfer at Tue May 26 10:13:57 CDT 2020 with code of 0
----------------------------------------------------------------
Rsync completed on Uploads at Tue May 26 10:13:58 CDT 2020 with code of 0
----------------------------------------------------------------
Rsync completed on YouTube at Tue May 26 10:13:58 CDT 2020 with code of 0
------------------------------done------------------------------
-----------------------------start------------------------------
Tue May 26 11:00:01 CDT 2020 kile-deb2 rsync backup
-----Creating incremental backup of /mnt/user/
to root@192.168.2.202:/mnt/user/backups/KILE-NAS1/2020-05-26.11
-----excluding the following folders:
appdata domains Archive Backups Cache Downloads Emulation Movies Plex Projects system Temporary Transfer Uploads YouTube
----------------------------------------------------------------
Rsync completed at Tue May 26 11:02:39 CDT 2020 with code of 0
du: cannot access '/mnt/disk*/Backups/KILE-NAS1/2020-05-26.10': No such file or directory
du: cannot access '/mnt/disk*/Backups/KILE-NAS1/current': No such file or directory
numfmt: invalid number: ‘’
Snapshot 2020-05-26.11 has total size of:

bash: line 0: [: missing `]'
----------------------------------------------------------------
-----Synchronizing the following folders
Archive Backups Downloads Emulation Plex Projects Transfer Uploads YouTube
-----from /mnt/user/ to root@192.168.2.202:/mnt/user/backups/KILE-NAS1/sync
----------------------------------------------------------------
Rsync completed on Archive at Tue May 26 11:03:41 CDT 2020 with code of 0
----------------------------------------------------------------
Rsync completed on Backups at Tue May 26 11:03:41 CDT 2020 with code of 0
----------------------------------------------------------------
IO error encountered -- skipping file deletion
rsync: readdir("/mnt/user/backups/KILE-NAS1/sync/Downloads/Series/Psych/Season 08"): Structure needs cleaning (117)
rsync: recv_generator: failed to stat "/mnt/user/backups/KILE-NAS1/sync/Downloads/Series/Psych/Season 08/Psych - S08E05 - COG Blocked.nfo": Structure needs cleaning (117)
rsync error: some files/attrs were not transferred (see previous errors) (code 23) at main.c(1189) [sender=3.1.3]
Rsync completed on Downloads at Tue May 26 11:06:08 CDT 2020 with code of 23
----------------------------------------------------------------
Rsync completed on Emulation at Tue May 26 11:06:20 CDT 2020 with code of 0
----------------------------------------------------------------
Rsync completed on Plex at Tue May 26 11:12:10 CDT 2020 with code of 0
----------------------------------------------------------------
Rsync completed on Projects at Tue May 26 11:12:14 CDT 2020 with code of 0
----------------------------------------------------------------
Rsync completed on Transfer at Tue May 26 11:12:14 CDT 2020 with code of 0
----------------------------------------------------------------
Rsync completed on Uploads at Tue May 26 11:12:15 CDT 2020 with code of 0
----------------------------------------------------------------
Rsync completed on YouTube at Tue May 26 11:12:16 CDT 2020 with code of 0
------------------------------done------------------------------
-----------------------------start------------------------------
Tue May 26 12:00:01 CDT 2020 kile-deb2 rsync backup
-----Creating incremental backup of /mnt/user/
to root@192.168.2.202:/mnt/user/backups/KILE-NAS1/2020-05-26.12
-----excluding the following folders:
appdata domains Archive Backups Cache Downloads Emulation Movies Plex Projects system Temporary Transfer Uploads YouTube
----------------------------------------------------------------
Rsync completed at Tue May 26 12:02:49 CDT 2020 with code of 0
du: cannot access '/mnt/disk*/Backups/KILE-NAS1/2020-05-26.11': No such file or directory
du: cannot access '/mnt/disk*/Backups/KILE-NAS1/current': No such file or directory
numfmt: invalid number: ‘’
Snapshot 2020-05-26.12 has total size of:

bash: line 0: [: missing `]'
----------------------------------------------------------------
-----Synchronizing the following folders
Archive Backups Downloads Emulation Plex Projects Transfer Uploads YouTube
-----from /mnt/user/ to root@192.168.2.202:/mnt/user/backups/KILE-NAS1/sync
----------------------------------------------------------------
Rsync completed on Archive at Tue May 26 12:03:37 CDT 2020 with code of 0
----------------------------------------------------------------
Rsync completed on Backups at Tue May 26 12:03:38 CDT 2020 with code of 0
----------------------------------------------------------------
IO error encountered -- skipping file deletion
rsync: readdir("/mnt/user/backups/KILE-NAS1/sync/Downloads/Series/Psych/Season 08"): Structure needs cleaning (117)
rsync: recv_generator: failed to stat "/mnt/user/backups/KILE-NAS1/sync/Downloads/Series/Psych/Season 08/Psych - S08E05 - COG Blocked.nfo": Structure needs cleaning (117)
rsync error: some files/attrs were not transferred (see previous errors) (code 23) at main.c(1189) [sender=3.1.3]
Rsync completed on Downloads at Tue May 26 12:05:46 CDT 2020 with code of 23
----------------------------------------------------------------
Rsync completed on Emulation at Tue May 26 12:05:58 CDT 2020 with code of 0
----------------------------------------------------------------
Rsync completed on Plex at Tue May 26 12:11:52 CDT 2020 with code of 0
----------------------------------------------------------------
Rsync completed on Projects at Tue May 26 12:11:55 CDT 2020 with code of 0
----------------------------------------------------------------
Rsync completed on Transfer at Tue May 26 12:11:55 CDT 2020 with code of 0
----------------------------------------------------------------
Rsync completed on Uploads at Tue May 26 12:11:56 CDT 2020 with code of 0
----------------------------------------------------------------
Rsync completed on YouTube at Tue May 26 12:11:56 CDT 2020 with code of 0
------------------------------done------------------------------
-----------------------------start------------------------------
Tue May 26 13:00:01 CDT 2020 kile-deb2 rsync backup
-----Creating incremental backup of /mnt/user/
to root@192.168.2.202:/mnt/user/backups/KILE-NAS1/2020-05-26.13
-----excluding the following folders:
appdata domains Archive Backups Cache Downloads Emulation Movies Plex Projects system Temporary Transfer Uploads YouTube
----------------------------------------------------------------
Rsync completed at Tue May 26 13:02:31 CDT 2020 with code of 0
du: cannot access '/mnt/disk*/Backups/KILE-NAS1/2020-05-26.12': No such file or directory
du: cannot access '/mnt/disk*/Backups/KILE-NAS1/current': No such file or directory
numfmt: invalid number: ‘’
Snapshot 2020-05-26.13 has total size of:

bash: line 0: [: missing `]'
----------------------------------------------------------------
-----Synchronizing the following folders
Archive Backups Downloads Emulation Plex Projects Transfer Uploads YouTube
-----from /mnt/user/ to root@192.168.2.202:/mnt/user/backups/KILE-NAS1/sync
----------------------------------------------------------------
Rsync completed on Archive at Tue May 26 13:03:32 CDT 2020 with code of 0
----------------------------------------------------------------
Rsync completed on Backups at Tue May 26 13:03:32 CDT 2020 with code of 0
----------------------------------------------------------------
IO error encountered -- skipping file deletion
rsync: readdir("/mnt/user/backups/KILE-NAS1/sync/Downloads/Series/Psych/Season 08"): Structure needs cleaning (117)
rsync: recv_generator: failed to stat "/mnt/user/backups/KILE-NAS1/sync/Downloads/Series/Psych/Season 08/Psych - S08E05 - COG Blocked.nfo": Structure needs cleaning (117)
rsync error: some files/attrs were not transferred (see previous errors) (code 23) at main.c(1189) [sender=3.1.3]
Rsync completed on Downloads at Tue May 26 13:03:54 CDT 2020 with code of 23
----------------------------------------------------------------
Rsync completed on Emulation at Tue May 26 13:04:06 CDT 2020 with code of 0
----------------------------------------------------------------
Rsync completed on Plex at Tue May 26 13:09:58 CDT 2020 with code of 0
----------------------------------------------------------------
Rsync completed on Projects at Tue May 26 13:10:01 CDT 2020 with code of 0
----------------------------------------------------------------
Rsync completed on Transfer at Tue May 26 13:10:02 CDT 2020 with code of 0
----------------------------------------------------------------
Rsync completed on Uploads at Tue May 26 13:10:02 CDT 2020 with code of 0
----------------------------------------------------------------
Rsync completed on YouTube at Tue May 26 13:10:02 CDT 2020 with code of 0
------------------------------done------------------------------
-----------------------------start------------------------------
Tue May 26 14:00:01 CDT 2020 kile-deb2 rsync backup
-----Creating incremental backup of /mnt/user/
to root@192.168.2.202:/mnt/user/backups/KILE-NAS1/2020-05-26.14
-----excluding the following folders:
appdata domains Archive Backups Cache Downloads Emulation Movies Plex Projects system Temporary Transfer Uploads YouTube
----------------------------------------------------------------
Rsync completed at Tue May 26 14:02:18 CDT 2020 with code of 0
du: cannot access '/mnt/disk*/Backups/KILE-NAS1/2020-05-26.13': No such file or directory
du: cannot access '/mnt/disk*/Backups/KILE-NAS1/current': No such file or directory
numfmt: invalid number: ‘’
Snapshot 2020-05-26.14 has total size of:

bash: line 0: [: missing `]'
----------------------------------------------------------------
-----Synchronizing the following folders
Archive Backups Downloads Emulation Plex Projects Transfer Uploads YouTube
-----from /mnt/user/ to root@192.168.2.202:/mnt/user/backups/KILE-NAS1/sync
----------------------------------------------------------------
Rsync completed on Archive at Tue May 26 14:03:06 CDT 2020 with code of 0
----------------------------------------------------------------
Rsync completed on Backups at Tue May 26 14:03:06 CDT 2020 with code of 0
----------------------------------------------------------------
IO error encountered -- skipping file deletion
rsync: readdir("/mnt/user/backups/KILE-NAS1/sync/Downloads/Series/Psych/Season 08"): Structure needs cleaning (117)
rsync: recv_generator: failed to stat "/mnt/user/backups/KILE-NAS1/sync/Downloads/Series/Psych/Season 08/Psych - S08E05 - COG Blocked.nfo": Structure needs cleaning (117)
rsync error: some files/attrs were not transferred (see previous errors) (code 23) at main.c(1189) [sender=3.1.3]
Rsync completed on Downloads at Tue May 26 14:05:17 CDT 2020 with code of 23
----------------------------------------------------------------
Rsync completed on Emulation at Tue May 26 14:05:30 CDT 2020 with code of 0
----------------------------------------------------------------
Rsync completed on Plex at Tue May 26 14:11:25 CDT 2020 with code of 0
----------------------------------------------------------------
Rsync completed on Projects at Tue May 26 14:11:28 CDT 2020 with code of 0
----------------------------------------------------------------
Rsync completed on Transfer at Tue May 26 14:11:29 CDT 2020 with code of 0
----------------------------------------------------------------
Rsync completed on Uploads at Tue May 26 14:11:29 CDT 2020 with code of 0
----------------------------------------------------------------
Rsync completed on YouTube at Tue May 26 14:11:29 CDT 2020 with code of 0
------------------------------done------------------------------
-----------------------------start------------------------------
Tue May 26 15:00:02 CDT 2020 kile-deb2 rsync backup
-----Creating incremental backup of /mnt/user/
to root@192.168.2.202:/mnt/user/backups/KILE-NAS1/2020-05-26.15
-----excluding the following folders:
appdata domains Archive Backups Cache Downloads Emulation Movies Plex Projects system Temporary Transfer Uploads YouTube
----------------------------------------------------------------
Rsync completed at Tue May 26 15:03:00 CDT 2020 with code of 0
du: cannot access '/mnt/disk*/Backups/KILE-NAS1/2020-05-26.14': No such file or directory
du: cannot access '/mnt/disk*/Backups/KILE-NAS1/current': No such file or directory
numfmt: invalid number: ‘’
Snapshot 2020-05-26.15 has total size of:

bash: line 0: [: missing `]'
----------------------------------------------------------------
-----Synchronizing the following folders
Archive Backups Downloads Emulation Plex Projects Transfer Uploads YouTube
-----from /mnt/user/ to root@192.168.2.202:/mnt/user/backups/KILE-NAS1/sync
----------------------------------------------------------------
Rsync completed on Archive at Tue May 26 15:04:23 CDT 2020 with code of 0
----------------------------------------------------------------
Rsync completed on Backups at Tue May 26 15:04:23 CDT 2020 with code of 0
----------------------------------------------------------------
IO error encountered -- skipping file deletion
rsync: readdir("/mnt/user/backups/KILE-NAS1/sync/Downloads/Series/Psych/Season 08"): Structure needs cleaning (117)
rsync: recv_generator: failed to stat "/mnt/user/backups/KILE-NAS1/sync/Downloads/Series/Psych/Season 08/Psych - S08E05 - COG Blocked.nfo": Structure needs cleaning (117)
rsync error: some files/attrs were not transferred (see previous errors) (code 23) at main.c(1189) [sender=3.1.3]
Rsync completed on Downloads at Tue May 26 15:04:33 CDT 2020 with code of 23
----------------------------------------------------------------
Rsync completed on Emulation at Tue May 26 15:04:45 CDT 2020 with code of 0
----------------------------------------------------------------
Rsync completed on Plex at Tue May 26 15:10:38 CDT 2020 with code of 0
----------------------------------------------------------------
Rsync completed on Projects at Tue May 26 15:10:42 CDT 2020 with code of 0
----------------------------------------------------------------
Rsync completed on Transfer at Tue May 26 15:10:42 CDT 2020 with code of 0
----------------------------------------------------------------
Rsync completed on Uploads at Tue May 26 15:10:42 CDT 2020 with code of 0
----------------------------------------------------------------
Rsync completed on YouTube at Tue May 26 15:10:43 CDT 2020 with code of 0
------------------------------done------------------------------
-----------------------------start------------------------------
Tue May 26 16:00:01 CDT 2020 kile-deb2 rsync backup
-----Creating incremental backup of /mnt/user/
to root@192.168.2.202:/mnt/user/backups/KILE-NAS1/2020-05-26.16
-----excluding the following folders:
appdata domains Archive Backups Cache Downloads Emulation Movies Plex Projects system Temporary Transfer Uploads YouTube
----------------------------------------------------------------
Rsync completed at Tue May 26 16:01:55 CDT 2020 with code of 0
du: cannot access '/mnt/disk*/Backups/KILE-NAS1/2020-05-26.15': No such file or directory
du: cannot access '/mnt/disk*/Backups/KILE-NAS1/current': No such file or directory
numfmt: invalid number: ‘’
Snapshot 2020-05-26.16 has total size of:

bash: line 0: [: missing `]'
----------------------------------------------------------------
-----Synchronizing the following folders
Archive Backups Downloads Emulation Plex Projects Transfer Uploads YouTube
-----from /mnt/user/ to root@192.168.2.202:/mnt/user/backups/KILE-NAS1/sync
----------------------------------------------------------------
Rsync completed on Archive at Tue May 26 16:02:42 CDT 2020 with code of 0
----------------------------------------------------------------
Rsync completed on Backups at Tue May 26 16:02:42 CDT 2020 with code of 0
----------------------------------------------------------------
IO error encountered -- skipping file deletion
rsync: readdir("/mnt/user/backups/KILE-NAS1/sync/Downloads/Series/Psych/Season 08"): Structure needs cleaning (117)
rsync: recv_generator: failed to stat "/mnt/user/backups/KILE-NAS1/sync/Downloads/Series/Psych/Season 08/Psych - S08E05 - COG Blocked.nfo": Structure needs cleaning (117)
rsync error: some files/attrs were not transferred (see previous errors) (code 23) at main.c(1189) [sender=3.1.3]
Rsync completed on Downloads at Tue May 26 16:03:10 CDT 2020 with code of 23
----------------------------------------------------------------
Rsync completed on Emulation at Tue May 26 16:03:22 CDT 2020 with code of 0
----------------------------------------------------------------
Rsync completed on Plex at Tue May 26 16:09:04 CDT 2020 with code of 0
----------------------------------------------------------------
Rsync completed on Projects at Tue May 26 16:09:07 CDT 2020 with code of 0
----------------------------------------------------------------
Rsync completed on Transfer at Tue May 26 16:09:07 CDT 2020 with code of 0
----------------------------------------------------------------
Rsync completed on Uploads at Tue May 26 16:09:08 CDT 2020 with code of 0
----------------------------------------------------------------
Rsync completed on YouTube at Tue May 26 16:09:08 CDT 2020 with code of 0
------------------------------done------------------------------
-----------------------------start------------------------------
Tue May 26 17:00:01 CDT 2020 kile-deb2 rsync backup
-----Creating incremental backup of /mnt/user/
to root@192.168.2.202:/mnt/user/backups/KILE-NAS1/2020-05-26.17
-----excluding the following folders:
appdata domains Archive Backups Cache Downloads Emulation Movies Plex Projects system Temporary Transfer Uploads YouTube
----------------------------------------------------------------
Rsync completed at Tue May 26 17:02:38 CDT 2020 with code of 0
du: cannot access '/mnt/disk*/Backups/KILE-NAS1/2020-05-26.16': No such file or directory
du: cannot access '/mnt/disk*/Backups/KILE-NAS1/current': No such file or directory
numfmt: invalid number: ‘’
Snapshot 2020-05-26.17 has total size of:

bash: line 0: [: missing `]'
----------------------------------------------------------------
-----Synchronizing the following folders
Archive Backups Downloads Emulation Plex Projects Transfer Uploads YouTube
-----from /mnt/user/ to root@192.168.2.202:/mnt/user/backups/KILE-NAS1/sync
----------------------------------------------------------------
Rsync completed on Archive at Tue May 26 17:03:26 CDT 2020 with code of 0
----------------------------------------------------------------
Rsync completed on Backups at Tue May 26 17:03:26 CDT 2020 with code of 0
----------------------------------------------------------------
IO error encountered -- skipping file deletion
rsync: readdir("/mnt/user/backups/KILE-NAS1/sync/Downloads/Series/Psych/Season 08"): Structure needs cleaning (117)
rsync: recv_generator: failed to stat "/mnt/user/backups/KILE-NAS1/sync/Downloads/Series/Psych/Season 08/Psych - S08E05 - COG Blocked.nfo": Structure needs cleaning (117)
rsync error: some files/attrs were not transferred (see previous errors) (code 23) at main.c(1189) [sender=3.1.3]
Rsync completed on Downloads at Tue May 26 17:03:35 CDT 2020 with code of 23
----------------------------------------------------------------
Rsync completed on Emulation at Tue May 26 17:03:46 CDT 2020 with code of 0
----------------------------------------------------------------
Rsync completed on Plex at Tue May 26 17:09:32 CDT 2020 with code of 0
----------------------------------------------------------------
Rsync completed on Projects at Tue May 26 17:09:35 CDT 2020 with code of 0
----------------------------------------------------------------
Rsync completed on Transfer at Tue May 26 17:09:36 CDT 2020 with code of 0
----------------------------------------------------------------
Rsync completed on Uploads at Tue May 26 17:09:36 CDT 2020 with code of 0
----------------------------------------------------------------
Rsync completed on YouTube at Tue May 26 17:09:36 CDT 2020 with code of 0
------------------------------done------------------------------
-----------------------------start------------------------------
Tue May 26 18:00:01 CDT 2020 kile-deb2 rsync backup
-----Creating incremental backup of /mnt/user/
to root@192.168.2.202:/mnt/user/backups/KILE-NAS1/2020-05-26.18
-----excluding the following folders:
appdata domains Archive Backups Cache Downloads Emulation Movies Plex Projects system Temporary Transfer Uploads YouTube
----------------------------------------------------------------
Rsync completed at Tue May 26 18:02:09 CDT 2020 with code of 0
du: cannot access '/mnt/disk*/Backups/KILE-NAS1/2020-05-26.17': No such file or directory
du: cannot access '/mnt/disk*/Backups/KILE-NAS1/current': No such file or directory
numfmt: invalid number: ‘’
Snapshot 2020-05-26.18 has total size of:

bash: line 0: [: missing `]'
----------------------------------------------------------------
-----Synchronizing the following folders
Archive Backups Downloads Emulation Plex Projects Transfer Uploads YouTube
-----from /mnt/user/ to root@192.168.2.202:/mnt/user/backups/KILE-NAS1/sync
----------------------------------------------------------------
Rsync completed on Archive at Tue May 26 18:02:57 CDT 2020 with code of 0
----------------------------------------------------------------
Rsync completed on Backups at Tue May 26 18:02:57 CDT 2020 with code of 0
----------------------------------------------------------------
IO error encountered -- skipping file deletion
rsync: readdir("/mnt/user/backups/KILE-NAS1/sync/Downloads/Series/Psych/Season 08"): Structure needs cleaning (117)
rsync: recv_generator: failed to stat "/mnt/user/backups/KILE-NAS1/sync/Downloads/Series/Psych/Season 08/Psych - S08E05 - COG Blocked.nfo": Structure needs cleaning (117)
rsync error: some files/attrs were not transferred (see previous errors) (code 23) at main.c(1189) [sender=3.1.3]
Rsync completed on Downloads at Tue May 26 18:03:01 CDT 2020 with code of 23
----------------------------------------------------------------
Rsync completed on Emulation at Tue May 26 18:03:12 CDT 2020 with code of 0
----------------------------------------------------------------
Rsync completed on Plex at Tue May 26 18:08:57 CDT 2020 with code of 0
----------------------------------------------------------------
Rsync completed on Projects at Tue May 26 18:09:00 CDT 2020 with code of 0
----------------------------------------------------------------
Rsync completed on Transfer at Tue May 26 18:09:00 CDT 2020 with code of 0
----------------------------------------------------------------
Rsync completed on Uploads at Tue May 26 18:09:01 CDT 2020 with code of 0
----------------------------------------------------------------
Rsync completed on YouTube at Tue May 26 18:09:01 CDT 2020 with code of 0
------------------------------done------------------------------
-----------------------------start------------------------------
Tue May 26 19:00:01 CDT 2020 kile-deb2 rsync backup
-----Creating incremental backup of /mnt/user/
to root@192.168.2.202:/mnt/user/backups/KILE-NAS1/2020-05-26.19
-----excluding the following folders:
appdata domains Archive Backups Cache Downloads Emulation Movies Plex Projects system Temporary Transfer Uploads YouTube
----------------------------------------------------------------
Rsync completed at Tue May 26 19:02:30 CDT 2020 with code of 0
du: cannot access '/mnt/disk*/Backups/KILE-NAS1/2020-05-26.18': No such file or directory
du: cannot access '/mnt/disk*/Backups/KILE-NAS1/current': No such file or directory
numfmt: invalid number: ‘’
Snapshot 2020-05-26.19 has total size of:

bash: line 0: [: missing `]'
----------------------------------------------------------------
-----Synchronizing the following folders
Archive Backups Downloads Emulation Plex Projects Transfer Uploads YouTube
-----from /mnt/user/ to root@192.168.2.202:/mnt/user/backups/KILE-NAS1/sync
----------------------------------------------------------------
Rsync completed on Archive at Tue May 26 19:03:17 CDT 2020 with code of 0
----------------------------------------------------------------
Rsync completed on Backups at Tue May 26 19:03:17 CDT 2020 with code of 0
----------------------------------------------------------------
IO error encountered -- skipping file deletion
rsync: readdir("/mnt/user/backups/KILE-NAS1/sync/Downloads/Series/Psych/Season 08"): Structure needs cleaning (117)
rsync: recv_generator: failed to stat "/mnt/user/backups/KILE-NAS1/sync/Downloads/Series/Psych/Season 08/Psych - S08E05 - COG Blocked.nfo": Structure needs cleaning (117)
rsync error: some files/attrs were not transferred (see previous errors) (code 23) at main.c(1189) [sender=3.1.3]
Rsync completed on Downloads at Tue May 26 19:03:19 CDT 2020 with code of 23
----------------------------------------------------------------
Rsync completed on Emulation at Tue May 26 19:03:31 CDT 2020 with code of 0
----------------------------------------------------------------
Rsync completed on Plex at Tue May 26 19:09:23 CDT 2020 with code of 0
----------------------------------------------------------------
Rsync completed on Projects at Tue May 26 19:09:26 CDT 2020 with code of 0
----------------------------------------------------------------
Rsync completed on Transfer at Tue May 26 19:09:27 CDT 2020 with code of 0
----------------------------------------------------------------
Rsync completed on Uploads at Tue May 26 19:09:27 CDT 2020 with code of 0
----------------------------------------------------------------
Rsync completed on YouTube at Tue May 26 19:09:27 CDT 2020 with code of 0
------------------------------done------------------------------
-----------------------------start------------------------------
Tue May 26 23:00:01 CDT 2020 kile-deb2 rsync backup
-----Creating incremental backup of /mnt/user/
to root@192.168.2.202:/mnt/user/backups/KILE-NAS1/2020-05-26.23
-----excluding the following folders:
appdata domains Archive Backups Cache Downloads Emulation Movies Plex Projects system Temporary Transfer Uploads YouTube
----------------------------------------------------------------
Rsync completed at Tue May 26 23:02:52 CDT 2020 with code of 0
du: cannot access '/mnt/disk*/Backups/KILE-NAS1/2020-05-26.19': No such file or directory
du: cannot access '/mnt/disk*/Backups/KILE-NAS1/current': No such file or directory
numfmt: invalid number: ‘’
Snapshot 2020-05-26.23 has total size of:

bash: line 0: [: missing `]'
----------------------------------------------------------------
-----Synchronizing the following folders
Archive Backups Downloads Emulation Plex Projects Transfer Uploads YouTube
-----from /mnt/user/ to root@192.168.2.202:/mnt/user/backups/KILE-NAS1/sync
----------------------------------------------------------------
Rsync completed on Archive at Tue May 26 23:03:41 CDT 2020 with code of 0
----------------------------------------------------------------
Rsync completed on Backups at Tue May 26 23:03:41 CDT 2020 with code of 0
----------------------------------------------------------------
IO error encountered -- skipping file deletion
rsync: readdir("/mnt/user/backups/KILE-NAS1/sync/Downloads/Series/Psych/Season 08"): Structure needs cleaning (117)
rsync: recv_generator: failed to stat "/mnt/user/backups/KILE-NAS1/sync/Downloads/Series/Psych/Season 08/Psych - S08E05 - COG Blocked.nfo": Structure needs cleaning (117)
rsync error: some files/attrs were not transferred (see previous errors) (code 23) at main.c(1189) [sender=3.1.3]
Rsync completed on Downloads at Tue May 26 23:03:53 CDT 2020 with code of 23
----------------------------------------------------------------
Rsync completed on Emulation at Tue May 26 23:04:04 CDT 2020 with code of 0
----------------------------------------------------------------
Rsync completed on Plex at Tue May 26 23:10:02 CDT 2020 with code of 0
----------------------------------------------------------------
Rsync completed on Projects at Tue May 26 23:10:04 CDT 2020 with code of 0
----------------------------------------------------------------
Rsync completed on Transfer at Tue May 26 23:10:05 CDT 2020 with code of 0
----------------------------------------------------------------
Rsync completed on Uploads at Tue May 26 23:10:05 CDT 2020 with code of 0
----------------------------------------------------------------
Rsync completed on YouTube at Tue May 26 23:10:05 CDT 2020 with code of 0
------------------------------done------------------------------
