-----------------------------start------------------------------
Mon May 11 00:00:02 CDT 2020 kile-deb2 rsync cleanup
----------------------------------------------------------------
Beginning rsync hourly cleanup at Mon May 11 00:00:02 CDT 2020
90
Checking for /mnt/user/Backups/KILE-NAS1/2020-02-10
89
Checking for /mnt/user/Backups/KILE-NAS1/2020-02-11
88
Checking for /mnt/user/Backups/KILE-NAS1/2020-02-12
87
Checking for /mnt/user/Backups/KILE-NAS1/2020-02-13
86
Checking for /mnt/user/Backups/KILE-NAS1/2020-02-14
85
Checking for /mnt/user/Backups/KILE-NAS1/2020-02-15
84
Checking for /mnt/user/Backups/KILE-NAS1/2020-02-16
83
Checking for /mnt/user/Backups/KILE-NAS1/2020-02-17
82
Checking for /mnt/user/Backups/KILE-NAS1/2020-02-18
81
Checking for /mnt/user/Backups/KILE-NAS1/2020-02-19
80
Checking for /mnt/user/Backups/KILE-NAS1/2020-02-20
79
Checking for /mnt/user/Backups/KILE-NAS1/2020-02-21
78
Checking for /mnt/user/Backups/KILE-NAS1/2020-02-22
77
Checking for /mnt/user/Backups/KILE-NAS1/2020-02-23
76
Checking for /mnt/user/Backups/KILE-NAS1/2020-02-24
75
Checking for /mnt/user/Backups/KILE-NAS1/2020-02-25
74
Checking for /mnt/user/Backups/KILE-NAS1/2020-02-26
73
Checking for /mnt/user/Backups/KILE-NAS1/2020-02-27
72
Checking for /mnt/user/Backups/KILE-NAS1/2020-02-28
71
Checking for /mnt/user/Backups/KILE-NAS1/2020-02-29
70
Checking for /mnt/user/Backups/KILE-NAS1/2020-03-01
69
Checking for /mnt/user/Backups/KILE-NAS1/2020-03-02
68
Checking for /mnt/user/Backups/KILE-NAS1/2020-03-03
67
Checking for /mnt/user/Backups/KILE-NAS1/2020-03-04
66
Checking for /mnt/user/Backups/KILE-NAS1/2020-03-05
65
Checking for /mnt/user/Backups/KILE-NAS1/2020-03-06
64
Checking for /mnt/user/Backups/KILE-NAS1/2020-03-07
63
Checking for /mnt/user/Backups/KILE-NAS1/2020-03-09
62
Checking for /mnt/user/Backups/KILE-NAS1/2020-03-10
61
Checking for /mnt/user/Backups/KILE-NAS1/2020-03-11
60
Checking for /mnt/user/Backups/KILE-NAS1/2020-03-12
59
Checking for /mnt/user/Backups/KILE-NAS1/2020-03-13
58
Checking for /mnt/user/Backups/KILE-NAS1/2020-03-14
57
Checking for /mnt/user/Backups/KILE-NAS1/2020-03-15
56
Checking for /mnt/user/Backups/KILE-NAS1/2020-03-16
55
Checking for /mnt/user/Backups/KILE-NAS1/2020-03-17
54
Checking for /mnt/user/Backups/KILE-NAS1/2020-03-18
53
Checking for /mnt/user/Backups/KILE-NAS1/2020-03-19
52
Checking for /mnt/user/Backups/KILE-NAS1/2020-03-20
51
Checking for /mnt/user/Backups/KILE-NAS1/2020-03-21
50
Checking for /mnt/user/Backups/KILE-NAS1/2020-03-22
49
Checking for /mnt/user/Backups/KILE-NAS1/2020-03-23
48
Checking for /mnt/user/Backups/KILE-NAS1/2020-03-24
47
Checking for /mnt/user/Backups/KILE-NAS1/2020-03-25
46
Checking for /mnt/user/Backups/KILE-NAS1/2020-03-26
45
Checking for /mnt/user/Backups/KILE-NAS1/2020-03-27
44
Checking for /mnt/user/Backups/KILE-NAS1/2020-03-28
43
Checking for /mnt/user/Backups/KILE-NAS1/2020-03-29
42
Checking for /mnt/user/Backups/KILE-NAS1/2020-03-30
41
Checking for /mnt/user/Backups/KILE-NAS1/2020-03-31
40
Checking for /mnt/user/Backups/KILE-NAS1/2020-04-01
39
Checking for /mnt/user/Backups/KILE-NAS1/2020-04-02
38
Checking for /mnt/user/Backups/KILE-NAS1/2020-04-03
37
Checking for /mnt/user/Backups/KILE-NAS1/2020-04-04
36
Checking for /mnt/user/Backups/KILE-NAS1/2020-04-05
35
Checking for /mnt/user/Backups/KILE-NAS1/2020-04-06
34
Checking for /mnt/user/Backups/KILE-NAS1/2020-04-07
33
Checking for /mnt/user/Backups/KILE-NAS1/2020-04-08
32
Checking for /mnt/user/Backups/KILE-NAS1/2020-04-09
31
Checking for /mnt/user/Backups/KILE-NAS1/2020-04-10
30
Checking for /mnt/user/Backups/KILE-NAS1/2020-04-11
29
Checking for /mnt/user/Backups/KILE-NAS1/2020-04-12
28
Checking for /mnt/user/Backups/KILE-NAS1/2020-04-13
27
Checking for /mnt/user/Backups/KILE-NAS1/2020-04-14
26
Checking for /mnt/user/Backups/KILE-NAS1/2020-04-15
25
Checking for /mnt/user/Backups/KILE-NAS1/2020-04-16
24
Checking for /mnt/user/Backups/KILE-NAS1/2020-04-17
23
Checking for /mnt/user/Backups/KILE-NAS1/2020-04-18
22
Checking for /mnt/user/Backups/KILE-NAS1/2020-04-19
21
Checking for /mnt/user/Backups/KILE-NAS1/2020-04-20
20
Checking for /mnt/user/Backups/KILE-NAS1/2020-04-21
19
Checking for /mnt/user/Backups/KILE-NAS1/2020-04-22
18
Checking for /mnt/user/Backups/KILE-NAS1/2020-04-23
17
Checking for /mnt/user/Backups/KILE-NAS1/2020-04-24
16
Checking for /mnt/user/Backups/KILE-NAS1/2020-04-25
15
Checking for /mnt/user/Backups/KILE-NAS1/2020-04-26
14
Checking for /mnt/user/Backups/KILE-NAS1/2020-04-27
13
Checking for /mnt/user/Backups/KILE-NAS1/2020-04-28
12
Checking for /mnt/user/Backups/KILE-NAS1/2020-04-29
11
Checking for /mnt/user/Backups/KILE-NAS1/2020-04-30
10
Checking for /mnt/user/Backups/KILE-NAS1/2020-05-01
9
Checking for /mnt/user/Backups/KILE-NAS1/2020-05-02
8
Checking for /mnt/user/Backups/KILE-NAS1/2020-05-03
7
Checking for /mnt/user/Backups/KILE-NAS1/2020-05-04
6
Checking for /mnt/user/Backups/KILE-NAS1/2020-05-05
5
Checking for /mnt/user/Backups/KILE-NAS1/2020-05-06
4
Checking for /mnt/user/Backups/KILE-NAS1/2020-05-07
3
Checking for /mnt/user/Backups/KILE-NAS1/2020-05-08
----------------------------------------------------------------
Beginning rsync daily cleanup at Mon May 11 00:00:18 CDT 2020
----------------------------------------------------------------
Beginning rsync monthly cleanup at Mon May 11 00:01:07 CDT 2020
------------------------------done------------------------------
