-----------------------------start------------------------------
Fri May 29 00:00:02 CDT 2020 kile-deb2 rsync cleanup
----------------------------------------------------------------
Beginning rsync hourly cleanup at Fri May 29 00:00:02 CDT 2020
90
Checking for /mnt/user/Backups/KILE-NAS1/2020-02-28
89
Checking for /mnt/user/Backups/KILE-NAS1/2020-02-29
88
Checking for /mnt/user/Backups/KILE-NAS1/2020-03-01
87
Checking for /mnt/user/Backups/KILE-NAS1/2020-03-02
86
Checking for /mnt/user/Backups/KILE-NAS1/2020-03-03
85
Checking for /mnt/user/Backups/KILE-NAS1/2020-03-04
84
Checking for /mnt/user/Backups/KILE-NAS1/2020-03-05
83
Checking for /mnt/user/Backups/KILE-NAS1/2020-03-06
82
Checking for /mnt/user/Backups/KILE-NAS1/2020-03-07
81
Checking for /mnt/user/Backups/KILE-NAS1/2020-03-09
80
Checking for /mnt/user/Backups/KILE-NAS1/2020-03-10
79
Checking for /mnt/user/Backups/KILE-NAS1/2020-03-11
78
Checking for /mnt/user/Backups/KILE-NAS1/2020-03-12
77
Checking for /mnt/user/Backups/KILE-NAS1/2020-03-13
76
Checking for /mnt/user/Backups/KILE-NAS1/2020-03-14
75
Checking for /mnt/user/Backups/KILE-NAS1/2020-03-15
74
Checking for /mnt/user/Backups/KILE-NAS1/2020-03-16
73
Checking for /mnt/user/Backups/KILE-NAS1/2020-03-17
72
Checking for /mnt/user/Backups/KILE-NAS1/2020-03-18
71
Checking for /mnt/user/Backups/KILE-NAS1/2020-03-19
70
Checking for /mnt/user/Backups/KILE-NAS1/2020-03-20
69
Checking for /mnt/user/Backups/KILE-NAS1/2020-03-21
68
Checking for /mnt/user/Backups/KILE-NAS1/2020-03-22
67
Checking for /mnt/user/Backups/KILE-NAS1/2020-03-23
66
Checking for /mnt/user/Backups/KILE-NAS1/2020-03-24
65
Checking for /mnt/user/Backups/KILE-NAS1/2020-03-25
64
Checking for /mnt/user/Backups/KILE-NAS1/2020-03-26
63
Checking for /mnt/user/Backups/KILE-NAS1/2020-03-27
62
Checking for /mnt/user/Backups/KILE-NAS1/2020-03-28
61
Checking for /mnt/user/Backups/KILE-NAS1/2020-03-29
60
Checking for /mnt/user/Backups/KILE-NAS1/2020-03-30
59
Checking for /mnt/user/Backups/KILE-NAS1/2020-03-31
58
Checking for /mnt/user/Backups/KILE-NAS1/2020-04-01
57
Checking for /mnt/user/Backups/KILE-NAS1/2020-04-02
56
Checking for /mnt/user/Backups/KILE-NAS1/2020-04-03
55
Checking for /mnt/user/Backups/KILE-NAS1/2020-04-04
54
Checking for /mnt/user/Backups/KILE-NAS1/2020-04-05
53
Checking for /mnt/user/Backups/KILE-NAS1/2020-04-06
52
Checking for /mnt/user/Backups/KILE-NAS1/2020-04-07
51
Checking for /mnt/user/Backups/KILE-NAS1/2020-04-08
50
Checking for /mnt/user/Backups/KILE-NAS1/2020-04-09
49
Checking for /mnt/user/Backups/KILE-NAS1/2020-04-10
48
Checking for /mnt/user/Backups/KILE-NAS1/2020-04-11
47
Checking for /mnt/user/Backups/KILE-NAS1/2020-04-12
46
Checking for /mnt/user/Backups/KILE-NAS1/2020-04-13
45
Checking for /mnt/user/Backups/KILE-NAS1/2020-04-14
44
Checking for /mnt/user/Backups/KILE-NAS1/2020-04-15
43
Checking for /mnt/user/Backups/KILE-NAS1/2020-04-16
42
Checking for /mnt/user/Backups/KILE-NAS1/2020-04-17
41
Checking for /mnt/user/Backups/KILE-NAS1/2020-04-18
40
Checking for /mnt/user/Backups/KILE-NAS1/2020-04-19
39
Checking for /mnt/user/Backups/KILE-NAS1/2020-04-20
38
Checking for /mnt/user/Backups/KILE-NAS1/2020-04-21
37
Checking for /mnt/user/Backups/KILE-NAS1/2020-04-22
36
Checking for /mnt/user/Backups/KILE-NAS1/2020-04-23
35
Checking for /mnt/user/Backups/KILE-NAS1/2020-04-24
34
Checking for /mnt/user/Backups/KILE-NAS1/2020-04-25
33
Checking for /mnt/user/Backups/KILE-NAS1/2020-04-26
32
Checking for /mnt/user/Backups/KILE-NAS1/2020-04-27
31
Checking for /mnt/user/Backups/KILE-NAS1/2020-04-28
30
Checking for /mnt/user/Backups/KILE-NAS1/2020-04-29
29
Checking for /mnt/user/Backups/KILE-NAS1/2020-04-30
28
Checking for /mnt/user/Backups/KILE-NAS1/2020-05-01
27
Checking for /mnt/user/Backups/KILE-NAS1/2020-05-02
26
Checking for /mnt/user/Backups/KILE-NAS1/2020-05-03
25
Checking for /mnt/user/Backups/KILE-NAS1/2020-05-04
24
Checking for /mnt/user/Backups/KILE-NAS1/2020-05-05
23
Checking for /mnt/user/Backups/KILE-NAS1/2020-05-06
22
Checking for /mnt/user/Backups/KILE-NAS1/2020-05-07
21
Checking for /mnt/user/Backups/KILE-NAS1/2020-05-08
20
Checking for /mnt/user/Backups/KILE-NAS1/2020-05-09
19
Checking for /mnt/user/Backups/KILE-NAS1/2020-05-10
18
Checking for /mnt/user/Backups/KILE-NAS1/2020-05-11
17
Checking for /mnt/user/Backups/KILE-NAS1/2020-05-12
16
Checking for /mnt/user/Backups/KILE-NAS1/2020-05-13
15
Checking for /mnt/user/Backups/KILE-NAS1/2020-05-14
14
Checking for /mnt/user/Backups/KILE-NAS1/2020-05-15
13
Checking for /mnt/user/Backups/KILE-NAS1/2020-05-16
12
Checking for /mnt/user/Backups/KILE-NAS1/2020-05-17
11
Checking for /mnt/user/Backups/KILE-NAS1/2020-05-18
10
Checking for /mnt/user/Backups/KILE-NAS1/2020-05-19
9
Checking for /mnt/user/Backups/KILE-NAS1/2020-05-20
8
Checking for /mnt/user/Backups/KILE-NAS1/2020-05-21
7
Checking for /mnt/user/Backups/KILE-NAS1/2020-05-22
6
Checking for /mnt/user/Backups/KILE-NAS1/2020-05-23
5
Checking for /mnt/user/Backups/KILE-NAS1/2020-05-24
4
Checking for /mnt/user/Backups/KILE-NAS1/2020-05-25
3
Checking for /mnt/user/Backups/KILE-NAS1/2020-05-26
----------------------------------------------------------------
Beginning rsync daily cleanup at Fri May 29 00:00:17 CDT 2020
----------------------------------------------------------------
Beginning rsync monthly cleanup at Fri May 29 00:01:04 CDT 2020
------------------------------done------------------------------
