-----------------------------start------------------------------
Mon Jun  1 00:00:02 CDT 2020 kile-deb2 rsync cleanup
----------------------------------------------------------------
Beginning rsync hourly cleanup at Mon Jun  1 00:00:02 CDT 2020
90
Checking for /mnt/user/Backups/KILE-NAS1/2020-03-02
89
Checking for /mnt/user/Backups/KILE-NAS1/2020-03-03
88
Checking for /mnt/user/Backups/KILE-NAS1/2020-03-04
87
Checking for /mnt/user/Backups/KILE-NAS1/2020-03-05
86
Checking for /mnt/user/Backups/KILE-NAS1/2020-03-06
85
Checking for /mnt/user/Backups/KILE-NAS1/2020-03-07
84
Checking for /mnt/user/Backups/KILE-NAS1/2020-03-09
83
Checking for /mnt/user/Backups/KILE-NAS1/2020-03-10
82
Checking for /mnt/user/Backups/KILE-NAS1/2020-03-11
81
Checking for /mnt/user/Backups/KILE-NAS1/2020-03-12
80
Checking for /mnt/user/Backups/KILE-NAS1/2020-03-13
79
Checking for /mnt/user/Backups/KILE-NAS1/2020-03-14
78
Checking for /mnt/user/Backups/KILE-NAS1/2020-03-15
77
Checking for /mnt/user/Backups/KILE-NAS1/2020-03-16
76
Checking for /mnt/user/Backups/KILE-NAS1/2020-03-17
75
Checking for /mnt/user/Backups/KILE-NAS1/2020-03-18
74
Checking for /mnt/user/Backups/KILE-NAS1/2020-03-19
73
Checking for /mnt/user/Backups/KILE-NAS1/2020-03-20
72
Checking for /mnt/user/Backups/KILE-NAS1/2020-03-21
71
Checking for /mnt/user/Backups/KILE-NAS1/2020-03-22
70
Checking for /mnt/user/Backups/KILE-NAS1/2020-03-23
69
Checking for /mnt/user/Backups/KILE-NAS1/2020-03-24
68
Checking for /mnt/user/Backups/KILE-NAS1/2020-03-25
67
Checking for /mnt/user/Backups/KILE-NAS1/2020-03-26
66
Checking for /mnt/user/Backups/KILE-NAS1/2020-03-27
65
Checking for /mnt/user/Backups/KILE-NAS1/2020-03-28
64
Checking for /mnt/user/Backups/KILE-NAS1/2020-03-29
63
Checking for /mnt/user/Backups/KILE-NAS1/2020-03-30
62
Checking for /mnt/user/Backups/KILE-NAS1/2020-03-31
61
Checking for /mnt/user/Backups/KILE-NAS1/2020-04-01
60
Checking for /mnt/user/Backups/KILE-NAS1/2020-04-02
59
Checking for /mnt/user/Backups/KILE-NAS1/2020-04-03
58
Checking for /mnt/user/Backups/KILE-NAS1/2020-04-04
57
Checking for /mnt/user/Backups/KILE-NAS1/2020-04-05
56
Checking for /mnt/user/Backups/KILE-NAS1/2020-04-06
55
Checking for /mnt/user/Backups/KILE-NAS1/2020-04-07
54
Checking for /mnt/user/Backups/KILE-NAS1/2020-04-08
53
Checking for /mnt/user/Backups/KILE-NAS1/2020-04-09
52
Checking for /mnt/user/Backups/KILE-NAS1/2020-04-10
51
Checking for /mnt/user/Backups/KILE-NAS1/2020-04-11
50
Checking for /mnt/user/Backups/KILE-NAS1/2020-04-12
49
Checking for /mnt/user/Backups/KILE-NAS1/2020-04-13
48
Checking for /mnt/user/Backups/KILE-NAS1/2020-04-14
47
Checking for /mnt/user/Backups/KILE-NAS1/2020-04-15
46
Checking for /mnt/user/Backups/KILE-NAS1/2020-04-16
45
Checking for /mnt/user/Backups/KILE-NAS1/2020-04-17
44
Checking for /mnt/user/Backups/KILE-NAS1/2020-04-18
43
Checking for /mnt/user/Backups/KILE-NAS1/2020-04-19
42
Checking for /mnt/user/Backups/KILE-NAS1/2020-04-20
41
Checking for /mnt/user/Backups/KILE-NAS1/2020-04-21
40
Checking for /mnt/user/Backups/KILE-NAS1/2020-04-22
39
Checking for /mnt/user/Backups/KILE-NAS1/2020-04-23
38
Checking for /mnt/user/Backups/KILE-NAS1/2020-04-24
37
Checking for /mnt/user/Backups/KILE-NAS1/2020-04-25
36
Checking for /mnt/user/Backups/KILE-NAS1/2020-04-26
35
Checking for /mnt/user/Backups/KILE-NAS1/2020-04-27
34
Checking for /mnt/user/Backups/KILE-NAS1/2020-04-28
33
Checking for /mnt/user/Backups/KILE-NAS1/2020-04-29
32
Checking for /mnt/user/Backups/KILE-NAS1/2020-04-30
31
Checking for /mnt/user/Backups/KILE-NAS1/2020-05-01
30
Checking for /mnt/user/Backups/KILE-NAS1/2020-05-02
29
Checking for /mnt/user/Backups/KILE-NAS1/2020-05-03
28
Checking for /mnt/user/Backups/KILE-NAS1/2020-05-04
27
Checking for /mnt/user/Backups/KILE-NAS1/2020-05-05
26
Checking for /mnt/user/Backups/KILE-NAS1/2020-05-06
25
Checking for /mnt/user/Backups/KILE-NAS1/2020-05-07
24
Checking for /mnt/user/Backups/KILE-NAS1/2020-05-08
23
Checking for /mnt/user/Backups/KILE-NAS1/2020-05-09
22
Checking for /mnt/user/Backups/KILE-NAS1/2020-05-10
21
Checking for /mnt/user/Backups/KILE-NAS1/2020-05-11
20
Checking for /mnt/user/Backups/KILE-NAS1/2020-05-12
19
Checking for /mnt/user/Backups/KILE-NAS1/2020-05-13
18
Checking for /mnt/user/Backups/KILE-NAS1/2020-05-14
17
Checking for /mnt/user/Backups/KILE-NAS1/2020-05-15
16
Checking for /mnt/user/Backups/KILE-NAS1/2020-05-16
15
Checking for /mnt/user/Backups/KILE-NAS1/2020-05-17
14
Checking for /mnt/user/Backups/KILE-NAS1/2020-05-18
13
Checking for /mnt/user/Backups/KILE-NAS1/2020-05-19
12
Checking for /mnt/user/Backups/KILE-NAS1/2020-05-20
11
Checking for /mnt/user/Backups/KILE-NAS1/2020-05-21
10
Checking for /mnt/user/Backups/KILE-NAS1/2020-05-22
9
Checking for /mnt/user/Backups/KILE-NAS1/2020-05-23
8
Checking for /mnt/user/Backups/KILE-NAS1/2020-05-24
7
Checking for /mnt/user/Backups/KILE-NAS1/2020-05-25
6
Checking for /mnt/user/Backups/KILE-NAS1/2020-05-26
5
Checking for /mnt/user/Backups/KILE-NAS1/2020-05-27
4
Checking for /mnt/user/Backups/KILE-NAS1/2020-05-28
3
Checking for /mnt/user/Backups/KILE-NAS1/2020-05-29
----------------------------------------------------------------
Beginning rsync daily cleanup at Mon Jun  1 00:00:18 CDT 2020
----------------------------------------------------------------
Beginning rsync monthly cleanup at Mon Jun  1 00:01:04 CDT 2020
------------------------------done------------------------------
