-----------------------------start------------------------------
Sun May 17 02:00:10 CDT 2020 kile-deb2 rsync backup
-----Creating incremental backup of /mnt/user/
to root@192.168.2.202:/mnt/user/backups/KILE-NAS1/2020-05-17.02
-----excluding the following folders:
appdata domains Archive Backups Cache Downloads Emulation Movies Plex Projects system Temporary Transfer Uploads YouTube
----------------------------------------------------------------
Rsync completed at Sun May 17 02:03:14 CDT 2020 with code of 0
du: cannot access '/mnt/disk*/Backups/KILE-NAS1/2020-05-16.23': No such file or directory
du: cannot access '/mnt/disk*/Backups/KILE-NAS1/current': No such file or directory
numfmt: invalid number: ‘’
Snapshot 2020-05-17.02 has total size of:

bash: line 0: [: missing `]'
----------------------------------------------------------------
-----Synchronizing the following folders
Archive Backups Downloads Emulation Plex Projects Transfer Uploads YouTube
-----from /mnt/user/ to root@192.168.2.202:/mnt/user/backups/KILE-NAS1/sync
----------------------------------------------------------------
Rsync completed on Archive at Sun May 17 02:04:26 CDT 2020 with code of 0
----------------------------------------------------------------
Rsync completed on Backups at Sun May 17 02:33:21 CDT 2020 with code of 0
----------------------------------------------------------------
IO error encountered -- skipping file deletion
rsync: readdir("/mnt/user/backups/KILE-NAS1/sync/Downloads/Series/Psych/Season 08"): Structure needs cleaning (117)
rsync: recv_generator: failed to stat "/mnt/user/backups/KILE-NAS1/sync/Downloads/Series/Psych/Season 08/Psych - S08E05 - COG Blocked.nfo": Structure needs cleaning (117)
rsync error: some files/attrs were not transferred (see previous errors) (code 23) at main.c(1189) [sender=3.1.3]
Rsync completed on Downloads at Sun May 17 02:37:00 CDT 2020 with code of 23
----------------------------------------------------------------
Rsync completed on Emulation at Sun May 17 02:37:15 CDT 2020 with code of 0
----------------------------------------------------------------
Rsync completed on Plex at Sun May 17 02:48:10 CDT 2020 with code of 0
----------------------------------------------------------------
Rsync completed on Projects at Sun May 17 02:48:36 CDT 2020 with code of 0
----------------------------------------------------------------
Rsync completed on Transfer at Sun May 17 02:48:37 CDT 2020 with code of 0
----------------------------------------------------------------
Rsync completed on Uploads at Sun May 17 02:48:39 CDT 2020 with code of 0
----------------------------------------------------------------
Rsync completed on YouTube at Sun May 17 02:48:43 CDT 2020 with code of 0
------------------------------done------------------------------
-----------------------------start------------------------------
Sun May 17 07:00:03 CDT 2020 kile-deb2 rsync backup
-----Creating incremental backup of /mnt/user/
to root@192.168.2.202:/mnt/user/backups/KILE-NAS1/2020-05-17.07
-----excluding the following folders:
appdata domains Archive Backups Cache Downloads Emulation Movies Plex Projects system Temporary Transfer Uploads YouTube
----------------------------------------------------------------
Rsync completed at Sun May 17 07:05:05 CDT 2020 with code of 0
du: cannot access '/mnt/disk*/Backups/KILE-NAS1/2020-05-17.02': No such file or directory
du: cannot access '/mnt/disk*/Backups/KILE-NAS1/current': No such file or directory
numfmt: invalid number: ‘’
Snapshot 2020-05-17.07 has total size of:

bash: line 0: [: missing `]'
----------------------------------------------------------------
-----Synchronizing the following folders
Archive Backups Downloads Emulation Plex Projects Transfer Uploads YouTube
-----from /mnt/user/ to root@192.168.2.202:/mnt/user/backups/KILE-NAS1/sync
----------------------------------------------------------------
Rsync completed on Archive at Sun May 17 07:06:49 CDT 2020 with code of 0
----------------------------------------------------------------
Rsync completed on Backups at Sun May 17 07:06:50 CDT 2020 with code of 0
----------------------------------------------------------------
IO error encountered -- skipping file deletion
rsync: readdir("/mnt/user/backups/KILE-NAS1/sync/Downloads/Series/Psych/Season 08"): Structure needs cleaning (117)
rsync: recv_generator: failed to stat "/mnt/user/backups/KILE-NAS1/sync/Downloads/Series/Psych/Season 08/Psych - S08E05 - COG Blocked.nfo": Structure needs cleaning (117)
rsync error: some files/attrs were not transferred (see previous errors) (code 23) at main.c(1189) [sender=3.1.3]
Rsync completed on Downloads at Sun May 17 07:07:02 CDT 2020 with code of 23
----------------------------------------------------------------
Rsync completed on Emulation at Sun May 17 07:07:18 CDT 2020 with code of 0
----------------------------------------------------------------
Rsync completed on Plex at Sun May 17 07:14:26 CDT 2020 with code of 0
----------------------------------------------------------------
Rsync completed on Projects at Sun May 17 07:14:32 CDT 2020 with code of 0
----------------------------------------------------------------
Rsync completed on Transfer at Sun May 17 07:14:32 CDT 2020 with code of 0
----------------------------------------------------------------
Rsync completed on Uploads at Sun May 17 07:14:33 CDT 2020 with code of 0
----------------------------------------------------------------
Rsync completed on YouTube at Sun May 17 07:14:33 CDT 2020 with code of 0
------------------------------done------------------------------
-----------------------------start------------------------------
Sun May 17 09:00:01 CDT 2020 kile-deb2 rsync backup
-----Creating incremental backup of /mnt/user/
to root@192.168.2.202:/mnt/user/backups/KILE-NAS1/2020-05-17.09
-----excluding the following folders:
appdata domains Archive Backups Cache Downloads Emulation Movies Plex Projects system Temporary Transfer Uploads YouTube
----------------------------------------------------------------
Rsync completed at Sun May 17 09:02:31 CDT 2020 with code of 0
du: cannot access '/mnt/disk*/Backups/KILE-NAS1/2020-05-17.07': No such file or directory
du: cannot access '/mnt/disk*/Backups/KILE-NAS1/current': No such file or directory
numfmt: invalid number: ‘’
Snapshot 2020-05-17.09 has total size of:

bash: line 0: [: missing `]'
----------------------------------------------------------------
-----Synchronizing the following folders
Archive Backups Downloads Emulation Plex Projects Transfer Uploads YouTube
-----from /mnt/user/ to root@192.168.2.202:/mnt/user/backups/KILE-NAS1/sync
----------------------------------------------------------------
Rsync completed on Archive at Sun May 17 09:03:19 CDT 2020 with code of 0
----------------------------------------------------------------
Rsync completed on Backups at Sun May 17 09:03:19 CDT 2020 with code of 0
----------------------------------------------------------------
IO error encountered -- skipping file deletion
rsync: readdir("/mnt/user/backups/KILE-NAS1/sync/Downloads/Series/Psych/Season 08"): Structure needs cleaning (117)
rsync: recv_generator: failed to stat "/mnt/user/backups/KILE-NAS1/sync/Downloads/Series/Psych/Season 08/Psych - S08E05 - COG Blocked.nfo": Structure needs cleaning (117)
rsync error: some files/attrs were not transferred (see previous errors) (code 23) at main.c(1189) [sender=3.1.3]
Rsync completed on Downloads at Sun May 17 09:03:21 CDT 2020 with code of 23
----------------------------------------------------------------
Rsync completed on Emulation at Sun May 17 09:03:33 CDT 2020 with code of 0
----------------------------------------------------------------
Rsync completed on Plex at Sun May 17 09:09:18 CDT 2020 with code of 0
----------------------------------------------------------------
Rsync completed on Projects at Sun May 17 09:09:21 CDT 2020 with code of 0
----------------------------------------------------------------
Rsync completed on Transfer at Sun May 17 09:09:22 CDT 2020 with code of 0
----------------------------------------------------------------
Rsync completed on Uploads at Sun May 17 09:09:22 CDT 2020 with code of 0
----------------------------------------------------------------
Rsync completed on YouTube at Sun May 17 09:09:22 CDT 2020 with code of 0
------------------------------done------------------------------
-----------------------------start------------------------------
Sun May 17 10:00:01 CDT 2020 kile-deb2 rsync backup
-----Creating incremental backup of /mnt/user/
to root@192.168.2.202:/mnt/user/backups/KILE-NAS1/2020-05-17.10
-----excluding the following folders:
appdata domains Archive Backups Cache Downloads Emulation Movies Plex Projects system Temporary Transfer Uploads YouTube
----------------------------------------------------------------
Rsync completed at Sun May 17 10:02:45 CDT 2020 with code of 0
du: cannot access '/mnt/disk*/Backups/KILE-NAS1/2020-05-17.09': No such file or directory
du: cannot access '/mnt/disk*/Backups/KILE-NAS1/current': No such file or directory
numfmt: invalid number: ‘’
Snapshot 2020-05-17.10 has total size of:

bash: line 0: [: missing `]'
----------------------------------------------------------------
-----Synchronizing the following folders
Archive Backups Downloads Emulation Plex Projects Transfer Uploads YouTube
-----from /mnt/user/ to root@192.168.2.202:/mnt/user/backups/KILE-NAS1/sync
----------------------------------------------------------------
Rsync completed on Archive at Sun May 17 10:03:33 CDT 2020 with code of 0
----------------------------------------------------------------
Rsync completed on Backups at Sun May 17 10:03:34 CDT 2020 with code of 0
----------------------------------------------------------------
IO error encountered -- skipping file deletion
rsync: readdir("/mnt/user/backups/KILE-NAS1/sync/Downloads/Series/Psych/Season 08"): Structure needs cleaning (117)
rsync: recv_generator: failed to stat "/mnt/user/backups/KILE-NAS1/sync/Downloads/Series/Psych/Season 08/Psych - S08E05 - COG Blocked.nfo": Structure needs cleaning (117)
rsync error: some files/attrs were not transferred (see previous errors) (code 23) at main.c(1189) [sender=3.1.3]
Rsync completed on Downloads at Sun May 17 10:03:36 CDT 2020 with code of 23
----------------------------------------------------------------
Rsync completed on Emulation at Sun May 17 10:03:48 CDT 2020 with code of 0
----------------------------------------------------------------
Rsync completed on Plex at Sun May 17 10:09:31 CDT 2020 with code of 0
----------------------------------------------------------------
Rsync completed on Projects at Sun May 17 10:09:34 CDT 2020 with code of 0
----------------------------------------------------------------
Rsync completed on Transfer at Sun May 17 10:09:34 CDT 2020 with code of 0
----------------------------------------------------------------
Rsync completed on Uploads at Sun May 17 10:09:35 CDT 2020 with code of 0
----------------------------------------------------------------
Rsync completed on YouTube at Sun May 17 10:09:35 CDT 2020 with code of 0
------------------------------done------------------------------
-----------------------------start------------------------------
Sun May 17 11:00:01 CDT 2020 kile-deb2 rsync backup
-----Creating incremental backup of /mnt/user/
to root@192.168.2.202:/mnt/user/backups/KILE-NAS1/2020-05-17.11
-----excluding the following folders:
appdata domains Archive Backups Cache Downloads Emulation Movies Plex Projects system Temporary Transfer Uploads YouTube
----------------------------------------------------------------
Rsync completed at Sun May 17 11:02:37 CDT 2020 with code of 0
du: cannot access '/mnt/disk*/Backups/KILE-NAS1/2020-05-17.10': No such file or directory
du: cannot access '/mnt/disk*/Backups/KILE-NAS1/current': No such file or directory
numfmt: invalid number: ‘’
Snapshot 2020-05-17.11 has total size of:

bash: line 0: [: missing `]'
----------------------------------------------------------------
-----Synchronizing the following folders
Archive Backups Downloads Emulation Plex Projects Transfer Uploads YouTube
-----from /mnt/user/ to root@192.168.2.202:/mnt/user/backups/KILE-NAS1/sync
----------------------------------------------------------------
Rsync completed on Archive at Sun May 17 11:03:25 CDT 2020 with code of 0
----------------------------------------------------------------
Rsync completed on Backups at Sun May 17 11:03:26 CDT 2020 with code of 0
----------------------------------------------------------------
IO error encountered -- skipping file deletion
rsync: readdir("/mnt/user/backups/KILE-NAS1/sync/Downloads/Series/Psych/Season 08"): Structure needs cleaning (117)
rsync: recv_generator: failed to stat "/mnt/user/backups/KILE-NAS1/sync/Downloads/Series/Psych/Season 08/Psych - S08E05 - COG Blocked.nfo": Structure needs cleaning (117)
rsync error: some files/attrs were not transferred (see previous errors) (code 23) at main.c(1189) [sender=3.1.3]
Rsync completed on Downloads at Sun May 17 11:03:28 CDT 2020 with code of 23
----------------------------------------------------------------
Rsync completed on Emulation at Sun May 17 11:03:40 CDT 2020 with code of 0
----------------------------------------------------------------
Rsync completed on Plex at Sun May 17 11:09:26 CDT 2020 with code of 0
----------------------------------------------------------------
Rsync completed on Projects at Sun May 17 11:09:29 CDT 2020 with code of 0
----------------------------------------------------------------
Rsync completed on Transfer at Sun May 17 11:09:29 CDT 2020 with code of 0
----------------------------------------------------------------
Rsync completed on Uploads at Sun May 17 11:09:29 CDT 2020 with code of 0
----------------------------------------------------------------
Rsync completed on YouTube at Sun May 17 11:09:30 CDT 2020 with code of 0
------------------------------done------------------------------
-----------------------------start------------------------------
Sun May 17 12:00:01 CDT 2020 kile-deb2 rsync backup
-----Creating incremental backup of /mnt/user/
to root@192.168.2.202:/mnt/user/backups/KILE-NAS1/2020-05-17.12
-----excluding the following folders:
appdata domains Archive Backups Cache Downloads Emulation Movies Plex Projects system Temporary Transfer Uploads YouTube
----------------------------------------------------------------
Rsync completed at Sun May 17 12:02:04 CDT 2020 with code of 0
du: cannot access '/mnt/disk*/Backups/KILE-NAS1/2020-05-17.11': No such file or directory
du: cannot access '/mnt/disk*/Backups/KILE-NAS1/current': No such file or directory
numfmt: invalid number: ‘’
Snapshot 2020-05-17.12 has total size of:

bash: line 0: [: missing `]'
----------------------------------------------------------------
-----Synchronizing the following folders
Archive Backups Downloads Emulation Plex Projects Transfer Uploads YouTube
-----from /mnt/user/ to root@192.168.2.202:/mnt/user/backups/KILE-NAS1/sync
----------------------------------------------------------------
Rsync completed on Archive at Sun May 17 12:02:53 CDT 2020 with code of 0
----------------------------------------------------------------
Rsync completed on Backups at Sun May 17 12:02:53 CDT 2020 with code of 0
----------------------------------------------------------------
IO error encountered -- skipping file deletion
rsync: readdir("/mnt/user/backups/KILE-NAS1/sync/Downloads/Series/Psych/Season 08"): Structure needs cleaning (117)
rsync: recv_generator: failed to stat "/mnt/user/backups/KILE-NAS1/sync/Downloads/Series/Psych/Season 08/Psych - S08E05 - COG Blocked.nfo": Structure needs cleaning (117)
rsync error: some files/attrs were not transferred (see previous errors) (code 23) at main.c(1189) [sender=3.1.3]
Rsync completed on Downloads at Sun May 17 12:02:58 CDT 2020 with code of 23
----------------------------------------------------------------
Rsync completed on Emulation at Sun May 17 12:03:10 CDT 2020 with code of 0
----------------------------------------------------------------
Rsync completed on Plex at Sun May 17 12:08:55 CDT 2020 with code of 0
----------------------------------------------------------------
Rsync completed on Projects at Sun May 17 12:08:58 CDT 2020 with code of 0
----------------------------------------------------------------
Rsync completed on Transfer at Sun May 17 12:08:58 CDT 2020 with code of 0
----------------------------------------------------------------
Rsync completed on Uploads at Sun May 17 12:08:59 CDT 2020 with code of 0
----------------------------------------------------------------
Rsync completed on YouTube at Sun May 17 12:08:59 CDT 2020 with code of 0
------------------------------done------------------------------
-----------------------------start------------------------------
Sun May 17 13:00:01 CDT 2020 kile-deb2 rsync backup
-----Creating incremental backup of /mnt/user/
to root@192.168.2.202:/mnt/user/backups/KILE-NAS1/2020-05-17.13
-----excluding the following folders:
appdata domains Archive Backups Cache Downloads Emulation Movies Plex Projects system Temporary Transfer Uploads YouTube
----------------------------------------------------------------
Rsync completed at Sun May 17 13:02:02 CDT 2020 with code of 0
du: cannot access '/mnt/disk*/Backups/KILE-NAS1/2020-05-17.12': No such file or directory
du: cannot access '/mnt/disk*/Backups/KILE-NAS1/current': No such file or directory
numfmt: invalid number: ‘’
Snapshot 2020-05-17.13 has total size of:

bash: line 0: [: missing `]'
----------------------------------------------------------------
-----Synchronizing the following folders
Archive Backups Downloads Emulation Plex Projects Transfer Uploads YouTube
-----from /mnt/user/ to root@192.168.2.202:/mnt/user/backups/KILE-NAS1/sync
----------------------------------------------------------------
Rsync completed on Archive at Sun May 17 13:02:50 CDT 2020 with code of 0
----------------------------------------------------------------
Rsync completed on Backups at Sun May 17 13:02:50 CDT 2020 with code of 0
----------------------------------------------------------------
IO error encountered -- skipping file deletion
rsync: readdir("/mnt/user/backups/KILE-NAS1/sync/Downloads/Series/Psych/Season 08"): Structure needs cleaning (117)
rsync: recv_generator: failed to stat "/mnt/user/backups/KILE-NAS1/sync/Downloads/Series/Psych/Season 08/Psych - S08E05 - COG Blocked.nfo": Structure needs cleaning (117)
rsync error: some files/attrs were not transferred (see previous errors) (code 23) at main.c(1189) [sender=3.1.3]
Rsync completed on Downloads at Sun May 17 13:02:57 CDT 2020 with code of 23
----------------------------------------------------------------
Rsync completed on Emulation at Sun May 17 13:03:09 CDT 2020 with code of 0
----------------------------------------------------------------
Rsync completed on Plex at Sun May 17 13:09:04 CDT 2020 with code of 0
----------------------------------------------------------------
Rsync completed on Projects at Sun May 17 13:09:07 CDT 2020 with code of 0
----------------------------------------------------------------
Rsync completed on Transfer at Sun May 17 13:09:07 CDT 2020 with code of 0
----------------------------------------------------------------
Rsync completed on Uploads at Sun May 17 13:09:08 CDT 2020 with code of 0
----------------------------------------------------------------
Rsync completed on YouTube at Sun May 17 13:09:08 CDT 2020 with code of 0
------------------------------done------------------------------
-----------------------------start------------------------------
Sun May 17 14:00:01 CDT 2020 kile-deb2 rsync backup
-----Creating incremental backup of /mnt/user/
to root@192.168.2.202:/mnt/user/backups/KILE-NAS1/2020-05-17.14
-----excluding the following folders:
appdata domains Archive Backups Cache Downloads Emulation Movies Plex Projects system Temporary Transfer Uploads YouTube
----------------------------------------------------------------
Rsync completed at Sun May 17 14:02:27 CDT 2020 with code of 0
du: cannot access '/mnt/disk*/Backups/KILE-NAS1/2020-05-17.13': No such file or directory
du: cannot access '/mnt/disk*/Backups/KILE-NAS1/current': No such file or directory
numfmt: invalid number: ‘’
Snapshot 2020-05-17.14 has total size of:

bash: line 0: [: missing `]'
----------------------------------------------------------------
-----Synchronizing the following folders
Archive Backups Downloads Emulation Plex Projects Transfer Uploads YouTube
-----from /mnt/user/ to root@192.168.2.202:/mnt/user/backups/KILE-NAS1/sync
----------------------------------------------------------------
Rsync completed on Archive at Sun May 17 14:03:16 CDT 2020 with code of 0
----------------------------------------------------------------
Rsync completed on Backups at Sun May 17 14:03:16 CDT 2020 with code of 0
----------------------------------------------------------------
IO error encountered -- skipping file deletion
rsync: readdir("/mnt/user/backups/KILE-NAS1/sync/Downloads/Series/Psych/Season 08"): Structure needs cleaning (117)
rsync: recv_generator: failed to stat "/mnt/user/backups/KILE-NAS1/sync/Downloads/Series/Psych/Season 08/Psych - S08E05 - COG Blocked.nfo": Structure needs cleaning (117)
rsync error: some files/attrs were not transferred (see previous errors) (code 23) at main.c(1189) [sender=3.1.3]
Rsync completed on Downloads at Sun May 17 14:03:19 CDT 2020 with code of 23
----------------------------------------------------------------
Rsync completed on Emulation at Sun May 17 14:03:31 CDT 2020 with code of 0
----------------------------------------------------------------
Rsync completed on Plex at Sun May 17 14:09:18 CDT 2020 with code of 0
----------------------------------------------------------------
Rsync completed on Projects at Sun May 17 14:09:21 CDT 2020 with code of 0
----------------------------------------------------------------
Rsync completed on Transfer at Sun May 17 14:09:22 CDT 2020 with code of 0
----------------------------------------------------------------
Rsync completed on Uploads at Sun May 17 14:09:22 CDT 2020 with code of 0
----------------------------------------------------------------
Rsync completed on YouTube at Sun May 17 14:09:22 CDT 2020 with code of 0
------------------------------done------------------------------
-----------------------------start------------------------------
Sun May 17 15:00:01 CDT 2020 kile-deb2 rsync backup
-----Creating incremental backup of /mnt/user/
to root@192.168.2.202:/mnt/user/backups/KILE-NAS1/2020-05-17.15
-----excluding the following folders:
appdata domains Archive Backups Cache Downloads Emulation Movies Plex Projects system Temporary Transfer Uploads YouTube
----------------------------------------------------------------
Rsync completed at Sun May 17 15:02:02 CDT 2020 with code of 0
du: cannot access '/mnt/disk*/Backups/KILE-NAS1/2020-05-17.14': No such file or directory
du: cannot access '/mnt/disk*/Backups/KILE-NAS1/current': No such file or directory
numfmt: invalid number: ‘’
Snapshot 2020-05-17.15 has total size of:

bash: line 0: [: missing `]'
----------------------------------------------------------------
-----Synchronizing the following folders
Archive Backups Downloads Emulation Plex Projects Transfer Uploads YouTube
-----from /mnt/user/ to root@192.168.2.202:/mnt/user/backups/KILE-NAS1/sync
----------------------------------------------------------------
Rsync completed on Archive at Sun May 17 15:02:50 CDT 2020 with code of 0
----------------------------------------------------------------
Rsync completed on Backups at Sun May 17 15:02:50 CDT 2020 with code of 0
----------------------------------------------------------------
IO error encountered -- skipping file deletion
rsync: readdir("/mnt/user/backups/KILE-NAS1/sync/Downloads/Series/Psych/Season 08"): Structure needs cleaning (117)
rsync: recv_generator: failed to stat "/mnt/user/backups/KILE-NAS1/sync/Downloads/Series/Psych/Season 08/Psych - S08E05 - COG Blocked.nfo": Structure needs cleaning (117)
rsync error: some files/attrs were not transferred (see previous errors) (code 23) at main.c(1189) [sender=3.1.3]
Rsync completed on Downloads at Sun May 17 15:02:53 CDT 2020 with code of 23
----------------------------------------------------------------
Rsync completed on Emulation at Sun May 17 15:03:05 CDT 2020 with code of 0
----------------------------------------------------------------
Rsync completed on Plex at Sun May 17 15:09:15 CDT 2020 with code of 0
----------------------------------------------------------------
Rsync completed on Projects at Sun May 17 15:09:18 CDT 2020 with code of 0
----------------------------------------------------------------
Rsync completed on Transfer at Sun May 17 15:09:18 CDT 2020 with code of 0
----------------------------------------------------------------
Rsync completed on Uploads at Sun May 17 15:09:19 CDT 2020 with code of 0
----------------------------------------------------------------
Rsync completed on YouTube at Sun May 17 15:09:19 CDT 2020 with code of 0
------------------------------done------------------------------
-----------------------------start------------------------------
Sun May 17 16:00:01 CDT 2020 kile-deb2 rsync backup
-----Creating incremental backup of /mnt/user/
to root@192.168.2.202:/mnt/user/backups/KILE-NAS1/2020-05-17.16
-----excluding the following folders:
appdata domains Archive Backups Cache Downloads Emulation Movies Plex Projects system Temporary Transfer Uploads YouTube
----------------------------------------------------------------
Rsync completed at Sun May 17 16:05:14 CDT 2020 with code of 0
du: cannot access '/mnt/disk*/Backups/KILE-NAS1/2020-05-17.15': No such file or directory
du: cannot access '/mnt/disk*/Backups/KILE-NAS1/current': No such file or directory
numfmt: invalid number: ‘’
Snapshot 2020-05-17.16 has total size of:

bash: line 0: [: missing `]'
----------------------------------------------------------------
-----Synchronizing the following folders
Archive Backups Downloads Emulation Plex Projects Transfer Uploads YouTube
-----from /mnt/user/ to root@192.168.2.202:/mnt/user/backups/KILE-NAS1/sync
----------------------------------------------------------------
Rsync completed on Archive at Sun May 17 16:06:34 CDT 2020 with code of 0
----------------------------------------------------------------
Rsync completed on Backups at Sun May 17 16:06:35 CDT 2020 with code of 0
----------------------------------------------------------------
IO error encountered -- skipping file deletion
rsync: readdir("/mnt/user/backups/KILE-NAS1/sync/Downloads/Series/Psych/Season 08"): Structure needs cleaning (117)
rsync: recv_generator: failed to stat "/mnt/user/backups/KILE-NAS1/sync/Downloads/Series/Psych/Season 08/Psych - S08E05 - COG Blocked.nfo": Structure needs cleaning (117)
rsync error: some files/attrs were not transferred (see previous errors) (code 23) at main.c(1189) [sender=3.1.3]
Rsync completed on Downloads at Sun May 17 16:08:35 CDT 2020 with code of 23
----------------------------------------------------------------
Rsync completed on Emulation at Sun May 17 16:08:50 CDT 2020 with code of 0
----------------------------------------------------------------
Rsync completed on Plex at Sun May 17 16:16:40 CDT 2020 with code of 0
----------------------------------------------------------------
Rsync completed on Projects at Sun May 17 16:16:45 CDT 2020 with code of 0
----------------------------------------------------------------
Rsync completed on Transfer at Sun May 17 16:16:45 CDT 2020 with code of 0
----------------------------------------------------------------
Rsync completed on Uploads at Sun May 17 16:16:46 CDT 2020 with code of 0
----------------------------------------------------------------
Rsync completed on YouTube at Sun May 17 16:16:47 CDT 2020 with code of 0
------------------------------done------------------------------
-----------------------------start------------------------------
Sun May 17 17:00:01 CDT 2020 kile-deb2 rsync backup
-----Creating incremental backup of /mnt/user/
to root@192.168.2.202:/mnt/user/backups/KILE-NAS1/2020-05-17.17
-----excluding the following folders:
appdata domains Archive Backups Cache Downloads Emulation Movies Plex Projects system Temporary Transfer Uploads YouTube
----------------------------------------------------------------
Rsync completed at Sun May 17 17:03:19 CDT 2020 with code of 0
du: cannot access '/mnt/disk*/Backups/KILE-NAS1/2020-05-17.16': No such file or directory
du: cannot access '/mnt/disk*/Backups/KILE-NAS1/current': No such file or directory
numfmt: invalid number: ‘’
Snapshot 2020-05-17.17 has total size of:

bash: line 0: [: missing `]'
----------------------------------------------------------------
-----Synchronizing the following folders
Archive Backups Downloads Emulation Plex Projects Transfer Uploads YouTube
-----from /mnt/user/ to root@192.168.2.202:/mnt/user/backups/KILE-NAS1/sync
----------------------------------------------------------------
Rsync completed on Archive at Sun May 17 17:04:34 CDT 2020 with code of 0
----------------------------------------------------------------
Rsync completed on Backups at Sun May 17 17:04:35 CDT 2020 with code of 0
----------------------------------------------------------------
IO error encountered -- skipping file deletion
rsync: readdir("/mnt/user/backups/KILE-NAS1/sync/Downloads/Series/Psych/Season 08"): Structure needs cleaning (117)
rsync: recv_generator: failed to stat "/mnt/user/backups/KILE-NAS1/sync/Downloads/Series/Psych/Season 08/Psych - S08E05 - COG Blocked.nfo": Structure needs cleaning (117)
rsync error: some files/attrs were not transferred (see previous errors) (code 23) at main.c(1189) [sender=3.1.3]
Rsync completed on Downloads at Sun May 17 17:04:44 CDT 2020 with code of 23
----------------------------------------------------------------
Rsync completed on Emulation at Sun May 17 17:04:58 CDT 2020 with code of 0
----------------------------------------------------------------
Rsync completed on Plex at Sun May 17 17:12:32 CDT 2020 with code of 0
----------------------------------------------------------------
Rsync completed on Projects at Sun May 17 17:12:37 CDT 2020 with code of 0
----------------------------------------------------------------
Rsync completed on Transfer at Sun May 17 17:12:38 CDT 2020 with code of 0
----------------------------------------------------------------
Rsync completed on Uploads at Sun May 17 17:12:38 CDT 2020 with code of 0
----------------------------------------------------------------
Rsync completed on YouTube at Sun May 17 17:12:39 CDT 2020 with code of 0
------------------------------done------------------------------
-----------------------------start------------------------------
Sun May 17 18:00:01 CDT 2020 kile-deb2 rsync backup
-----Creating incremental backup of /mnt/user/
to root@192.168.2.202:/mnt/user/backups/KILE-NAS1/2020-05-17.18
-----excluding the following folders:
appdata domains Archive Backups Cache Downloads Emulation Movies Plex Projects system Temporary Transfer Uploads YouTube
----------------------------------------------------------------
Rsync completed at Sun May 17 18:03:54 CDT 2020 with code of 0
du: cannot access '/mnt/disk*/Backups/KILE-NAS1/2020-05-17.17': No such file or directory
du: cannot access '/mnt/disk*/Backups/KILE-NAS1/current': No such file or directory
numfmt: invalid number: ‘’
Snapshot 2020-05-17.18 has total size of:

bash: line 0: [: missing `]'
----------------------------------------------------------------
-----Synchronizing the following folders
Archive Backups Downloads Emulation Plex Projects Transfer Uploads YouTube
-----from /mnt/user/ to root@192.168.2.202:/mnt/user/backups/KILE-NAS1/sync
----------------------------------------------------------------
Rsync completed on Archive at Sun May 17 18:05:08 CDT 2020 with code of 0
----------------------------------------------------------------
Rsync completed on Backups at Sun May 17 18:05:08 CDT 2020 with code of 0
----------------------------------------------------------------
IO error encountered -- skipping file deletion
rsync: readdir("/mnt/user/backups/KILE-NAS1/sync/Downloads/Series/Psych/Season 08"): Structure needs cleaning (117)
rsync: recv_generator: failed to stat "/mnt/user/backups/KILE-NAS1/sync/Downloads/Series/Psych/Season 08/Psych - S08E05 - COG Blocked.nfo": Structure needs cleaning (117)
rsync error: some files/attrs were not transferred (see previous errors) (code 23) at main.c(1189) [sender=3.1.3]
Rsync completed on Downloads at Sun May 17 18:05:24 CDT 2020 with code of 23
----------------------------------------------------------------
Rsync completed on Emulation at Sun May 17 18:05:37 CDT 2020 with code of 0
----------------------------------------------------------------
Rsync completed on Plex at Sun May 17 18:14:46 CDT 2020 with code of 0
----------------------------------------------------------------
Rsync completed on Projects at Sun May 17 18:14:53 CDT 2020 with code of 0
----------------------------------------------------------------
Rsync completed on Transfer at Sun May 17 18:14:53 CDT 2020 with code of 0
----------------------------------------------------------------
Rsync completed on Uploads at Sun May 17 18:14:56 CDT 2020 with code of 0
----------------------------------------------------------------
Rsync completed on YouTube at Sun May 17 18:14:57 CDT 2020 with code of 0
------------------------------done------------------------------
-----------------------------start------------------------------
Sun May 17 19:00:01 CDT 2020 kile-deb2 rsync backup
-----Creating incremental backup of /mnt/user/
to root@192.168.2.202:/mnt/user/backups/KILE-NAS1/2020-05-17.19
-----excluding the following folders:
appdata domains Archive Backups Cache Downloads Emulation Movies Plex Projects system Temporary Transfer Uploads YouTube
----------------------------------------------------------------
Rsync completed at Sun May 17 19:02:50 CDT 2020 with code of 0
du: cannot access '/mnt/disk*/Backups/KILE-NAS1/2020-05-17.18': No such file or directory
du: cannot access '/mnt/disk*/Backups/KILE-NAS1/current': No such file or directory
numfmt: invalid number: ‘’
Snapshot 2020-05-17.19 has total size of:

bash: line 0: [: missing `]'
----------------------------------------------------------------
-----Synchronizing the following folders
Archive Backups Downloads Emulation Plex Projects Transfer Uploads YouTube
-----from /mnt/user/ to root@192.168.2.202:/mnt/user/backups/KILE-NAS1/sync
----------------------------------------------------------------
Rsync completed on Archive at Sun May 17 19:04:04 CDT 2020 with code of 0
----------------------------------------------------------------
Rsync completed on Backups at Sun May 17 19:04:05 CDT 2020 with code of 0
----------------------------------------------------------------
IO error encountered -- skipping file deletion
rsync: readdir("/mnt/user/backups/KILE-NAS1/sync/Downloads/Series/Psych/Season 08"): Structure needs cleaning (117)
rsync: recv_generator: failed to stat "/mnt/user/backups/KILE-NAS1/sync/Downloads/Series/Psych/Season 08/Psych - S08E05 - COG Blocked.nfo": Structure needs cleaning (117)
rsync error: some files/attrs were not transferred (see previous errors) (code 23) at main.c(1189) [sender=3.1.3]
Rsync completed on Downloads at Sun May 17 19:04:16 CDT 2020 with code of 23
----------------------------------------------------------------
Rsync completed on Emulation at Sun May 17 19:04:32 CDT 2020 with code of 0
----------------------------------------------------------------
Rsync completed on Plex at Sun May 17 19:11:47 CDT 2020 with code of 0
----------------------------------------------------------------
Rsync completed on Projects at Sun May 17 19:11:50 CDT 2020 with code of 0
----------------------------------------------------------------
Rsync completed on Transfer at Sun May 17 19:11:50 CDT 2020 with code of 0
----------------------------------------------------------------
Rsync completed on Uploads at Sun May 17 19:11:51 CDT 2020 with code of 0
----------------------------------------------------------------
Rsync completed on YouTube at Sun May 17 19:11:51 CDT 2020 with code of 0
------------------------------done------------------------------
-----------------------------start------------------------------
Sun May 17 23:00:01 CDT 2020 kile-deb2 rsync backup
-----Creating incremental backup of /mnt/user/
to root@192.168.2.202:/mnt/user/backups/KILE-NAS1/2020-05-17.23
-----excluding the following folders:
appdata domains Archive Backups Cache Downloads Emulation Movies Plex Projects system Temporary Transfer Uploads YouTube
----------------------------------------------------------------
Rsync completed at Sun May 17 23:02:08 CDT 2020 with code of 0
du: cannot access '/mnt/disk*/Backups/KILE-NAS1/2020-05-17.19': No such file or directory
du: cannot access '/mnt/disk*/Backups/KILE-NAS1/current': No such file or directory
numfmt: invalid number: ‘’
Snapshot 2020-05-17.23 has total size of:

bash: line 0: [: missing `]'
----------------------------------------------------------------
-----Synchronizing the following folders
Archive Backups Downloads Emulation Plex Projects Transfer Uploads YouTube
-----from /mnt/user/ to root@192.168.2.202:/mnt/user/backups/KILE-NAS1/sync
----------------------------------------------------------------
Rsync completed on Archive at Sun May 17 23:03:00 CDT 2020 with code of 0
----------------------------------------------------------------
Rsync completed on Backups at Sun May 17 23:03:00 CDT 2020 with code of 0
----------------------------------------------------------------
IO error encountered -- skipping file deletion
rsync: readdir("/mnt/user/backups/KILE-NAS1/sync/Downloads/Series/Psych/Season 08"): Structure needs cleaning (117)
rsync: recv_generator: failed to stat "/mnt/user/backups/KILE-NAS1/sync/Downloads/Series/Psych/Season 08/Psych - S08E05 - COG Blocked.nfo": Structure needs cleaning (117)
rsync error: some files/attrs were not transferred (see previous errors) (code 23) at main.c(1189) [sender=3.1.3]
Rsync completed on Downloads at Sun May 17 23:03:27 CDT 2020 with code of 23
----------------------------------------------------------------
Rsync completed on Emulation at Sun May 17 23:03:40 CDT 2020 with code of 0
----------------------------------------------------------------
Rsync completed on Plex at Sun May 17 23:09:39 CDT 2020 with code of 0
----------------------------------------------------------------
Rsync completed on Projects at Sun May 17 23:09:42 CDT 2020 with code of 0
----------------------------------------------------------------
Rsync completed on Transfer at Sun May 17 23:09:43 CDT 2020 with code of 0
----------------------------------------------------------------
Rsync completed on Uploads at Sun May 17 23:09:43 CDT 2020 with code of 0
----------------------------------------------------------------
Rsync completed on YouTube at Sun May 17 23:09:43 CDT 2020 with code of 0
------------------------------done------------------------------
