-----------------------------start------------------------------
Thu May 14 02:00:01 CDT 2020 kile-deb2 rsync backup
-----Creating incremental backup of /mnt/user/
to root@192.168.2.202:/mnt/user/backups/KILE-NAS1/2020-05-14.02
-----excluding the following folders:
appdata domains Archive Backups Cache Downloads Emulation Movies Plex Projects system Temporary Transfer Uploads YouTube
----------------------------------------------------------------
Rsync completed at Thu May 14 02:03:12 CDT 2020 with code of 0
du: cannot access '/mnt/disk*/Backups/KILE-NAS1/2020-05-13.23': No such file or directory
du: cannot access '/mnt/disk*/Backups/KILE-NAS1/current': No such file or directory
numfmt: invalid number: ‘’
Snapshot 2020-05-14.02 has total size of:

bash: line 0: [: missing `]'
----------------------------------------------------------------
-----Synchronizing the following folders
Archive Backups Downloads Emulation Plex Projects Transfer Uploads YouTube
-----from /mnt/user/ to root@192.168.2.202:/mnt/user/backups/KILE-NAS1/sync
----------------------------------------------------------------
Rsync completed on Archive at Thu May 14 02:05:07 CDT 2020 with code of 0
----------------------------------------------------------------
Rsync completed on Backups at Thu May 14 02:42:16 CDT 2020 with code of 0
----------------------------------------------------------------
file has vanished: "/mnt/user/Downloads/YouTube/videos/twitch/Northernlion/20200513-UNITY_Warzone_Episode_2.mp4.part"
file has vanished: "/mnt/user/Downloads/YouTube/videos/twitch/Northernlion/20200513-UNITY_Warzone_Episode_2.mp4.ytdl"
rsync warning: some files vanished before they could be transferred (code 24) at main.c(1189) [sender=3.1.3]
Rsync completed on Downloads at Thu May 14 02:55:10 CDT 2020 with code of 24
----------------------------------------------------------------
Rsync completed on Emulation at Thu May 14 02:55:30 CDT 2020 with code of 0
----------------------------------------------------------------
Rsync completed on Plex at Thu May 14 03:05:01 CDT 2020 with code of 0
----------------------------------------------------------------
Rsync completed on Projects at Thu May 14 03:05:08 CDT 2020 with code of 0
----------------------------------------------------------------
Rsync completed on Transfer at Thu May 14 03:05:17 CDT 2020 with code of 0
----------------------------------------------------------------
Rsync completed on Uploads at Thu May 14 03:05:32 CDT 2020 with code of 0
----------------------------------------------------------------
Rsync completed on YouTube at Thu May 14 03:05:33 CDT 2020 with code of 0
------------------------------done------------------------------
-----------------------------start------------------------------
Thu May 14 07:00:02 CDT 2020 kile-deb2 rsync backup
-----Creating incremental backup of /mnt/user/
to root@192.168.2.202:/mnt/user/backups/KILE-NAS1/2020-05-14.07
-----excluding the following folders:
appdata domains Archive Backups Cache Downloads Emulation Movies Plex Projects system Temporary Transfer Uploads YouTube
----------------------------------------------------------------
Rsync completed at Thu May 14 07:04:36 CDT 2020 with code of 0
du: cannot access '/mnt/disk*/Backups/KILE-NAS1/2020-05-14.02': No such file or directory
du: cannot access '/mnt/disk*/Backups/KILE-NAS1/current': No such file or directory
numfmt: invalid number: ‘’
Snapshot 2020-05-14.07 has total size of:

bash: line 0: [: missing `]'
----------------------------------------------------------------
-----Synchronizing the following folders
Archive Backups Downloads Emulation Plex Projects Transfer Uploads YouTube
-----from /mnt/user/ to root@192.168.2.202:/mnt/user/backups/KILE-NAS1/sync
----------------------------------------------------------------
Rsync completed on Archive at Thu May 14 07:06:13 CDT 2020 with code of 0
----------------------------------------------------------------
Rsync completed on Backups at Thu May 14 07:06:13 CDT 2020 with code of 0
----------------------------------------------------------------
Rsync completed on Downloads at Thu May 14 07:10:07 CDT 2020 with code of 0
----------------------------------------------------------------
Rsync completed on Emulation at Thu May 14 07:10:22 CDT 2020 with code of 0
----------------------------------------------------------------
Rsync completed on Plex at Thu May 14 07:16:41 CDT 2020 with code of 0
----------------------------------------------------------------
Rsync completed on Projects at Thu May 14 07:16:47 CDT 2020 with code of 0
----------------------------------------------------------------
Rsync completed on Transfer at Thu May 14 07:16:47 CDT 2020 with code of 0
----------------------------------------------------------------
Rsync completed on Uploads at Thu May 14 07:16:48 CDT 2020 with code of 0
----------------------------------------------------------------
Rsync completed on YouTube at Thu May 14 07:16:48 CDT 2020 with code of 0
------------------------------done------------------------------
-----------------------------start------------------------------
Thu May 14 09:00:11 CDT 2020 kile-deb2 rsync backup
-----Creating incremental backup of /mnt/user/
to root@192.168.2.202:/mnt/user/backups/KILE-NAS1/2020-05-14.09
-----excluding the following folders:
appdata domains Archive Backups Cache Downloads Emulation Movies Plex Projects system Temporary Transfer Uploads YouTube
----------------------------------------------------------------
Rsync completed at Thu May 14 09:02:47 CDT 2020 with code of 0
du: cannot access '/mnt/disk*/Backups/KILE-NAS1/2020-05-14.07': No such file or directory
du: cannot access '/mnt/disk*/Backups/KILE-NAS1/current': No such file or directory
numfmt: invalid number: ‘’
Snapshot 2020-05-14.09 has total size of:

bash: line 0: [: missing `]'
----------------------------------------------------------------
-----Synchronizing the following folders
Archive Backups Downloads Emulation Plex Projects Transfer Uploads YouTube
-----from /mnt/user/ to root@192.168.2.202:/mnt/user/backups/KILE-NAS1/sync
----------------------------------------------------------------
Rsync completed on Archive at Thu May 14 09:03:34 CDT 2020 with code of 0
----------------------------------------------------------------
Rsync completed on Backups at Thu May 14 09:03:34 CDT 2020 with code of 0
----------------------------------------------------------------
Rsync completed on Downloads at Thu May 14 09:03:37 CDT 2020 with code of 0
----------------------------------------------------------------
Rsync completed on Emulation at Thu May 14 09:03:49 CDT 2020 with code of 0
----------------------------------------------------------------
Rsync completed on Plex at Thu May 14 09:09:35 CDT 2020 with code of 0
----------------------------------------------------------------
Rsync completed on Projects at Thu May 14 09:09:38 CDT 2020 with code of 0
----------------------------------------------------------------
Rsync completed on Transfer at Thu May 14 09:09:38 CDT 2020 with code of 0
----------------------------------------------------------------
Rsync completed on Uploads at Thu May 14 09:09:39 CDT 2020 with code of 0
----------------------------------------------------------------
Rsync completed on YouTube at Thu May 14 09:09:39 CDT 2020 with code of 0
------------------------------done------------------------------
-----------------------------start------------------------------
Thu May 14 10:00:02 CDT 2020 kile-deb2 rsync backup
-----Creating incremental backup of /mnt/user/
to root@192.168.2.202:/mnt/user/backups/KILE-NAS1/2020-05-14.10
-----excluding the following folders:
appdata domains Archive Backups Cache Downloads Emulation Movies Plex Projects system Temporary Transfer Uploads YouTube
----------------------------------------------------------------
Rsync completed at Thu May 14 10:03:20 CDT 2020 with code of 0
du: cannot access '/mnt/disk*/Backups/KILE-NAS1/2020-05-14.09': No such file or directory
du: cannot access '/mnt/disk*/Backups/KILE-NAS1/current': No such file or directory
numfmt: invalid number: ‘’
Snapshot 2020-05-14.10 has total size of:

bash: line 0: [: missing `]'
----------------------------------------------------------------
-----Synchronizing the following folders
Archive Backups Downloads Emulation Plex Projects Transfer Uploads YouTube
-----from /mnt/user/ to root@192.168.2.202:/mnt/user/backups/KILE-NAS1/sync
----------------------------------------------------------------
Rsync completed on Archive at Thu May 14 10:04:39 CDT 2020 with code of 0
----------------------------------------------------------------
Rsync completed on Backups at Thu May 14 10:04:39 CDT 2020 with code of 0
----------------------------------------------------------------
Rsync completed on Downloads at Thu May 14 10:40:30 CDT 2020 with code of 0
----------------------------------------------------------------
Rsync completed on Emulation at Thu May 14 10:40:45 CDT 2020 with code of 0
----------------------------------------------------------------
Rsync completed on Plex at Thu May 14 10:47:44 CDT 2020 with code of 0
----------------------------------------------------------------
Rsync completed on Projects at Thu May 14 10:47:50 CDT 2020 with code of 0
----------------------------------------------------------------
Rsync completed on Transfer at Thu May 14 10:47:50 CDT 2020 with code of 0
----------------------------------------------------------------
Rsync completed on Uploads at Thu May 14 10:47:51 CDT 2020 with code of 0
----------------------------------------------------------------
Rsync completed on YouTube at Thu May 14 10:47:52 CDT 2020 with code of 0
------------------------------done------------------------------
-----------------------------start------------------------------
Thu May 14 11:00:01 CDT 2020 kile-deb2 rsync backup
-----Creating incremental backup of /mnt/user/
to root@192.168.2.202:/mnt/user/backups/KILE-NAS1/2020-05-14.11
-----excluding the following folders:
appdata domains Archive Backups Cache Downloads Emulation Movies Plex Projects system Temporary Transfer Uploads YouTube
----------------------------------------------------------------
Rsync completed at Thu May 14 11:03:41 CDT 2020 with code of 0
du: cannot access '/mnt/disk*/Backups/KILE-NAS1/2020-05-14.10': No such file or directory
du: cannot access '/mnt/disk*/Backups/KILE-NAS1/current': No such file or directory
numfmt: invalid number: ‘’
Snapshot 2020-05-14.11 has total size of:

bash: line 0: [: missing `]'
----------------------------------------------------------------
-----Synchronizing the following folders
Archive Backups Downloads Emulation Plex Projects Transfer Uploads YouTube
-----from /mnt/user/ to root@192.168.2.202:/mnt/user/backups/KILE-NAS1/sync
----------------------------------------------------------------
Rsync completed on Archive at Thu May 14 11:05:20 CDT 2020 with code of 0
----------------------------------------------------------------
Rsync completed on Backups at Thu May 14 11:05:20 CDT 2020 with code of 0
----------------------------------------------------------------
Rsync completed on Downloads at Thu May 14 11:07:57 CDT 2020 with code of 0
----------------------------------------------------------------
Rsync completed on Emulation at Thu May 14 11:08:10 CDT 2020 with code of 0
----------------------------------------------------------------
Rsync completed on Plex at Thu May 14 11:13:49 CDT 2020 with code of 0
----------------------------------------------------------------
Rsync completed on Projects at Thu May 14 11:13:52 CDT 2020 with code of 0
----------------------------------------------------------------
Rsync completed on Transfer at Thu May 14 11:13:52 CDT 2020 with code of 0
----------------------------------------------------------------
Rsync completed on Uploads at Thu May 14 11:13:53 CDT 2020 with code of 0
----------------------------------------------------------------
Rsync completed on YouTube at Thu May 14 11:13:53 CDT 2020 with code of 0
------------------------------done------------------------------
-----------------------------start------------------------------
Thu May 14 12:00:01 CDT 2020 kile-deb2 rsync backup
-----Creating incremental backup of /mnt/user/
to root@192.168.2.202:/mnt/user/backups/KILE-NAS1/2020-05-14.12
-----excluding the following folders:
appdata domains Archive Backups Cache Downloads Emulation Movies Plex Projects system Temporary Transfer Uploads YouTube
----------------------------------------------------------------
Rsync completed at Thu May 14 12:02:22 CDT 2020 with code of 0
du: cannot access '/mnt/disk*/Backups/KILE-NAS1/2020-05-14.11': No such file or directory
du: cannot access '/mnt/disk*/Backups/KILE-NAS1/current': No such file or directory
numfmt: invalid number: ‘’
Snapshot 2020-05-14.12 has total size of:

bash: line 0: [: missing `]'
----------------------------------------------------------------
-----Synchronizing the following folders
Archive Backups Downloads Emulation Plex Projects Transfer Uploads YouTube
-----from /mnt/user/ to root@192.168.2.202:/mnt/user/backups/KILE-NAS1/sync
----------------------------------------------------------------
Rsync completed on Archive at Thu May 14 12:03:09 CDT 2020 with code of 0
----------------------------------------------------------------
Rsync completed on Backups at Thu May 14 12:03:10 CDT 2020 with code of 0
----------------------------------------------------------------
Rsync completed on Downloads at Thu May 14 12:48:39 CDT 2020 with code of 0
----------------------------------------------------------------
Rsync completed on Emulation at Thu May 14 12:49:20 CDT 2020 with code of 0
----------------------------------------------------------------
Rsync completed on Plex at Thu May 14 12:56:20 CDT 2020 with code of 0
----------------------------------------------------------------
Rsync completed on Projects at Thu May 14 12:56:27 CDT 2020 with code of 0
----------------------------------------------------------------
Rsync completed on Transfer at Thu May 14 12:56:28 CDT 2020 with code of 0
----------------------------------------------------------------
Rsync completed on Uploads at Thu May 14 12:56:30 CDT 2020 with code of 0
----------------------------------------------------------------
Rsync completed on YouTube at Thu May 14 12:56:31 CDT 2020 with code of 0
------------------------------done------------------------------
-----------------------------start------------------------------
Thu May 14 13:00:01 CDT 2020 kile-deb2 rsync backup
-----Creating incremental backup of /mnt/user/
to root@192.168.2.202:/mnt/user/backups/KILE-NAS1/2020-05-14.13
-----excluding the following folders:
appdata domains Archive Backups Cache Downloads Emulation Movies Plex Projects system Temporary Transfer Uploads YouTube
----------------------------------------------------------------
Rsync completed at Thu May 14 13:03:25 CDT 2020 with code of 0
du: cannot access '/mnt/disk*/Backups/KILE-NAS1/2020-05-14.12': No such file or directory
du: cannot access '/mnt/disk*/Backups/KILE-NAS1/current': No such file or directory
numfmt: invalid number: ‘’
Snapshot 2020-05-14.13 has total size of:

bash: line 0: [: missing `]'
----------------------------------------------------------------
-----Synchronizing the following folders
Archive Backups Downloads Emulation Plex Projects Transfer Uploads YouTube
-----from /mnt/user/ to root@192.168.2.202:/mnt/user/backups/KILE-NAS1/sync
----------------------------------------------------------------
Rsync completed on Archive at Thu May 14 13:04:46 CDT 2020 with code of 0
----------------------------------------------------------------
Rsync completed on Backups at Thu May 14 13:04:46 CDT 2020 with code of 0
----------------------------------------------------------------
Rsync completed on Downloads at Thu May 14 13:04:50 CDT 2020 with code of 0
----------------------------------------------------------------
Rsync completed on Emulation at Thu May 14 13:05:02 CDT 2020 with code of 0
----------------------------------------------------------------
Rsync completed on Plex at Thu May 14 13:10:43 CDT 2020 with code of 0
----------------------------------------------------------------
Rsync completed on Projects at Thu May 14 13:10:46 CDT 2020 with code of 0
----------------------------------------------------------------
Rsync completed on Transfer at Thu May 14 13:10:46 CDT 2020 with code of 0
----------------------------------------------------------------
Rsync completed on Uploads at Thu May 14 13:10:47 CDT 2020 with code of 0
----------------------------------------------------------------
Rsync completed on YouTube at Thu May 14 13:10:47 CDT 2020 with code of 0
------------------------------done------------------------------
-----------------------------start------------------------------
Thu May 14 14:00:01 CDT 2020 kile-deb2 rsync backup
-----Creating incremental backup of /mnt/user/
to root@192.168.2.202:/mnt/user/backups/KILE-NAS1/2020-05-14.14
-----excluding the following folders:
appdata domains Archive Backups Cache Downloads Emulation Movies Plex Projects system Temporary Transfer Uploads YouTube
----------------------------------------------------------------
Rsync completed at Thu May 14 14:02:41 CDT 2020 with code of 0
du: cannot access '/mnt/disk*/Backups/KILE-NAS1/2020-05-14.13': No such file or directory
du: cannot access '/mnt/disk*/Backups/KILE-NAS1/current': No such file or directory
numfmt: invalid number: ‘’
Snapshot 2020-05-14.14 has total size of:

bash: line 0: [: missing `]'
----------------------------------------------------------------
-----Synchronizing the following folders
Archive Backups Downloads Emulation Plex Projects Transfer Uploads YouTube
-----from /mnt/user/ to root@192.168.2.202:/mnt/user/backups/KILE-NAS1/sync
----------------------------------------------------------------
Rsync completed on Archive at Thu May 14 14:03:31 CDT 2020 with code of 0
----------------------------------------------------------------
Rsync completed on Backups at Thu May 14 14:03:31 CDT 2020 with code of 0
----------------------------------------------------------------
Rsync completed on Downloads at Thu May 14 14:03:42 CDT 2020 with code of 0
----------------------------------------------------------------
Rsync completed on Emulation at Thu May 14 14:03:54 CDT 2020 with code of 0
----------------------------------------------------------------
Rsync completed on Plex at Thu May 14 14:09:36 CDT 2020 with code of 0
----------------------------------------------------------------
Rsync completed on Projects at Thu May 14 14:09:39 CDT 2020 with code of 0
----------------------------------------------------------------
Rsync completed on Transfer at Thu May 14 14:09:39 CDT 2020 with code of 0
----------------------------------------------------------------
Rsync completed on Uploads at Thu May 14 14:09:40 CDT 2020 with code of 0
----------------------------------------------------------------
Rsync completed on YouTube at Thu May 14 14:09:40 CDT 2020 with code of 0
------------------------------done------------------------------
-----------------------------start------------------------------
Thu May 14 15:00:01 CDT 2020 kile-deb2 rsync backup
-----Creating incremental backup of /mnt/user/
to root@192.168.2.202:/mnt/user/backups/KILE-NAS1/2020-05-14.15
-----excluding the following folders:
appdata domains Archive Backups Cache Downloads Emulation Movies Plex Projects system Temporary Transfer Uploads YouTube
----------------------------------------------------------------
Rsync completed at Thu May 14 15:02:44 CDT 2020 with code of 0
du: cannot access '/mnt/disk*/Backups/KILE-NAS1/2020-05-14.14': No such file or directory
du: cannot access '/mnt/disk*/Backups/KILE-NAS1/current': No such file or directory
numfmt: invalid number: ‘’
Snapshot 2020-05-14.15 has total size of:

bash: line 0: [: missing `]'
----------------------------------------------------------------
-----Synchronizing the following folders
Archive Backups Downloads Emulation Plex Projects Transfer Uploads YouTube
-----from /mnt/user/ to root@192.168.2.202:/mnt/user/backups/KILE-NAS1/sync
----------------------------------------------------------------
Rsync completed on Archive at Thu May 14 15:03:32 CDT 2020 with code of 0
----------------------------------------------------------------
Rsync completed on Backups at Thu May 14 15:03:32 CDT 2020 with code of 0
----------------------------------------------------------------
Rsync completed on Downloads at Thu May 14 15:03:40 CDT 2020 with code of 0
----------------------------------------------------------------
Rsync completed on Emulation at Thu May 14 15:03:51 CDT 2020 with code of 0
----------------------------------------------------------------
Rsync completed on Plex at Thu May 14 15:09:32 CDT 2020 with code of 0
----------------------------------------------------------------
Rsync completed on Projects at Thu May 14 15:09:35 CDT 2020 with code of 0
----------------------------------------------------------------
Rsync completed on Transfer at Thu May 14 15:09:35 CDT 2020 with code of 0
----------------------------------------------------------------
Rsync completed on Uploads at Thu May 14 15:09:35 CDT 2020 with code of 0
----------------------------------------------------------------
Rsync completed on YouTube at Thu May 14 15:09:36 CDT 2020 with code of 0
------------------------------done------------------------------
-----------------------------start------------------------------
Thu May 14 16:00:01 CDT 2020 kile-deb2 rsync backup
-----Creating incremental backup of /mnt/user/
to root@192.168.2.202:/mnt/user/backups/KILE-NAS1/2020-05-14.16
-----excluding the following folders:
appdata domains Archive Backups Cache Downloads Emulation Movies Plex Projects system Temporary Transfer Uploads YouTube
----------------------------------------------------------------
Rsync completed at Thu May 14 16:02:05 CDT 2020 with code of 0
du: cannot access '/mnt/disk*/Backups/KILE-NAS1/2020-05-14.15': No such file or directory
du: cannot access '/mnt/disk*/Backups/KILE-NAS1/current': No such file or directory
numfmt: invalid number: ‘’
Snapshot 2020-05-14.16 has total size of:

bash: line 0: [: missing `]'
----------------------------------------------------------------
-----Synchronizing the following folders
Archive Backups Downloads Emulation Plex Projects Transfer Uploads YouTube
-----from /mnt/user/ to root@192.168.2.202:/mnt/user/backups/KILE-NAS1/sync
----------------------------------------------------------------
Rsync completed on Archive at Thu May 14 16:02:54 CDT 2020 with code of 0
----------------------------------------------------------------
Rsync completed on Backups at Thu May 14 16:02:54 CDT 2020 with code of 0
----------------------------------------------------------------
Rsync completed on Downloads at Thu May 14 16:02:58 CDT 2020 with code of 0
----------------------------------------------------------------
Rsync completed on Emulation at Thu May 14 16:03:10 CDT 2020 with code of 0
----------------------------------------------------------------
Rsync completed on Plex at Thu May 14 16:09:05 CDT 2020 with code of 0
----------------------------------------------------------------
Rsync completed on Projects at Thu May 14 16:09:08 CDT 2020 with code of 0
----------------------------------------------------------------
Rsync completed on Transfer at Thu May 14 16:09:08 CDT 2020 with code of 0
----------------------------------------------------------------
Rsync completed on Uploads at Thu May 14 16:09:09 CDT 2020 with code of 0
----------------------------------------------------------------
Rsync completed on YouTube at Thu May 14 16:09:09 CDT 2020 with code of 0
------------------------------done------------------------------
-----------------------------start------------------------------
Thu May 14 17:00:01 CDT 2020 kile-deb2 rsync backup
-----Creating incremental backup of /mnt/user/
to root@192.168.2.202:/mnt/user/backups/KILE-NAS1/2020-05-14.17
-----excluding the following folders:
appdata domains Archive Backups Cache Downloads Emulation Movies Plex Projects system Temporary Transfer Uploads YouTube
----------------------------------------------------------------
Rsync completed at Thu May 14 17:02:24 CDT 2020 with code of 0
du: cannot access '/mnt/disk*/Backups/KILE-NAS1/2020-05-14.16': No such file or directory
du: cannot access '/mnt/disk*/Backups/KILE-NAS1/current': No such file or directory
numfmt: invalid number: ‘’
Snapshot 2020-05-14.17 has total size of:

bash: line 0: [: missing `]'
----------------------------------------------------------------
-----Synchronizing the following folders
Archive Backups Downloads Emulation Plex Projects Transfer Uploads YouTube
-----from /mnt/user/ to root@192.168.2.202:/mnt/user/backups/KILE-NAS1/sync
----------------------------------------------------------------
Rsync completed on Archive at Thu May 14 17:03:12 CDT 2020 with code of 0
----------------------------------------------------------------
Rsync completed on Backups at Thu May 14 17:03:12 CDT 2020 with code of 0
----------------------------------------------------------------
Rsync completed on Downloads at Thu May 14 17:03:17 CDT 2020 with code of 0
----------------------------------------------------------------
Rsync completed on Emulation at Thu May 14 17:03:28 CDT 2020 with code of 0
----------------------------------------------------------------
Rsync completed on Plex at Thu May 14 17:09:16 CDT 2020 with code of 0
----------------------------------------------------------------
Rsync completed on Projects at Thu May 14 17:09:19 CDT 2020 with code of 0
----------------------------------------------------------------
Rsync completed on Transfer at Thu May 14 17:09:20 CDT 2020 with code of 0
----------------------------------------------------------------
Rsync completed on Uploads at Thu May 14 17:09:20 CDT 2020 with code of 0
----------------------------------------------------------------
Rsync completed on YouTube at Thu May 14 17:09:20 CDT 2020 with code of 0
------------------------------done------------------------------
-----------------------------start------------------------------
Thu May 14 18:00:01 CDT 2020 kile-deb2 rsync backup
-----Creating incremental backup of /mnt/user/
to root@192.168.2.202:/mnt/user/backups/KILE-NAS1/2020-05-14.18
-----excluding the following folders:
appdata domains Archive Backups Cache Downloads Emulation Movies Plex Projects system Temporary Transfer Uploads YouTube
----------------------------------------------------------------
Rsync completed at Thu May 14 18:01:57 CDT 2020 with code of 0
du: cannot access '/mnt/disk*/Backups/KILE-NAS1/2020-05-14.17': No such file or directory
du: cannot access '/mnt/disk*/Backups/KILE-NAS1/current': No such file or directory
numfmt: invalid number: ‘’
Snapshot 2020-05-14.18 has total size of:

bash: line 0: [: missing `]'
----------------------------------------------------------------
-----Synchronizing the following folders
Archive Backups Downloads Emulation Plex Projects Transfer Uploads YouTube
-----from /mnt/user/ to root@192.168.2.202:/mnt/user/backups/KILE-NAS1/sync
----------------------------------------------------------------
Rsync completed on Archive at Thu May 14 18:02:45 CDT 2020 with code of 0
----------------------------------------------------------------
Rsync completed on Backups at Thu May 14 18:02:45 CDT 2020 with code of 0
----------------------------------------------------------------
Rsync completed on Downloads at Thu May 14 18:02:47 CDT 2020 with code of 0
----------------------------------------------------------------
Rsync completed on Emulation at Thu May 14 18:02:59 CDT 2020 with code of 0
----------------------------------------------------------------
Rsync completed on Plex at Thu May 14 18:08:43 CDT 2020 with code of 0
----------------------------------------------------------------
Rsync completed on Projects at Thu May 14 18:08:46 CDT 2020 with code of 0
----------------------------------------------------------------
Rsync completed on Transfer at Thu May 14 18:08:46 CDT 2020 with code of 0
----------------------------------------------------------------
Rsync completed on Uploads at Thu May 14 18:08:47 CDT 2020 with code of 0
----------------------------------------------------------------
Rsync completed on YouTube at Thu May 14 18:08:47 CDT 2020 with code of 0
------------------------------done------------------------------
-----------------------------start------------------------------
Thu May 14 19:00:01 CDT 2020 kile-deb2 rsync backup
-----Creating incremental backup of /mnt/user/
to root@192.168.2.202:/mnt/user/backups/KILE-NAS1/2020-05-14.19
-----excluding the following folders:
appdata domains Archive Backups Cache Downloads Emulation Movies Plex Projects system Temporary Transfer Uploads YouTube
----------------------------------------------------------------
Rsync completed at Thu May 14 19:02:40 CDT 2020 with code of 0
du: cannot access '/mnt/disk*/Backups/KILE-NAS1/2020-05-14.18': No such file or directory
du: cannot access '/mnt/disk*/Backups/KILE-NAS1/current': No such file or directory
numfmt: invalid number: ‘’
Snapshot 2020-05-14.19 has total size of:

bash: line 0: [: missing `]'
----------------------------------------------------------------
-----Synchronizing the following folders
Archive Backups Downloads Emulation Plex Projects Transfer Uploads YouTube
-----from /mnt/user/ to root@192.168.2.202:/mnt/user/backups/KILE-NAS1/sync
----------------------------------------------------------------
Rsync completed on Archive at Thu May 14 19:03:29 CDT 2020 with code of 0
----------------------------------------------------------------
Rsync completed on Backups at Thu May 14 19:03:29 CDT 2020 with code of 0
----------------------------------------------------------------
Rsync completed on Downloads at Thu May 14 19:03:36 CDT 2020 with code of 0
----------------------------------------------------------------
Rsync completed on Emulation at Thu May 14 19:03:48 CDT 2020 with code of 0
----------------------------------------------------------------
Rsync completed on Plex at Thu May 14 19:09:45 CDT 2020 with code of 0
----------------------------------------------------------------
Rsync completed on Projects at Thu May 14 19:09:49 CDT 2020 with code of 0
----------------------------------------------------------------
Rsync completed on Transfer at Thu May 14 19:09:49 CDT 2020 with code of 0
----------------------------------------------------------------
Rsync completed on Uploads at Thu May 14 19:09:49 CDT 2020 with code of 0
----------------------------------------------------------------
Rsync completed on YouTube at Thu May 14 19:09:50 CDT 2020 with code of 0
------------------------------done------------------------------
-----------------------------start------------------------------
Thu May 14 23:00:01 CDT 2020 kile-deb2 rsync backup
-----Creating incremental backup of /mnt/user/
to root@192.168.2.202:/mnt/user/backups/KILE-NAS1/2020-05-14.23
-----excluding the following folders:
appdata domains Archive Backups Cache Downloads Emulation Movies Plex Projects system Temporary Transfer Uploads YouTube
----------------------------------------------------------------
Rsync completed at Thu May 14 23:02:51 CDT 2020 with code of 0
du: cannot access '/mnt/disk*/Backups/KILE-NAS1/2020-05-14.19': No such file or directory
du: cannot access '/mnt/disk*/Backups/KILE-NAS1/current': No such file or directory
numfmt: invalid number: ‘’
Snapshot 2020-05-14.23 has total size of:

bash: line 0: [: missing `]'
----------------------------------------------------------------
-----Synchronizing the following folders
Archive Backups Downloads Emulation Plex Projects Transfer Uploads YouTube
-----from /mnt/user/ to root@192.168.2.202:/mnt/user/backups/KILE-NAS1/sync
----------------------------------------------------------------
Rsync completed on Archive at Thu May 14 23:04:05 CDT 2020 with code of 0
----------------------------------------------------------------
Rsync completed on Backups at Thu May 14 23:04:06 CDT 2020 with code of 0
----------------------------------------------------------------
Rsync completed on Downloads at Thu May 14 23:06:08 CDT 2020 with code of 0
----------------------------------------------------------------
Rsync completed on Emulation at Thu May 14 23:06:23 CDT 2020 with code of 0
----------------------------------------------------------------
Rsync completed on Plex at Thu May 14 23:14:31 CDT 2020 with code of 0
----------------------------------------------------------------
Rsync completed on Projects at Thu May 14 23:14:36 CDT 2020 with code of 0
----------------------------------------------------------------
Rsync completed on Transfer at Thu May 14 23:14:36 CDT 2020 with code of 0
----------------------------------------------------------------
Rsync completed on Uploads at Thu May 14 23:14:37 CDT 2020 with code of 0
----------------------------------------------------------------
Rsync completed on YouTube at Thu May 14 23:14:38 CDT 2020 with code of 0
------------------------------done------------------------------
