-----------------------------start------------------------------
Wed May 27 00:00:01 CDT 2020 kile-deb2 rsync cleanup
----------------------------------------------------------------
Beginning rsync hourly cleanup at Wed May 27 00:00:01 CDT 2020
90
Checking for /mnt/user/Backups/KILE-NAS1/2020-02-26
89
Checking for /mnt/user/Backups/KILE-NAS1/2020-02-27
88
Checking for /mnt/user/Backups/KILE-NAS1/2020-02-28
87
Checking for /mnt/user/Backups/KILE-NAS1/2020-02-29
86
Checking for /mnt/user/Backups/KILE-NAS1/2020-03-01
85
Checking for /mnt/user/Backups/KILE-NAS1/2020-03-02
84
Checking for /mnt/user/Backups/KILE-NAS1/2020-03-03
83
Checking for /mnt/user/Backups/KILE-NAS1/2020-03-04
82
Checking for /mnt/user/Backups/KILE-NAS1/2020-03-05
81
Checking for /mnt/user/Backups/KILE-NAS1/2020-03-06
80
Checking for /mnt/user/Backups/KILE-NAS1/2020-03-07
79
Checking for /mnt/user/Backups/KILE-NAS1/2020-03-09
78
Checking for /mnt/user/Backups/KILE-NAS1/2020-03-10
77
Checking for /mnt/user/Backups/KILE-NAS1/2020-03-11
76
Checking for /mnt/user/Backups/KILE-NAS1/2020-03-12
75
Checking for /mnt/user/Backups/KILE-NAS1/2020-03-13
74
Checking for /mnt/user/Backups/KILE-NAS1/2020-03-14
73
Checking for /mnt/user/Backups/KILE-NAS1/2020-03-15
72
Checking for /mnt/user/Backups/KILE-NAS1/2020-03-16
71
Checking for /mnt/user/Backups/KILE-NAS1/2020-03-17
70
Checking for /mnt/user/Backups/KILE-NAS1/2020-03-18
69
Checking for /mnt/user/Backups/KILE-NAS1/2020-03-19
68
Checking for /mnt/user/Backups/KILE-NAS1/2020-03-20
67
Checking for /mnt/user/Backups/KILE-NAS1/2020-03-21
66
Checking for /mnt/user/Backups/KILE-NAS1/2020-03-22
65
Checking for /mnt/user/Backups/KILE-NAS1/2020-03-23
64
Checking for /mnt/user/Backups/KILE-NAS1/2020-03-24
63
Checking for /mnt/user/Backups/KILE-NAS1/2020-03-25
62
Checking for /mnt/user/Backups/KILE-NAS1/2020-03-26
61
Checking for /mnt/user/Backups/KILE-NAS1/2020-03-27
60
Checking for /mnt/user/Backups/KILE-NAS1/2020-03-28
59
Checking for /mnt/user/Backups/KILE-NAS1/2020-03-29
58
Checking for /mnt/user/Backups/KILE-NAS1/2020-03-30
57
Checking for /mnt/user/Backups/KILE-NAS1/2020-03-31
56
Checking for /mnt/user/Backups/KILE-NAS1/2020-04-01
55
Checking for /mnt/user/Backups/KILE-NAS1/2020-04-02
54
Checking for /mnt/user/Backups/KILE-NAS1/2020-04-03
53
Checking for /mnt/user/Backups/KILE-NAS1/2020-04-04
52
Checking for /mnt/user/Backups/KILE-NAS1/2020-04-05
51
Checking for /mnt/user/Backups/KILE-NAS1/2020-04-06
50
Checking for /mnt/user/Backups/KILE-NAS1/2020-04-07
49
Checking for /mnt/user/Backups/KILE-NAS1/2020-04-08
48
Checking for /mnt/user/Backups/KILE-NAS1/2020-04-09
47
Checking for /mnt/user/Backups/KILE-NAS1/2020-04-10
46
Checking for /mnt/user/Backups/KILE-NAS1/2020-04-11
45
Checking for /mnt/user/Backups/KILE-NAS1/2020-04-12
44
Checking for /mnt/user/Backups/KILE-NAS1/2020-04-13
43
Checking for /mnt/user/Backups/KILE-NAS1/2020-04-14
42
Checking for /mnt/user/Backups/KILE-NAS1/2020-04-15
41
Checking for /mnt/user/Backups/KILE-NAS1/2020-04-16
40
Checking for /mnt/user/Backups/KILE-NAS1/2020-04-17
39
Checking for /mnt/user/Backups/KILE-NAS1/2020-04-18
38
Checking for /mnt/user/Backups/KILE-NAS1/2020-04-19
37
Checking for /mnt/user/Backups/KILE-NAS1/2020-04-20
36
Checking for /mnt/user/Backups/KILE-NAS1/2020-04-21
35
Checking for /mnt/user/Backups/KILE-NAS1/2020-04-22
34
Checking for /mnt/user/Backups/KILE-NAS1/2020-04-23
33
Checking for /mnt/user/Backups/KILE-NAS1/2020-04-24
32
Checking for /mnt/user/Backups/KILE-NAS1/2020-04-25
31
Checking for /mnt/user/Backups/KILE-NAS1/2020-04-26
30
Checking for /mnt/user/Backups/KILE-NAS1/2020-04-27
29
Checking for /mnt/user/Backups/KILE-NAS1/2020-04-28
28
Checking for /mnt/user/Backups/KILE-NAS1/2020-04-29
27
Checking for /mnt/user/Backups/KILE-NAS1/2020-04-30
26
Checking for /mnt/user/Backups/KILE-NAS1/2020-05-01
25
Checking for /mnt/user/Backups/KILE-NAS1/2020-05-02
24
Checking for /mnt/user/Backups/KILE-NAS1/2020-05-03
23
Checking for /mnt/user/Backups/KILE-NAS1/2020-05-04
22
Checking for /mnt/user/Backups/KILE-NAS1/2020-05-05
21
Checking for /mnt/user/Backups/KILE-NAS1/2020-05-06
20
Checking for /mnt/user/Backups/KILE-NAS1/2020-05-07
19
Checking for /mnt/user/Backups/KILE-NAS1/2020-05-08
18
Checking for /mnt/user/Backups/KILE-NAS1/2020-05-09
17
Checking for /mnt/user/Backups/KILE-NAS1/2020-05-10
16
Checking for /mnt/user/Backups/KILE-NAS1/2020-05-11
15
Checking for /mnt/user/Backups/KILE-NAS1/2020-05-12
14
Checking for /mnt/user/Backups/KILE-NAS1/2020-05-13
13
Checking for /mnt/user/Backups/KILE-NAS1/2020-05-14
12
Checking for /mnt/user/Backups/KILE-NAS1/2020-05-15
11
Checking for /mnt/user/Backups/KILE-NAS1/2020-05-16
10
Checking for /mnt/user/Backups/KILE-NAS1/2020-05-17
9
Checking for /mnt/user/Backups/KILE-NAS1/2020-05-18
8
Checking for /mnt/user/Backups/KILE-NAS1/2020-05-19
7
Checking for /mnt/user/Backups/KILE-NAS1/2020-05-20
6
Checking for /mnt/user/Backups/KILE-NAS1/2020-05-21
5
Checking for /mnt/user/Backups/KILE-NAS1/2020-05-22
4
Checking for /mnt/user/Backups/KILE-NAS1/2020-05-23
3
Checking for /mnt/user/Backups/KILE-NAS1/2020-05-24
----------------------------------------------------------------
Beginning rsync daily cleanup at Wed May 27 00:00:17 CDT 2020
----------------------------------------------------------------
Beginning rsync monthly cleanup at Wed May 27 00:01:03 CDT 2020
------------------------------done------------------------------
