-----------------------------start------------------------------
Wed May 13 00:00:11 CDT 2020 kile-deb2 rsync cleanup
----------------------------------------------------------------
Beginning rsync hourly cleanup at Wed May 13 00:00:11 CDT 2020
90
Checking for /mnt/user/Backups/KILE-NAS1/2020-02-12
89
Checking for /mnt/user/Backups/KILE-NAS1/2020-02-13
88
Checking for /mnt/user/Backups/KILE-NAS1/2020-02-14
87
Checking for /mnt/user/Backups/KILE-NAS1/2020-02-15
86
Checking for /mnt/user/Backups/KILE-NAS1/2020-02-16
85
Checking for /mnt/user/Backups/KILE-NAS1/2020-02-17
84
Checking for /mnt/user/Backups/KILE-NAS1/2020-02-18
83
Checking for /mnt/user/Backups/KILE-NAS1/2020-02-19
82
Checking for /mnt/user/Backups/KILE-NAS1/2020-02-20
81
Checking for /mnt/user/Backups/KILE-NAS1/2020-02-21
80
Checking for /mnt/user/Backups/KILE-NAS1/2020-02-22
79
Checking for /mnt/user/Backups/KILE-NAS1/2020-02-23
78
Checking for /mnt/user/Backups/KILE-NAS1/2020-02-24
77
Checking for /mnt/user/Backups/KILE-NAS1/2020-02-25
76
Checking for /mnt/user/Backups/KILE-NAS1/2020-02-26
75
Checking for /mnt/user/Backups/KILE-NAS1/2020-02-27
74
Checking for /mnt/user/Backups/KILE-NAS1/2020-02-28
73
Checking for /mnt/user/Backups/KILE-NAS1/2020-02-29
72
Checking for /mnt/user/Backups/KILE-NAS1/2020-03-01
71
Checking for /mnt/user/Backups/KILE-NAS1/2020-03-02
70
Checking for /mnt/user/Backups/KILE-NAS1/2020-03-03
69
Checking for /mnt/user/Backups/KILE-NAS1/2020-03-04
68
Checking for /mnt/user/Backups/KILE-NAS1/2020-03-05
67
Checking for /mnt/user/Backups/KILE-NAS1/2020-03-06
66
Checking for /mnt/user/Backups/KILE-NAS1/2020-03-07
65
Checking for /mnt/user/Backups/KILE-NAS1/2020-03-09
64
Checking for /mnt/user/Backups/KILE-NAS1/2020-03-10
63
Checking for /mnt/user/Backups/KILE-NAS1/2020-03-11
62
Checking for /mnt/user/Backups/KILE-NAS1/2020-03-12
61
Checking for /mnt/user/Backups/KILE-NAS1/2020-03-13
60
Checking for /mnt/user/Backups/KILE-NAS1/2020-03-14
59
Checking for /mnt/user/Backups/KILE-NAS1/2020-03-15
58
Checking for /mnt/user/Backups/KILE-NAS1/2020-03-16
57
Checking for /mnt/user/Backups/KILE-NAS1/2020-03-17
56
Checking for /mnt/user/Backups/KILE-NAS1/2020-03-18
55
Checking for /mnt/user/Backups/KILE-NAS1/2020-03-19
54
Checking for /mnt/user/Backups/KILE-NAS1/2020-03-20
53
Checking for /mnt/user/Backups/KILE-NAS1/2020-03-21
52
Checking for /mnt/user/Backups/KILE-NAS1/2020-03-22
51
Checking for /mnt/user/Backups/KILE-NAS1/2020-03-23
50
Checking for /mnt/user/Backups/KILE-NAS1/2020-03-24
49
Checking for /mnt/user/Backups/KILE-NAS1/2020-03-25
48
Checking for /mnt/user/Backups/KILE-NAS1/2020-03-26
47
Checking for /mnt/user/Backups/KILE-NAS1/2020-03-27
46
Checking for /mnt/user/Backups/KILE-NAS1/2020-03-28
45
Checking for /mnt/user/Backups/KILE-NAS1/2020-03-29
44
Checking for /mnt/user/Backups/KILE-NAS1/2020-03-30
43
Checking for /mnt/user/Backups/KILE-NAS1/2020-03-31
42
Checking for /mnt/user/Backups/KILE-NAS1/2020-04-01
41
Checking for /mnt/user/Backups/KILE-NAS1/2020-04-02
40
Checking for /mnt/user/Backups/KILE-NAS1/2020-04-03
39
Checking for /mnt/user/Backups/KILE-NAS1/2020-04-04
38
Checking for /mnt/user/Backups/KILE-NAS1/2020-04-05
37
Checking for /mnt/user/Backups/KILE-NAS1/2020-04-06
36
Checking for /mnt/user/Backups/KILE-NAS1/2020-04-07
35
Checking for /mnt/user/Backups/KILE-NAS1/2020-04-08
34
Checking for /mnt/user/Backups/KILE-NAS1/2020-04-09
33
Checking for /mnt/user/Backups/KILE-NAS1/2020-04-10
32
Checking for /mnt/user/Backups/KILE-NAS1/2020-04-11
31
Checking for /mnt/user/Backups/KILE-NAS1/2020-04-12
30
Checking for /mnt/user/Backups/KILE-NAS1/2020-04-13
29
Checking for /mnt/user/Backups/KILE-NAS1/2020-04-14
28
Checking for /mnt/user/Backups/KILE-NAS1/2020-04-15
27
Checking for /mnt/user/Backups/KILE-NAS1/2020-04-16
26
Checking for /mnt/user/Backups/KILE-NAS1/2020-04-17
25
Checking for /mnt/user/Backups/KILE-NAS1/2020-04-18
24
Checking for /mnt/user/Backups/KILE-NAS1/2020-04-19
23
Checking for /mnt/user/Backups/KILE-NAS1/2020-04-20
22
Checking for /mnt/user/Backups/KILE-NAS1/2020-04-21
21
Checking for /mnt/user/Backups/KILE-NAS1/2020-04-22
20
Checking for /mnt/user/Backups/KILE-NAS1/2020-04-23
19
Checking for /mnt/user/Backups/KILE-NAS1/2020-04-24
18
Checking for /mnt/user/Backups/KILE-NAS1/2020-04-25
17
Checking for /mnt/user/Backups/KILE-NAS1/2020-04-26
16
Checking for /mnt/user/Backups/KILE-NAS1/2020-04-27
15
Checking for /mnt/user/Backups/KILE-NAS1/2020-04-28
14
Checking for /mnt/user/Backups/KILE-NAS1/2020-04-29
13
Checking for /mnt/user/Backups/KILE-NAS1/2020-04-30
12
Checking for /mnt/user/Backups/KILE-NAS1/2020-05-01
11
Checking for /mnt/user/Backups/KILE-NAS1/2020-05-02
10
Checking for /mnt/user/Backups/KILE-NAS1/2020-05-03
9
Checking for /mnt/user/Backups/KILE-NAS1/2020-05-04
8
Checking for /mnt/user/Backups/KILE-NAS1/2020-05-05
7
Checking for /mnt/user/Backups/KILE-NAS1/2020-05-06
6
Checking for /mnt/user/Backups/KILE-NAS1/2020-05-07
5
Checking for /mnt/user/Backups/KILE-NAS1/2020-05-08
4
Checking for /mnt/user/Backups/KILE-NAS1/2020-05-09
3
Checking for /mnt/user/Backups/KILE-NAS1/2020-05-10
----------------------------------------------------------------
Beginning rsync daily cleanup at Wed May 13 00:00:26 CDT 2020
----------------------------------------------------------------
Beginning rsync monthly cleanup at Wed May 13 00:01:15 CDT 2020
------------------------------done------------------------------
