-----------------------------start------------------------------
Fri May 15 02:00:01 CDT 2020 kile-deb2 rsync backup
-----Creating incremental backup of /mnt/user/
to root@192.168.2.202:/mnt/user/backups/KILE-NAS1/2020-05-15.02
-----excluding the following folders:
appdata domains Archive Backups Cache Downloads Emulation Movies Plex Projects system Temporary Transfer Uploads YouTube
----------------------------------------------------------------
Rsync completed at Fri May 15 02:03:38 CDT 2020 with code of 0
du: cannot access '/mnt/disk*/Backups/KILE-NAS1/2020-05-14.23': No such file or directory
du: cannot access '/mnt/disk*/Backups/KILE-NAS1/current': No such file or directory
numfmt: invalid number: ‘’
Snapshot 2020-05-15.02 has total size of:

bash: line 0: [: missing `]'
----------------------------------------------------------------
-----Synchronizing the following folders
Archive Backups Downloads Emulation Plex Projects Transfer Uploads YouTube
-----from /mnt/user/ to root@192.168.2.202:/mnt/user/backups/KILE-NAS1/sync
----------------------------------------------------------------
Rsync completed on Archive at Fri May 15 02:04:50 CDT 2020 with code of 0
----------------------------------------------------------------
Rsync completed on Backups at Fri May 15 02:29:40 CDT 2020 with code of 0
----------------------------------------------------------------
Rsync completed on Downloads at Fri May 15 02:37:45 CDT 2020 with code of 0
----------------------------------------------------------------
Rsync completed on Emulation at Fri May 15 02:38:00 CDT 2020 with code of 0
----------------------------------------------------------------
Rsync completed on Plex at Fri May 15 02:45:09 CDT 2020 with code of 0
----------------------------------------------------------------
Rsync completed on Projects at Fri May 15 02:45:15 CDT 2020 with code of 0
----------------------------------------------------------------
Rsync completed on Transfer at Fri May 15 02:45:16 CDT 2020 with code of 0
----------------------------------------------------------------
Rsync completed on Uploads at Fri May 15 02:45:17 CDT 2020 with code of 0
----------------------------------------------------------------
Rsync completed on YouTube at Fri May 15 02:45:18 CDT 2020 with code of 0
------------------------------done------------------------------
-----------------------------start------------------------------
Fri May 15 07:00:01 CDT 2020 kile-deb2 rsync backup
-----Creating incremental backup of /mnt/user/
to root@192.168.2.202:/mnt/user/backups/KILE-NAS1/2020-05-15.07
-----excluding the following folders:
appdata domains Archive Backups Cache Downloads Emulation Movies Plex Projects system Temporary Transfer Uploads YouTube
----------------------------------------------------------------
Rsync completed at Fri May 15 07:04:58 CDT 2020 with code of 0
du: cannot access '/mnt/disk*/Backups/KILE-NAS1/2020-05-15.02': No such file or directory
du: cannot access '/mnt/disk*/Backups/KILE-NAS1/current': No such file or directory
numfmt: invalid number: ‘’
Snapshot 2020-05-15.07 has total size of:

bash: line 0: [: missing `]'
----------------------------------------------------------------
-----Synchronizing the following folders
Archive Backups Downloads Emulation Plex Projects Transfer Uploads YouTube
-----from /mnt/user/ to root@192.168.2.202:/mnt/user/backups/KILE-NAS1/sync
----------------------------------------------------------------
Rsync completed on Archive at Fri May 15 07:06:42 CDT 2020 with code of 0
----------------------------------------------------------------
Rsync completed on Backups at Fri May 15 07:06:42 CDT 2020 with code of 0
----------------------------------------------------------------
Rsync completed on Downloads at Fri May 15 07:06:47 CDT 2020 with code of 0
----------------------------------------------------------------
Rsync completed on Emulation at Fri May 15 07:07:03 CDT 2020 with code of 0
----------------------------------------------------------------
Rsync completed on Plex at Fri May 15 07:13:53 CDT 2020 with code of 0
----------------------------------------------------------------
Rsync completed on Projects at Fri May 15 07:13:59 CDT 2020 with code of 0
----------------------------------------------------------------
Rsync completed on Transfer at Fri May 15 07:13:59 CDT 2020 with code of 0
----------------------------------------------------------------
Rsync completed on Uploads at Fri May 15 07:14:00 CDT 2020 with code of 0
----------------------------------------------------------------
Rsync completed on YouTube at Fri May 15 07:14:00 CDT 2020 with code of 0
------------------------------done------------------------------
-----------------------------start------------------------------
Fri May 15 09:00:02 CDT 2020 kile-deb2 rsync backup
-----Creating incremental backup of /mnt/user/
to root@192.168.2.202:/mnt/user/backups/KILE-NAS1/2020-05-15.09
-----excluding the following folders:
appdata domains Archive Backups Cache Downloads Emulation Movies Plex Projects system Temporary Transfer Uploads YouTube
----------------------------------------------------------------
Rsync completed at Fri May 15 09:03:00 CDT 2020 with code of 0
du: cannot access '/mnt/disk*/Backups/KILE-NAS1/2020-05-15.07': No such file or directory
du: cannot access '/mnt/disk*/Backups/KILE-NAS1/current': No such file or directory
numfmt: invalid number: ‘’
Snapshot 2020-05-15.09 has total size of:

bash: line 0: [: missing `]'
----------------------------------------------------------------
-----Synchronizing the following folders
Archive Backups Downloads Emulation Plex Projects Transfer Uploads YouTube
-----from /mnt/user/ to root@192.168.2.202:/mnt/user/backups/KILE-NAS1/sync
----------------------------------------------------------------
Rsync completed on Archive at Fri May 15 09:03:48 CDT 2020 with code of 0
----------------------------------------------------------------
Rsync completed on Backups at Fri May 15 09:03:48 CDT 2020 with code of 0
----------------------------------------------------------------
Rsync completed on Downloads at Fri May 15 09:03:50 CDT 2020 with code of 0
----------------------------------------------------------------
Rsync completed on Emulation at Fri May 15 09:04:01 CDT 2020 with code of 0
----------------------------------------------------------------
Rsync completed on Plex at Fri May 15 09:09:40 CDT 2020 with code of 0
----------------------------------------------------------------
Rsync completed on Projects at Fri May 15 09:09:43 CDT 2020 with code of 0
----------------------------------------------------------------
Rsync completed on Transfer at Fri May 15 09:09:43 CDT 2020 with code of 0
----------------------------------------------------------------
Rsync completed on Uploads at Fri May 15 09:09:43 CDT 2020 with code of 0
----------------------------------------------------------------
Rsync completed on YouTube at Fri May 15 09:09:44 CDT 2020 with code of 0
------------------------------done------------------------------
-----------------------------start------------------------------
Fri May 15 10:00:02 CDT 2020 kile-deb2 rsync backup
-----Creating incremental backup of /mnt/user/
to root@192.168.2.202:/mnt/user/backups/KILE-NAS1/2020-05-15.10
-----excluding the following folders:
appdata domains Archive Backups Cache Downloads Emulation Movies Plex Projects system Temporary Transfer Uploads YouTube
----------------------------------------------------------------
Rsync completed at Fri May 15 10:11:40 CDT 2020 with code of 0
du: cannot access '/mnt/disk*/Backups/KILE-NAS1/2020-05-15.09': No such file or directory
du: cannot access '/mnt/disk*/Backups/KILE-NAS1/current': No such file or directory
numfmt: invalid number: ‘’
Snapshot 2020-05-15.10 has total size of:

bash: line 0: [: missing `]'
----------------------------------------------------------------
-----Synchronizing the following folders
Archive Backups Downloads Emulation Plex Projects Transfer Uploads YouTube
-----from /mnt/user/ to root@192.168.2.202:/mnt/user/backups/KILE-NAS1/sync
----------------------------------------------------------------
Rsync completed on Archive at Fri May 15 10:12:52 CDT 2020 with code of 0
----------------------------------------------------------------
Rsync completed on Backups at Fri May 15 10:12:52 CDT 2020 with code of 0
----------------------------------------------------------------
Rsync completed on Downloads at Fri May 15 10:12:59 CDT 2020 with code of 0
----------------------------------------------------------------
Rsync completed on Emulation at Fri May 15 10:13:13 CDT 2020 with code of 0
----------------------------------------------------------------
Rsync completed on Plex at Fri May 15 10:19:42 CDT 2020 with code of 0
----------------------------------------------------------------
Rsync completed on Projects at Fri May 15 10:19:45 CDT 2020 with code of 0
----------------------------------------------------------------
Rsync completed on Transfer at Fri May 15 10:19:45 CDT 2020 with code of 0
----------------------------------------------------------------
Rsync completed on Uploads at Fri May 15 10:19:45 CDT 2020 with code of 0
----------------------------------------------------------------
Rsync completed on YouTube at Fri May 15 10:19:46 CDT 2020 with code of 0
------------------------------done------------------------------
-----------------------------start------------------------------
Fri May 15 11:00:01 CDT 2020 kile-deb2 rsync backup
-----Creating incremental backup of /mnt/user/
to root@192.168.2.202:/mnt/user/backups/KILE-NAS1/2020-05-15.11
-----excluding the following folders:
appdata domains Archive Backups Cache Downloads Emulation Movies Plex Projects system Temporary Transfer Uploads YouTube
----------------------------------------------------------------
Rsync completed at Fri May 15 11:03:36 CDT 2020 with code of 0
du: cannot access '/mnt/disk*/Backups/KILE-NAS1/2020-05-15.10': No such file or directory
du: cannot access '/mnt/disk*/Backups/KILE-NAS1/current': No such file or directory
numfmt: invalid number: ‘’
Snapshot 2020-05-15.11 has total size of:

bash: line 0: [: missing `]'
----------------------------------------------------------------
-----Synchronizing the following folders
Archive Backups Downloads Emulation Plex Projects Transfer Uploads YouTube
-----from /mnt/user/ to root@192.168.2.202:/mnt/user/backups/KILE-NAS1/sync
----------------------------------------------------------------
Rsync completed on Archive at Fri May 15 11:04:24 CDT 2020 with code of 0
----------------------------------------------------------------
Rsync completed on Backups at Fri May 15 11:04:24 CDT 2020 with code of 0
----------------------------------------------------------------
Rsync completed on Downloads at Fri May 15 11:04:27 CDT 2020 with code of 0
----------------------------------------------------------------
Rsync completed on Emulation at Fri May 15 11:04:38 CDT 2020 with code of 0
----------------------------------------------------------------
Rsync completed on Plex at Fri May 15 11:10:30 CDT 2020 with code of 0
----------------------------------------------------------------
Rsync completed on Projects at Fri May 15 11:10:33 CDT 2020 with code of 0
----------------------------------------------------------------
Rsync completed on Transfer at Fri May 15 11:10:33 CDT 2020 with code of 0
----------------------------------------------------------------
Rsync completed on Uploads at Fri May 15 11:10:34 CDT 2020 with code of 0
----------------------------------------------------------------
Rsync completed on YouTube at Fri May 15 11:10:34 CDT 2020 with code of 0
------------------------------done------------------------------
-----------------------------start------------------------------
Fri May 15 12:00:01 CDT 2020 kile-deb2 rsync backup
-----Creating incremental backup of /mnt/user/
to root@192.168.2.202:/mnt/user/backups/KILE-NAS1/2020-05-15.12
-----excluding the following folders:
appdata domains Archive Backups Cache Downloads Emulation Movies Plex Projects system Temporary Transfer Uploads YouTube
----------------------------------------------------------------
Rsync completed at Fri May 15 12:02:14 CDT 2020 with code of 0
du: cannot access '/mnt/disk*/Backups/KILE-NAS1/2020-05-15.11': No such file or directory
du: cannot access '/mnt/disk*/Backups/KILE-NAS1/current': No such file or directory
numfmt: invalid number: ‘’
Snapshot 2020-05-15.12 has total size of:

bash: line 0: [: missing `]'
----------------------------------------------------------------
-----Synchronizing the following folders
Archive Backups Downloads Emulation Plex Projects Transfer Uploads YouTube
-----from /mnt/user/ to root@192.168.2.202:/mnt/user/backups/KILE-NAS1/sync
----------------------------------------------------------------
Rsync completed on Archive at Fri May 15 12:03:01 CDT 2020 with code of 0
----------------------------------------------------------------
Rsync completed on Backups at Fri May 15 12:03:01 CDT 2020 with code of 0
----------------------------------------------------------------
-----------------------------start------------------------------
Fri May 15 13:00:01 CDT 2020 kile-deb2 rsync backup
Sync in progress
------------------------------done------------------------------
Rsync completed on Downloads at Fri May 15 13:13:57 CDT 2020 with code of 0
----------------------------------------------------------------
Rsync completed on Emulation at Fri May 15 13:14:27 CDT 2020 with code of 0
----------------------------------------------------------------
Rsync completed on Plex at Fri May 15 13:21:32 CDT 2020 with code of 0
----------------------------------------------------------------
Rsync completed on Projects at Fri May 15 13:21:40 CDT 2020 with code of 0
----------------------------------------------------------------
Rsync completed on Transfer at Fri May 15 13:21:40 CDT 2020 with code of 0
----------------------------------------------------------------
Rsync completed on Uploads at Fri May 15 13:21:41 CDT 2020 with code of 0
----------------------------------------------------------------
Rsync completed on YouTube at Fri May 15 13:21:42 CDT 2020 with code of 0
------------------------------done------------------------------
-----------------------------start------------------------------
Fri May 15 14:00:01 CDT 2020 kile-deb2 rsync backup
-----Creating incremental backup of /mnt/user/
to root@192.168.2.202:/mnt/user/backups/KILE-NAS1/2020-05-15.14
-----excluding the following folders:
appdata domains Archive Backups Cache Downloads Emulation Movies Plex Projects system Temporary Transfer Uploads YouTube
----------------------------------------------------------------
Rsync completed at Fri May 15 14:04:12 CDT 2020 with code of 0
du: cannot access '/mnt/disk*/Backups/KILE-NAS1/2020-05-15.12': No such file or directory
du: cannot access '/mnt/disk*/Backups/KILE-NAS1/current': No such file or directory
numfmt: invalid number: ‘’
Snapshot 2020-05-15.14 has total size of:

bash: line 0: [: missing `]'
----------------------------------------------------------------
-----Synchronizing the following folders
Archive Backups Downloads Emulation Plex Projects Transfer Uploads YouTube
-----from /mnt/user/ to root@192.168.2.202:/mnt/user/backups/KILE-NAS1/sync
----------------------------------------------------------------
Rsync completed on Archive at Fri May 15 14:05:50 CDT 2020 with code of 0
----------------------------------------------------------------
Rsync completed on Backups at Fri May 15 14:05:51 CDT 2020 with code of 0
----------------------------------------------------------------
IO error encountered -- skipping file deletion
rsync: readdir("/mnt/user/backups/KILE-NAS1/sync/Downloads/Series/Psych/Season 08"): Structure needs cleaning (117)
rsync: recv_generator: failed to stat "/mnt/user/backups/KILE-NAS1/sync/Downloads/Series/Psych/Season 08/Psych - S08E05 - COG Blocked.nfo": Structure needs cleaning (117)
rsync error: some files/attrs were not transferred (see previous errors) (code 23) at main.c(1189) [sender=3.1.3]
Rsync completed on Downloads at Fri May 15 14:05:57 CDT 2020 with code of 23
----------------------------------------------------------------
Rsync completed on Emulation at Fri May 15 14:06:08 CDT 2020 with code of 0
----------------------------------------------------------------
Rsync completed on Plex at Fri May 15 14:11:51 CDT 2020 with code of 0
----------------------------------------------------------------
Rsync completed on Projects at Fri May 15 14:11:54 CDT 2020 with code of 0
----------------------------------------------------------------
Rsync completed on Transfer at Fri May 15 14:11:54 CDT 2020 with code of 0
----------------------------------------------------------------
Rsync completed on Uploads at Fri May 15 14:11:54 CDT 2020 with code of 0
----------------------------------------------------------------
Rsync completed on YouTube at Fri May 15 14:11:55 CDT 2020 with code of 0
------------------------------done------------------------------
-----------------------------start------------------------------
Fri May 15 15:00:01 CDT 2020 kile-deb2 rsync backup
-----Creating incremental backup of /mnt/user/
to root@192.168.2.202:/mnt/user/backups/KILE-NAS1/2020-05-15.15
-----excluding the following folders:
appdata domains Archive Backups Cache Downloads Emulation Movies Plex Projects system Temporary Transfer Uploads YouTube
----------------------------------------------------------------
Rsync completed at Fri May 15 15:02:09 CDT 2020 with code of 0
du: cannot access '/mnt/disk*/Backups/KILE-NAS1/2020-05-15.14': No such file or directory
du: cannot access '/mnt/disk*/Backups/KILE-NAS1/current': No such file or directory
numfmt: invalid number: ‘’
Snapshot 2020-05-15.15 has total size of:

bash: line 0: [: missing `]'
----------------------------------------------------------------
-----Synchronizing the following folders
Archive Backups Downloads Emulation Plex Projects Transfer Uploads YouTube
-----from /mnt/user/ to root@192.168.2.202:/mnt/user/backups/KILE-NAS1/sync
----------------------------------------------------------------
Rsync completed on Archive at Fri May 15 15:02:56 CDT 2020 with code of 0
----------------------------------------------------------------
Rsync completed on Backups at Fri May 15 15:02:56 CDT 2020 with code of 0
----------------------------------------------------------------
IO error encountered -- skipping file deletion
rsync: readdir("/mnt/user/backups/KILE-NAS1/sync/Downloads/Series/Psych/Season 08"): Structure needs cleaning (117)
rsync: recv_generator: failed to stat "/mnt/user/backups/KILE-NAS1/sync/Downloads/Series/Psych/Season 08/Psych - S08E05 - COG Blocked.nfo": Structure needs cleaning (117)
rsync error: some files/attrs were not transferred (see previous errors) (code 23) at main.c(1189) [sender=3.1.3]
Rsync completed on Downloads at Fri May 15 15:02:58 CDT 2020 with code of 23
----------------------------------------------------------------
Rsync completed on Emulation at Fri May 15 15:03:10 CDT 2020 with code of 0
----------------------------------------------------------------
Rsync completed on Plex at Fri May 15 15:08:57 CDT 2020 with code of 0
----------------------------------------------------------------
Rsync completed on Projects at Fri May 15 15:09:00 CDT 2020 with code of 0
----------------------------------------------------------------
Rsync completed on Transfer at Fri May 15 15:09:00 CDT 2020 with code of 0
----------------------------------------------------------------
Rsync completed on Uploads at Fri May 15 15:09:00 CDT 2020 with code of 0
----------------------------------------------------------------
Rsync completed on YouTube at Fri May 15 15:09:01 CDT 2020 with code of 0
------------------------------done------------------------------
-----------------------------start------------------------------
Fri May 15 16:00:01 CDT 2020 kile-deb2 rsync backup
-----Creating incremental backup of /mnt/user/
to root@192.168.2.202:/mnt/user/backups/KILE-NAS1/2020-05-15.16
-----excluding the following folders:
appdata domains Archive Backups Cache Downloads Emulation Movies Plex Projects system Temporary Transfer Uploads YouTube
----------------------------------------------------------------
Rsync completed at Fri May 15 16:02:04 CDT 2020 with code of 0
du: cannot access '/mnt/disk*/Backups/KILE-NAS1/2020-05-15.15': No such file or directory
du: cannot access '/mnt/disk*/Backups/KILE-NAS1/current': No such file or directory
numfmt: invalid number: ‘’
Snapshot 2020-05-15.16 has total size of:

bash: line 0: [: missing `]'
----------------------------------------------------------------
-----Synchronizing the following folders
Archive Backups Downloads Emulation Plex Projects Transfer Uploads YouTube
-----from /mnt/user/ to root@192.168.2.202:/mnt/user/backups/KILE-NAS1/sync
----------------------------------------------------------------
Rsync completed on Archive at Fri May 15 16:02:51 CDT 2020 with code of 0
----------------------------------------------------------------
Rsync completed on Backups at Fri May 15 16:02:51 CDT 2020 with code of 0
----------------------------------------------------------------
IO error encountered -- skipping file deletion
rsync: readdir("/mnt/user/backups/KILE-NAS1/sync/Downloads/Series/Psych/Season 08"): Structure needs cleaning (117)
rsync: recv_generator: failed to stat "/mnt/user/backups/KILE-NAS1/sync/Downloads/Series/Psych/Season 08/Psych - S08E05 - COG Blocked.nfo": Structure needs cleaning (117)
rsync error: some files/attrs were not transferred (see previous errors) (code 23) at main.c(1189) [sender=3.1.3]
Rsync completed on Downloads at Fri May 15 16:02:54 CDT 2020 with code of 23
----------------------------------------------------------------
Rsync completed on Emulation at Fri May 15 16:03:06 CDT 2020 with code of 0
----------------------------------------------------------------
Rsync completed on Plex at Fri May 15 16:08:49 CDT 2020 with code of 0
----------------------------------------------------------------
Rsync completed on Projects at Fri May 15 16:08:53 CDT 2020 with code of 0
----------------------------------------------------------------
Rsync completed on Transfer at Fri May 15 16:08:53 CDT 2020 with code of 0
----------------------------------------------------------------
Rsync completed on Uploads at Fri May 15 16:08:53 CDT 2020 with code of 0
----------------------------------------------------------------
Rsync completed on YouTube at Fri May 15 16:08:54 CDT 2020 with code of 0
------------------------------done------------------------------
-----------------------------start------------------------------
Fri May 15 17:00:01 CDT 2020 kile-deb2 rsync backup
-----Creating incremental backup of /mnt/user/
to root@192.168.2.202:/mnt/user/backups/KILE-NAS1/2020-05-15.17
-----excluding the following folders:
appdata domains Archive Backups Cache Downloads Emulation Movies Plex Projects system Temporary Transfer Uploads YouTube
----------------------------------------------------------------
Rsync completed at Fri May 15 17:01:57 CDT 2020 with code of 0
du: cannot access '/mnt/disk*/Backups/KILE-NAS1/2020-05-15.16': No such file or directory
du: cannot access '/mnt/disk*/Backups/KILE-NAS1/current': No such file or directory
numfmt: invalid number: ‘’
Snapshot 2020-05-15.17 has total size of:

bash: line 0: [: missing `]'
----------------------------------------------------------------
-----Synchronizing the following folders
Archive Backups Downloads Emulation Plex Projects Transfer Uploads YouTube
-----from /mnt/user/ to root@192.168.2.202:/mnt/user/backups/KILE-NAS1/sync
----------------------------------------------------------------
Rsync completed on Archive at Fri May 15 17:02:44 CDT 2020 with code of 0
----------------------------------------------------------------
Rsync completed on Backups at Fri May 15 17:02:44 CDT 2020 with code of 0
----------------------------------------------------------------
IO error encountered -- skipping file deletion
rsync: readdir("/mnt/user/backups/KILE-NAS1/sync/Downloads/Series/Psych/Season 08"): Structure needs cleaning (117)
rsync: recv_generator: failed to stat "/mnt/user/backups/KILE-NAS1/sync/Downloads/Series/Psych/Season 08/Psych - S08E05 - COG Blocked.nfo": Structure needs cleaning (117)
rsync error: some files/attrs were not transferred (see previous errors) (code 23) at main.c(1189) [sender=3.1.3]
Rsync completed on Downloads at Fri May 15 17:02:47 CDT 2020 with code of 23
----------------------------------------------------------------
Rsync completed on Emulation at Fri May 15 17:02:58 CDT 2020 with code of 0
----------------------------------------------------------------
Rsync completed on Plex at Fri May 15 17:08:42 CDT 2020 with code of 0
----------------------------------------------------------------
Rsync completed on Projects at Fri May 15 17:08:45 CDT 2020 with code of 0
----------------------------------------------------------------
Rsync completed on Transfer at Fri May 15 17:08:45 CDT 2020 with code of 0
----------------------------------------------------------------
Rsync completed on Uploads at Fri May 15 17:08:46 CDT 2020 with code of 0
----------------------------------------------------------------
Rsync completed on YouTube at Fri May 15 17:08:46 CDT 2020 with code of 0
------------------------------done------------------------------
-----------------------------start------------------------------
Fri May 15 18:00:01 CDT 2020 kile-deb2 rsync backup
-----Creating incremental backup of /mnt/user/
to root@192.168.2.202:/mnt/user/backups/KILE-NAS1/2020-05-15.18
-----excluding the following folders:
appdata domains Archive Backups Cache Downloads Emulation Movies Plex Projects system Temporary Transfer Uploads YouTube
----------------------------------------------------------------
Rsync completed at Fri May 15 18:01:56 CDT 2020 with code of 0
du: cannot access '/mnt/disk*/Backups/KILE-NAS1/2020-05-15.17': No such file or directory
du: cannot access '/mnt/disk*/Backups/KILE-NAS1/current': No such file or directory
numfmt: invalid number: ‘’
Snapshot 2020-05-15.18 has total size of:

bash: line 0: [: missing `]'
----------------------------------------------------------------
-----Synchronizing the following folders
Archive Backups Downloads Emulation Plex Projects Transfer Uploads YouTube
-----from /mnt/user/ to root@192.168.2.202:/mnt/user/backups/KILE-NAS1/sync
----------------------------------------------------------------
Rsync completed on Archive at Fri May 15 18:02:43 CDT 2020 with code of 0
----------------------------------------------------------------
Rsync completed on Backups at Fri May 15 18:02:43 CDT 2020 with code of 0
----------------------------------------------------------------
IO error encountered -- skipping file deletion
rsync: readdir("/mnt/user/backups/KILE-NAS1/sync/Downloads/Series/Psych/Season 08"): Structure needs cleaning (117)
rsync: recv_generator: failed to stat "/mnt/user/backups/KILE-NAS1/sync/Downloads/Series/Psych/Season 08/Psych - S08E05 - COG Blocked.nfo": Structure needs cleaning (117)
rsync error: some files/attrs were not transferred (see previous errors) (code 23) at main.c(1189) [sender=3.1.3]
Rsync completed on Downloads at Fri May 15 18:02:46 CDT 2020 with code of 23
----------------------------------------------------------------
Rsync completed on Emulation at Fri May 15 18:02:57 CDT 2020 with code of 0
----------------------------------------------------------------
Rsync completed on Plex at Fri May 15 18:08:46 CDT 2020 with code of 0
----------------------------------------------------------------
Rsync completed on Projects at Fri May 15 18:08:49 CDT 2020 with code of 0
----------------------------------------------------------------
Rsync completed on Transfer at Fri May 15 18:08:49 CDT 2020 with code of 0
----------------------------------------------------------------
Rsync completed on Uploads at Fri May 15 18:08:50 CDT 2020 with code of 0
----------------------------------------------------------------
Rsync completed on YouTube at Fri May 15 18:08:50 CDT 2020 with code of 0
------------------------------done------------------------------
-----------------------------start------------------------------
Fri May 15 19:00:01 CDT 2020 kile-deb2 rsync backup
-----Creating incremental backup of /mnt/user/
to root@192.168.2.202:/mnt/user/backups/KILE-NAS1/2020-05-15.19
-----excluding the following folders:
appdata domains Archive Backups Cache Downloads Emulation Movies Plex Projects system Temporary Transfer Uploads YouTube
----------------------------------------------------------------
Rsync completed at Fri May 15 19:01:57 CDT 2020 with code of 0
du: cannot access '/mnt/disk*/Backups/KILE-NAS1/2020-05-15.18': No such file or directory
du: cannot access '/mnt/disk*/Backups/KILE-NAS1/current': No such file or directory
numfmt: invalid number: ‘’
Snapshot 2020-05-15.19 has total size of:

bash: line 0: [: missing `]'
----------------------------------------------------------------
-----Synchronizing the following folders
Archive Backups Downloads Emulation Plex Projects Transfer Uploads YouTube
-----from /mnt/user/ to root@192.168.2.202:/mnt/user/backups/KILE-NAS1/sync
----------------------------------------------------------------
Rsync completed on Archive at Fri May 15 19:02:45 CDT 2020 with code of 0
----------------------------------------------------------------
Rsync completed on Backups at Fri May 15 19:02:45 CDT 2020 with code of 0
----------------------------------------------------------------
IO error encountered -- skipping file deletion
rsync: readdir("/mnt/user/backups/KILE-NAS1/sync/Downloads/Series/Psych/Season 08"): Structure needs cleaning (117)
rsync: recv_generator: failed to stat "/mnt/user/backups/KILE-NAS1/sync/Downloads/Series/Psych/Season 08/Psych - S08E05 - COG Blocked.nfo": Structure needs cleaning (117)
rsync error: some files/attrs were not transferred (see previous errors) (code 23) at main.c(1189) [sender=3.1.3]
Rsync completed on Downloads at Fri May 15 19:02:49 CDT 2020 with code of 23
----------------------------------------------------------------
Rsync completed on Emulation at Fri May 15 19:03:01 CDT 2020 with code of 0
----------------------------------------------------------------
Rsync completed on Plex at Fri May 15 19:08:53 CDT 2020 with code of 0
----------------------------------------------------------------
Rsync completed on Projects at Fri May 15 19:08:57 CDT 2020 with code of 0
----------------------------------------------------------------
Rsync completed on Transfer at Fri May 15 19:08:57 CDT 2020 with code of 0
----------------------------------------------------------------
Rsync completed on Uploads at Fri May 15 19:08:57 CDT 2020 with code of 0
----------------------------------------------------------------
Rsync completed on YouTube at Fri May 15 19:08:58 CDT 2020 with code of 0
------------------------------done------------------------------
-----------------------------start------------------------------
Fri May 15 23:00:01 CDT 2020 kile-deb2 rsync backup
-----Creating incremental backup of /mnt/user/
to root@192.168.2.202:/mnt/user/backups/KILE-NAS1/2020-05-15.23
-----excluding the following folders:
appdata domains Archive Backups Cache Downloads Emulation Movies Plex Projects system Temporary Transfer Uploads YouTube
----------------------------------------------------------------
Rsync completed at Fri May 15 23:04:25 CDT 2020 with code of 0
du: cannot access '/mnt/disk*/Backups/KILE-NAS1/2020-05-15.19': No such file or directory
du: cannot access '/mnt/disk*/Backups/KILE-NAS1/current': No such file or directory
numfmt: invalid number: ‘’
Snapshot 2020-05-15.23 has total size of:

bash: line 0: [: missing `]'
----------------------------------------------------------------
-----Synchronizing the following folders
Archive Backups Downloads Emulation Plex Projects Transfer Uploads YouTube
-----from /mnt/user/ to root@192.168.2.202:/mnt/user/backups/KILE-NAS1/sync
----------------------------------------------------------------
Rsync completed on Archive at Fri May 15 23:06:07 CDT 2020 with code of 0
----------------------------------------------------------------
Rsync completed on Backups at Fri May 15 23:06:08 CDT 2020 with code of 0
----------------------------------------------------------------
IO error encountered -- skipping file deletion
rsync: readdir("/mnt/user/backups/KILE-NAS1/sync/Downloads/Series/Psych/Season 08"): Structure needs cleaning (117)
rsync: recv_generator: failed to stat "/mnt/user/backups/KILE-NAS1/sync/Downloads/Series/Psych/Season 08/Psych - S08E05 - COG Blocked.nfo": Structure needs cleaning (117)
rsync error: some files/attrs were not transferred (see previous errors) (code 23) at main.c(1189) [sender=3.1.3]
Rsync completed on Downloads at Fri May 15 23:06:38 CDT 2020 with code of 23
----------------------------------------------------------------
Rsync completed on Emulation at Fri May 15 23:06:57 CDT 2020 with code of 0
----------------------------------------------------------------
Rsync completed on Plex at Fri May 15 23:14:04 CDT 2020 with code of 0
----------------------------------------------------------------
Rsync completed on Projects at Fri May 15 23:14:10 CDT 2020 with code of 0
----------------------------------------------------------------
Rsync completed on Transfer at Fri May 15 23:14:10 CDT 2020 with code of 0
----------------------------------------------------------------
Rsync completed on Uploads at Fri May 15 23:14:11 CDT 2020 with code of 0
----------------------------------------------------------------
Rsync completed on YouTube at Fri May 15 23:14:12 CDT 2020 with code of 0
------------------------------done------------------------------
