-----------------------------start------------------------------
Mon May 25 00:00:01 CDT 2020 kile-deb2 rsync cleanup
----------------------------------------------------------------
Beginning rsync hourly cleanup at Mon May 25 00:00:01 CDT 2020
90
Checking for /mnt/user/Backups/KILE-NAS1/2020-02-24
89
Checking for /mnt/user/Backups/KILE-NAS1/2020-02-25
88
Checking for /mnt/user/Backups/KILE-NAS1/2020-02-26
87
Checking for /mnt/user/Backups/KILE-NAS1/2020-02-27
86
Checking for /mnt/user/Backups/KILE-NAS1/2020-02-28
85
Checking for /mnt/user/Backups/KILE-NAS1/2020-02-29
84
Checking for /mnt/user/Backups/KILE-NAS1/2020-03-01
83
Checking for /mnt/user/Backups/KILE-NAS1/2020-03-02
82
Checking for /mnt/user/Backups/KILE-NAS1/2020-03-03
81
Checking for /mnt/user/Backups/KILE-NAS1/2020-03-04
80
Checking for /mnt/user/Backups/KILE-NAS1/2020-03-05
79
Checking for /mnt/user/Backups/KILE-NAS1/2020-03-06
78
Checking for /mnt/user/Backups/KILE-NAS1/2020-03-07
77
Checking for /mnt/user/Backups/KILE-NAS1/2020-03-09
76
Checking for /mnt/user/Backups/KILE-NAS1/2020-03-10
75
Checking for /mnt/user/Backups/KILE-NAS1/2020-03-11
74
Checking for /mnt/user/Backups/KILE-NAS1/2020-03-12
73
Checking for /mnt/user/Backups/KILE-NAS1/2020-03-13
72
Checking for /mnt/user/Backups/KILE-NAS1/2020-03-14
71
Checking for /mnt/user/Backups/KILE-NAS1/2020-03-15
70
Checking for /mnt/user/Backups/KILE-NAS1/2020-03-16
69
Checking for /mnt/user/Backups/KILE-NAS1/2020-03-17
68
Checking for /mnt/user/Backups/KILE-NAS1/2020-03-18
67
Checking for /mnt/user/Backups/KILE-NAS1/2020-03-19
66
Checking for /mnt/user/Backups/KILE-NAS1/2020-03-20
65
Checking for /mnt/user/Backups/KILE-NAS1/2020-03-21
64
Checking for /mnt/user/Backups/KILE-NAS1/2020-03-22
63
Checking for /mnt/user/Backups/KILE-NAS1/2020-03-23
62
Checking for /mnt/user/Backups/KILE-NAS1/2020-03-24
61
Checking for /mnt/user/Backups/KILE-NAS1/2020-03-25
60
Checking for /mnt/user/Backups/KILE-NAS1/2020-03-26
59
Checking for /mnt/user/Backups/KILE-NAS1/2020-03-27
58
Checking for /mnt/user/Backups/KILE-NAS1/2020-03-28
57
Checking for /mnt/user/Backups/KILE-NAS1/2020-03-29
56
Checking for /mnt/user/Backups/KILE-NAS1/2020-03-30
55
Checking for /mnt/user/Backups/KILE-NAS1/2020-03-31
54
Checking for /mnt/user/Backups/KILE-NAS1/2020-04-01
53
Checking for /mnt/user/Backups/KILE-NAS1/2020-04-02
52
Checking for /mnt/user/Backups/KILE-NAS1/2020-04-03
51
Checking for /mnt/user/Backups/KILE-NAS1/2020-04-04
50
Checking for /mnt/user/Backups/KILE-NAS1/2020-04-05
49
Checking for /mnt/user/Backups/KILE-NAS1/2020-04-06
48
Checking for /mnt/user/Backups/KILE-NAS1/2020-04-07
47
Checking for /mnt/user/Backups/KILE-NAS1/2020-04-08
46
Checking for /mnt/user/Backups/KILE-NAS1/2020-04-09
45
Checking for /mnt/user/Backups/KILE-NAS1/2020-04-10
44
Checking for /mnt/user/Backups/KILE-NAS1/2020-04-11
43
Checking for /mnt/user/Backups/KILE-NAS1/2020-04-12
42
Checking for /mnt/user/Backups/KILE-NAS1/2020-04-13
41
Checking for /mnt/user/Backups/KILE-NAS1/2020-04-14
40
Checking for /mnt/user/Backups/KILE-NAS1/2020-04-15
39
Checking for /mnt/user/Backups/KILE-NAS1/2020-04-16
38
Checking for /mnt/user/Backups/KILE-NAS1/2020-04-17
37
Checking for /mnt/user/Backups/KILE-NAS1/2020-04-18
36
Checking for /mnt/user/Backups/KILE-NAS1/2020-04-19
35
Checking for /mnt/user/Backups/KILE-NAS1/2020-04-20
34
Checking for /mnt/user/Backups/KILE-NAS1/2020-04-21
33
Checking for /mnt/user/Backups/KILE-NAS1/2020-04-22
32
Checking for /mnt/user/Backups/KILE-NAS1/2020-04-23
31
Checking for /mnt/user/Backups/KILE-NAS1/2020-04-24
30
Checking for /mnt/user/Backups/KILE-NAS1/2020-04-25
29
Checking for /mnt/user/Backups/KILE-NAS1/2020-04-26
28
Checking for /mnt/user/Backups/KILE-NAS1/2020-04-27
27
Checking for /mnt/user/Backups/KILE-NAS1/2020-04-28
26
Checking for /mnt/user/Backups/KILE-NAS1/2020-04-29
25
Checking for /mnt/user/Backups/KILE-NAS1/2020-04-30
24
Checking for /mnt/user/Backups/KILE-NAS1/2020-05-01
23
Checking for /mnt/user/Backups/KILE-NAS1/2020-05-02
22
Checking for /mnt/user/Backups/KILE-NAS1/2020-05-03
21
Checking for /mnt/user/Backups/KILE-NAS1/2020-05-04
20
Checking for /mnt/user/Backups/KILE-NAS1/2020-05-05
19
Checking for /mnt/user/Backups/KILE-NAS1/2020-05-06
18
Checking for /mnt/user/Backups/KILE-NAS1/2020-05-07
17
Checking for /mnt/user/Backups/KILE-NAS1/2020-05-08
16
Checking for /mnt/user/Backups/KILE-NAS1/2020-05-09
15
Checking for /mnt/user/Backups/KILE-NAS1/2020-05-10
14
Checking for /mnt/user/Backups/KILE-NAS1/2020-05-11
13
Checking for /mnt/user/Backups/KILE-NAS1/2020-05-12
12
Checking for /mnt/user/Backups/KILE-NAS1/2020-05-13
11
Checking for /mnt/user/Backups/KILE-NAS1/2020-05-14
10
Checking for /mnt/user/Backups/KILE-NAS1/2020-05-15
9
Checking for /mnt/user/Backups/KILE-NAS1/2020-05-16
8
Checking for /mnt/user/Backups/KILE-NAS1/2020-05-17
7
Checking for /mnt/user/Backups/KILE-NAS1/2020-05-18
6
Checking for /mnt/user/Backups/KILE-NAS1/2020-05-19
5
Checking for /mnt/user/Backups/KILE-NAS1/2020-05-20
4
Checking for /mnt/user/Backups/KILE-NAS1/2020-05-21
3
Checking for /mnt/user/Backups/KILE-NAS1/2020-05-22
----------------------------------------------------------------
Beginning rsync daily cleanup at Mon May 25 00:00:16 CDT 2020
----------------------------------------------------------------
Beginning rsync monthly cleanup at Mon May 25 00:01:03 CDT 2020
------------------------------done------------------------------
