-----------------------------start------------------------------
Sat May 16 02:00:01 CDT 2020 kile-deb2 rsync backup
-----Creating incremental backup of /mnt/user/
to root@192.168.2.202:/mnt/user/backups/KILE-NAS1/2020-05-16.02
-----excluding the following folders:
appdata domains Archive Backups Cache Downloads Emulation Movies Plex Projects system Temporary Transfer Uploads YouTube
----------------------------------------------------------------
Rsync completed at Sat May 16 02:03:46 CDT 2020 with code of 0
du: cannot access '/mnt/disk*/Backups/KILE-NAS1/2020-05-15.23': No such file or directory
du: cannot access '/mnt/disk*/Backups/KILE-NAS1/current': No such file or directory
numfmt: invalid number: ‘’
Snapshot 2020-05-16.02 has total size of:

bash: line 0: [: missing `]'
----------------------------------------------------------------
-----Synchronizing the following folders
Archive Backups Downloads Emulation Plex Projects Transfer Uploads YouTube
-----from /mnt/user/ to root@192.168.2.202:/mnt/user/backups/KILE-NAS1/sync
----------------------------------------------------------------
Rsync completed on Archive at Sat May 16 02:04:57 CDT 2020 with code of 0
----------------------------------------------------------------
Rsync completed on Backups at Sat May 16 02:40:55 CDT 2020 with code of 0
----------------------------------------------------------------
IO error encountered -- skipping file deletion
rsync: readdir("/mnt/user/backups/KILE-NAS1/sync/Downloads/Series/Psych/Season 08"): Structure needs cleaning (117)
rsync: recv_generator: failed to stat "/mnt/user/backups/KILE-NAS1/sync/Downloads/Series/Psych/Season 08/Psych - S08E05 - COG Blocked.nfo": Structure needs cleaning (117)
rsync error: some files/attrs were not transferred (see previous errors) (code 23) at main.c(1189) [sender=3.1.3]
Rsync completed on Downloads at Sat May 16 02:42:27 CDT 2020 with code of 23
----------------------------------------------------------------
Rsync completed on Emulation at Sat May 16 02:42:42 CDT 2020 with code of 0
----------------------------------------------------------------
Rsync completed on Plex at Sat May 16 02:51:08 CDT 2020 with code of 0
----------------------------------------------------------------
Rsync completed on Projects at Sat May 16 02:51:14 CDT 2020 with code of 0
----------------------------------------------------------------
Rsync completed on Transfer at Sat May 16 02:51:15 CDT 2020 with code of 0
----------------------------------------------------------------
Rsync completed on Uploads at Sat May 16 02:51:17 CDT 2020 with code of 0
----------------------------------------------------------------
Rsync completed on YouTube at Sat May 16 02:51:18 CDT 2020 with code of 0
------------------------------done------------------------------
-----------------------------start------------------------------
Sat May 16 07:00:01 CDT 2020 kile-deb2 rsync backup
-----Creating incremental backup of /mnt/user/
to root@192.168.2.202:/mnt/user/backups/KILE-NAS1/2020-05-16.07
-----excluding the following folders:
appdata domains Archive Backups Cache Downloads Emulation Movies Plex Projects system Temporary Transfer Uploads YouTube
----------------------------------------------------------------
Rsync completed at Sat May 16 07:05:26 CDT 2020 with code of 0
du: cannot access '/mnt/disk*/Backups/KILE-NAS1/2020-05-16.02': No such file or directory
du: cannot access '/mnt/disk*/Backups/KILE-NAS1/current': No such file or directory
numfmt: invalid number: ‘’
Snapshot 2020-05-16.07 has total size of:

bash: line 0: [: missing `]'
----------------------------------------------------------------
-----Synchronizing the following folders
Archive Backups Downloads Emulation Plex Projects Transfer Uploads YouTube
-----from /mnt/user/ to root@192.168.2.202:/mnt/user/backups/KILE-NAS1/sync
----------------------------------------------------------------
Rsync completed on Archive at Sat May 16 07:07:10 CDT 2020 with code of 0
----------------------------------------------------------------
Rsync completed on Backups at Sat May 16 07:07:11 CDT 2020 with code of 0
----------------------------------------------------------------
IO error encountered -- skipping file deletion
rsync: readdir("/mnt/user/backups/KILE-NAS1/sync/Downloads/Series/Psych/Season 08"): Structure needs cleaning (117)
rsync: recv_generator: failed to stat "/mnt/user/backups/KILE-NAS1/sync/Downloads/Series/Psych/Season 08/Psych - S08E05 - COG Blocked.nfo": Structure needs cleaning (117)
rsync error: some files/attrs were not transferred (see previous errors) (code 23) at main.c(1189) [sender=3.1.3]
Rsync completed on Downloads at Sat May 16 07:07:22 CDT 2020 with code of 23
----------------------------------------------------------------
Rsync completed on Emulation at Sat May 16 07:07:38 CDT 2020 with code of 0
----------------------------------------------------------------
Rsync completed on Plex at Sat May 16 07:14:39 CDT 2020 with code of 0
----------------------------------------------------------------
Rsync completed on Projects at Sat May 16 07:14:46 CDT 2020 with code of 0
----------------------------------------------------------------
Rsync completed on Transfer at Sat May 16 07:14:46 CDT 2020 with code of 0
----------------------------------------------------------------
Rsync completed on Uploads at Sat May 16 07:14:47 CDT 2020 with code of 0
----------------------------------------------------------------
Rsync completed on YouTube at Sat May 16 07:14:47 CDT 2020 with code of 0
------------------------------done------------------------------
-----------------------------start------------------------------
Sat May 16 09:00:01 CDT 2020 kile-deb2 rsync backup
-----Creating incremental backup of /mnt/user/
to root@192.168.2.202:/mnt/user/backups/KILE-NAS1/2020-05-16.09
-----excluding the following folders:
appdata domains Archive Backups Cache Downloads Emulation Movies Plex Projects system Temporary Transfer Uploads YouTube
----------------------------------------------------------------
Rsync completed at Sat May 16 09:02:56 CDT 2020 with code of 0
du: cannot access '/mnt/disk*/Backups/KILE-NAS1/2020-05-16.07': No such file or directory
du: cannot access '/mnt/disk*/Backups/KILE-NAS1/current': No such file or directory
numfmt: invalid number: ‘’
Snapshot 2020-05-16.09 has total size of:

bash: line 0: [: missing `]'
----------------------------------------------------------------
-----Synchronizing the following folders
Archive Backups Downloads Emulation Plex Projects Transfer Uploads YouTube
-----from /mnt/user/ to root@192.168.2.202:/mnt/user/backups/KILE-NAS1/sync
----------------------------------------------------------------
Rsync completed on Archive at Sat May 16 09:03:43 CDT 2020 with code of 0
----------------------------------------------------------------
Rsync completed on Backups at Sat May 16 09:03:43 CDT 2020 with code of 0
----------------------------------------------------------------
IO error encountered -- skipping file deletion
rsync: readdir("/mnt/user/backups/KILE-NAS1/sync/Downloads/Series/Psych/Season 08"): Structure needs cleaning (117)
rsync: recv_generator: failed to stat "/mnt/user/backups/KILE-NAS1/sync/Downloads/Series/Psych/Season 08/Psych - S08E05 - COG Blocked.nfo": Structure needs cleaning (117)
rsync error: some files/attrs were not transferred (see previous errors) (code 23) at main.c(1189) [sender=3.1.3]
Rsync completed on Downloads at Sat May 16 09:03:46 CDT 2020 with code of 23
----------------------------------------------------------------
Rsync completed on Emulation at Sat May 16 09:03:58 CDT 2020 with code of 0
----------------------------------------------------------------
Rsync completed on Plex at Sat May 16 09:09:43 CDT 2020 with code of 0
----------------------------------------------------------------
Rsync completed on Projects at Sat May 16 09:09:46 CDT 2020 with code of 0
----------------------------------------------------------------
Rsync completed on Transfer at Sat May 16 09:09:46 CDT 2020 with code of 0
----------------------------------------------------------------
Rsync completed on Uploads at Sat May 16 09:09:47 CDT 2020 with code of 0
----------------------------------------------------------------
Rsync completed on YouTube at Sat May 16 09:09:47 CDT 2020 with code of 0
------------------------------done------------------------------
-----------------------------start------------------------------
Sat May 16 10:00:01 CDT 2020 kile-deb2 rsync backup
-----Creating incremental backup of /mnt/user/
to root@192.168.2.202:/mnt/user/backups/KILE-NAS1/2020-05-16.10
-----excluding the following folders:
appdata domains Archive Backups Cache Downloads Emulation Movies Plex Projects system Temporary Transfer Uploads YouTube
----------------------------------------------------------------
Rsync completed at Sat May 16 10:02:31 CDT 2020 with code of 0
du: cannot access '/mnt/disk*/Backups/KILE-NAS1/2020-05-16.09': No such file or directory
du: cannot access '/mnt/disk*/Backups/KILE-NAS1/current': No such file or directory
numfmt: invalid number: ‘’
Snapshot 2020-05-16.10 has total size of:

bash: line 0: [: missing `]'
----------------------------------------------------------------
-----Synchronizing the following folders
Archive Backups Downloads Emulation Plex Projects Transfer Uploads YouTube
-----from /mnt/user/ to root@192.168.2.202:/mnt/user/backups/KILE-NAS1/sync
----------------------------------------------------------------
Rsync completed on Archive at Sat May 16 10:03:19 CDT 2020 with code of 0
----------------------------------------------------------------
Rsync completed on Backups at Sat May 16 10:03:19 CDT 2020 with code of 0
----------------------------------------------------------------
IO error encountered -- skipping file deletion
rsync: readdir("/mnt/user/backups/KILE-NAS1/sync/Downloads/Series/Psych/Season 08"): Structure needs cleaning (117)
rsync: recv_generator: failed to stat "/mnt/user/backups/KILE-NAS1/sync/Downloads/Series/Psych/Season 08/Psych - S08E05 - COG Blocked.nfo": Structure needs cleaning (117)
rsync error: some files/attrs were not transferred (see previous errors) (code 23) at main.c(1189) [sender=3.1.3]
Rsync completed on Downloads at Sat May 16 10:03:21 CDT 2020 with code of 23
----------------------------------------------------------------
Rsync completed on Emulation at Sat May 16 10:03:34 CDT 2020 with code of 0
----------------------------------------------------------------
Rsync completed on Plex at Sat May 16 10:09:14 CDT 2020 with code of 0
----------------------------------------------------------------
Rsync completed on Projects at Sat May 16 10:09:18 CDT 2020 with code of 0
----------------------------------------------------------------
Rsync completed on Transfer at Sat May 16 10:09:18 CDT 2020 with code of 0
----------------------------------------------------------------
Rsync completed on Uploads at Sat May 16 10:09:18 CDT 2020 with code of 0
----------------------------------------------------------------
Rsync completed on YouTube at Sat May 16 10:09:19 CDT 2020 with code of 0
------------------------------done------------------------------
-----------------------------start------------------------------
Sat May 16 11:00:01 CDT 2020 kile-deb2 rsync backup
-----Creating incremental backup of /mnt/user/
to root@192.168.2.202:/mnt/user/backups/KILE-NAS1/2020-05-16.11
-----excluding the following folders:
appdata domains Archive Backups Cache Downloads Emulation Movies Plex Projects system Temporary Transfer Uploads YouTube
----------------------------------------------------------------
Rsync completed at Sat May 16 11:02:55 CDT 2020 with code of 0
du: cannot access '/mnt/disk*/Backups/KILE-NAS1/2020-05-16.10': No such file or directory
du: cannot access '/mnt/disk*/Backups/KILE-NAS1/current': No such file or directory
numfmt: invalid number: ‘’
Snapshot 2020-05-16.11 has total size of:

bash: line 0: [: missing `]'
----------------------------------------------------------------
-----Synchronizing the following folders
Archive Backups Downloads Emulation Plex Projects Transfer Uploads YouTube
-----from /mnt/user/ to root@192.168.2.202:/mnt/user/backups/KILE-NAS1/sync
----------------------------------------------------------------
Rsync completed on Archive at Sat May 16 11:03:46 CDT 2020 with code of 0
----------------------------------------------------------------
Rsync completed on Backups at Sat May 16 11:03:46 CDT 2020 with code of 0
----------------------------------------------------------------
IO error encountered -- skipping file deletion
rsync: readdir("/mnt/user/backups/KILE-NAS1/sync/Downloads/Series/Psych/Season 08"): Structure needs cleaning (117)
rsync: recv_generator: failed to stat "/mnt/user/backups/KILE-NAS1/sync/Downloads/Series/Psych/Season 08/Psych - S08E05 - COG Blocked.nfo": Structure needs cleaning (117)
rsync error: some files/attrs were not transferred (see previous errors) (code 23) at main.c(1189) [sender=3.1.3]
Rsync completed on Downloads at Sat May 16 11:03:48 CDT 2020 with code of 23
----------------------------------------------------------------
Rsync completed on Emulation at Sat May 16 11:04:01 CDT 2020 with code of 0
----------------------------------------------------------------
Rsync completed on Plex at Sat May 16 11:09:53 CDT 2020 with code of 0
----------------------------------------------------------------
Rsync completed on Projects at Sat May 16 11:09:56 CDT 2020 with code of 0
----------------------------------------------------------------
Rsync completed on Transfer at Sat May 16 11:09:57 CDT 2020 with code of 0
----------------------------------------------------------------
Rsync completed on Uploads at Sat May 16 11:09:57 CDT 2020 with code of 0
----------------------------------------------------------------
Rsync completed on YouTube at Sat May 16 11:09:57 CDT 2020 with code of 0
------------------------------done------------------------------
-----------------------------start------------------------------
Sat May 16 12:00:01 CDT 2020 kile-deb2 rsync backup
-----Creating incremental backup of /mnt/user/
to root@192.168.2.202:/mnt/user/backups/KILE-NAS1/2020-05-16.12
-----excluding the following folders:
appdata domains Archive Backups Cache Downloads Emulation Movies Plex Projects system Temporary Transfer Uploads YouTube
----------------------------------------------------------------
Rsync completed at Sat May 16 12:02:07 CDT 2020 with code of 0
du: cannot access '/mnt/disk*/Backups/KILE-NAS1/2020-05-16.11': No such file or directory
du: cannot access '/mnt/disk*/Backups/KILE-NAS1/current': No such file or directory
numfmt: invalid number: ‘’
Snapshot 2020-05-16.12 has total size of:

bash: line 0: [: missing `]'
----------------------------------------------------------------
-----Synchronizing the following folders
Archive Backups Downloads Emulation Plex Projects Transfer Uploads YouTube
-----from /mnt/user/ to root@192.168.2.202:/mnt/user/backups/KILE-NAS1/sync
----------------------------------------------------------------
Rsync completed on Archive at Sat May 16 12:02:56 CDT 2020 with code of 0
----------------------------------------------------------------
Rsync completed on Backups at Sat May 16 12:02:56 CDT 2020 with code of 0
----------------------------------------------------------------
IO error encountered -- skipping file deletion
rsync: readdir("/mnt/user/backups/KILE-NAS1/sync/Downloads/Series/Psych/Season 08"): Structure needs cleaning (117)
rsync: recv_generator: failed to stat "/mnt/user/backups/KILE-NAS1/sync/Downloads/Series/Psych/Season 08/Psych - S08E05 - COG Blocked.nfo": Structure needs cleaning (117)
rsync error: some files/attrs were not transferred (see previous errors) (code 23) at main.c(1189) [sender=3.1.3]
Rsync completed on Downloads at Sat May 16 12:02:59 CDT 2020 with code of 23
----------------------------------------------------------------
Rsync completed on Emulation at Sat May 16 12:03:10 CDT 2020 with code of 0
----------------------------------------------------------------
Rsync completed on Plex at Sat May 16 12:09:07 CDT 2020 with code of 0
----------------------------------------------------------------
Rsync completed on Projects at Sat May 16 12:09:10 CDT 2020 with code of 0
----------------------------------------------------------------
Rsync completed on Transfer at Sat May 16 12:09:10 CDT 2020 with code of 0
----------------------------------------------------------------
Rsync completed on Uploads at Sat May 16 12:09:11 CDT 2020 with code of 0
----------------------------------------------------------------
Rsync completed on YouTube at Sat May 16 12:09:11 CDT 2020 with code of 0
------------------------------done------------------------------
-----------------------------start------------------------------
Sat May 16 13:00:01 CDT 2020 kile-deb2 rsync backup
-----Creating incremental backup of /mnt/user/
to root@192.168.2.202:/mnt/user/backups/KILE-NAS1/2020-05-16.13
-----excluding the following folders:
appdata domains Archive Backups Cache Downloads Emulation Movies Plex Projects system Temporary Transfer Uploads YouTube
----------------------------------------------------------------
Rsync completed at Sat May 16 13:02:27 CDT 2020 with code of 0
du: cannot access '/mnt/disk*/Backups/KILE-NAS1/2020-05-16.12': No such file or directory
du: cannot access '/mnt/disk*/Backups/KILE-NAS1/current': No such file or directory
numfmt: invalid number: ‘’
Snapshot 2020-05-16.13 has total size of:

bash: line 0: [: missing `]'
----------------------------------------------------------------
-----Synchronizing the following folders
Archive Backups Downloads Emulation Plex Projects Transfer Uploads YouTube
-----from /mnt/user/ to root@192.168.2.202:/mnt/user/backups/KILE-NAS1/sync
----------------------------------------------------------------
Rsync completed on Archive at Sat May 16 13:03:16 CDT 2020 with code of 0
----------------------------------------------------------------
Rsync completed on Backups at Sat May 16 13:03:16 CDT 2020 with code of 0
----------------------------------------------------------------
IO error encountered -- skipping file deletion
rsync: readdir("/mnt/user/backups/KILE-NAS1/sync/Downloads/Series/Psych/Season 08"): Structure needs cleaning (117)
rsync: recv_generator: failed to stat "/mnt/user/backups/KILE-NAS1/sync/Downloads/Series/Psych/Season 08/Psych - S08E05 - COG Blocked.nfo": Structure needs cleaning (117)
rsync error: some files/attrs were not transferred (see previous errors) (code 23) at main.c(1189) [sender=3.1.3]
Rsync completed on Downloads at Sat May 16 13:03:18 CDT 2020 with code of 23
----------------------------------------------------------------
Rsync completed on Emulation at Sat May 16 13:03:30 CDT 2020 with code of 0
----------------------------------------------------------------
Rsync completed on Plex at Sat May 16 13:09:19 CDT 2020 with code of 0
----------------------------------------------------------------
Rsync completed on Projects at Sat May 16 13:09:22 CDT 2020 with code of 0
----------------------------------------------------------------
Rsync completed on Transfer at Sat May 16 13:09:23 CDT 2020 with code of 0
----------------------------------------------------------------
Rsync completed on Uploads at Sat May 16 13:09:23 CDT 2020 with code of 0
----------------------------------------------------------------
Rsync completed on YouTube at Sat May 16 13:09:23 CDT 2020 with code of 0
------------------------------done------------------------------
-----------------------------start------------------------------
Sat May 16 14:00:01 CDT 2020 kile-deb2 rsync backup
-----Creating incremental backup of /mnt/user/
to root@192.168.2.202:/mnt/user/backups/KILE-NAS1/2020-05-16.14
-----excluding the following folders:
appdata domains Archive Backups Cache Downloads Emulation Movies Plex Projects system Temporary Transfer Uploads YouTube
----------------------------------------------------------------
Rsync completed at Sat May 16 14:02:01 CDT 2020 with code of 0
du: cannot access '/mnt/disk*/Backups/KILE-NAS1/2020-05-16.13': No such file or directory
du: cannot access '/mnt/disk*/Backups/KILE-NAS1/current': No such file or directory
numfmt: invalid number: ‘’
Snapshot 2020-05-16.14 has total size of:

bash: line 0: [: missing `]'
----------------------------------------------------------------
-----Synchronizing the following folders
Archive Backups Downloads Emulation Plex Projects Transfer Uploads YouTube
-----from /mnt/user/ to root@192.168.2.202:/mnt/user/backups/KILE-NAS1/sync
----------------------------------------------------------------
Rsync completed on Archive at Sat May 16 14:02:49 CDT 2020 with code of 0
----------------------------------------------------------------
Rsync completed on Backups at Sat May 16 14:02:50 CDT 2020 with code of 0
----------------------------------------------------------------
IO error encountered -- skipping file deletion
rsync: readdir("/mnt/user/backups/KILE-NAS1/sync/Downloads/Series/Psych/Season 08"): Structure needs cleaning (117)
rsync: recv_generator: failed to stat "/mnt/user/backups/KILE-NAS1/sync/Downloads/Series/Psych/Season 08/Psych - S08E05 - COG Blocked.nfo": Structure needs cleaning (117)
rsync error: some files/attrs were not transferred (see previous errors) (code 23) at main.c(1189) [sender=3.1.3]
Rsync completed on Downloads at Sat May 16 14:02:52 CDT 2020 with code of 23
----------------------------------------------------------------
Rsync completed on Emulation at Sat May 16 14:03:04 CDT 2020 with code of 0
----------------------------------------------------------------
Rsync completed on Plex at Sat May 16 14:08:50 CDT 2020 with code of 0
----------------------------------------------------------------
Rsync completed on Projects at Sat May 16 14:08:54 CDT 2020 with code of 0
----------------------------------------------------------------
Rsync completed on Transfer at Sat May 16 14:08:54 CDT 2020 with code of 0
----------------------------------------------------------------
Rsync completed on Uploads at Sat May 16 14:08:54 CDT 2020 with code of 0
----------------------------------------------------------------
Rsync completed on YouTube at Sat May 16 14:08:55 CDT 2020 with code of 0
------------------------------done------------------------------
-----------------------------start------------------------------
Sat May 16 15:00:01 CDT 2020 kile-deb2 rsync backup
-----Creating incremental backup of /mnt/user/
to root@192.168.2.202:/mnt/user/backups/KILE-NAS1/2020-05-16.15
-----excluding the following folders:
appdata domains Archive Backups Cache Downloads Emulation Movies Plex Projects system Temporary Transfer Uploads YouTube
----------------------------------------------------------------
Rsync completed at Sat May 16 15:02:22 CDT 2020 with code of 0
du: cannot access '/mnt/disk*/Backups/KILE-NAS1/2020-05-16.14': No such file or directory
du: cannot access '/mnt/disk*/Backups/KILE-NAS1/current': No such file or directory
numfmt: invalid number: ‘’
Snapshot 2020-05-16.15 has total size of:

bash: line 0: [: missing `]'
----------------------------------------------------------------
-----Synchronizing the following folders
Archive Backups Downloads Emulation Plex Projects Transfer Uploads YouTube
-----from /mnt/user/ to root@192.168.2.202:/mnt/user/backups/KILE-NAS1/sync
----------------------------------------------------------------
Rsync completed on Archive at Sat May 16 15:03:10 CDT 2020 with code of 0
----------------------------------------------------------------
Rsync completed on Backups at Sat May 16 15:03:10 CDT 2020 with code of 0
----------------------------------------------------------------
IO error encountered -- skipping file deletion
rsync: readdir("/mnt/user/backups/KILE-NAS1/sync/Downloads/Series/Psych/Season 08"): Structure needs cleaning (117)
rsync: recv_generator: failed to stat "/mnt/user/backups/KILE-NAS1/sync/Downloads/Series/Psych/Season 08/Psych - S08E05 - COG Blocked.nfo": Structure needs cleaning (117)
rsync error: some files/attrs were not transferred (see previous errors) (code 23) at main.c(1189) [sender=3.1.3]
Rsync completed on Downloads at Sat May 16 15:03:22 CDT 2020 with code of 23
----------------------------------------------------------------
Rsync completed on Emulation at Sat May 16 15:03:35 CDT 2020 with code of 0
----------------------------------------------------------------
Rsync completed on Plex at Sat May 16 15:09:22 CDT 2020 with code of 0
----------------------------------------------------------------
Rsync completed on Projects at Sat May 16 15:09:25 CDT 2020 with code of 0
----------------------------------------------------------------
Rsync completed on Transfer at Sat May 16 15:09:25 CDT 2020 with code of 0
----------------------------------------------------------------
Rsync completed on Uploads at Sat May 16 15:09:26 CDT 2020 with code of 0
----------------------------------------------------------------
Rsync completed on YouTube at Sat May 16 15:09:26 CDT 2020 with code of 0
------------------------------done------------------------------
-----------------------------start------------------------------
Sat May 16 16:00:01 CDT 2020 kile-deb2 rsync backup
-----Creating incremental backup of /mnt/user/
to root@192.168.2.202:/mnt/user/backups/KILE-NAS1/2020-05-16.16
-----excluding the following folders:
appdata domains Archive Backups Cache Downloads Emulation Movies Plex Projects system Temporary Transfer Uploads YouTube
----------------------------------------------------------------
Rsync completed at Sat May 16 16:02:28 CDT 2020 with code of 0
du: cannot access '/mnt/disk*/Backups/KILE-NAS1/2020-05-16.15': No such file or directory
du: cannot access '/mnt/disk*/Backups/KILE-NAS1/current': No such file or directory
numfmt: invalid number: ‘’
Snapshot 2020-05-16.16 has total size of:

bash: line 0: [: missing `]'
----------------------------------------------------------------
-----Synchronizing the following folders
Archive Backups Downloads Emulation Plex Projects Transfer Uploads YouTube
-----from /mnt/user/ to root@192.168.2.202:/mnt/user/backups/KILE-NAS1/sync
----------------------------------------------------------------
Rsync completed on Archive at Sat May 16 16:03:16 CDT 2020 with code of 0
----------------------------------------------------------------
Rsync completed on Backups at Sat May 16 16:03:16 CDT 2020 with code of 0
----------------------------------------------------------------
IO error encountered -- skipping file deletion
rsync: readdir("/mnt/user/backups/KILE-NAS1/sync/Downloads/Series/Psych/Season 08"): Structure needs cleaning (117)
rsync: recv_generator: failed to stat "/mnt/user/backups/KILE-NAS1/sync/Downloads/Series/Psych/Season 08/Psych - S08E05 - COG Blocked.nfo": Structure needs cleaning (117)
rsync error: some files/attrs were not transferred (see previous errors) (code 23) at main.c(1189) [sender=3.1.3]
Rsync completed on Downloads at Sat May 16 16:03:19 CDT 2020 with code of 23
----------------------------------------------------------------
Rsync completed on Emulation at Sat May 16 16:03:31 CDT 2020 with code of 0
----------------------------------------------------------------
Rsync completed on Plex at Sat May 16 16:09:26 CDT 2020 with code of 0
----------------------------------------------------------------
Rsync completed on Projects at Sat May 16 16:09:29 CDT 2020 with code of 0
----------------------------------------------------------------
Rsync completed on Transfer at Sat May 16 16:09:29 CDT 2020 with code of 0
----------------------------------------------------------------
Rsync completed on Uploads at Sat May 16 16:09:30 CDT 2020 with code of 0
----------------------------------------------------------------
Rsync completed on YouTube at Sat May 16 16:09:30 CDT 2020 with code of 0
------------------------------done------------------------------
-----------------------------start------------------------------
Sat May 16 17:00:01 CDT 2020 kile-deb2 rsync backup
-----Creating incremental backup of /mnt/user/
to root@192.168.2.202:/mnt/user/backups/KILE-NAS1/2020-05-16.17
-----excluding the following folders:
appdata domains Archive Backups Cache Downloads Emulation Movies Plex Projects system Temporary Transfer Uploads YouTube
----------------------------------------------------------------
Rsync completed at Sat May 16 17:02:04 CDT 2020 with code of 0
du: cannot access '/mnt/disk*/Backups/KILE-NAS1/2020-05-16.16': No such file or directory
du: cannot access '/mnt/disk*/Backups/KILE-NAS1/current': No such file or directory
numfmt: invalid number: ‘’
Snapshot 2020-05-16.17 has total size of:

bash: line 0: [: missing `]'
----------------------------------------------------------------
-----Synchronizing the following folders
Archive Backups Downloads Emulation Plex Projects Transfer Uploads YouTube
-----from /mnt/user/ to root@192.168.2.202:/mnt/user/backups/KILE-NAS1/sync
----------------------------------------------------------------
Rsync completed on Archive at Sat May 16 17:02:53 CDT 2020 with code of 0
----------------------------------------------------------------
Rsync completed on Backups at Sat May 16 17:02:53 CDT 2020 with code of 0
----------------------------------------------------------------
IO error encountered -- skipping file deletion
rsync: readdir("/mnt/user/backups/KILE-NAS1/sync/Downloads/Series/Psych/Season 08"): Structure needs cleaning (117)
rsync: recv_generator: failed to stat "/mnt/user/backups/KILE-NAS1/sync/Downloads/Series/Psych/Season 08/Psych - S08E05 - COG Blocked.nfo": Structure needs cleaning (117)
rsync error: some files/attrs were not transferred (see previous errors) (code 23) at main.c(1189) [sender=3.1.3]
Rsync completed on Downloads at Sat May 16 17:02:58 CDT 2020 with code of 23
----------------------------------------------------------------
Rsync completed on Emulation at Sat May 16 17:03:11 CDT 2020 with code of 0
----------------------------------------------------------------
Rsync completed on Plex at Sat May 16 17:09:04 CDT 2020 with code of 0
----------------------------------------------------------------
Rsync completed on Projects at Sat May 16 17:09:08 CDT 2020 with code of 0
----------------------------------------------------------------
Rsync completed on Transfer at Sat May 16 17:09:08 CDT 2020 with code of 0
----------------------------------------------------------------
Rsync completed on Uploads at Sat May 16 17:09:08 CDT 2020 with code of 0
----------------------------------------------------------------
Rsync completed on YouTube at Sat May 16 17:09:09 CDT 2020 with code of 0
------------------------------done------------------------------
-----------------------------start------------------------------
Sat May 16 18:00:01 CDT 2020 kile-deb2 rsync backup
-----Creating incremental backup of /mnt/user/
to root@192.168.2.202:/mnt/user/backups/KILE-NAS1/2020-05-16.18
-----excluding the following folders:
appdata domains Archive Backups Cache Downloads Emulation Movies Plex Projects system Temporary Transfer Uploads YouTube
----------------------------------------------------------------
Rsync completed at Sat May 16 18:02:45 CDT 2020 with code of 0
du: cannot access '/mnt/disk*/Backups/KILE-NAS1/2020-05-16.17': No such file or directory
du: cannot access '/mnt/disk*/Backups/KILE-NAS1/current': No such file or directory
numfmt: invalid number: ‘’
Snapshot 2020-05-16.18 has total size of:

bash: line 0: [: missing `]'
----------------------------------------------------------------
-----Synchronizing the following folders
Archive Backups Downloads Emulation Plex Projects Transfer Uploads YouTube
-----from /mnt/user/ to root@192.168.2.202:/mnt/user/backups/KILE-NAS1/sync
----------------------------------------------------------------
Rsync completed on Archive at Sat May 16 18:03:34 CDT 2020 with code of 0
----------------------------------------------------------------
Rsync completed on Backups at Sat May 16 18:03:34 CDT 2020 with code of 0
----------------------------------------------------------------
IO error encountered -- skipping file deletion
rsync: readdir("/mnt/user/backups/KILE-NAS1/sync/Downloads/Series/Psych/Season 08"): Structure needs cleaning (117)
rsync: recv_generator: failed to stat "/mnt/user/backups/KILE-NAS1/sync/Downloads/Series/Psych/Season 08/Psych - S08E05 - COG Blocked.nfo": Structure needs cleaning (117)
rsync error: some files/attrs were not transferred (see previous errors) (code 23) at main.c(1189) [sender=3.1.3]
Rsync completed on Downloads at Sat May 16 18:03:39 CDT 2020 with code of 23
----------------------------------------------------------------
Rsync completed on Emulation at Sat May 16 18:03:51 CDT 2020 with code of 0
----------------------------------------------------------------
Rsync completed on Plex at Sat May 16 18:09:53 CDT 2020 with code of 0
----------------------------------------------------------------
Rsync completed on Projects at Sat May 16 18:09:56 CDT 2020 with code of 0
----------------------------------------------------------------
Rsync completed on Transfer at Sat May 16 18:09:56 CDT 2020 with code of 0
----------------------------------------------------------------
Rsync completed on Uploads at Sat May 16 18:09:57 CDT 2020 with code of 0
----------------------------------------------------------------
Rsync completed on YouTube at Sat May 16 18:09:57 CDT 2020 with code of 0
------------------------------done------------------------------
-----------------------------start------------------------------
Sat May 16 19:00:01 CDT 2020 kile-deb2 rsync backup
-----Creating incremental backup of /mnt/user/
to root@192.168.2.202:/mnt/user/backups/KILE-NAS1/2020-05-16.19
-----excluding the following folders:
appdata domains Archive Backups Cache Downloads Emulation Movies Plex Projects system Temporary Transfer Uploads YouTube
----------------------------------------------------------------
Rsync completed at Sat May 16 19:02:32 CDT 2020 with code of 0
du: cannot access '/mnt/disk*/Backups/KILE-NAS1/2020-05-16.18': No such file or directory
du: cannot access '/mnt/disk*/Backups/KILE-NAS1/current': No such file or directory
numfmt: invalid number: ‘’
Snapshot 2020-05-16.19 has total size of:

bash: line 0: [: missing `]'
----------------------------------------------------------------
-----Synchronizing the following folders
Archive Backups Downloads Emulation Plex Projects Transfer Uploads YouTube
-----from /mnt/user/ to root@192.168.2.202:/mnt/user/backups/KILE-NAS1/sync
----------------------------------------------------------------
Rsync completed on Archive at Sat May 16 19:03:22 CDT 2020 with code of 0
----------------------------------------------------------------
Rsync completed on Backups at Sat May 16 19:03:22 CDT 2020 with code of 0
----------------------------------------------------------------
IO error encountered -- skipping file deletion
rsync: readdir("/mnt/user/backups/KILE-NAS1/sync/Downloads/Series/Psych/Season 08"): Structure needs cleaning (117)
rsync: recv_generator: failed to stat "/mnt/user/backups/KILE-NAS1/sync/Downloads/Series/Psych/Season 08/Psych - S08E05 - COG Blocked.nfo": Structure needs cleaning (117)
rsync error: some files/attrs were not transferred (see previous errors) (code 23) at main.c(1189) [sender=3.1.3]
Rsync completed on Downloads at Sat May 16 19:03:30 CDT 2020 with code of 23
----------------------------------------------------------------
Rsync completed on Emulation at Sat May 16 19:03:42 CDT 2020 with code of 0
----------------------------------------------------------------
Rsync completed on Plex at Sat May 16 19:09:44 CDT 2020 with code of 0
----------------------------------------------------------------
Rsync completed on Projects at Sat May 16 19:09:47 CDT 2020 with code of 0
----------------------------------------------------------------
Rsync completed on Transfer at Sat May 16 19:09:47 CDT 2020 with code of 0
----------------------------------------------------------------
Rsync completed on Uploads at Sat May 16 19:09:48 CDT 2020 with code of 0
----------------------------------------------------------------
Rsync completed on YouTube at Sat May 16 19:09:48 CDT 2020 with code of 0
------------------------------done------------------------------
-----------------------------start------------------------------
Sat May 16 23:00:01 CDT 2020 kile-deb2 rsync backup
-----Creating incremental backup of /mnt/user/
to root@192.168.2.202:/mnt/user/backups/KILE-NAS1/2020-05-16.23
-----excluding the following folders:
appdata domains Archive Backups Cache Downloads Emulation Movies Plex Projects system Temporary Transfer Uploads YouTube
----------------------------------------------------------------
Rsync completed at Sat May 16 23:02:10 CDT 2020 with code of 0
du: cannot access '/mnt/disk*/Backups/KILE-NAS1/2020-05-16.19': No such file or directory
du: cannot access '/mnt/disk*/Backups/KILE-NAS1/current': No such file or directory
numfmt: invalid number: ‘’
Snapshot 2020-05-16.23 has total size of:

bash: line 0: [: missing `]'
----------------------------------------------------------------
-----Synchronizing the following folders
Archive Backups Downloads Emulation Plex Projects Transfer Uploads YouTube
-----from /mnt/user/ to root@192.168.2.202:/mnt/user/backups/KILE-NAS1/sync
----------------------------------------------------------------
Rsync completed on Archive at Sat May 16 23:03:00 CDT 2020 with code of 0
----------------------------------------------------------------
Rsync completed on Backups at Sat May 16 23:03:00 CDT 2020 with code of 0
----------------------------------------------------------------
IO error encountered -- skipping file deletion
rsync: readdir("/mnt/user/backups/KILE-NAS1/sync/Downloads/Series/Psych/Season 08"): Structure needs cleaning (117)
rsync: recv_generator: failed to stat "/mnt/user/backups/KILE-NAS1/sync/Downloads/Series/Psych/Season 08/Psych - S08E05 - COG Blocked.nfo": Structure needs cleaning (117)
rsync error: some files/attrs were not transferred (see previous errors) (code 23) at main.c(1189) [sender=3.1.3]
Rsync completed on Downloads at Sat May 16 23:03:31 CDT 2020 with code of 23
----------------------------------------------------------------
Rsync completed on Emulation at Sat May 16 23:03:44 CDT 2020 with code of 0
----------------------------------------------------------------
Rsync completed on Plex at Sat May 16 23:09:51 CDT 2020 with code of 0
----------------------------------------------------------------
Rsync completed on Projects at Sat May 16 23:09:54 CDT 2020 with code of 0
----------------------------------------------------------------
Rsync completed on Transfer at Sat May 16 23:09:55 CDT 2020 with code of 0
----------------------------------------------------------------
Rsync completed on Uploads at Sat May 16 23:09:55 CDT 2020 with code of 0
----------------------------------------------------------------
Rsync completed on YouTube at Sat May 16 23:09:56 CDT 2020 with code of 0
------------------------------done------------------------------
