-----------------------------start------------------------------
Thu Jun  4 00:00:01 CDT 2020 kile-deb2 rsync cleanup
----------------------------------------------------------------
Beginning rsync hourly cleanup at Thu Jun  4 00:00:01 CDT 2020
90
Checking for /mnt/user/Backups/KILE-NAS1/2020-03-05
89
Checking for /mnt/user/Backups/KILE-NAS1/2020-03-06
88
Checking for /mnt/user/Backups/KILE-NAS1/2020-03-07
87
Checking for /mnt/user/Backups/KILE-NAS1/2020-03-09
86
Checking for /mnt/user/Backups/KILE-NAS1/2020-03-10
85
Checking for /mnt/user/Backups/KILE-NAS1/2020-03-11
84
Checking for /mnt/user/Backups/KILE-NAS1/2020-03-12
83
Checking for /mnt/user/Backups/KILE-NAS1/2020-03-13
82
Checking for /mnt/user/Backups/KILE-NAS1/2020-03-14
81
Checking for /mnt/user/Backups/KILE-NAS1/2020-03-15
80
Checking for /mnt/user/Backups/KILE-NAS1/2020-03-16
79
Checking for /mnt/user/Backups/KILE-NAS1/2020-03-17
78
Checking for /mnt/user/Backups/KILE-NAS1/2020-03-18
77
Checking for /mnt/user/Backups/KILE-NAS1/2020-03-19
76
Checking for /mnt/user/Backups/KILE-NAS1/2020-03-20
75
Checking for /mnt/user/Backups/KILE-NAS1/2020-03-21
74
Checking for /mnt/user/Backups/KILE-NAS1/2020-03-22
73
Checking for /mnt/user/Backups/KILE-NAS1/2020-03-23
72
Checking for /mnt/user/Backups/KILE-NAS1/2020-03-24
71
Checking for /mnt/user/Backups/KILE-NAS1/2020-03-25
70
Checking for /mnt/user/Backups/KILE-NAS1/2020-03-26
69
Checking for /mnt/user/Backups/KILE-NAS1/2020-03-27
68
Checking for /mnt/user/Backups/KILE-NAS1/2020-03-28
67
Checking for /mnt/user/Backups/KILE-NAS1/2020-03-29
66
Checking for /mnt/user/Backups/KILE-NAS1/2020-03-30
65
Checking for /mnt/user/Backups/KILE-NAS1/2020-03-31
64
Checking for /mnt/user/Backups/KILE-NAS1/2020-04-01
63
Checking for /mnt/user/Backups/KILE-NAS1/2020-04-02
62
Checking for /mnt/user/Backups/KILE-NAS1/2020-04-03
61
Checking for /mnt/user/Backups/KILE-NAS1/2020-04-04
60
Checking for /mnt/user/Backups/KILE-NAS1/2020-04-05
59
Checking for /mnt/user/Backups/KILE-NAS1/2020-04-06
58
Checking for /mnt/user/Backups/KILE-NAS1/2020-04-07
57
Checking for /mnt/user/Backups/KILE-NAS1/2020-04-08
56
Checking for /mnt/user/Backups/KILE-NAS1/2020-04-09
55
Checking for /mnt/user/Backups/KILE-NAS1/2020-04-10
54
Checking for /mnt/user/Backups/KILE-NAS1/2020-04-11
53
Checking for /mnt/user/Backups/KILE-NAS1/2020-04-12
52
Checking for /mnt/user/Backups/KILE-NAS1/2020-04-13
51
Checking for /mnt/user/Backups/KILE-NAS1/2020-04-14
50
Checking for /mnt/user/Backups/KILE-NAS1/2020-04-15
49
Checking for /mnt/user/Backups/KILE-NAS1/2020-04-16
48
Checking for /mnt/user/Backups/KILE-NAS1/2020-04-17
47
Checking for /mnt/user/Backups/KILE-NAS1/2020-04-18
46
Checking for /mnt/user/Backups/KILE-NAS1/2020-04-19
45
Checking for /mnt/user/Backups/KILE-NAS1/2020-04-20
44
Checking for /mnt/user/Backups/KILE-NAS1/2020-04-21
43
Checking for /mnt/user/Backups/KILE-NAS1/2020-04-22
42
Checking for /mnt/user/Backups/KILE-NAS1/2020-04-23
41
Checking for /mnt/user/Backups/KILE-NAS1/2020-04-24
40
Checking for /mnt/user/Backups/KILE-NAS1/2020-04-25
39
Checking for /mnt/user/Backups/KILE-NAS1/2020-04-26
38
Checking for /mnt/user/Backups/KILE-NAS1/2020-04-27
37
Checking for /mnt/user/Backups/KILE-NAS1/2020-04-28
36
Checking for /mnt/user/Backups/KILE-NAS1/2020-04-29
35
Checking for /mnt/user/Backups/KILE-NAS1/2020-04-30
34
Checking for /mnt/user/Backups/KILE-NAS1/2020-05-01
33
Checking for /mnt/user/Backups/KILE-NAS1/2020-05-02
32
Checking for /mnt/user/Backups/KILE-NAS1/2020-05-03
31
Checking for /mnt/user/Backups/KILE-NAS1/2020-05-04
30
Checking for /mnt/user/Backups/KILE-NAS1/2020-05-05
29
Checking for /mnt/user/Backups/KILE-NAS1/2020-05-06
28
Checking for /mnt/user/Backups/KILE-NAS1/2020-05-07
27
Checking for /mnt/user/Backups/KILE-NAS1/2020-05-08
26
Checking for /mnt/user/Backups/KILE-NAS1/2020-05-09
25
Checking for /mnt/user/Backups/KILE-NAS1/2020-05-10
24
Checking for /mnt/user/Backups/KILE-NAS1/2020-05-11
23
Checking for /mnt/user/Backups/KILE-NAS1/2020-05-12
22
Checking for /mnt/user/Backups/KILE-NAS1/2020-05-13
21
Checking for /mnt/user/Backups/KILE-NAS1/2020-05-14
20
Checking for /mnt/user/Backups/KILE-NAS1/2020-05-15
19
Checking for /mnt/user/Backups/KILE-NAS1/2020-05-16
18
Checking for /mnt/user/Backups/KILE-NAS1/2020-05-17
17
Checking for /mnt/user/Backups/KILE-NAS1/2020-05-18
16
Checking for /mnt/user/Backups/KILE-NAS1/2020-05-19
15
Checking for /mnt/user/Backups/KILE-NAS1/2020-05-20
14
Checking for /mnt/user/Backups/KILE-NAS1/2020-05-21
13
Checking for /mnt/user/Backups/KILE-NAS1/2020-05-22
12
Checking for /mnt/user/Backups/KILE-NAS1/2020-05-23
11
Checking for /mnt/user/Backups/KILE-NAS1/2020-05-24
10
Checking for /mnt/user/Backups/KILE-NAS1/2020-05-25
9
Checking for /mnt/user/Backups/KILE-NAS1/2020-05-26
8
Checking for /mnt/user/Backups/KILE-NAS1/2020-05-27
7
Checking for /mnt/user/Backups/KILE-NAS1/2020-05-28
6
Checking for /mnt/user/Backups/KILE-NAS1/2020-05-29
5
Checking for /mnt/user/Backups/KILE-NAS1/2020-05-30
4
Checking for /mnt/user/Backups/KILE-NAS1/2020-05-31
3
Checking for /mnt/user/Backups/KILE-NAS1/2020-06-01
----------------------------------------------------------------
Beginning rsync daily cleanup at Thu Jun  4 00:00:16 CDT 2020
----------------------------------------------------------------
Beginning rsync monthly cleanup at Thu Jun  4 00:01:03 CDT 2020
------------------------------done------------------------------
