-----------------------------start------------------------------
Thu May 28 00:00:01 CDT 2020 kile-deb2 rsync cleanup
----------------------------------------------------------------
Beginning rsync hourly cleanup at Thu May 28 00:00:01 CDT 2020
90
Checking for /mnt/user/Backups/KILE-NAS1/2020-02-27
89
Checking for /mnt/user/Backups/KILE-NAS1/2020-02-28
88
Checking for /mnt/user/Backups/KILE-NAS1/2020-02-29
87
Checking for /mnt/user/Backups/KILE-NAS1/2020-03-01
86
Checking for /mnt/user/Backups/KILE-NAS1/2020-03-02
85
Checking for /mnt/user/Backups/KILE-NAS1/2020-03-03
84
Checking for /mnt/user/Backups/KILE-NAS1/2020-03-04
83
Checking for /mnt/user/Backups/KILE-NAS1/2020-03-05
82
Checking for /mnt/user/Backups/KILE-NAS1/2020-03-06
81
Checking for /mnt/user/Backups/KILE-NAS1/2020-03-07
80
Checking for /mnt/user/Backups/KILE-NAS1/2020-03-09
79
Checking for /mnt/user/Backups/KILE-NAS1/2020-03-10
78
Checking for /mnt/user/Backups/KILE-NAS1/2020-03-11
77
Checking for /mnt/user/Backups/KILE-NAS1/2020-03-12
76
Checking for /mnt/user/Backups/KILE-NAS1/2020-03-13
75
Checking for /mnt/user/Backups/KILE-NAS1/2020-03-14
74
Checking for /mnt/user/Backups/KILE-NAS1/2020-03-15
73
Checking for /mnt/user/Backups/KILE-NAS1/2020-03-16
72
Checking for /mnt/user/Backups/KILE-NAS1/2020-03-17
71
Checking for /mnt/user/Backups/KILE-NAS1/2020-03-18
70
Checking for /mnt/user/Backups/KILE-NAS1/2020-03-19
69
Checking for /mnt/user/Backups/KILE-NAS1/2020-03-20
68
Checking for /mnt/user/Backups/KILE-NAS1/2020-03-21
67
Checking for /mnt/user/Backups/KILE-NAS1/2020-03-22
66
Checking for /mnt/user/Backups/KILE-NAS1/2020-03-23
65
Checking for /mnt/user/Backups/KILE-NAS1/2020-03-24
64
Checking for /mnt/user/Backups/KILE-NAS1/2020-03-25
63
Checking for /mnt/user/Backups/KILE-NAS1/2020-03-26
62
Checking for /mnt/user/Backups/KILE-NAS1/2020-03-27
61
Checking for /mnt/user/Backups/KILE-NAS1/2020-03-28
60
Checking for /mnt/user/Backups/KILE-NAS1/2020-03-29
59
Checking for /mnt/user/Backups/KILE-NAS1/2020-03-30
58
Checking for /mnt/user/Backups/KILE-NAS1/2020-03-31
57
Checking for /mnt/user/Backups/KILE-NAS1/2020-04-01
56
Checking for /mnt/user/Backups/KILE-NAS1/2020-04-02
55
Checking for /mnt/user/Backups/KILE-NAS1/2020-04-03
54
Checking for /mnt/user/Backups/KILE-NAS1/2020-04-04
53
Checking for /mnt/user/Backups/KILE-NAS1/2020-04-05
52
Checking for /mnt/user/Backups/KILE-NAS1/2020-04-06
51
Checking for /mnt/user/Backups/KILE-NAS1/2020-04-07
50
Checking for /mnt/user/Backups/KILE-NAS1/2020-04-08
49
Checking for /mnt/user/Backups/KILE-NAS1/2020-04-09
48
Checking for /mnt/user/Backups/KILE-NAS1/2020-04-10
47
Checking for /mnt/user/Backups/KILE-NAS1/2020-04-11
46
Checking for /mnt/user/Backups/KILE-NAS1/2020-04-12
45
Checking for /mnt/user/Backups/KILE-NAS1/2020-04-13
44
Checking for /mnt/user/Backups/KILE-NAS1/2020-04-14
43
Checking for /mnt/user/Backups/KILE-NAS1/2020-04-15
42
Checking for /mnt/user/Backups/KILE-NAS1/2020-04-16
41
Checking for /mnt/user/Backups/KILE-NAS1/2020-04-17
40
Checking for /mnt/user/Backups/KILE-NAS1/2020-04-18
39
Checking for /mnt/user/Backups/KILE-NAS1/2020-04-19
38
Checking for /mnt/user/Backups/KILE-NAS1/2020-04-20
37
Checking for /mnt/user/Backups/KILE-NAS1/2020-04-21
36
Checking for /mnt/user/Backups/KILE-NAS1/2020-04-22
35
Checking for /mnt/user/Backups/KILE-NAS1/2020-04-23
34
Checking for /mnt/user/Backups/KILE-NAS1/2020-04-24
33
Checking for /mnt/user/Backups/KILE-NAS1/2020-04-25
32
Checking for /mnt/user/Backups/KILE-NAS1/2020-04-26
31
Checking for /mnt/user/Backups/KILE-NAS1/2020-04-27
30
Checking for /mnt/user/Backups/KILE-NAS1/2020-04-28
29
Checking for /mnt/user/Backups/KILE-NAS1/2020-04-29
28
Checking for /mnt/user/Backups/KILE-NAS1/2020-04-30
27
Checking for /mnt/user/Backups/KILE-NAS1/2020-05-01
26
Checking for /mnt/user/Backups/KILE-NAS1/2020-05-02
25
Checking for /mnt/user/Backups/KILE-NAS1/2020-05-03
24
Checking for /mnt/user/Backups/KILE-NAS1/2020-05-04
23
Checking for /mnt/user/Backups/KILE-NAS1/2020-05-05
22
Checking for /mnt/user/Backups/KILE-NAS1/2020-05-06
21
Checking for /mnt/user/Backups/KILE-NAS1/2020-05-07
20
Checking for /mnt/user/Backups/KILE-NAS1/2020-05-08
19
Checking for /mnt/user/Backups/KILE-NAS1/2020-05-09
18
Checking for /mnt/user/Backups/KILE-NAS1/2020-05-10
17
Checking for /mnt/user/Backups/KILE-NAS1/2020-05-11
16
Checking for /mnt/user/Backups/KILE-NAS1/2020-05-12
15
Checking for /mnt/user/Backups/KILE-NAS1/2020-05-13
14
Checking for /mnt/user/Backups/KILE-NAS1/2020-05-14
13
Checking for /mnt/user/Backups/KILE-NAS1/2020-05-15
12
Checking for /mnt/user/Backups/KILE-NAS1/2020-05-16
11
Checking for /mnt/user/Backups/KILE-NAS1/2020-05-17
10
Checking for /mnt/user/Backups/KILE-NAS1/2020-05-18
9
Checking for /mnt/user/Backups/KILE-NAS1/2020-05-19
8
Checking for /mnt/user/Backups/KILE-NAS1/2020-05-20
7
Checking for /mnt/user/Backups/KILE-NAS1/2020-05-21
6
Checking for /mnt/user/Backups/KILE-NAS1/2020-05-22
5
Checking for /mnt/user/Backups/KILE-NAS1/2020-05-23
4
Checking for /mnt/user/Backups/KILE-NAS1/2020-05-24
3
Checking for /mnt/user/Backups/KILE-NAS1/2020-05-25
----------------------------------------------------------------
Beginning rsync daily cleanup at Thu May 28 00:00:17 CDT 2020
----------------------------------------------------------------
Beginning rsync monthly cleanup at Thu May 28 00:01:05 CDT 2020
------------------------------done------------------------------
