-----------------------------start------------------------------
Sun May 10 00:00:06 CDT 2020 kile-deb2 rsync cleanup
----------------------------------------------------------------
Beginning rsync hourly cleanup at Sun May 10 00:00:07 CDT 2020
90
Checking for /mnt/user/Backups/KILE-NAS1/2020-02-09
89
Checking for /mnt/user/Backups/KILE-NAS1/2020-02-10
88
Checking for /mnt/user/Backups/KILE-NAS1/2020-02-11
87
Checking for /mnt/user/Backups/KILE-NAS1/2020-02-12
86
Checking for /mnt/user/Backups/KILE-NAS1/2020-02-13
85
Checking for /mnt/user/Backups/KILE-NAS1/2020-02-14
84
Checking for /mnt/user/Backups/KILE-NAS1/2020-02-15
83
Checking for /mnt/user/Backups/KILE-NAS1/2020-02-16
82
Checking for /mnt/user/Backups/KILE-NAS1/2020-02-17
81
Checking for /mnt/user/Backups/KILE-NAS1/2020-02-18
80
Checking for /mnt/user/Backups/KILE-NAS1/2020-02-19
79
Checking for /mnt/user/Backups/KILE-NAS1/2020-02-20
78
Checking for /mnt/user/Backups/KILE-NAS1/2020-02-21
77
Checking for /mnt/user/Backups/KILE-NAS1/2020-02-22
76
Checking for /mnt/user/Backups/KILE-NAS1/2020-02-23
75
Checking for /mnt/user/Backups/KILE-NAS1/2020-02-24
74
Checking for /mnt/user/Backups/KILE-NAS1/2020-02-25
73
Checking for /mnt/user/Backups/KILE-NAS1/2020-02-26
72
Checking for /mnt/user/Backups/KILE-NAS1/2020-02-27
71
Checking for /mnt/user/Backups/KILE-NAS1/2020-02-28
70
Checking for /mnt/user/Backups/KILE-NAS1/2020-02-29
69
Checking for /mnt/user/Backups/KILE-NAS1/2020-03-01
68
Checking for /mnt/user/Backups/KILE-NAS1/2020-03-02
67
Checking for /mnt/user/Backups/KILE-NAS1/2020-03-03
66
Checking for /mnt/user/Backups/KILE-NAS1/2020-03-04
65
Checking for /mnt/user/Backups/KILE-NAS1/2020-03-05
64
Checking for /mnt/user/Backups/KILE-NAS1/2020-03-06
63
Checking for /mnt/user/Backups/KILE-NAS1/2020-03-07
62
Checking for /mnt/user/Backups/KILE-NAS1/2020-03-09
61
Checking for /mnt/user/Backups/KILE-NAS1/2020-03-10
60
Checking for /mnt/user/Backups/KILE-NAS1/2020-03-11
59
Checking for /mnt/user/Backups/KILE-NAS1/2020-03-12
58
Checking for /mnt/user/Backups/KILE-NAS1/2020-03-13
57
Checking for /mnt/user/Backups/KILE-NAS1/2020-03-14
56
Checking for /mnt/user/Backups/KILE-NAS1/2020-03-15
55
Checking for /mnt/user/Backups/KILE-NAS1/2020-03-16
54
Checking for /mnt/user/Backups/KILE-NAS1/2020-03-17
53
Checking for /mnt/user/Backups/KILE-NAS1/2020-03-18
52
Checking for /mnt/user/Backups/KILE-NAS1/2020-03-19
51
Checking for /mnt/user/Backups/KILE-NAS1/2020-03-20
50
Checking for /mnt/user/Backups/KILE-NAS1/2020-03-21
49
Checking for /mnt/user/Backups/KILE-NAS1/2020-03-22
48
Checking for /mnt/user/Backups/KILE-NAS1/2020-03-23
47
Checking for /mnt/user/Backups/KILE-NAS1/2020-03-24
46
Checking for /mnt/user/Backups/KILE-NAS1/2020-03-25
45
Checking for /mnt/user/Backups/KILE-NAS1/2020-03-26
44
Checking for /mnt/user/Backups/KILE-NAS1/2020-03-27
43
Checking for /mnt/user/Backups/KILE-NAS1/2020-03-28
42
Checking for /mnt/user/Backups/KILE-NAS1/2020-03-29
41
Checking for /mnt/user/Backups/KILE-NAS1/2020-03-30
40
Checking for /mnt/user/Backups/KILE-NAS1/2020-03-31
39
Checking for /mnt/user/Backups/KILE-NAS1/2020-04-01
38
Checking for /mnt/user/Backups/KILE-NAS1/2020-04-02
37
Checking for /mnt/user/Backups/KILE-NAS1/2020-04-03
36
Checking for /mnt/user/Backups/KILE-NAS1/2020-04-04
35
Checking for /mnt/user/Backups/KILE-NAS1/2020-04-05
34
Checking for /mnt/user/Backups/KILE-NAS1/2020-04-06
33
Checking for /mnt/user/Backups/KILE-NAS1/2020-04-07
32
Checking for /mnt/user/Backups/KILE-NAS1/2020-04-08
31
Checking for /mnt/user/Backups/KILE-NAS1/2020-04-09
30
Checking for /mnt/user/Backups/KILE-NAS1/2020-04-10
29
Checking for /mnt/user/Backups/KILE-NAS1/2020-04-11
28
Checking for /mnt/user/Backups/KILE-NAS1/2020-04-12
27
Checking for /mnt/user/Backups/KILE-NAS1/2020-04-13
26
Checking for /mnt/user/Backups/KILE-NAS1/2020-04-14
25
Checking for /mnt/user/Backups/KILE-NAS1/2020-04-15
24
Checking for /mnt/user/Backups/KILE-NAS1/2020-04-16
23
Checking for /mnt/user/Backups/KILE-NAS1/2020-04-17
22
Checking for /mnt/user/Backups/KILE-NAS1/2020-04-18
21
Checking for /mnt/user/Backups/KILE-NAS1/2020-04-19
20
Checking for /mnt/user/Backups/KILE-NAS1/2020-04-20
19
Checking for /mnt/user/Backups/KILE-NAS1/2020-04-21
18
Checking for /mnt/user/Backups/KILE-NAS1/2020-04-22
17
Checking for /mnt/user/Backups/KILE-NAS1/2020-04-23
16
Checking for /mnt/user/Backups/KILE-NAS1/2020-04-24
15
Checking for /mnt/user/Backups/KILE-NAS1/2020-04-25
14
Checking for /mnt/user/Backups/KILE-NAS1/2020-04-26
13
Checking for /mnt/user/Backups/KILE-NAS1/2020-04-27
12
Checking for /mnt/user/Backups/KILE-NAS1/2020-04-28
11
Checking for /mnt/user/Backups/KILE-NAS1/2020-04-29
10
Checking for /mnt/user/Backups/KILE-NAS1/2020-04-30
9
Checking for /mnt/user/Backups/KILE-NAS1/2020-05-01
8
Checking for /mnt/user/Backups/KILE-NAS1/2020-05-02
7
Checking for /mnt/user/Backups/KILE-NAS1/2020-05-03
6
Checking for /mnt/user/Backups/KILE-NAS1/2020-05-04
5
Checking for /mnt/user/Backups/KILE-NAS1/2020-05-05
4
Checking for /mnt/user/Backups/KILE-NAS1/2020-05-06
3
Checking for /mnt/user/Backups/KILE-NAS1/2020-05-07
----------------------------------------------------------------
Beginning rsync daily cleanup at Sun May 10 00:01:06 CDT 2020
----------------------------------------------------------------
Beginning rsync monthly cleanup at Sun May 10 00:01:54 CDT 2020
------------------------------done------------------------------
