-----------------------------start------------------------------
Tue May 12 00:00:02 CDT 2020 kile-deb2 rsync cleanup
----------------------------------------------------------------
Beginning rsync hourly cleanup at Tue May 12 00:00:02 CDT 2020
90
Checking for /mnt/user/Backups/KILE-NAS1/2020-02-11
89
Checking for /mnt/user/Backups/KILE-NAS1/2020-02-12
88
Checking for /mnt/user/Backups/KILE-NAS1/2020-02-13
87
Checking for /mnt/user/Backups/KILE-NAS1/2020-02-14
86
Checking for /mnt/user/Backups/KILE-NAS1/2020-02-15
85
Checking for /mnt/user/Backups/KILE-NAS1/2020-02-16
84
Checking for /mnt/user/Backups/KILE-NAS1/2020-02-17
83
Checking for /mnt/user/Backups/KILE-NAS1/2020-02-18
82
Checking for /mnt/user/Backups/KILE-NAS1/2020-02-19
81
Checking for /mnt/user/Backups/KILE-NAS1/2020-02-20
80
Checking for /mnt/user/Backups/KILE-NAS1/2020-02-21
79
Checking for /mnt/user/Backups/KILE-NAS1/2020-02-22
78
Checking for /mnt/user/Backups/KILE-NAS1/2020-02-23
77
Checking for /mnt/user/Backups/KILE-NAS1/2020-02-24
76
Checking for /mnt/user/Backups/KILE-NAS1/2020-02-25
75
Checking for /mnt/user/Backups/KILE-NAS1/2020-02-26
74
Checking for /mnt/user/Backups/KILE-NAS1/2020-02-27
73
Checking for /mnt/user/Backups/KILE-NAS1/2020-02-28
72
Checking for /mnt/user/Backups/KILE-NAS1/2020-02-29
71
Checking for /mnt/user/Backups/KILE-NAS1/2020-03-01
70
Checking for /mnt/user/Backups/KILE-NAS1/2020-03-02
69
Checking for /mnt/user/Backups/KILE-NAS1/2020-03-03
68
Checking for /mnt/user/Backups/KILE-NAS1/2020-03-04
67
Checking for /mnt/user/Backups/KILE-NAS1/2020-03-05
66
Checking for /mnt/user/Backups/KILE-NAS1/2020-03-06
65
Checking for /mnt/user/Backups/KILE-NAS1/2020-03-07
64
Checking for /mnt/user/Backups/KILE-NAS1/2020-03-09
63
Checking for /mnt/user/Backups/KILE-NAS1/2020-03-10
62
Checking for /mnt/user/Backups/KILE-NAS1/2020-03-11
61
Checking for /mnt/user/Backups/KILE-NAS1/2020-03-12
60
Checking for /mnt/user/Backups/KILE-NAS1/2020-03-13
59
Checking for /mnt/user/Backups/KILE-NAS1/2020-03-14
58
Checking for /mnt/user/Backups/KILE-NAS1/2020-03-15
57
Checking for /mnt/user/Backups/KILE-NAS1/2020-03-16
56
Checking for /mnt/user/Backups/KILE-NAS1/2020-03-17
55
Checking for /mnt/user/Backups/KILE-NAS1/2020-03-18
54
Checking for /mnt/user/Backups/KILE-NAS1/2020-03-19
53
Checking for /mnt/user/Backups/KILE-NAS1/2020-03-20
52
Checking for /mnt/user/Backups/KILE-NAS1/2020-03-21
51
Checking for /mnt/user/Backups/KILE-NAS1/2020-03-22
50
Checking for /mnt/user/Backups/KILE-NAS1/2020-03-23
49
Checking for /mnt/user/Backups/KILE-NAS1/2020-03-24
48
Checking for /mnt/user/Backups/KILE-NAS1/2020-03-25
47
Checking for /mnt/user/Backups/KILE-NAS1/2020-03-26
46
Checking for /mnt/user/Backups/KILE-NAS1/2020-03-27
45
Checking for /mnt/user/Backups/KILE-NAS1/2020-03-28
44
Checking for /mnt/user/Backups/KILE-NAS1/2020-03-29
43
Checking for /mnt/user/Backups/KILE-NAS1/2020-03-30
42
Checking for /mnt/user/Backups/KILE-NAS1/2020-03-31
41
Checking for /mnt/user/Backups/KILE-NAS1/2020-04-01
40
Checking for /mnt/user/Backups/KILE-NAS1/2020-04-02
39
Checking for /mnt/user/Backups/KILE-NAS1/2020-04-03
38
Checking for /mnt/user/Backups/KILE-NAS1/2020-04-04
37
Checking for /mnt/user/Backups/KILE-NAS1/2020-04-05
36
Checking for /mnt/user/Backups/KILE-NAS1/2020-04-06
35
Checking for /mnt/user/Backups/KILE-NAS1/2020-04-07
34
Checking for /mnt/user/Backups/KILE-NAS1/2020-04-08
33
Checking for /mnt/user/Backups/KILE-NAS1/2020-04-09
32
Checking for /mnt/user/Backups/KILE-NAS1/2020-04-10
31
Checking for /mnt/user/Backups/KILE-NAS1/2020-04-11
30
Checking for /mnt/user/Backups/KILE-NAS1/2020-04-12
29
Checking for /mnt/user/Backups/KILE-NAS1/2020-04-13
28
Checking for /mnt/user/Backups/KILE-NAS1/2020-04-14
27
Checking for /mnt/user/Backups/KILE-NAS1/2020-04-15
26
Checking for /mnt/user/Backups/KILE-NAS1/2020-04-16
25
Checking for /mnt/user/Backups/KILE-NAS1/2020-04-17
24
Checking for /mnt/user/Backups/KILE-NAS1/2020-04-18
23
Checking for /mnt/user/Backups/KILE-NAS1/2020-04-19
22
Checking for /mnt/user/Backups/KILE-NAS1/2020-04-20
21
Checking for /mnt/user/Backups/KILE-NAS1/2020-04-21
20
Checking for /mnt/user/Backups/KILE-NAS1/2020-04-22
19
Checking for /mnt/user/Backups/KILE-NAS1/2020-04-23
18
Checking for /mnt/user/Backups/KILE-NAS1/2020-04-24
17
Checking for /mnt/user/Backups/KILE-NAS1/2020-04-25
16
Checking for /mnt/user/Backups/KILE-NAS1/2020-04-26
15
Checking for /mnt/user/Backups/KILE-NAS1/2020-04-27
14
Checking for /mnt/user/Backups/KILE-NAS1/2020-04-28
13
Checking for /mnt/user/Backups/KILE-NAS1/2020-04-29
12
Checking for /mnt/user/Backups/KILE-NAS1/2020-04-30
11
Checking for /mnt/user/Backups/KILE-NAS1/2020-05-01
10
Checking for /mnt/user/Backups/KILE-NAS1/2020-05-02
9
Checking for /mnt/user/Backups/KILE-NAS1/2020-05-03
8
Checking for /mnt/user/Backups/KILE-NAS1/2020-05-04
7
Checking for /mnt/user/Backups/KILE-NAS1/2020-05-05
6
Checking for /mnt/user/Backups/KILE-NAS1/2020-05-06
5
Checking for /mnt/user/Backups/KILE-NAS1/2020-05-07
4
Checking for /mnt/user/Backups/KILE-NAS1/2020-05-08
3
Checking for /mnt/user/Backups/KILE-NAS1/2020-05-09
----------------------------------------------------------------
Beginning rsync daily cleanup at Tue May 12 00:00:18 CDT 2020
----------------------------------------------------------------
Beginning rsync monthly cleanup at Tue May 12 00:01:05 CDT 2020
------------------------------done------------------------------
