-----------------------------start------------------------------
Sun May 17 00:00:01 CDT 2020 kile-deb2 rsync cleanup
----------------------------------------------------------------
Beginning rsync hourly cleanup at Sun May 17 00:00:01 CDT 2020
90
Checking for /mnt/user/Backups/KILE-NAS1/2020-02-16
89
Checking for /mnt/user/Backups/KILE-NAS1/2020-02-17
88
Checking for /mnt/user/Backups/KILE-NAS1/2020-02-18
87
Checking for /mnt/user/Backups/KILE-NAS1/2020-02-19
86
Checking for /mnt/user/Backups/KILE-NAS1/2020-02-20
85
Checking for /mnt/user/Backups/KILE-NAS1/2020-02-21
84
Checking for /mnt/user/Backups/KILE-NAS1/2020-02-22
83
Checking for /mnt/user/Backups/KILE-NAS1/2020-02-23
82
Checking for /mnt/user/Backups/KILE-NAS1/2020-02-24
81
Checking for /mnt/user/Backups/KILE-NAS1/2020-02-25
80
Checking for /mnt/user/Backups/KILE-NAS1/2020-02-26
79
Checking for /mnt/user/Backups/KILE-NAS1/2020-02-27
78
Checking for /mnt/user/Backups/KILE-NAS1/2020-02-28
77
Checking for /mnt/user/Backups/KILE-NAS1/2020-02-29
76
Checking for /mnt/user/Backups/KILE-NAS1/2020-03-01
75
Checking for /mnt/user/Backups/KILE-NAS1/2020-03-02
74
Checking for /mnt/user/Backups/KILE-NAS1/2020-03-03
73
Checking for /mnt/user/Backups/KILE-NAS1/2020-03-04
72
Checking for /mnt/user/Backups/KILE-NAS1/2020-03-05
71
Checking for /mnt/user/Backups/KILE-NAS1/2020-03-06
70
Checking for /mnt/user/Backups/KILE-NAS1/2020-03-07
69
Checking for /mnt/user/Backups/KILE-NAS1/2020-03-09
68
Checking for /mnt/user/Backups/KILE-NAS1/2020-03-10
67
Checking for /mnt/user/Backups/KILE-NAS1/2020-03-11
66
Checking for /mnt/user/Backups/KILE-NAS1/2020-03-12
65
Checking for /mnt/user/Backups/KILE-NAS1/2020-03-13
64
Checking for /mnt/user/Backups/KILE-NAS1/2020-03-14
63
Checking for /mnt/user/Backups/KILE-NAS1/2020-03-15
62
Checking for /mnt/user/Backups/KILE-NAS1/2020-03-16
61
Checking for /mnt/user/Backups/KILE-NAS1/2020-03-17
60
Checking for /mnt/user/Backups/KILE-NAS1/2020-03-18
59
Checking for /mnt/user/Backups/KILE-NAS1/2020-03-19
58
Checking for /mnt/user/Backups/KILE-NAS1/2020-03-20
57
Checking for /mnt/user/Backups/KILE-NAS1/2020-03-21
56
Checking for /mnt/user/Backups/KILE-NAS1/2020-03-22
55
Checking for /mnt/user/Backups/KILE-NAS1/2020-03-23
54
Checking for /mnt/user/Backups/KILE-NAS1/2020-03-24
53
Checking for /mnt/user/Backups/KILE-NAS1/2020-03-25
52
Checking for /mnt/user/Backups/KILE-NAS1/2020-03-26
51
Checking for /mnt/user/Backups/KILE-NAS1/2020-03-27
50
Checking for /mnt/user/Backups/KILE-NAS1/2020-03-28
49
Checking for /mnt/user/Backups/KILE-NAS1/2020-03-29
48
Checking for /mnt/user/Backups/KILE-NAS1/2020-03-30
47
Checking for /mnt/user/Backups/KILE-NAS1/2020-03-31
46
Checking for /mnt/user/Backups/KILE-NAS1/2020-04-01
45
Checking for /mnt/user/Backups/KILE-NAS1/2020-04-02
44
Checking for /mnt/user/Backups/KILE-NAS1/2020-04-03
43
Checking for /mnt/user/Backups/KILE-NAS1/2020-04-04
42
Checking for /mnt/user/Backups/KILE-NAS1/2020-04-05
41
Checking for /mnt/user/Backups/KILE-NAS1/2020-04-06
40
Checking for /mnt/user/Backups/KILE-NAS1/2020-04-07
39
Checking for /mnt/user/Backups/KILE-NAS1/2020-04-08
38
Checking for /mnt/user/Backups/KILE-NAS1/2020-04-09
37
Checking for /mnt/user/Backups/KILE-NAS1/2020-04-10
36
Checking for /mnt/user/Backups/KILE-NAS1/2020-04-11
35
Checking for /mnt/user/Backups/KILE-NAS1/2020-04-12
34
Checking for /mnt/user/Backups/KILE-NAS1/2020-04-13
33
Checking for /mnt/user/Backups/KILE-NAS1/2020-04-14
32
Checking for /mnt/user/Backups/KILE-NAS1/2020-04-15
31
Checking for /mnt/user/Backups/KILE-NAS1/2020-04-16
30
Checking for /mnt/user/Backups/KILE-NAS1/2020-04-17
29
Checking for /mnt/user/Backups/KILE-NAS1/2020-04-18
28
Checking for /mnt/user/Backups/KILE-NAS1/2020-04-19
27
Checking for /mnt/user/Backups/KILE-NAS1/2020-04-20
26
Checking for /mnt/user/Backups/KILE-NAS1/2020-04-21
25
Checking for /mnt/user/Backups/KILE-NAS1/2020-04-22
24
Checking for /mnt/user/Backups/KILE-NAS1/2020-04-23
23
Checking for /mnt/user/Backups/KILE-NAS1/2020-04-24
22
Checking for /mnt/user/Backups/KILE-NAS1/2020-04-25
21
Checking for /mnt/user/Backups/KILE-NAS1/2020-04-26
20
Checking for /mnt/user/Backups/KILE-NAS1/2020-04-27
19
Checking for /mnt/user/Backups/KILE-NAS1/2020-04-28
18
Checking for /mnt/user/Backups/KILE-NAS1/2020-04-29
17
Checking for /mnt/user/Backups/KILE-NAS1/2020-04-30
16
Checking for /mnt/user/Backups/KILE-NAS1/2020-05-01
15
Checking for /mnt/user/Backups/KILE-NAS1/2020-05-02
14
Checking for /mnt/user/Backups/KILE-NAS1/2020-05-03
13
Checking for /mnt/user/Backups/KILE-NAS1/2020-05-04
12
Checking for /mnt/user/Backups/KILE-NAS1/2020-05-05
11
Checking for /mnt/user/Backups/KILE-NAS1/2020-05-06
10
Checking for /mnt/user/Backups/KILE-NAS1/2020-05-07
9
Checking for /mnt/user/Backups/KILE-NAS1/2020-05-08
8
Checking for /mnt/user/Backups/KILE-NAS1/2020-05-09
7
Checking for /mnt/user/Backups/KILE-NAS1/2020-05-10
6
Checking for /mnt/user/Backups/KILE-NAS1/2020-05-11
5
Checking for /mnt/user/Backups/KILE-NAS1/2020-05-12
4
Checking for /mnt/user/Backups/KILE-NAS1/2020-05-13
3
Checking for /mnt/user/Backups/KILE-NAS1/2020-05-14
----------------------------------------------------------------
Beginning rsync daily cleanup at Sun May 17 00:00:16 CDT 2020
----------------------------------------------------------------
Beginning rsync monthly cleanup at Sun May 17 00:01:02 CDT 2020
------------------------------done------------------------------
