-----------------------------start------------------------------
Fri May 22 00:00:01 CDT 2020 kile-deb2 rsync cleanup
----------------------------------------------------------------
Beginning rsync hourly cleanup at Fri May 22 00:00:01 CDT 2020
90
Checking for /mnt/user/Backups/KILE-NAS1/2020-02-21
89
Checking for /mnt/user/Backups/KILE-NAS1/2020-02-22
88
Checking for /mnt/user/Backups/KILE-NAS1/2020-02-23
87
Checking for /mnt/user/Backups/KILE-NAS1/2020-02-24
86
Checking for /mnt/user/Backups/KILE-NAS1/2020-02-25
85
Checking for /mnt/user/Backups/KILE-NAS1/2020-02-26
84
Checking for /mnt/user/Backups/KILE-NAS1/2020-02-27
83
Checking for /mnt/user/Backups/KILE-NAS1/2020-02-28
82
Checking for /mnt/user/Backups/KILE-NAS1/2020-02-29
81
Checking for /mnt/user/Backups/KILE-NAS1/2020-03-01
80
Checking for /mnt/user/Backups/KILE-NAS1/2020-03-02
79
Checking for /mnt/user/Backups/KILE-NAS1/2020-03-03
78
Checking for /mnt/user/Backups/KILE-NAS1/2020-03-04
77
Checking for /mnt/user/Backups/KILE-NAS1/2020-03-05
76
Checking for /mnt/user/Backups/KILE-NAS1/2020-03-06
75
Checking for /mnt/user/Backups/KILE-NAS1/2020-03-07
74
Checking for /mnt/user/Backups/KILE-NAS1/2020-03-09
73
Checking for /mnt/user/Backups/KILE-NAS1/2020-03-10
72
Checking for /mnt/user/Backups/KILE-NAS1/2020-03-11
71
Checking for /mnt/user/Backups/KILE-NAS1/2020-03-12
70
Checking for /mnt/user/Backups/KILE-NAS1/2020-03-13
69
Checking for /mnt/user/Backups/KILE-NAS1/2020-03-14
68
Checking for /mnt/user/Backups/KILE-NAS1/2020-03-15
67
Checking for /mnt/user/Backups/KILE-NAS1/2020-03-16
66
Checking for /mnt/user/Backups/KILE-NAS1/2020-03-17
65
Checking for /mnt/user/Backups/KILE-NAS1/2020-03-18
64
Checking for /mnt/user/Backups/KILE-NAS1/2020-03-19
63
Checking for /mnt/user/Backups/KILE-NAS1/2020-03-20
62
Checking for /mnt/user/Backups/KILE-NAS1/2020-03-21
61
Checking for /mnt/user/Backups/KILE-NAS1/2020-03-22
60
Checking for /mnt/user/Backups/KILE-NAS1/2020-03-23
59
Checking for /mnt/user/Backups/KILE-NAS1/2020-03-24
58
Checking for /mnt/user/Backups/KILE-NAS1/2020-03-25
57
Checking for /mnt/user/Backups/KILE-NAS1/2020-03-26
56
Checking for /mnt/user/Backups/KILE-NAS1/2020-03-27
55
Checking for /mnt/user/Backups/KILE-NAS1/2020-03-28
54
Checking for /mnt/user/Backups/KILE-NAS1/2020-03-29
53
Checking for /mnt/user/Backups/KILE-NAS1/2020-03-30
52
Checking for /mnt/user/Backups/KILE-NAS1/2020-03-31
51
Checking for /mnt/user/Backups/KILE-NAS1/2020-04-01
50
Checking for /mnt/user/Backups/KILE-NAS1/2020-04-02
49
Checking for /mnt/user/Backups/KILE-NAS1/2020-04-03
48
Checking for /mnt/user/Backups/KILE-NAS1/2020-04-04
47
Checking for /mnt/user/Backups/KILE-NAS1/2020-04-05
46
Checking for /mnt/user/Backups/KILE-NAS1/2020-04-06
45
Checking for /mnt/user/Backups/KILE-NAS1/2020-04-07
44
Checking for /mnt/user/Backups/KILE-NAS1/2020-04-08
43
Checking for /mnt/user/Backups/KILE-NAS1/2020-04-09
42
Checking for /mnt/user/Backups/KILE-NAS1/2020-04-10
41
Checking for /mnt/user/Backups/KILE-NAS1/2020-04-11
40
Checking for /mnt/user/Backups/KILE-NAS1/2020-04-12
39
Checking for /mnt/user/Backups/KILE-NAS1/2020-04-13
38
Checking for /mnt/user/Backups/KILE-NAS1/2020-04-14
37
Checking for /mnt/user/Backups/KILE-NAS1/2020-04-15
36
Checking for /mnt/user/Backups/KILE-NAS1/2020-04-16
35
Checking for /mnt/user/Backups/KILE-NAS1/2020-04-17
34
Checking for /mnt/user/Backups/KILE-NAS1/2020-04-18
33
Checking for /mnt/user/Backups/KILE-NAS1/2020-04-19
32
Checking for /mnt/user/Backups/KILE-NAS1/2020-04-20
31
Checking for /mnt/user/Backups/KILE-NAS1/2020-04-21
30
Checking for /mnt/user/Backups/KILE-NAS1/2020-04-22
29
Checking for /mnt/user/Backups/KILE-NAS1/2020-04-23
28
Checking for /mnt/user/Backups/KILE-NAS1/2020-04-24
27
Checking for /mnt/user/Backups/KILE-NAS1/2020-04-25
26
Checking for /mnt/user/Backups/KILE-NAS1/2020-04-26
25
Checking for /mnt/user/Backups/KILE-NAS1/2020-04-27
24
Checking for /mnt/user/Backups/KILE-NAS1/2020-04-28
23
Checking for /mnt/user/Backups/KILE-NAS1/2020-04-29
22
Checking for /mnt/user/Backups/KILE-NAS1/2020-04-30
21
Checking for /mnt/user/Backups/KILE-NAS1/2020-05-01
20
Checking for /mnt/user/Backups/KILE-NAS1/2020-05-02
19
Checking for /mnt/user/Backups/KILE-NAS1/2020-05-03
18
Checking for /mnt/user/Backups/KILE-NAS1/2020-05-04
17
Checking for /mnt/user/Backups/KILE-NAS1/2020-05-05
16
Checking for /mnt/user/Backups/KILE-NAS1/2020-05-06
15
Checking for /mnt/user/Backups/KILE-NAS1/2020-05-07
14
Checking for /mnt/user/Backups/KILE-NAS1/2020-05-08
13
Checking for /mnt/user/Backups/KILE-NAS1/2020-05-09
12
Checking for /mnt/user/Backups/KILE-NAS1/2020-05-10
11
Checking for /mnt/user/Backups/KILE-NAS1/2020-05-11
10
Checking for /mnt/user/Backups/KILE-NAS1/2020-05-12
9
Checking for /mnt/user/Backups/KILE-NAS1/2020-05-13
8
Checking for /mnt/user/Backups/KILE-NAS1/2020-05-14
7
Checking for /mnt/user/Backups/KILE-NAS1/2020-05-15
6
Checking for /mnt/user/Backups/KILE-NAS1/2020-05-16
5
Checking for /mnt/user/Backups/KILE-NAS1/2020-05-17
4
Checking for /mnt/user/Backups/KILE-NAS1/2020-05-18
3
Checking for /mnt/user/Backups/KILE-NAS1/2020-05-19
----------------------------------------------------------------
Beginning rsync daily cleanup at Fri May 22 00:00:16 CDT 2020
----------------------------------------------------------------
Beginning rsync monthly cleanup at Fri May 22 00:01:02 CDT 2020
------------------------------done------------------------------
