-----------------------------start------------------------------
Sun May 31 02:00:01 CDT 2020 kile-deb2 rsync backup
-----Creating incremental backup of /mnt/user/
to root@192.168.2.202:/mnt/user/backups/KILE-NAS1/2020-05-31.02
-----excluding the following folders:
appdata domains Archive Backups Cache Downloads Emulation Movies Plex Projects system Temporary Transfer Uploads YouTube
----------------------------------------------------------------
Rsync completed at Sun May 31 02:02:39 CDT 2020 with code of 0
du: cannot access '/mnt/disk*/Backups/KILE-NAS1/2020-05-30.23': No such file or directory
du: cannot access '/mnt/disk*/Backups/KILE-NAS1/current': No such file or directory
numfmt: invalid number: ‘’
Snapshot 2020-05-31.02 has total size of:

bash: line 0: [: missing `]'
----------------------------------------------------------------
-----Synchronizing the following folders
Archive Backups Downloads Emulation Plex Projects Transfer Uploads YouTube
-----from /mnt/user/ to root@192.168.2.202:/mnt/user/backups/KILE-NAS1/sync
----------------------------------------------------------------
Rsync completed on Archive at Sun May 31 02:03:26 CDT 2020 with code of 0
----------------------------------------------------------------
Rsync completed on Backups at Sun May 31 02:03:26 CDT 2020 with code of 0
----------------------------------------------------------------
IO error encountered -- skipping file deletion
rsync: readdir("/mnt/user/backups/KILE-NAS1/sync/Downloads/Series/Psych/Season 08"): Structure needs cleaning (117)
rsync: recv_generator: failed to stat "/mnt/user/backups/KILE-NAS1/sync/Downloads/Series/Psych/Season 08/Psych - S08E05 - COG Blocked.nfo": Structure needs cleaning (117)
rsync error: some files/attrs were not transferred (see previous errors) (code 23) at main.c(1189) [sender=3.1.3]
Rsync completed on Downloads at Sun May 31 02:03:54 CDT 2020 with code of 23
----------------------------------------------------------------
Rsync completed on Emulation at Sun May 31 02:04:05 CDT 2020 with code of 0
----------------------------------------------------------------
Rsync completed on Plex at Sun May 31 02:09:39 CDT 2020 with code of 0
----------------------------------------------------------------
Rsync completed on Projects at Sun May 31 02:09:42 CDT 2020 with code of 0
----------------------------------------------------------------
Rsync completed on Transfer at Sun May 31 02:09:43 CDT 2020 with code of 0
----------------------------------------------------------------
Rsync completed on Uploads at Sun May 31 02:09:43 CDT 2020 with code of 0
----------------------------------------------------------------
Rsync completed on YouTube at Sun May 31 02:09:43 CDT 2020 with code of 0
------------------------------done------------------------------
-----------------------------start------------------------------
Sun May 31 07:00:01 CDT 2020 kile-deb2 rsync backup
-----Creating incremental backup of /mnt/user/
to root@192.168.2.202:/mnt/user/backups/KILE-NAS1/2020-05-31.07
-----excluding the following folders:
appdata domains Archive Backups Cache Downloads Emulation Movies Plex Projects system Temporary Transfer Uploads YouTube
----------------------------------------------------------------
Rsync completed at Sun May 31 07:02:45 CDT 2020 with code of 0
du: cannot access '/mnt/disk*/Backups/KILE-NAS1/2020-05-31.02': No such file or directory
du: cannot access '/mnt/disk*/Backups/KILE-NAS1/current': No such file or directory
numfmt: invalid number: ‘’
Snapshot 2020-05-31.07 has total size of:

bash: line 0: [: missing `]'
----------------------------------------------------------------
-----Synchronizing the following folders
Archive Backups Downloads Emulation Plex Projects Transfer Uploads YouTube
-----from /mnt/user/ to root@192.168.2.202:/mnt/user/backups/KILE-NAS1/sync
----------------------------------------------------------------
Rsync completed on Archive at Sun May 31 07:04:04 CDT 2020 with code of 0
----------------------------------------------------------------
Rsync completed on Backups at Sun May 31 07:04:04 CDT 2020 with code of 0
----------------------------------------------------------------
IO error encountered -- skipping file deletion
rsync: readdir("/mnt/user/backups/KILE-NAS1/sync/Downloads/Series/Psych/Season 08"): Structure needs cleaning (117)
rsync: recv_generator: failed to stat "/mnt/user/backups/KILE-NAS1/sync/Downloads/Series/Psych/Season 08/Psych - S08E05 - COG Blocked.nfo": Structure needs cleaning (117)
rsync error: some files/attrs were not transferred (see previous errors) (code 23) at main.c(1189) [sender=3.1.3]
Rsync completed on Downloads at Sun May 31 07:04:07 CDT 2020 with code of 23
----------------------------------------------------------------
Rsync completed on Emulation at Sun May 31 07:04:18 CDT 2020 with code of 0
----------------------------------------------------------------
Rsync completed on Plex at Sun May 31 07:09:54 CDT 2020 with code of 0
----------------------------------------------------------------
Rsync completed on Projects at Sun May 31 07:09:57 CDT 2020 with code of 0
----------------------------------------------------------------
Rsync completed on Transfer at Sun May 31 07:09:58 CDT 2020 with code of 0
----------------------------------------------------------------
Rsync completed on Uploads at Sun May 31 07:09:58 CDT 2020 with code of 0
----------------------------------------------------------------
Rsync completed on YouTube at Sun May 31 07:09:58 CDT 2020 with code of 0
------------------------------done------------------------------
-----------------------------start------------------------------
Sun May 31 09:00:01 CDT 2020 kile-deb2 rsync backup
-----Creating incremental backup of /mnt/user/
to root@192.168.2.202:/mnt/user/backups/KILE-NAS1/2020-05-31.09
-----excluding the following folders:
appdata domains Archive Backups Cache Downloads Emulation Movies Plex Projects system Temporary Transfer Uploads YouTube
----------------------------------------------------------------
Rsync completed at Sun May 31 09:02:36 CDT 2020 with code of 0
du: cannot access '/mnt/disk*/Backups/KILE-NAS1/2020-05-31.07': No such file or directory
du: cannot access '/mnt/disk*/Backups/KILE-NAS1/current': No such file or directory
numfmt: invalid number: ‘’
Snapshot 2020-05-31.09 has total size of:

bash: line 0: [: missing `]'
----------------------------------------------------------------
-----Synchronizing the following folders
Archive Backups Downloads Emulation Plex Projects Transfer Uploads YouTube
-----from /mnt/user/ to root@192.168.2.202:/mnt/user/backups/KILE-NAS1/sync
----------------------------------------------------------------
Rsync completed on Archive at Sun May 31 09:03:23 CDT 2020 with code of 0
----------------------------------------------------------------
Rsync completed on Backups at Sun May 31 09:03:23 CDT 2020 with code of 0
----------------------------------------------------------------
IO error encountered -- skipping file deletion
rsync: readdir("/mnt/user/backups/KILE-NAS1/sync/Downloads/Series/Psych/Season 08"): Structure needs cleaning (117)
rsync: recv_generator: failed to stat "/mnt/user/backups/KILE-NAS1/sync/Downloads/Series/Psych/Season 08/Psych - S08E05 - COG Blocked.nfo": Structure needs cleaning (117)
rsync error: some files/attrs were not transferred (see previous errors) (code 23) at main.c(1189) [sender=3.1.3]
Rsync completed on Downloads at Sun May 31 09:03:26 CDT 2020 with code of 23
----------------------------------------------------------------
Rsync completed on Emulation at Sun May 31 09:03:37 CDT 2020 with code of 0
----------------------------------------------------------------
Rsync completed on Plex at Sun May 31 09:09:13 CDT 2020 with code of 0
----------------------------------------------------------------
Rsync completed on Projects at Sun May 31 09:09:16 CDT 2020 with code of 0
----------------------------------------------------------------
Rsync completed on Transfer at Sun May 31 09:09:17 CDT 2020 with code of 0
----------------------------------------------------------------
Rsync completed on Uploads at Sun May 31 09:09:17 CDT 2020 with code of 0
----------------------------------------------------------------
Rsync completed on YouTube at Sun May 31 09:09:17 CDT 2020 with code of 0
------------------------------done------------------------------
-----------------------------start------------------------------
Sun May 31 10:00:01 CDT 2020 kile-deb2 rsync backup
-----Creating incremental backup of /mnt/user/
to root@192.168.2.202:/mnt/user/backups/KILE-NAS1/2020-05-31.10
-----excluding the following folders:
appdata domains Archive Backups Cache Downloads Emulation Movies Plex Projects system Temporary Transfer Uploads YouTube
----------------------------------------------------------------
Rsync completed at Sun May 31 10:02:06 CDT 2020 with code of 0
du: cannot access '/mnt/disk*/Backups/KILE-NAS1/2020-05-31.09': No such file or directory
du: cannot access '/mnt/disk*/Backups/KILE-NAS1/current': No such file or directory
numfmt: invalid number: ‘’
Snapshot 2020-05-31.10 has total size of:

bash: line 0: [: missing `]'
----------------------------------------------------------------
-----Synchronizing the following folders
Archive Backups Downloads Emulation Plex Projects Transfer Uploads YouTube
-----from /mnt/user/ to root@192.168.2.202:/mnt/user/backups/KILE-NAS1/sync
----------------------------------------------------------------
Rsync completed on Archive at Sun May 31 10:02:53 CDT 2020 with code of 0
----------------------------------------------------------------
Rsync completed on Backups at Sun May 31 10:02:53 CDT 2020 with code of 0
----------------------------------------------------------------
IO error encountered -- skipping file deletion
rsync: readdir("/mnt/user/backups/KILE-NAS1/sync/Downloads/Series/Psych/Season 08"): Structure needs cleaning (117)
rsync: recv_generator: failed to stat "/mnt/user/backups/KILE-NAS1/sync/Downloads/Series/Psych/Season 08/Psych - S08E05 - COG Blocked.nfo": Structure needs cleaning (117)
rsync error: some files/attrs were not transferred (see previous errors) (code 23) at main.c(1189) [sender=3.1.3]
Rsync completed on Downloads at Sun May 31 10:02:55 CDT 2020 with code of 23
----------------------------------------------------------------
Rsync completed on Emulation at Sun May 31 10:03:07 CDT 2020 with code of 0
----------------------------------------------------------------
Rsync completed on Plex at Sun May 31 10:08:46 CDT 2020 with code of 0
----------------------------------------------------------------
Rsync completed on Projects at Sun May 31 10:08:49 CDT 2020 with code of 0
----------------------------------------------------------------
Rsync completed on Transfer at Sun May 31 10:08:49 CDT 2020 with code of 0
----------------------------------------------------------------
Rsync completed on Uploads at Sun May 31 10:08:49 CDT 2020 with code of 0
----------------------------------------------------------------
Rsync completed on YouTube at Sun May 31 10:08:50 CDT 2020 with code of 0
------------------------------done------------------------------
-----------------------------start------------------------------
Sun May 31 11:00:01 CDT 2020 kile-deb2 rsync backup
-----Creating incremental backup of /mnt/user/
to root@192.168.2.202:/mnt/user/backups/KILE-NAS1/2020-05-31.11
-----excluding the following folders:
appdata domains Archive Backups Cache Downloads Emulation Movies Plex Projects system Temporary Transfer Uploads YouTube
----------------------------------------------------------------
Rsync completed at Sun May 31 11:01:53 CDT 2020 with code of 0
du: cannot access '/mnt/disk*/Backups/KILE-NAS1/2020-05-31.10': No such file or directory
du: cannot access '/mnt/disk*/Backups/KILE-NAS1/current': No such file or directory
numfmt: invalid number: ‘’
Snapshot 2020-05-31.11 has total size of:

bash: line 0: [: missing `]'
----------------------------------------------------------------
-----Synchronizing the following folders
Archive Backups Downloads Emulation Plex Projects Transfer Uploads YouTube
-----from /mnt/user/ to root@192.168.2.202:/mnt/user/backups/KILE-NAS1/sync
----------------------------------------------------------------
Rsync completed on Archive at Sun May 31 11:02:40 CDT 2020 with code of 0
----------------------------------------------------------------
Rsync completed on Backups at Sun May 31 11:02:40 CDT 2020 with code of 0
----------------------------------------------------------------
IO error encountered -- skipping file deletion
rsync: readdir("/mnt/user/backups/KILE-NAS1/sync/Downloads/Series/Psych/Season 08"): Structure needs cleaning (117)
rsync: recv_generator: failed to stat "/mnt/user/backups/KILE-NAS1/sync/Downloads/Series/Psych/Season 08/Psych - S08E05 - COG Blocked.nfo": Structure needs cleaning (117)
rsync error: some files/attrs were not transferred (see previous errors) (code 23) at main.c(1189) [sender=3.1.3]
Rsync completed on Downloads at Sun May 31 11:02:43 CDT 2020 with code of 23
----------------------------------------------------------------
Rsync completed on Emulation at Sun May 31 11:02:55 CDT 2020 with code of 0
----------------------------------------------------------------
Rsync completed on Plex at Sun May 31 11:08:31 CDT 2020 with code of 0
----------------------------------------------------------------
Rsync completed on Projects at Sun May 31 11:08:34 CDT 2020 with code of 0
----------------------------------------------------------------
Rsync completed on Transfer at Sun May 31 11:08:34 CDT 2020 with code of 0
----------------------------------------------------------------
Rsync completed on Uploads at Sun May 31 11:08:35 CDT 2020 with code of 0
----------------------------------------------------------------
Rsync completed on YouTube at Sun May 31 11:08:35 CDT 2020 with code of 0
------------------------------done------------------------------
-----------------------------start------------------------------
Sun May 31 12:00:01 CDT 2020 kile-deb2 rsync backup
-----Creating incremental backup of /mnt/user/
to root@192.168.2.202:/mnt/user/backups/KILE-NAS1/2020-05-31.12
-----excluding the following folders:
appdata domains Archive Backups Cache Downloads Emulation Movies Plex Projects system Temporary Transfer Uploads YouTube
----------------------------------------------------------------
Rsync completed at Sun May 31 12:02:29 CDT 2020 with code of 0
du: cannot access '/mnt/disk*/Backups/KILE-NAS1/2020-05-31.11': No such file or directory
du: cannot access '/mnt/disk*/Backups/KILE-NAS1/current': No such file or directory
numfmt: invalid number: ‘’
Snapshot 2020-05-31.12 has total size of:

bash: line 0: [: missing `]'
----------------------------------------------------------------
-----Synchronizing the following folders
Archive Backups Downloads Emulation Plex Projects Transfer Uploads YouTube
-----from /mnt/user/ to root@192.168.2.202:/mnt/user/backups/KILE-NAS1/sync
----------------------------------------------------------------
Rsync completed on Archive at Sun May 31 12:03:16 CDT 2020 with code of 0
----------------------------------------------------------------
Rsync completed on Backups at Sun May 31 12:03:16 CDT 2020 with code of 0
----------------------------------------------------------------
IO error encountered -- skipping file deletion
rsync: readdir("/mnt/user/backups/KILE-NAS1/sync/Downloads/Series/Psych/Season 08"): Structure needs cleaning (117)
rsync: recv_generator: failed to stat "/mnt/user/backups/KILE-NAS1/sync/Downloads/Series/Psych/Season 08/Psych - S08E05 - COG Blocked.nfo": Structure needs cleaning (117)
rsync error: some files/attrs were not transferred (see previous errors) (code 23) at main.c(1189) [sender=3.1.3]
Rsync completed on Downloads at Sun May 31 12:03:20 CDT 2020 with code of 23
----------------------------------------------------------------
Rsync completed on Emulation at Sun May 31 12:03:32 CDT 2020 with code of 0
----------------------------------------------------------------
Rsync completed on Plex at Sun May 31 12:09:16 CDT 2020 with code of 0
----------------------------------------------------------------
Rsync completed on Projects at Sun May 31 12:09:20 CDT 2020 with code of 0
----------------------------------------------------------------
Rsync completed on Transfer at Sun May 31 12:09:20 CDT 2020 with code of 0
----------------------------------------------------------------
Rsync completed on Uploads at Sun May 31 12:09:20 CDT 2020 with code of 0
----------------------------------------------------------------
Rsync completed on YouTube at Sun May 31 12:09:21 CDT 2020 with code of 0
------------------------------done------------------------------
-----------------------------start------------------------------
Sun May 31 13:00:01 CDT 2020 kile-deb2 rsync backup
-----Creating incremental backup of /mnt/user/
to root@192.168.2.202:/mnt/user/backups/KILE-NAS1/2020-05-31.13
-----excluding the following folders:
appdata domains Archive Backups Cache Downloads Emulation Movies Plex Projects system Temporary Transfer Uploads YouTube
----------------------------------------------------------------
Rsync completed at Sun May 31 13:02:26 CDT 2020 with code of 0
du: cannot access '/mnt/disk*/Backups/KILE-NAS1/2020-05-31.12': No such file or directory
du: cannot access '/mnt/disk*/Backups/KILE-NAS1/current': No such file or directory
numfmt: invalid number: ‘’
Snapshot 2020-05-31.13 has total size of:

bash: line 0: [: missing `]'
----------------------------------------------------------------
-----Synchronizing the following folders
Archive Backups Downloads Emulation Plex Projects Transfer Uploads YouTube
-----from /mnt/user/ to root@192.168.2.202:/mnt/user/backups/KILE-NAS1/sync
----------------------------------------------------------------
Rsync completed on Archive at Sun May 31 13:03:16 CDT 2020 with code of 0
----------------------------------------------------------------
Rsync completed on Backups at Sun May 31 13:03:16 CDT 2020 with code of 0
----------------------------------------------------------------
IO error encountered -- skipping file deletion
rsync: readdir("/mnt/user/backups/KILE-NAS1/sync/Downloads/Series/Psych/Season 08"): Structure needs cleaning (117)
rsync: recv_generator: failed to stat "/mnt/user/backups/KILE-NAS1/sync/Downloads/Series/Psych/Season 08/Psych - S08E05 - COG Blocked.nfo": Structure needs cleaning (117)
rsync error: some files/attrs were not transferred (see previous errors) (code 23) at main.c(1189) [sender=3.1.3]
Rsync completed on Downloads at Sun May 31 13:03:44 CDT 2020 with code of 23
----------------------------------------------------------------
Rsync completed on Emulation at Sun May 31 13:03:57 CDT 2020 with code of 0
----------------------------------------------------------------
Rsync completed on Plex at Sun May 31 13:09:42 CDT 2020 with code of 0
----------------------------------------------------------------
Rsync completed on Projects at Sun May 31 13:09:45 CDT 2020 with code of 0
----------------------------------------------------------------
Rsync completed on Transfer at Sun May 31 13:09:45 CDT 2020 with code of 0
----------------------------------------------------------------
Rsync completed on Uploads at Sun May 31 13:09:46 CDT 2020 with code of 0
----------------------------------------------------------------
Rsync completed on YouTube at Sun May 31 13:09:46 CDT 2020 with code of 0
------------------------------done------------------------------
-----------------------------start------------------------------
Sun May 31 14:00:01 CDT 2020 kile-deb2 rsync backup
-----Creating incremental backup of /mnt/user/
to root@192.168.2.202:/mnt/user/backups/KILE-NAS1/2020-05-31.14
-----excluding the following folders:
appdata domains Archive Backups Cache Downloads Emulation Movies Plex Projects system Temporary Transfer Uploads YouTube
----------------------------------------------------------------
Rsync completed at Sun May 31 14:01:53 CDT 2020 with code of 0
du: cannot access '/mnt/disk*/Backups/KILE-NAS1/2020-05-31.13': No such file or directory
du: cannot access '/mnt/disk*/Backups/KILE-NAS1/current': No such file or directory
numfmt: invalid number: ‘’
Snapshot 2020-05-31.14 has total size of:

bash: line 0: [: missing `]'
----------------------------------------------------------------
-----Synchronizing the following folders
Archive Backups Downloads Emulation Plex Projects Transfer Uploads YouTube
-----from /mnt/user/ to root@192.168.2.202:/mnt/user/backups/KILE-NAS1/sync
----------------------------------------------------------------
Rsync completed on Archive at Sun May 31 14:02:40 CDT 2020 with code of 0
----------------------------------------------------------------
Rsync completed on Backups at Sun May 31 14:02:41 CDT 2020 with code of 0
----------------------------------------------------------------
IO error encountered -- skipping file deletion
rsync: readdir("/mnt/user/backups/KILE-NAS1/sync/Downloads/Series/Psych/Season 08"): Structure needs cleaning (117)
rsync: recv_generator: failed to stat "/mnt/user/backups/KILE-NAS1/sync/Downloads/Series/Psych/Season 08/Psych - S08E05 - COG Blocked.nfo": Structure needs cleaning (117)
rsync error: some files/attrs were not transferred (see previous errors) (code 23) at main.c(1189) [sender=3.1.3]
Rsync completed on Downloads at Sun May 31 14:03:10 CDT 2020 with code of 23
----------------------------------------------------------------
Rsync completed on Emulation at Sun May 31 14:03:23 CDT 2020 with code of 0
----------------------------------------------------------------
Rsync completed on Plex at Sun May 31 14:09:01 CDT 2020 with code of 0
----------------------------------------------------------------
Rsync completed on Projects at Sun May 31 14:09:04 CDT 2020 with code of 0
----------------------------------------------------------------
Rsync completed on Transfer at Sun May 31 14:09:05 CDT 2020 with code of 0
----------------------------------------------------------------
Rsync completed on Uploads at Sun May 31 14:09:05 CDT 2020 with code of 0
----------------------------------------------------------------
Rsync completed on YouTube at Sun May 31 14:09:05 CDT 2020 with code of 0
------------------------------done------------------------------
-----------------------------start------------------------------
Sun May 31 15:00:02 CDT 2020 kile-deb2 rsync backup
-----Creating incremental backup of /mnt/user/
to root@192.168.2.202:/mnt/user/backups/KILE-NAS1/2020-05-31.15
-----excluding the following folders:
appdata domains Archive Backups Cache Downloads Emulation Movies Plex Projects system Temporary Transfer Uploads YouTube
----------------------------------------------------------------
Rsync completed at Sun May 31 15:02:34 CDT 2020 with code of 0
du: cannot access '/mnt/disk*/Backups/KILE-NAS1/2020-05-31.14': No such file or directory
du: cannot access '/mnt/disk*/Backups/KILE-NAS1/current': No such file or directory
numfmt: invalid number: ‘’
Snapshot 2020-05-31.15 has total size of:

bash: line 0: [: missing `]'
----------------------------------------------------------------
-----Synchronizing the following folders
Archive Backups Downloads Emulation Plex Projects Transfer Uploads YouTube
-----from /mnt/user/ to root@192.168.2.202:/mnt/user/backups/KILE-NAS1/sync
----------------------------------------------------------------
Rsync completed on Archive at Sun May 31 15:03:22 CDT 2020 with code of 0
----------------------------------------------------------------
Rsync completed on Backups at Sun May 31 15:03:22 CDT 2020 with code of 0
----------------------------------------------------------------
IO error encountered -- skipping file deletion
rsync: readdir("/mnt/user/backups/KILE-NAS1/sync/Downloads/Series/Psych/Season 08"): Structure needs cleaning (117)
rsync: recv_generator: failed to stat "/mnt/user/backups/KILE-NAS1/sync/Downloads/Series/Psych/Season 08/Psych - S08E05 - COG Blocked.nfo": Structure needs cleaning (117)
rsync error: some files/attrs were not transferred (see previous errors) (code 23) at main.c(1189) [sender=3.1.3]
Rsync completed on Downloads at Sun May 31 15:03:25 CDT 2020 with code of 23
----------------------------------------------------------------
Rsync completed on Emulation at Sun May 31 15:03:36 CDT 2020 with code of 0
----------------------------------------------------------------
Rsync completed on Plex at Sun May 31 15:09:10 CDT 2020 with code of 0
----------------------------------------------------------------
Rsync completed on Projects at Sun May 31 15:09:13 CDT 2020 with code of 0
----------------------------------------------------------------
Rsync completed on Transfer at Sun May 31 15:09:14 CDT 2020 with code of 0
----------------------------------------------------------------
Rsync completed on Uploads at Sun May 31 15:09:14 CDT 2020 with code of 0
----------------------------------------------------------------
Rsync completed on YouTube at Sun May 31 15:09:14 CDT 2020 with code of 0
------------------------------done------------------------------
-----------------------------start------------------------------
Sun May 31 16:00:01 CDT 2020 kile-deb2 rsync backup
-----Creating incremental backup of /mnt/user/
to root@192.168.2.202:/mnt/user/backups/KILE-NAS1/2020-05-31.16
-----excluding the following folders:
appdata domains Archive Backups Cache Downloads Emulation Movies Plex Projects system Temporary Transfer Uploads YouTube
----------------------------------------------------------------
Rsync completed at Sun May 31 16:02:29 CDT 2020 with code of 0
du: cannot access '/mnt/disk*/Backups/KILE-NAS1/2020-05-31.15': No such file or directory
du: cannot access '/mnt/disk*/Backups/KILE-NAS1/current': No such file or directory
numfmt: invalid number: ‘’
Snapshot 2020-05-31.16 has total size of:

bash: line 0: [: missing `]'
----------------------------------------------------------------
-----Synchronizing the following folders
Archive Backups Downloads Emulation Plex Projects Transfer Uploads YouTube
-----from /mnt/user/ to root@192.168.2.202:/mnt/user/backups/KILE-NAS1/sync
----------------------------------------------------------------
Rsync completed on Archive at Sun May 31 16:03:16 CDT 2020 with code of 0
----------------------------------------------------------------
Rsync completed on Backups at Sun May 31 16:03:16 CDT 2020 with code of 0
----------------------------------------------------------------
IO error encountered -- skipping file deletion
rsync: readdir("/mnt/user/backups/KILE-NAS1/sync/Downloads/Series/Psych/Season 08"): Structure needs cleaning (117)
rsync: recv_generator: failed to stat "/mnt/user/backups/KILE-NAS1/sync/Downloads/Series/Psych/Season 08/Psych - S08E05 - COG Blocked.nfo": Structure needs cleaning (117)
rsync error: some files/attrs were not transferred (see previous errors) (code 23) at main.c(1189) [sender=3.1.3]
Rsync completed on Downloads at Sun May 31 16:03:19 CDT 2020 with code of 23
----------------------------------------------------------------
Rsync completed on Emulation at Sun May 31 16:03:31 CDT 2020 with code of 0
----------------------------------------------------------------
Rsync completed on Plex at Sun May 31 16:09:11 CDT 2020 with code of 0
----------------------------------------------------------------
Rsync completed on Projects at Sun May 31 16:09:14 CDT 2020 with code of 0
----------------------------------------------------------------
Rsync completed on Transfer at Sun May 31 16:09:14 CDT 2020 with code of 0
----------------------------------------------------------------
Rsync completed on Uploads at Sun May 31 16:09:15 CDT 2020 with code of 0
----------------------------------------------------------------
Rsync completed on YouTube at Sun May 31 16:09:15 CDT 2020 with code of 0
------------------------------done------------------------------
-----------------------------start------------------------------
Sun May 31 17:00:01 CDT 2020 kile-deb2 rsync backup
-----Creating incremental backup of /mnt/user/
to root@192.168.2.202:/mnt/user/backups/KILE-NAS1/2020-05-31.17
-----excluding the following folders:
appdata domains Archive Backups Cache Downloads Emulation Movies Plex Projects system Temporary Transfer Uploads YouTube
----------------------------------------------------------------
Rsync completed at Sun May 31 17:01:54 CDT 2020 with code of 0
du: cannot access '/mnt/disk*/Backups/KILE-NAS1/2020-05-31.16': No such file or directory
du: cannot access '/mnt/disk*/Backups/KILE-NAS1/current': No such file or directory
numfmt: invalid number: ‘’
Snapshot 2020-05-31.17 has total size of:

bash: line 0: [: missing `]'
----------------------------------------------------------------
-----Synchronizing the following folders
Archive Backups Downloads Emulation Plex Projects Transfer Uploads YouTube
-----from /mnt/user/ to root@192.168.2.202:/mnt/user/backups/KILE-NAS1/sync
----------------------------------------------------------------
Rsync completed on Archive at Sun May 31 17:02:42 CDT 2020 with code of 0
----------------------------------------------------------------
Rsync completed on Backups at Sun May 31 17:02:42 CDT 2020 with code of 0
----------------------------------------------------------------
IO error encountered -- skipping file deletion
rsync: readdir("/mnt/user/backups/KILE-NAS1/sync/Downloads/Series/Psych/Season 08"): Structure needs cleaning (117)
rsync: recv_generator: failed to stat "/mnt/user/backups/KILE-NAS1/sync/Downloads/Series/Psych/Season 08/Psych - S08E05 - COG Blocked.nfo": Structure needs cleaning (117)
rsync error: some files/attrs were not transferred (see previous errors) (code 23) at main.c(1189) [sender=3.1.3]
Rsync completed on Downloads at Sun May 31 17:02:45 CDT 2020 with code of 23
----------------------------------------------------------------
Rsync completed on Emulation at Sun May 31 17:02:56 CDT 2020 with code of 0
----------------------------------------------------------------
Rsync completed on Plex at Sun May 31 17:08:41 CDT 2020 with code of 0
----------------------------------------------------------------
Rsync completed on Projects at Sun May 31 17:08:44 CDT 2020 with code of 0
----------------------------------------------------------------
Rsync completed on Transfer at Sun May 31 17:08:45 CDT 2020 with code of 0
----------------------------------------------------------------
Rsync completed on Uploads at Sun May 31 17:08:45 CDT 2020 with code of 0
----------------------------------------------------------------
Rsync completed on YouTube at Sun May 31 17:08:46 CDT 2020 with code of 0
------------------------------done------------------------------
-----------------------------start------------------------------
Sun May 31 18:00:01 CDT 2020 kile-deb2 rsync backup
-----Creating incremental backup of /mnt/user/
to root@192.168.2.202:/mnt/user/backups/KILE-NAS1/2020-05-31.18
-----excluding the following folders:
appdata domains Archive Backups Cache Downloads Emulation Movies Plex Projects system Temporary Transfer Uploads YouTube
----------------------------------------------------------------
Rsync completed at Sun May 31 18:01:54 CDT 2020 with code of 0
du: cannot access '/mnt/disk*/Backups/KILE-NAS1/2020-05-31.17': No such file or directory
du: cannot access '/mnt/disk*/Backups/KILE-NAS1/current': No such file or directory
numfmt: invalid number: ‘’
Snapshot 2020-05-31.18 has total size of:

bash: line 0: [: missing `]'
----------------------------------------------------------------
-----Synchronizing the following folders
Archive Backups Downloads Emulation Plex Projects Transfer Uploads YouTube
-----from /mnt/user/ to root@192.168.2.202:/mnt/user/backups/KILE-NAS1/sync
----------------------------------------------------------------
Rsync completed on Archive at Sun May 31 18:02:42 CDT 2020 with code of 0
----------------------------------------------------------------
Rsync completed on Backups at Sun May 31 18:02:42 CDT 2020 with code of 0
----------------------------------------------------------------
IO error encountered -- skipping file deletion
rsync: readdir("/mnt/user/backups/KILE-NAS1/sync/Downloads/Series/Psych/Season 08"): Structure needs cleaning (117)
rsync: recv_generator: failed to stat "/mnt/user/backups/KILE-NAS1/sync/Downloads/Series/Psych/Season 08/Psych - S08E05 - COG Blocked.nfo": Structure needs cleaning (117)
rsync error: some files/attrs were not transferred (see previous errors) (code 23) at main.c(1189) [sender=3.1.3]
Rsync completed on Downloads at Sun May 31 18:02:45 CDT 2020 with code of 23
----------------------------------------------------------------
Rsync completed on Emulation at Sun May 31 18:02:57 CDT 2020 with code of 0
----------------------------------------------------------------
Rsync completed on Plex at Sun May 31 18:08:42 CDT 2020 with code of 0
----------------------------------------------------------------
Rsync completed on Projects at Sun May 31 18:08:45 CDT 2020 with code of 0
----------------------------------------------------------------
Rsync completed on Transfer at Sun May 31 18:08:45 CDT 2020 with code of 0
----------------------------------------------------------------
Rsync completed on Uploads at Sun May 31 18:08:45 CDT 2020 with code of 0
----------------------------------------------------------------
Rsync completed on YouTube at Sun May 31 18:08:46 CDT 2020 with code of 0
------------------------------done------------------------------
-----------------------------start------------------------------
Sun May 31 19:00:01 CDT 2020 kile-deb2 rsync backup
-----Creating incremental backup of /mnt/user/
to root@192.168.2.202:/mnt/user/backups/KILE-NAS1/2020-05-31.19
-----excluding the following folders:
appdata domains Archive Backups Cache Downloads Emulation Movies Plex Projects system Temporary Transfer Uploads YouTube
----------------------------------------------------------------
Rsync completed at Sun May 31 19:02:44 CDT 2020 with code of 0
du: cannot access '/mnt/disk*/Backups/KILE-NAS1/2020-05-31.18': No such file or directory
du: cannot access '/mnt/disk*/Backups/KILE-NAS1/current': No such file or directory
numfmt: invalid number: ‘’
Snapshot 2020-05-31.19 has total size of:

bash: line 0: [: missing `]'
----------------------------------------------------------------
-----Synchronizing the following folders
Archive Backups Downloads Emulation Plex Projects Transfer Uploads YouTube
-----from /mnt/user/ to root@192.168.2.202:/mnt/user/backups/KILE-NAS1/sync
----------------------------------------------------------------
Rsync completed on Archive at Sun May 31 19:03:32 CDT 2020 with code of 0
----------------------------------------------------------------
Rsync completed on Backups at Sun May 31 19:03:32 CDT 2020 with code of 0
----------------------------------------------------------------
IO error encountered -- skipping file deletion
rsync: readdir("/mnt/user/backups/KILE-NAS1/sync/Downloads/Series/Psych/Season 08"): Structure needs cleaning (117)
rsync: recv_generator: failed to stat "/mnt/user/backups/KILE-NAS1/sync/Downloads/Series/Psych/Season 08/Psych - S08E05 - COG Blocked.nfo": Structure needs cleaning (117)
rsync error: some files/attrs were not transferred (see previous errors) (code 23) at main.c(1189) [sender=3.1.3]
Rsync completed on Downloads at Sun May 31 19:03:35 CDT 2020 with code of 23
----------------------------------------------------------------
Rsync completed on Emulation at Sun May 31 19:03:46 CDT 2020 with code of 0
----------------------------------------------------------------
Rsync completed on Plex at Sun May 31 19:09:33 CDT 2020 with code of 0
----------------------------------------------------------------
Rsync completed on Projects at Sun May 31 19:09:37 CDT 2020 with code of 0
----------------------------------------------------------------
Rsync completed on Transfer at Sun May 31 19:09:37 CDT 2020 with code of 0
----------------------------------------------------------------
Rsync completed on Uploads at Sun May 31 19:09:37 CDT 2020 with code of 0
----------------------------------------------------------------
Rsync completed on YouTube at Sun May 31 19:09:38 CDT 2020 with code of 0
------------------------------done------------------------------
-----------------------------start------------------------------
Sun May 31 23:00:01 CDT 2020 kile-deb2 rsync backup
-----Creating incremental backup of /mnt/user/
to root@192.168.2.202:/mnt/user/backups/KILE-NAS1/2020-05-31.23
-----excluding the following folders:
appdata domains Archive Backups Cache Downloads Emulation Movies Plex Projects system Temporary Transfer Uploads YouTube
----------------------------------------------------------------
Rsync completed at Sun May 31 23:01:55 CDT 2020 with code of 0
du: cannot access '/mnt/disk*/Backups/KILE-NAS1/2020-05-31.19': No such file or directory
du: cannot access '/mnt/disk*/Backups/KILE-NAS1/current': No such file or directory
numfmt: invalid number: ‘’
Snapshot 2020-05-31.23 has total size of:

bash: line 0: [: missing `]'
----------------------------------------------------------------
-----Synchronizing the following folders
Archive Backups Downloads Emulation Plex Projects Transfer Uploads YouTube
-----from /mnt/user/ to root@192.168.2.202:/mnt/user/backups/KILE-NAS1/sync
----------------------------------------------------------------
Rsync completed on Archive at Sun May 31 23:02:43 CDT 2020 with code of 0
----------------------------------------------------------------
Rsync completed on Backups at Sun May 31 23:02:43 CDT 2020 with code of 0
----------------------------------------------------------------
IO error encountered -- skipping file deletion
rsync: readdir("/mnt/user/backups/KILE-NAS1/sync/Downloads/Series/Psych/Season 08"): Structure needs cleaning (117)
rsync: recv_generator: failed to stat "/mnt/user/backups/KILE-NAS1/sync/Downloads/Series/Psych/Season 08/Psych - S08E05 - COG Blocked.nfo": Structure needs cleaning (117)
rsync error: some files/attrs were not transferred (see previous errors) (code 23) at main.c(1189) [sender=3.1.3]
Rsync completed on Downloads at Sun May 31 23:02:46 CDT 2020 with code of 23
----------------------------------------------------------------
Rsync completed on Emulation at Sun May 31 23:02:57 CDT 2020 with code of 0
----------------------------------------------------------------
Rsync completed on Plex at Sun May 31 23:08:45 CDT 2020 with code of 0
----------------------------------------------------------------
Rsync completed on Projects at Sun May 31 23:08:48 CDT 2020 with code of 0
----------------------------------------------------------------
Rsync completed on Transfer at Sun May 31 23:08:48 CDT 2020 with code of 0
----------------------------------------------------------------
Rsync completed on Uploads at Sun May 31 23:08:49 CDT 2020 with code of 0
----------------------------------------------------------------
Rsync completed on YouTube at Sun May 31 23:08:49 CDT 2020 with code of 0
------------------------------done------------------------------
