-----------------------------start------------------------------
Sun May 24 02:00:02 CDT 2020 kile-deb2 rsync backup
-----Creating incremental backup of /mnt/user/
to root@192.168.2.202:/mnt/user/backups/KILE-NAS1/2020-05-24.02
-----excluding the following folders:
appdata domains Archive Backups Cache Downloads Emulation Movies Plex Projects system Temporary Transfer Uploads YouTube
----------------------------------------------------------------
Rsync completed at Sun May 24 02:05:44 CDT 2020 with code of 0
du: cannot access '/mnt/disk*/Backups/KILE-NAS1/2020-05-23.23': No such file or directory
du: cannot access '/mnt/disk*/Backups/KILE-NAS1/current': No such file or directory
numfmt: invalid number: ‘’
Snapshot 2020-05-24.02 has total size of:

bash: line 0: [: missing `]'
----------------------------------------------------------------
-----Synchronizing the following folders
Archive Backups Downloads Emulation Plex Projects Transfer Uploads YouTube
-----from /mnt/user/ to root@192.168.2.202:/mnt/user/backups/KILE-NAS1/sync
----------------------------------------------------------------
Rsync completed on Archive at Sun May 24 02:08:46 CDT 2020 with code of 0
----------------------------------------------------------------
Rsync completed on Backups at Sun May 24 03:08:04 CDT 2020 with code of 0
----------------------------------------------------------------
IO error encountered -- skipping file deletion
rsync: readdir("/mnt/user/backups/KILE-NAS1/sync/Downloads/Series/Psych/Season 08"): Structure needs cleaning (117)
rsync: recv_generator: failed to stat "/mnt/user/backups/KILE-NAS1/sync/Downloads/Series/Psych/Season 08/Psych - S08E05 - COG Blocked.nfo": Structure needs cleaning (117)
rsync error: some files/attrs were not transferred (see previous errors) (code 23) at main.c(1189) [sender=3.1.3]
Rsync completed on Downloads at Sun May 24 03:09:10 CDT 2020 with code of 23
----------------------------------------------------------------
Rsync completed on Emulation at Sun May 24 03:09:26 CDT 2020 with code of 0
----------------------------------------------------------------
Rsync completed on Plex at Sun May 24 03:16:41 CDT 2020 with code of 0
----------------------------------------------------------------
Rsync completed on Projects at Sun May 24 03:16:52 CDT 2020 with code of 0
----------------------------------------------------------------
Rsync completed on Transfer at Sun May 24 03:16:53 CDT 2020 with code of 0
----------------------------------------------------------------
Rsync completed on Uploads at Sun May 24 03:16:54 CDT 2020 with code of 0
----------------------------------------------------------------
Rsync completed on YouTube at Sun May 24 03:16:55 CDT 2020 with code of 0
------------------------------done------------------------------
-----------------------------start------------------------------
Sun May 24 07:00:09 CDT 2020 kile-deb2 rsync backup
-----Creating incremental backup of /mnt/user/
to root@192.168.2.202:/mnt/user/backups/KILE-NAS1/2020-05-24.07
-----excluding the following folders:
appdata domains Archive Backups Cache Downloads Emulation Movies Plex Projects system Temporary Transfer Uploads YouTube
----------------------------------------------------------------
Rsync completed at Sun May 24 07:06:10 CDT 2020 with code of 0
du: cannot access '/mnt/disk*/Backups/KILE-NAS1/2020-05-24.02': No such file or directory
du: cannot access '/mnt/disk*/Backups/KILE-NAS1/current': No such file or directory
numfmt: invalid number: ‘’
Snapshot 2020-05-24.07 has total size of:

bash: line 0: [: missing `]'
----------------------------------------------------------------
-----Synchronizing the following folders
Archive Backups Downloads Emulation Plex Projects Transfer Uploads YouTube
-----from /mnt/user/ to root@192.168.2.202:/mnt/user/backups/KILE-NAS1/sync
----------------------------------------------------------------
Rsync completed on Archive at Sun May 24 07:07:53 CDT 2020 with code of 0
----------------------------------------------------------------
Rsync completed on Backups at Sun May 24 07:07:54 CDT 2020 with code of 0
----------------------------------------------------------------
IO error encountered -- skipping file deletion
rsync: readdir("/mnt/user/backups/KILE-NAS1/sync/Downloads/Series/Psych/Season 08"): Structure needs cleaning (117)
rsync: recv_generator: failed to stat "/mnt/user/backups/KILE-NAS1/sync/Downloads/Series/Psych/Season 08/Psych - S08E05 - COG Blocked.nfo": Structure needs cleaning (117)
rsync error: some files/attrs were not transferred (see previous errors) (code 23) at main.c(1189) [sender=3.1.3]
Rsync completed on Downloads at Sun May 24 07:08:22 CDT 2020 with code of 23
----------------------------------------------------------------
Rsync completed on Emulation at Sun May 24 07:08:38 CDT 2020 with code of 0
----------------------------------------------------------------
Rsync completed on Plex at Sun May 24 07:15:27 CDT 2020 with code of 0
----------------------------------------------------------------
Rsync completed on Projects at Sun May 24 07:15:34 CDT 2020 with code of 0
----------------------------------------------------------------
Rsync completed on Transfer at Sun May 24 07:15:34 CDT 2020 with code of 0
----------------------------------------------------------------
Rsync completed on Uploads at Sun May 24 07:15:34 CDT 2020 with code of 0
----------------------------------------------------------------
Rsync completed on YouTube at Sun May 24 07:15:35 CDT 2020 with code of 0
------------------------------done------------------------------
-----------------------------start------------------------------
Sun May 24 09:00:03 CDT 2020 kile-deb2 rsync backup
-----Creating incremental backup of /mnt/user/
to root@192.168.2.202:/mnt/user/backups/KILE-NAS1/2020-05-24.09
-----excluding the following folders:
appdata domains Archive Backups Cache Downloads Emulation Movies Plex Projects system Temporary Transfer Uploads YouTube
----------------------------------------------------------------
Rsync completed at Sun May 24 09:03:10 CDT 2020 with code of 0
du: cannot access '/mnt/disk*/Backups/KILE-NAS1/2020-05-24.07': No such file or directory
du: cannot access '/mnt/disk*/Backups/KILE-NAS1/current': No such file or directory
numfmt: invalid number: ‘’
Snapshot 2020-05-24.09 has total size of:

bash: line 0: [: missing `]'
----------------------------------------------------------------
-----Synchronizing the following folders
Archive Backups Downloads Emulation Plex Projects Transfer Uploads YouTube
-----from /mnt/user/ to root@192.168.2.202:/mnt/user/backups/KILE-NAS1/sync
----------------------------------------------------------------
Rsync completed on Archive at Sun May 24 09:04:21 CDT 2020 with code of 0
----------------------------------------------------------------
Rsync completed on Backups at Sun May 24 09:04:21 CDT 2020 with code of 0
----------------------------------------------------------------
IO error encountered -- skipping file deletion
rsync: readdir("/mnt/user/backups/KILE-NAS1/sync/Downloads/Series/Psych/Season 08"): Structure needs cleaning (117)
rsync: recv_generator: failed to stat "/mnt/user/backups/KILE-NAS1/sync/Downloads/Series/Psych/Season 08/Psych - S08E05 - COG Blocked.nfo": Structure needs cleaning (117)
rsync error: some files/attrs were not transferred (see previous errors) (code 23) at main.c(1189) [sender=3.1.3]
Rsync completed on Downloads at Sun May 24 09:04:24 CDT 2020 with code of 23
----------------------------------------------------------------
Rsync completed on Emulation at Sun May 24 09:04:38 CDT 2020 with code of 0
----------------------------------------------------------------
Rsync completed on Plex at Sun May 24 09:11:11 CDT 2020 with code of 0
----------------------------------------------------------------
Rsync completed on Projects at Sun May 24 09:11:17 CDT 2020 with code of 0
----------------------------------------------------------------
Rsync completed on Transfer at Sun May 24 09:11:17 CDT 2020 with code of 0
----------------------------------------------------------------
Rsync completed on Uploads at Sun May 24 09:11:17 CDT 2020 with code of 0
----------------------------------------------------------------
Rsync completed on YouTube at Sun May 24 09:11:18 CDT 2020 with code of 0
------------------------------done------------------------------
-----------------------------start------------------------------
Sun May 24 10:00:01 CDT 2020 kile-deb2 rsync backup
-----Creating incremental backup of /mnt/user/
to root@192.168.2.202:/mnt/user/backups/KILE-NAS1/2020-05-24.10
-----excluding the following folders:
appdata domains Archive Backups Cache Downloads Emulation Movies Plex Projects system Temporary Transfer Uploads YouTube
----------------------------------------------------------------
Rsync completed at Sun May 24 10:02:03 CDT 2020 with code of 0
du: cannot access '/mnt/disk*/Backups/KILE-NAS1/2020-05-24.09': No such file or directory
du: cannot access '/mnt/disk*/Backups/KILE-NAS1/current': No such file or directory
numfmt: invalid number: ‘’
Snapshot 2020-05-24.10 has total size of:

bash: line 0: [: missing `]'
----------------------------------------------------------------
-----Synchronizing the following folders
Archive Backups Downloads Emulation Plex Projects Transfer Uploads YouTube
-----from /mnt/user/ to root@192.168.2.202:/mnt/user/backups/KILE-NAS1/sync
----------------------------------------------------------------
Rsync completed on Archive at Sun May 24 10:02:51 CDT 2020 with code of 0
----------------------------------------------------------------
Rsync completed on Backups at Sun May 24 10:02:51 CDT 2020 with code of 0
----------------------------------------------------------------
IO error encountered -- skipping file deletion
rsync: readdir("/mnt/user/backups/KILE-NAS1/sync/Downloads/Series/Psych/Season 08"): Structure needs cleaning (117)
rsync: recv_generator: failed to stat "/mnt/user/backups/KILE-NAS1/sync/Downloads/Series/Psych/Season 08/Psych - S08E05 - COG Blocked.nfo": Structure needs cleaning (117)
rsync error: some files/attrs were not transferred (see previous errors) (code 23) at main.c(1189) [sender=3.1.3]
Rsync completed on Downloads at Sun May 24 10:02:53 CDT 2020 with code of 23
----------------------------------------------------------------
Rsync completed on Emulation at Sun May 24 10:03:05 CDT 2020 with code of 0
----------------------------------------------------------------
Rsync completed on Plex at Sun May 24 10:08:49 CDT 2020 with code of 0
----------------------------------------------------------------
Rsync completed on Projects at Sun May 24 10:08:52 CDT 2020 with code of 0
----------------------------------------------------------------
Rsync completed on Transfer at Sun May 24 10:08:53 CDT 2020 with code of 0
----------------------------------------------------------------
Rsync completed on Uploads at Sun May 24 10:08:53 CDT 2020 with code of 0
----------------------------------------------------------------
Rsync completed on YouTube at Sun May 24 10:08:53 CDT 2020 with code of 0
------------------------------done------------------------------
-----------------------------start------------------------------
Sun May 24 11:00:02 CDT 2020 kile-deb2 rsync backup
-----Creating incremental backup of /mnt/user/
to root@192.168.2.202:/mnt/user/backups/KILE-NAS1/2020-05-24.11
-----excluding the following folders:
appdata domains Archive Backups Cache Downloads Emulation Movies Plex Projects system Temporary Transfer Uploads YouTube
----------------------------------------------------------------
Rsync completed at Sun May 24 11:02:58 CDT 2020 with code of 0
du: cannot access '/mnt/disk*/Backups/KILE-NAS1/2020-05-24.10': No such file or directory
du: cannot access '/mnt/disk*/Backups/KILE-NAS1/current': No such file or directory
numfmt: invalid number: ‘’
Snapshot 2020-05-24.11 has total size of:

bash: line 0: [: missing `]'
----------------------------------------------------------------
-----Synchronizing the following folders
Archive Backups Downloads Emulation Plex Projects Transfer Uploads YouTube
-----from /mnt/user/ to root@192.168.2.202:/mnt/user/backups/KILE-NAS1/sync
----------------------------------------------------------------
Rsync completed on Archive at Sun May 24 11:03:51 CDT 2020 with code of 0
----------------------------------------------------------------
Rsync completed on Backups at Sun May 24 11:03:51 CDT 2020 with code of 0
----------------------------------------------------------------
IO error encountered -- skipping file deletion
rsync: readdir("/mnt/user/backups/KILE-NAS1/sync/Downloads/Series/Psych/Season 08"): Structure needs cleaning (117)
rsync: recv_generator: failed to stat "/mnt/user/backups/KILE-NAS1/sync/Downloads/Series/Psych/Season 08/Psych - S08E05 - COG Blocked.nfo": Structure needs cleaning (117)
rsync error: some files/attrs were not transferred (see previous errors) (code 23) at main.c(1189) [sender=3.1.3]
Rsync completed on Downloads at Sun May 24 11:03:54 CDT 2020 with code of 23
----------------------------------------------------------------
Rsync completed on Emulation at Sun May 24 11:04:06 CDT 2020 with code of 0
----------------------------------------------------------------
Rsync completed on Plex at Sun May 24 11:09:55 CDT 2020 with code of 0
----------------------------------------------------------------
Rsync completed on Projects at Sun May 24 11:09:58 CDT 2020 with code of 0
----------------------------------------------------------------
Rsync completed on Transfer at Sun May 24 11:09:58 CDT 2020 with code of 0
----------------------------------------------------------------
Rsync completed on Uploads at Sun May 24 11:09:58 CDT 2020 with code of 0
----------------------------------------------------------------
Rsync completed on YouTube at Sun May 24 11:09:59 CDT 2020 with code of 0
------------------------------done------------------------------
-----------------------------start------------------------------
Sun May 24 12:00:01 CDT 2020 kile-deb2 rsync backup
-----Creating incremental backup of /mnt/user/
to root@192.168.2.202:/mnt/user/backups/KILE-NAS1/2020-05-24.12
-----excluding the following folders:
appdata domains Archive Backups Cache Downloads Emulation Movies Plex Projects system Temporary Transfer Uploads YouTube
----------------------------------------------------------------
Rsync completed at Sun May 24 12:02:01 CDT 2020 with code of 0
du: cannot access '/mnt/disk*/Backups/KILE-NAS1/2020-05-24.11': No such file or directory
du: cannot access '/mnt/disk*/Backups/KILE-NAS1/current': No such file or directory
numfmt: invalid number: ‘’
Snapshot 2020-05-24.12 has total size of:

bash: line 0: [: missing `]'
----------------------------------------------------------------
-----Synchronizing the following folders
Archive Backups Downloads Emulation Plex Projects Transfer Uploads YouTube
-----from /mnt/user/ to root@192.168.2.202:/mnt/user/backups/KILE-NAS1/sync
----------------------------------------------------------------
Rsync completed on Archive at Sun May 24 12:02:50 CDT 2020 with code of 0
----------------------------------------------------------------
Rsync completed on Backups at Sun May 24 12:02:50 CDT 2020 with code of 0
----------------------------------------------------------------
IO error encountered -- skipping file deletion
rsync: readdir("/mnt/user/backups/KILE-NAS1/sync/Downloads/Series/Psych/Season 08"): Structure needs cleaning (117)
rsync: recv_generator: failed to stat "/mnt/user/backups/KILE-NAS1/sync/Downloads/Series/Psych/Season 08/Psych - S08E05 - COG Blocked.nfo": Structure needs cleaning (117)
rsync error: some files/attrs were not transferred (see previous errors) (code 23) at main.c(1189) [sender=3.1.3]
Rsync completed on Downloads at Sun May 24 12:02:53 CDT 2020 with code of 23
----------------------------------------------------------------
Rsync completed on Emulation at Sun May 24 12:03:05 CDT 2020 with code of 0
----------------------------------------------------------------
Rsync completed on Plex at Sun May 24 12:08:44 CDT 2020 with code of 0
----------------------------------------------------------------
Rsync completed on Projects at Sun May 24 12:08:47 CDT 2020 with code of 0
----------------------------------------------------------------
Rsync completed on Transfer at Sun May 24 12:08:47 CDT 2020 with code of 0
----------------------------------------------------------------
Rsync completed on Uploads at Sun May 24 12:08:48 CDT 2020 with code of 0
----------------------------------------------------------------
Rsync completed on YouTube at Sun May 24 12:08:48 CDT 2020 with code of 0
------------------------------done------------------------------
-----------------------------start------------------------------
Sun May 24 13:00:01 CDT 2020 kile-deb2 rsync backup
-----Creating incremental backup of /mnt/user/
to root@192.168.2.202:/mnt/user/backups/KILE-NAS1/2020-05-24.13
-----excluding the following folders:
appdata domains Archive Backups Cache Downloads Emulation Movies Plex Projects system Temporary Transfer Uploads YouTube
----------------------------------------------------------------
Rsync completed at Sun May 24 13:02:28 CDT 2020 with code of 0
du: cannot access '/mnt/disk*/Backups/KILE-NAS1/2020-05-24.12': No such file or directory
du: cannot access '/mnt/disk*/Backups/KILE-NAS1/current': No such file or directory
numfmt: invalid number: ‘’
Snapshot 2020-05-24.13 has total size of:

bash: line 0: [: missing `]'
----------------------------------------------------------------
-----Synchronizing the following folders
Archive Backups Downloads Emulation Plex Projects Transfer Uploads YouTube
-----from /mnt/user/ to root@192.168.2.202:/mnt/user/backups/KILE-NAS1/sync
----------------------------------------------------------------
Rsync completed on Archive at Sun May 24 13:03:16 CDT 2020 with code of 0
----------------------------------------------------------------
Rsync completed on Backups at Sun May 24 13:03:17 CDT 2020 with code of 0
----------------------------------------------------------------
IO error encountered -- skipping file deletion
rsync: readdir("/mnt/user/backups/KILE-NAS1/sync/Downloads/Series/Psych/Season 08"): Structure needs cleaning (117)
rsync: recv_generator: failed to stat "/mnt/user/backups/KILE-NAS1/sync/Downloads/Series/Psych/Season 08/Psych - S08E05 - COG Blocked.nfo": Structure needs cleaning (117)
rsync error: some files/attrs were not transferred (see previous errors) (code 23) at main.c(1189) [sender=3.1.3]
Rsync completed on Downloads at Sun May 24 13:03:19 CDT 2020 with code of 23
----------------------------------------------------------------
Rsync completed on Emulation at Sun May 24 13:03:31 CDT 2020 with code of 0
----------------------------------------------------------------
Rsync completed on Plex at Sun May 24 13:09:15 CDT 2020 with code of 0
----------------------------------------------------------------
Rsync completed on Projects at Sun May 24 13:09:18 CDT 2020 with code of 0
----------------------------------------------------------------
Rsync completed on Transfer at Sun May 24 13:09:19 CDT 2020 with code of 0
----------------------------------------------------------------
Rsync completed on Uploads at Sun May 24 13:09:19 CDT 2020 with code of 0
----------------------------------------------------------------
Rsync completed on YouTube at Sun May 24 13:09:19 CDT 2020 with code of 0
------------------------------done------------------------------
-----------------------------start------------------------------
Sun May 24 14:00:02 CDT 2020 kile-deb2 rsync backup
-----Creating incremental backup of /mnt/user/
to root@192.168.2.202:/mnt/user/backups/KILE-NAS1/2020-05-24.14
-----excluding the following folders:
appdata domains Archive Backups Cache Downloads Emulation Movies Plex Projects system Temporary Transfer Uploads YouTube
----------------------------------------------------------------
Rsync completed at Sun May 24 14:02:16 CDT 2020 with code of 0
du: cannot access '/mnt/disk*/Backups/KILE-NAS1/2020-05-24.13': No such file or directory
du: cannot access '/mnt/disk*/Backups/KILE-NAS1/current': No such file or directory
numfmt: invalid number: ‘’
Snapshot 2020-05-24.14 has total size of:

bash: line 0: [: missing `]'
----------------------------------------------------------------
-----Synchronizing the following folders
Archive Backups Downloads Emulation Plex Projects Transfer Uploads YouTube
-----from /mnt/user/ to root@192.168.2.202:/mnt/user/backups/KILE-NAS1/sync
----------------------------------------------------------------
Rsync completed on Archive at Sun May 24 14:03:07 CDT 2020 with code of 0
----------------------------------------------------------------
Rsync completed on Backups at Sun May 24 14:03:07 CDT 2020 with code of 0
----------------------------------------------------------------
IO error encountered -- skipping file deletion
rsync: readdir("/mnt/user/backups/KILE-NAS1/sync/Downloads/Series/Psych/Season 08"): Structure needs cleaning (117)
rsync: recv_generator: failed to stat "/mnt/user/backups/KILE-NAS1/sync/Downloads/Series/Psych/Season 08/Psych - S08E05 - COG Blocked.nfo": Structure needs cleaning (117)
rsync error: some files/attrs were not transferred (see previous errors) (code 23) at main.c(1189) [sender=3.1.3]
Rsync completed on Downloads at Sun May 24 14:03:10 CDT 2020 with code of 23
----------------------------------------------------------------
Rsync completed on Emulation at Sun May 24 14:03:22 CDT 2020 with code of 0
----------------------------------------------------------------
Rsync completed on Plex at Sun May 24 14:09:25 CDT 2020 with code of 0
----------------------------------------------------------------
Rsync completed on Projects at Sun May 24 14:09:28 CDT 2020 with code of 0
----------------------------------------------------------------
Rsync completed on Transfer at Sun May 24 14:09:29 CDT 2020 with code of 0
----------------------------------------------------------------
Rsync completed on Uploads at Sun May 24 14:09:29 CDT 2020 with code of 0
----------------------------------------------------------------
Rsync completed on YouTube at Sun May 24 14:09:30 CDT 2020 with code of 0
------------------------------done------------------------------
-----------------------------start------------------------------
Sun May 24 15:00:01 CDT 2020 kile-deb2 rsync backup
-----Creating incremental backup of /mnt/user/
to root@192.168.2.202:/mnt/user/backups/KILE-NAS1/2020-05-24.15
-----excluding the following folders:
appdata domains Archive Backups Cache Downloads Emulation Movies Plex Projects system Temporary Transfer Uploads YouTube
----------------------------------------------------------------
Rsync completed at Sun May 24 15:02:03 CDT 2020 with code of 0
du: cannot access '/mnt/disk*/Backups/KILE-NAS1/2020-05-24.14': No such file or directory
du: cannot access '/mnt/disk*/Backups/KILE-NAS1/current': No such file or directory
numfmt: invalid number: ‘’
Snapshot 2020-05-24.15 has total size of:

bash: line 0: [: missing `]'
----------------------------------------------------------------
-----Synchronizing the following folders
Archive Backups Downloads Emulation Plex Projects Transfer Uploads YouTube
-----from /mnt/user/ to root@192.168.2.202:/mnt/user/backups/KILE-NAS1/sync
----------------------------------------------------------------
Rsync completed on Archive at Sun May 24 15:03:00 CDT 2020 with code of 0
----------------------------------------------------------------
Rsync completed on Backups at Sun May 24 15:03:00 CDT 2020 with code of 0
----------------------------------------------------------------
IO error encountered -- skipping file deletion
rsync: readdir("/mnt/user/backups/KILE-NAS1/sync/Downloads/Series/Psych/Season 08"): Structure needs cleaning (117)
rsync: recv_generator: failed to stat "/mnt/user/backups/KILE-NAS1/sync/Downloads/Series/Psych/Season 08/Psych - S08E05 - COG Blocked.nfo": Structure needs cleaning (117)
rsync error: some files/attrs were not transferred (see previous errors) (code 23) at main.c(1189) [sender=3.1.3]
Rsync completed on Downloads at Sun May 24 15:03:19 CDT 2020 with code of 23
----------------------------------------------------------------
Rsync completed on Emulation at Sun May 24 15:03:33 CDT 2020 with code of 0
----------------------------------------------------------------
Rsync completed on Plex at Sun May 24 15:09:39 CDT 2020 with code of 0
----------------------------------------------------------------
Rsync completed on Projects at Sun May 24 15:09:42 CDT 2020 with code of 0
----------------------------------------------------------------
Rsync completed on Transfer at Sun May 24 15:09:43 CDT 2020 with code of 0
----------------------------------------------------------------
Rsync completed on Uploads at Sun May 24 15:09:43 CDT 2020 with code of 0
----------------------------------------------------------------
Rsync completed on YouTube at Sun May 24 15:09:43 CDT 2020 with code of 0
------------------------------done------------------------------
-----------------------------start------------------------------
Sun May 24 16:00:01 CDT 2020 kile-deb2 rsync backup
-----Creating incremental backup of /mnt/user/
to root@192.168.2.202:/mnt/user/backups/KILE-NAS1/2020-05-24.16
-----excluding the following folders:
appdata domains Archive Backups Cache Downloads Emulation Movies Plex Projects system Temporary Transfer Uploads YouTube
----------------------------------------------------------------
Rsync completed at Sun May 24 16:02:16 CDT 2020 with code of 0
du: cannot access '/mnt/disk*/Backups/KILE-NAS1/2020-05-24.15': No such file or directory
du: cannot access '/mnt/disk*/Backups/KILE-NAS1/current': No such file or directory
numfmt: invalid number: ‘’
Snapshot 2020-05-24.16 has total size of:

bash: line 0: [: missing `]'
----------------------------------------------------------------
-----Synchronizing the following folders
Archive Backups Downloads Emulation Plex Projects Transfer Uploads YouTube
-----from /mnt/user/ to root@192.168.2.202:/mnt/user/backups/KILE-NAS1/sync
----------------------------------------------------------------
Rsync completed on Archive at Sun May 24 16:03:06 CDT 2020 with code of 0
----------------------------------------------------------------
Rsync completed on Backups at Sun May 24 16:03:06 CDT 2020 with code of 0
----------------------------------------------------------------
IO error encountered -- skipping file deletion
rsync: readdir("/mnt/user/backups/KILE-NAS1/sync/Downloads/Series/Psych/Season 08"): Structure needs cleaning (117)
rsync: recv_generator: failed to stat "/mnt/user/backups/KILE-NAS1/sync/Downloads/Series/Psych/Season 08/Psych - S08E05 - COG Blocked.nfo": Structure needs cleaning (117)
rsync error: some files/attrs were not transferred (see previous errors) (code 23) at main.c(1189) [sender=3.1.3]
Rsync completed on Downloads at Sun May 24 16:03:09 CDT 2020 with code of 23
----------------------------------------------------------------
Rsync completed on Emulation at Sun May 24 16:03:21 CDT 2020 with code of 0
----------------------------------------------------------------
Rsync completed on Plex at Sun May 24 16:09:11 CDT 2020 with code of 0
----------------------------------------------------------------
Rsync completed on Projects at Sun May 24 16:09:15 CDT 2020 with code of 0
----------------------------------------------------------------
Rsync completed on Transfer at Sun May 24 16:09:15 CDT 2020 with code of 0
----------------------------------------------------------------
Rsync completed on Uploads at Sun May 24 16:09:15 CDT 2020 with code of 0
----------------------------------------------------------------
Rsync completed on YouTube at Sun May 24 16:09:16 CDT 2020 with code of 0
------------------------------done------------------------------
-----------------------------start------------------------------
Sun May 24 17:00:02 CDT 2020 kile-deb2 rsync backup
-----Creating incremental backup of /mnt/user/
to root@192.168.2.202:/mnt/user/backups/KILE-NAS1/2020-05-24.17
-----excluding the following folders:
appdata domains Archive Backups Cache Downloads Emulation Movies Plex Projects system Temporary Transfer Uploads YouTube
----------------------------------------------------------------
Rsync completed at Sun May 24 17:02:07 CDT 2020 with code of 0
du: cannot access '/mnt/disk*/Backups/KILE-NAS1/2020-05-24.16': No such file or directory
du: cannot access '/mnt/disk*/Backups/KILE-NAS1/current': No such file or directory
numfmt: invalid number: ‘’
Snapshot 2020-05-24.17 has total size of:

bash: line 0: [: missing `]'
----------------------------------------------------------------
-----Synchronizing the following folders
Archive Backups Downloads Emulation Plex Projects Transfer Uploads YouTube
-----from /mnt/user/ to root@192.168.2.202:/mnt/user/backups/KILE-NAS1/sync
----------------------------------------------------------------
Rsync completed on Archive at Sun May 24 17:02:57 CDT 2020 with code of 0
----------------------------------------------------------------
Rsync completed on Backups at Sun May 24 17:02:57 CDT 2020 with code of 0
----------------------------------------------------------------
IO error encountered -- skipping file deletion
rsync: readdir("/mnt/user/backups/KILE-NAS1/sync/Downloads/Series/Psych/Season 08"): Structure needs cleaning (117)
rsync: recv_generator: failed to stat "/mnt/user/backups/KILE-NAS1/sync/Downloads/Series/Psych/Season 08/Psych - S08E05 - COG Blocked.nfo": Structure needs cleaning (117)
rsync error: some files/attrs were not transferred (see previous errors) (code 23) at main.c(1189) [sender=3.1.3]
Rsync completed on Downloads at Sun May 24 17:03:00 CDT 2020 with code of 23
----------------------------------------------------------------
Rsync completed on Emulation at Sun May 24 17:03:12 CDT 2020 with code of 0
----------------------------------------------------------------
Rsync completed on Plex at Sun May 24 17:09:05 CDT 2020 with code of 0
----------------------------------------------------------------
Rsync completed on Projects at Sun May 24 17:09:09 CDT 2020 with code of 0
----------------------------------------------------------------
Rsync completed on Transfer at Sun May 24 17:09:09 CDT 2020 with code of 0
----------------------------------------------------------------
Rsync completed on Uploads at Sun May 24 17:09:09 CDT 2020 with code of 0
----------------------------------------------------------------
Rsync completed on YouTube at Sun May 24 17:09:10 CDT 2020 with code of 0
------------------------------done------------------------------
-----------------------------start------------------------------
Sun May 24 18:00:01 CDT 2020 kile-deb2 rsync backup
-----Creating incremental backup of /mnt/user/
to root@192.168.2.202:/mnt/user/backups/KILE-NAS1/2020-05-24.18
-----excluding the following folders:
appdata domains Archive Backups Cache Downloads Emulation Movies Plex Projects system Temporary Transfer Uploads YouTube
----------------------------------------------------------------
Rsync completed at Sun May 24 18:02:05 CDT 2020 with code of 0
du: cannot access '/mnt/disk*/Backups/KILE-NAS1/2020-05-24.17': No such file or directory
du: cannot access '/mnt/disk*/Backups/KILE-NAS1/current': No such file or directory
numfmt: invalid number: ‘’
Snapshot 2020-05-24.18 has total size of:

bash: line 0: [: missing `]'
----------------------------------------------------------------
-----Synchronizing the following folders
Archive Backups Downloads Emulation Plex Projects Transfer Uploads YouTube
-----from /mnt/user/ to root@192.168.2.202:/mnt/user/backups/KILE-NAS1/sync
----------------------------------------------------------------
Rsync completed on Archive at Sun May 24 18:02:54 CDT 2020 with code of 0
----------------------------------------------------------------
Rsync completed on Backups at Sun May 24 18:02:55 CDT 2020 with code of 0
----------------------------------------------------------------
IO error encountered -- skipping file deletion
rsync: readdir("/mnt/user/backups/KILE-NAS1/sync/Downloads/Series/Psych/Season 08"): Structure needs cleaning (117)
rsync: recv_generator: failed to stat "/mnt/user/backups/KILE-NAS1/sync/Downloads/Series/Psych/Season 08/Psych - S08E05 - COG Blocked.nfo": Structure needs cleaning (117)
rsync error: some files/attrs were not transferred (see previous errors) (code 23) at main.c(1189) [sender=3.1.3]
Rsync completed on Downloads at Sun May 24 18:02:57 CDT 2020 with code of 23
----------------------------------------------------------------
Rsync completed on Emulation at Sun May 24 18:03:10 CDT 2020 with code of 0
----------------------------------------------------------------
Rsync completed on Plex at Sun May 24 18:09:26 CDT 2020 with code of 0
----------------------------------------------------------------
Rsync completed on Projects at Sun May 24 18:09:29 CDT 2020 with code of 0
----------------------------------------------------------------
Rsync completed on Transfer at Sun May 24 18:09:30 CDT 2020 with code of 0
----------------------------------------------------------------
Rsync completed on Uploads at Sun May 24 18:09:30 CDT 2020 with code of 0
----------------------------------------------------------------
Rsync completed on YouTube at Sun May 24 18:09:31 CDT 2020 with code of 0
------------------------------done------------------------------
-----------------------------start------------------------------
Sun May 24 19:00:01 CDT 2020 kile-deb2 rsync backup
-----Creating incremental backup of /mnt/user/
to root@192.168.2.202:/mnt/user/backups/KILE-NAS1/2020-05-24.19
-----excluding the following folders:
appdata domains Archive Backups Cache Downloads Emulation Movies Plex Projects system Temporary Transfer Uploads YouTube
----------------------------------------------------------------
Rsync completed at Sun May 24 19:02:54 CDT 2020 with code of 0
du: cannot access '/mnt/disk*/Backups/KILE-NAS1/2020-05-24.18': No such file or directory
du: cannot access '/mnt/disk*/Backups/KILE-NAS1/current': No such file or directory
numfmt: invalid number: ‘’
Snapshot 2020-05-24.19 has total size of:

bash: line 0: [: missing `]'
----------------------------------------------------------------
-----Synchronizing the following folders
Archive Backups Downloads Emulation Plex Projects Transfer Uploads YouTube
-----from /mnt/user/ to root@192.168.2.202:/mnt/user/backups/KILE-NAS1/sync
----------------------------------------------------------------
Rsync completed on Archive at Sun May 24 19:03:50 CDT 2020 with code of 0
----------------------------------------------------------------
Rsync completed on Backups at Sun May 24 19:03:50 CDT 2020 with code of 0
----------------------------------------------------------------
IO error encountered -- skipping file deletion
rsync: readdir("/mnt/user/backups/KILE-NAS1/sync/Downloads/Series/Psych/Season 08"): Structure needs cleaning (117)
rsync: recv_generator: failed to stat "/mnt/user/backups/KILE-NAS1/sync/Downloads/Series/Psych/Season 08/Psych - S08E05 - COG Blocked.nfo": Structure needs cleaning (117)
rsync error: some files/attrs were not transferred (see previous errors) (code 23) at main.c(1189) [sender=3.1.3]
Rsync completed on Downloads at Sun May 24 19:03:53 CDT 2020 with code of 23
----------------------------------------------------------------
Rsync completed on Emulation at Sun May 24 19:04:05 CDT 2020 with code of 0
----------------------------------------------------------------
Rsync completed on Plex at Sun May 24 19:10:11 CDT 2020 with code of 0
----------------------------------------------------------------
Rsync completed on Projects at Sun May 24 19:10:14 CDT 2020 with code of 0
----------------------------------------------------------------
Rsync completed on Transfer at Sun May 24 19:10:14 CDT 2020 with code of 0
----------------------------------------------------------------
Rsync completed on Uploads at Sun May 24 19:10:15 CDT 2020 with code of 0
----------------------------------------------------------------
Rsync completed on YouTube at Sun May 24 19:10:15 CDT 2020 with code of 0
------------------------------done------------------------------
-----------------------------start------------------------------
Sun May 24 23:00:01 CDT 2020 kile-deb2 rsync backup
-----Creating incremental backup of /mnt/user/
to root@192.168.2.202:/mnt/user/backups/KILE-NAS1/2020-05-24.23
-----excluding the following folders:
appdata domains Archive Backups Cache Downloads Emulation Movies Plex Projects system Temporary Transfer Uploads YouTube
----------------------------------------------------------------
Rsync completed at Sun May 24 23:02:56 CDT 2020 with code of 0
du: cannot access '/mnt/disk*/Backups/KILE-NAS1/2020-05-24.19': No such file or directory
du: cannot access '/mnt/disk*/Backups/KILE-NAS1/current': No such file or directory
numfmt: invalid number: ‘’
Snapshot 2020-05-24.23 has total size of:

bash: line 0: [: missing `]'
----------------------------------------------------------------
-----Synchronizing the following folders
Archive Backups Downloads Emulation Plex Projects Transfer Uploads YouTube
-----from /mnt/user/ to root@192.168.2.202:/mnt/user/backups/KILE-NAS1/sync
----------------------------------------------------------------
Rsync completed on Archive at Sun May 24 23:04:08 CDT 2020 with code of 0
----------------------------------------------------------------
Rsync completed on Backups at Sun May 24 23:04:09 CDT 2020 with code of 0
----------------------------------------------------------------
IO error encountered -- skipping file deletion
rsync: readdir("/mnt/user/backups/KILE-NAS1/sync/Downloads/Series/Psych/Season 08"): Structure needs cleaning (117)
rsync: recv_generator: failed to stat "/mnt/user/backups/KILE-NAS1/sync/Downloads/Series/Psych/Season 08/Psych - S08E05 - COG Blocked.nfo": Structure needs cleaning (117)
rsync error: some files/attrs were not transferred (see previous errors) (code 23) at main.c(1189) [sender=3.1.3]
Rsync completed on Downloads at Sun May 24 23:13:08 CDT 2020 with code of 23
----------------------------------------------------------------
Rsync completed on Emulation at Sun May 24 23:13:24 CDT 2020 with code of 0
----------------------------------------------------------------
Rsync completed on Plex at Sun May 24 23:20:23 CDT 2020 with code of 0
----------------------------------------------------------------
Rsync completed on Projects at Sun May 24 23:20:29 CDT 2020 with code of 0
----------------------------------------------------------------
Rsync completed on Transfer at Sun May 24 23:20:30 CDT 2020 with code of 0
----------------------------------------------------------------
Rsync completed on Uploads at Sun May 24 23:20:32 CDT 2020 with code of 0
----------------------------------------------------------------
Rsync completed on YouTube at Sun May 24 23:20:33 CDT 2020 with code of 0
------------------------------done------------------------------
