-----------------------------start------------------------------
Fri May 15 00:00:03 CDT 2020 kile-deb2 rsync cleanup
----------------------------------------------------------------
Beginning rsync hourly cleanup at Fri May 15 00:00:03 CDT 2020
90
Checking for /mnt/user/Backups/KILE-NAS1/2020-02-14
89
Checking for /mnt/user/Backups/KILE-NAS1/2020-02-15
88
Checking for /mnt/user/Backups/KILE-NAS1/2020-02-16
87
Checking for /mnt/user/Backups/KILE-NAS1/2020-02-17
86
Checking for /mnt/user/Backups/KILE-NAS1/2020-02-18
85
Checking for /mnt/user/Backups/KILE-NAS1/2020-02-19
84
Checking for /mnt/user/Backups/KILE-NAS1/2020-02-20
83
Checking for /mnt/user/Backups/KILE-NAS1/2020-02-21
82
Checking for /mnt/user/Backups/KILE-NAS1/2020-02-22
81
Checking for /mnt/user/Backups/KILE-NAS1/2020-02-23
80
Checking for /mnt/user/Backups/KILE-NAS1/2020-02-24
79
Checking for /mnt/user/Backups/KILE-NAS1/2020-02-25
78
Checking for /mnt/user/Backups/KILE-NAS1/2020-02-26
77
Checking for /mnt/user/Backups/KILE-NAS1/2020-02-27
76
Checking for /mnt/user/Backups/KILE-NAS1/2020-02-28
75
Checking for /mnt/user/Backups/KILE-NAS1/2020-02-29
74
Checking for /mnt/user/Backups/KILE-NAS1/2020-03-01
73
Checking for /mnt/user/Backups/KILE-NAS1/2020-03-02
72
Checking for /mnt/user/Backups/KILE-NAS1/2020-03-03
71
Checking for /mnt/user/Backups/KILE-NAS1/2020-03-04
70
Checking for /mnt/user/Backups/KILE-NAS1/2020-03-05
69
Checking for /mnt/user/Backups/KILE-NAS1/2020-03-06
68
Checking for /mnt/user/Backups/KILE-NAS1/2020-03-07
67
Checking for /mnt/user/Backups/KILE-NAS1/2020-03-09
66
Checking for /mnt/user/Backups/KILE-NAS1/2020-03-10
65
Checking for /mnt/user/Backups/KILE-NAS1/2020-03-11
64
Checking for /mnt/user/Backups/KILE-NAS1/2020-03-12
63
Checking for /mnt/user/Backups/KILE-NAS1/2020-03-13
62
Checking for /mnt/user/Backups/KILE-NAS1/2020-03-14
61
Checking for /mnt/user/Backups/KILE-NAS1/2020-03-15
60
Checking for /mnt/user/Backups/KILE-NAS1/2020-03-16
59
Checking for /mnt/user/Backups/KILE-NAS1/2020-03-17
58
Checking for /mnt/user/Backups/KILE-NAS1/2020-03-18
57
Checking for /mnt/user/Backups/KILE-NAS1/2020-03-19
56
Checking for /mnt/user/Backups/KILE-NAS1/2020-03-20
55
Checking for /mnt/user/Backups/KILE-NAS1/2020-03-21
54
Checking for /mnt/user/Backups/KILE-NAS1/2020-03-22
53
Checking for /mnt/user/Backups/KILE-NAS1/2020-03-23
52
Checking for /mnt/user/Backups/KILE-NAS1/2020-03-24
51
Checking for /mnt/user/Backups/KILE-NAS1/2020-03-25
50
Checking for /mnt/user/Backups/KILE-NAS1/2020-03-26
49
Checking for /mnt/user/Backups/KILE-NAS1/2020-03-27
48
Checking for /mnt/user/Backups/KILE-NAS1/2020-03-28
47
Checking for /mnt/user/Backups/KILE-NAS1/2020-03-29
46
Checking for /mnt/user/Backups/KILE-NAS1/2020-03-30
45
Checking for /mnt/user/Backups/KILE-NAS1/2020-03-31
44
Checking for /mnt/user/Backups/KILE-NAS1/2020-04-01
43
Checking for /mnt/user/Backups/KILE-NAS1/2020-04-02
42
Checking for /mnt/user/Backups/KILE-NAS1/2020-04-03
41
Checking for /mnt/user/Backups/KILE-NAS1/2020-04-04
40
Checking for /mnt/user/Backups/KILE-NAS1/2020-04-05
39
Checking for /mnt/user/Backups/KILE-NAS1/2020-04-06
38
Checking for /mnt/user/Backups/KILE-NAS1/2020-04-07
37
Checking for /mnt/user/Backups/KILE-NAS1/2020-04-08
36
Checking for /mnt/user/Backups/KILE-NAS1/2020-04-09
35
Checking for /mnt/user/Backups/KILE-NAS1/2020-04-10
34
Checking for /mnt/user/Backups/KILE-NAS1/2020-04-11
33
Checking for /mnt/user/Backups/KILE-NAS1/2020-04-12
32
Checking for /mnt/user/Backups/KILE-NAS1/2020-04-13
31
Checking for /mnt/user/Backups/KILE-NAS1/2020-04-14
30
Checking for /mnt/user/Backups/KILE-NAS1/2020-04-15
29
Checking for /mnt/user/Backups/KILE-NAS1/2020-04-16
28
Checking for /mnt/user/Backups/KILE-NAS1/2020-04-17
27
Checking for /mnt/user/Backups/KILE-NAS1/2020-04-18
26
Checking for /mnt/user/Backups/KILE-NAS1/2020-04-19
25
Checking for /mnt/user/Backups/KILE-NAS1/2020-04-20
24
Checking for /mnt/user/Backups/KILE-NAS1/2020-04-21
23
Checking for /mnt/user/Backups/KILE-NAS1/2020-04-22
22
Checking for /mnt/user/Backups/KILE-NAS1/2020-04-23
21
Checking for /mnt/user/Backups/KILE-NAS1/2020-04-24
20
Checking for /mnt/user/Backups/KILE-NAS1/2020-04-25
19
Checking for /mnt/user/Backups/KILE-NAS1/2020-04-26
18
Checking for /mnt/user/Backups/KILE-NAS1/2020-04-27
17
Checking for /mnt/user/Backups/KILE-NAS1/2020-04-28
16
Checking for /mnt/user/Backups/KILE-NAS1/2020-04-29
15
Checking for /mnt/user/Backups/KILE-NAS1/2020-04-30
14
Checking for /mnt/user/Backups/KILE-NAS1/2020-05-01
13
Checking for /mnt/user/Backups/KILE-NAS1/2020-05-02
12
Checking for /mnt/user/Backups/KILE-NAS1/2020-05-03
11
Checking for /mnt/user/Backups/KILE-NAS1/2020-05-04
10
Checking for /mnt/user/Backups/KILE-NAS1/2020-05-05
9
Checking for /mnt/user/Backups/KILE-NAS1/2020-05-06
8
Checking for /mnt/user/Backups/KILE-NAS1/2020-05-07
7
Checking for /mnt/user/Backups/KILE-NAS1/2020-05-08
6
Checking for /mnt/user/Backups/KILE-NAS1/2020-05-09
5
Checking for /mnt/user/Backups/KILE-NAS1/2020-05-10
4
Checking for /mnt/user/Backups/KILE-NAS1/2020-05-11
3
Checking for /mnt/user/Backups/KILE-NAS1/2020-05-12
----------------------------------------------------------------
Beginning rsync daily cleanup at Fri May 15 00:00:19 CDT 2020
----------------------------------------------------------------
Beginning rsync monthly cleanup at Fri May 15 00:01:10 CDT 2020
------------------------------done------------------------------
