-----------------------------start------------------------------
Fri May 22 02:00:12 CDT 2020 kile-deb2 rsync backup
-----Creating incremental backup of /mnt/user/
to root@192.168.2.202:/mnt/user/backups/KILE-NAS1/2020-05-22.02
-----excluding the following folders:
appdata domains Archive Backups Cache Downloads Emulation Movies Plex Projects system Temporary Transfer Uploads YouTube
----------------------------------------------------------------
Rsync completed at Fri May 22 02:03:15 CDT 2020 with code of 0
du: cannot access '/mnt/disk*/Backups/KILE-NAS1/2020-05-21.23': No such file or directory
du: cannot access '/mnt/disk*/Backups/KILE-NAS1/current': No such file or directory
numfmt: invalid number: ‘’
Snapshot 2020-05-22.02 has total size of:

bash: line 0: [: missing `]'
----------------------------------------------------------------
-----Synchronizing the following folders
Archive Backups Downloads Emulation Plex Projects Transfer Uploads YouTube
-----from /mnt/user/ to root@192.168.2.202:/mnt/user/backups/KILE-NAS1/sync
----------------------------------------------------------------
Rsync completed on Archive at Fri May 22 02:04:31 CDT 2020 with code of 0
----------------------------------------------------------------
Rsync completed on Backups at Fri May 22 02:33:16 CDT 2020 with code of 0
----------------------------------------------------------------
IO error encountered -- skipping file deletion
rsync: readdir("/mnt/user/backups/KILE-NAS1/sync/Downloads/Series/Psych/Season 08"): Structure needs cleaning (117)
rsync: recv_generator: failed to stat "/mnt/user/backups/KILE-NAS1/sync/Downloads/Series/Psych/Season 08/Psych - S08E05 - COG Blocked.nfo": Structure needs cleaning (117)
rsync error: some files/attrs were not transferred (see previous errors) (code 23) at main.c(1189) [sender=3.1.3]
Rsync completed on Downloads at Fri May 22 02:36:08 CDT 2020 with code of 23
----------------------------------------------------------------
Rsync completed on Emulation at Fri May 22 02:36:26 CDT 2020 with code of 0
----------------------------------------------------------------
Rsync completed on Plex at Fri May 22 02:47:35 CDT 2020 with code of 0
----------------------------------------------------------------
Rsync completed on Projects at Fri May 22 02:47:42 CDT 2020 with code of 0
----------------------------------------------------------------
Rsync completed on Transfer at Fri May 22 02:47:42 CDT 2020 with code of 0
----------------------------------------------------------------
Rsync completed on Uploads at Fri May 22 02:47:44 CDT 2020 with code of 0
----------------------------------------------------------------
Rsync completed on YouTube at Fri May 22 02:47:45 CDT 2020 with code of 0
------------------------------done------------------------------
-----------------------------start------------------------------
Fri May 22 07:00:02 CDT 2020 kile-deb2 rsync backup
-----Creating incremental backup of /mnt/user/
to root@192.168.2.202:/mnt/user/backups/KILE-NAS1/2020-05-22.07
-----excluding the following folders:
appdata domains Archive Backups Cache Downloads Emulation Movies Plex Projects system Temporary Transfer Uploads YouTube
----------------------------------------------------------------
Rsync completed at Fri May 22 07:05:40 CDT 2020 with code of 0
du: cannot access '/mnt/disk*/Backups/KILE-NAS1/2020-05-22.02': No such file or directory
du: cannot access '/mnt/disk*/Backups/KILE-NAS1/current': No such file or directory
numfmt: invalid number: ‘’
Snapshot 2020-05-22.07 has total size of:

bash: line 0: [: missing `]'
----------------------------------------------------------------
-----Synchronizing the following folders
Archive Backups Downloads Emulation Plex Projects Transfer Uploads YouTube
-----from /mnt/user/ to root@192.168.2.202:/mnt/user/backups/KILE-NAS1/sync
----------------------------------------------------------------
Rsync completed on Archive at Fri May 22 07:07:21 CDT 2020 with code of 0
----------------------------------------------------------------
Rsync completed on Backups at Fri May 22 07:07:22 CDT 2020 with code of 0
----------------------------------------------------------------
IO error encountered -- skipping file deletion
rsync: readdir("/mnt/user/backups/KILE-NAS1/sync/Downloads/Series/Psych/Season 08"): Structure needs cleaning (117)
rsync: recv_generator: failed to stat "/mnt/user/backups/KILE-NAS1/sync/Downloads/Series/Psych/Season 08/Psych - S08E05 - COG Blocked.nfo": Structure needs cleaning (117)
rsync error: some files/attrs were not transferred (see previous errors) (code 23) at main.c(1189) [sender=3.1.3]
Rsync completed on Downloads at Fri May 22 07:07:33 CDT 2020 with code of 23
----------------------------------------------------------------
Rsync completed on Emulation at Fri May 22 07:07:48 CDT 2020 with code of 0
----------------------------------------------------------------
Rsync completed on Plex at Fri May 22 07:14:49 CDT 2020 with code of 0
----------------------------------------------------------------
Rsync completed on Projects at Fri May 22 07:14:56 CDT 2020 with code of 0
----------------------------------------------------------------
Rsync completed on Transfer at Fri May 22 07:14:56 CDT 2020 with code of 0
----------------------------------------------------------------
Rsync completed on Uploads at Fri May 22 07:14:57 CDT 2020 with code of 0
----------------------------------------------------------------
Rsync completed on YouTube at Fri May 22 07:14:58 CDT 2020 with code of 0
------------------------------done------------------------------
-----------------------------start------------------------------
Fri May 22 09:00:11 CDT 2020 kile-deb2 rsync backup
-----Creating incremental backup of /mnt/user/
to root@192.168.2.202:/mnt/user/backups/KILE-NAS1/2020-05-22.09
-----excluding the following folders:
appdata domains Archive Backups Cache Downloads Emulation Movies Plex Projects system Temporary Transfer Uploads YouTube
----------------------------------------------------------------
Rsync completed at Fri May 22 09:03:17 CDT 2020 with code of 0
du: cannot access '/mnt/disk*/Backups/KILE-NAS1/2020-05-22.07': No such file or directory
du: cannot access '/mnt/disk*/Backups/KILE-NAS1/current': No such file or directory
numfmt: invalid number: ‘’
Snapshot 2020-05-22.09 has total size of:

bash: line 0: [: missing `]'
----------------------------------------------------------------
-----Synchronizing the following folders
Archive Backups Downloads Emulation Plex Projects Transfer Uploads YouTube
-----from /mnt/user/ to root@192.168.2.202:/mnt/user/backups/KILE-NAS1/sync
----------------------------------------------------------------
Rsync completed on Archive at Fri May 22 09:04:27 CDT 2020 with code of 0
----------------------------------------------------------------
Rsync completed on Backups at Fri May 22 09:04:28 CDT 2020 with code of 0
----------------------------------------------------------------
IO error encountered -- skipping file deletion
rsync: readdir("/mnt/user/backups/KILE-NAS1/sync/Downloads/Series/Psych/Season 08"): Structure needs cleaning (117)
rsync: recv_generator: failed to stat "/mnt/user/backups/KILE-NAS1/sync/Downloads/Series/Psych/Season 08/Psych - S08E05 - COG Blocked.nfo": Structure needs cleaning (117)
rsync error: some files/attrs were not transferred (see previous errors) (code 23) at main.c(1189) [sender=3.1.3]
Rsync completed on Downloads at Fri May 22 09:04:30 CDT 2020 with code of 23
----------------------------------------------------------------
Rsync completed on Emulation at Fri May 22 09:04:43 CDT 2020 with code of 0
----------------------------------------------------------------
Rsync completed on Plex at Fri May 22 09:10:38 CDT 2020 with code of 0
----------------------------------------------------------------
Rsync completed on Projects at Fri May 22 09:10:42 CDT 2020 with code of 0
----------------------------------------------------------------
Rsync completed on Transfer at Fri May 22 09:10:42 CDT 2020 with code of 0
----------------------------------------------------------------
Rsync completed on Uploads at Fri May 22 09:10:42 CDT 2020 with code of 0
----------------------------------------------------------------
Rsync completed on YouTube at Fri May 22 09:10:43 CDT 2020 with code of 0
------------------------------done------------------------------
-----------------------------start------------------------------
Fri May 22 10:00:01 CDT 2020 kile-deb2 rsync backup
-----Creating incremental backup of /mnt/user/
to root@192.168.2.202:/mnt/user/backups/KILE-NAS1/2020-05-22.10
-----excluding the following folders:
appdata domains Archive Backups Cache Downloads Emulation Movies Plex Projects system Temporary Transfer Uploads YouTube
----------------------------------------------------------------
Rsync completed at Fri May 22 10:02:07 CDT 2020 with code of 0
du: cannot access '/mnt/disk*/Backups/KILE-NAS1/2020-05-22.09': No such file or directory
du: cannot access '/mnt/disk*/Backups/KILE-NAS1/current': No such file or directory
numfmt: invalid number: ‘’
Snapshot 2020-05-22.10 has total size of:

bash: line 0: [: missing `]'
----------------------------------------------------------------
-----Synchronizing the following folders
Archive Backups Downloads Emulation Plex Projects Transfer Uploads YouTube
-----from /mnt/user/ to root@192.168.2.202:/mnt/user/backups/KILE-NAS1/sync
----------------------------------------------------------------
Rsync completed on Archive at Fri May 22 10:02:56 CDT 2020 with code of 0
----------------------------------------------------------------
Rsync completed on Backups at Fri May 22 10:02:56 CDT 2020 with code of 0
----------------------------------------------------------------
IO error encountered -- skipping file deletion
rsync: readdir("/mnt/user/backups/KILE-NAS1/sync/Downloads/Series/Psych/Season 08"): Structure needs cleaning (117)
rsync: recv_generator: failed to stat "/mnt/user/backups/KILE-NAS1/sync/Downloads/Series/Psych/Season 08/Psych - S08E05 - COG Blocked.nfo": Structure needs cleaning (117)
rsync error: some files/attrs were not transferred (see previous errors) (code 23) at main.c(1189) [sender=3.1.3]
Rsync completed on Downloads at Fri May 22 10:02:58 CDT 2020 with code of 23
----------------------------------------------------------------
Rsync completed on Emulation at Fri May 22 10:03:10 CDT 2020 with code of 0
----------------------------------------------------------------
Rsync completed on Plex at Fri May 22 10:08:54 CDT 2020 with code of 0
----------------------------------------------------------------
Rsync completed on Projects at Fri May 22 10:08:57 CDT 2020 with code of 0
----------------------------------------------------------------
Rsync completed on Transfer at Fri May 22 10:08:57 CDT 2020 with code of 0
----------------------------------------------------------------
Rsync completed on Uploads at Fri May 22 10:08:58 CDT 2020 with code of 0
----------------------------------------------------------------
Rsync completed on YouTube at Fri May 22 10:08:58 CDT 2020 with code of 0
------------------------------done------------------------------
-----------------------------start------------------------------
Fri May 22 11:00:01 CDT 2020 kile-deb2 rsync backup
-----Creating incremental backup of /mnt/user/
to root@192.168.2.202:/mnt/user/backups/KILE-NAS1/2020-05-22.11
-----excluding the following folders:
appdata domains Archive Backups Cache Downloads Emulation Movies Plex Projects system Temporary Transfer Uploads YouTube
----------------------------------------------------------------
Rsync completed at Fri May 22 11:02:58 CDT 2020 with code of 0
du: cannot access '/mnt/disk*/Backups/KILE-NAS1/2020-05-22.10': No such file or directory
du: cannot access '/mnt/disk*/Backups/KILE-NAS1/current': No such file or directory
numfmt: invalid number: ‘’
Snapshot 2020-05-22.11 has total size of:

bash: line 0: [: missing `]'
----------------------------------------------------------------
-----Synchronizing the following folders
Archive Backups Downloads Emulation Plex Projects Transfer Uploads YouTube
-----from /mnt/user/ to root@192.168.2.202:/mnt/user/backups/KILE-NAS1/sync
----------------------------------------------------------------
Rsync completed on Archive at Fri May 22 11:03:47 CDT 2020 with code of 0
----------------------------------------------------------------
Rsync completed on Backups at Fri May 22 11:03:47 CDT 2020 with code of 0
----------------------------------------------------------------
IO error encountered -- skipping file deletion
rsync: readdir("/mnt/user/backups/KILE-NAS1/sync/Downloads/Series/Psych/Season 08"): Structure needs cleaning (117)
rsync: recv_generator: failed to stat "/mnt/user/backups/KILE-NAS1/sync/Downloads/Series/Psych/Season 08/Psych - S08E05 - COG Blocked.nfo": Structure needs cleaning (117)
rsync error: some files/attrs were not transferred (see previous errors) (code 23) at main.c(1189) [sender=3.1.3]
Rsync completed on Downloads at Fri May 22 11:03:49 CDT 2020 with code of 23
----------------------------------------------------------------
Rsync completed on Emulation at Fri May 22 11:04:00 CDT 2020 with code of 0
----------------------------------------------------------------
Rsync completed on Plex at Fri May 22 11:09:47 CDT 2020 with code of 0
----------------------------------------------------------------
Rsync completed on Projects at Fri May 22 11:09:50 CDT 2020 with code of 0
----------------------------------------------------------------
Rsync completed on Transfer at Fri May 22 11:09:51 CDT 2020 with code of 0
----------------------------------------------------------------
Rsync completed on Uploads at Fri May 22 11:09:51 CDT 2020 with code of 0
----------------------------------------------------------------
Rsync completed on YouTube at Fri May 22 11:09:51 CDT 2020 with code of 0
------------------------------done------------------------------
-----------------------------start------------------------------
Fri May 22 12:00:01 CDT 2020 kile-deb2 rsync backup
-----Creating incremental backup of /mnt/user/
to root@192.168.2.202:/mnt/user/backups/KILE-NAS1/2020-05-22.12
-----excluding the following folders:
appdata domains Archive Backups Cache Downloads Emulation Movies Plex Projects system Temporary Transfer Uploads YouTube
----------------------------------------------------------------
Rsync completed at Fri May 22 12:02:47 CDT 2020 with code of 0
du: cannot access '/mnt/disk*/Backups/KILE-NAS1/2020-05-22.11': No such file or directory
du: cannot access '/mnt/disk*/Backups/KILE-NAS1/current': No such file or directory
numfmt: invalid number: ‘’
Snapshot 2020-05-22.12 has total size of:

bash: line 0: [: missing `]'
----------------------------------------------------------------
-----Synchronizing the following folders
Archive Backups Downloads Emulation Plex Projects Transfer Uploads YouTube
-----from /mnt/user/ to root@192.168.2.202:/mnt/user/backups/KILE-NAS1/sync
----------------------------------------------------------------
Rsync completed on Archive at Fri May 22 12:03:39 CDT 2020 with code of 0
----------------------------------------------------------------
Rsync completed on Backups at Fri May 22 12:03:40 CDT 2020 with code of 0
----------------------------------------------------------------
IO error encountered -- skipping file deletion
rsync: readdir("/mnt/user/backups/KILE-NAS1/sync/Downloads/Series/Psych/Season 08"): Structure needs cleaning (117)
rsync: recv_generator: failed to stat "/mnt/user/backups/KILE-NAS1/sync/Downloads/Series/Psych/Season 08/Psych - S08E05 - COG Blocked.nfo": Structure needs cleaning (117)
rsync error: some files/attrs were not transferred (see previous errors) (code 23) at main.c(1189) [sender=3.1.3]
Rsync completed on Downloads at Fri May 22 12:03:42 CDT 2020 with code of 23
----------------------------------------------------------------
Rsync completed on Emulation at Fri May 22 12:03:54 CDT 2020 with code of 0
----------------------------------------------------------------
Rsync completed on Plex at Fri May 22 12:09:41 CDT 2020 with code of 0
----------------------------------------------------------------
Rsync completed on Projects at Fri May 22 12:09:44 CDT 2020 with code of 0
----------------------------------------------------------------
Rsync completed on Transfer at Fri May 22 12:09:45 CDT 2020 with code of 0
----------------------------------------------------------------
Rsync completed on Uploads at Fri May 22 12:09:45 CDT 2020 with code of 0
----------------------------------------------------------------
Rsync completed on YouTube at Fri May 22 12:09:45 CDT 2020 with code of 0
------------------------------done------------------------------
-----------------------------start------------------------------
Fri May 22 13:00:01 CDT 2020 kile-deb2 rsync backup
-----Creating incremental backup of /mnt/user/
to root@192.168.2.202:/mnt/user/backups/KILE-NAS1/2020-05-22.13
-----excluding the following folders:
appdata domains Archive Backups Cache Downloads Emulation Movies Plex Projects system Temporary Transfer Uploads YouTube
----------------------------------------------------------------
Rsync completed at Fri May 22 13:02:27 CDT 2020 with code of 0
du: cannot access '/mnt/disk*/Backups/KILE-NAS1/2020-05-22.12': No such file or directory
du: cannot access '/mnt/disk*/Backups/KILE-NAS1/current': No such file or directory
numfmt: invalid number: ‘’
Snapshot 2020-05-22.13 has total size of:

bash: line 0: [: missing `]'
----------------------------------------------------------------
-----Synchronizing the following folders
Archive Backups Downloads Emulation Plex Projects Transfer Uploads YouTube
-----from /mnt/user/ to root@192.168.2.202:/mnt/user/backups/KILE-NAS1/sync
----------------------------------------------------------------
Rsync completed on Archive at Fri May 22 13:03:17 CDT 2020 with code of 0
----------------------------------------------------------------
Rsync completed on Backups at Fri May 22 13:03:17 CDT 2020 with code of 0
----------------------------------------------------------------
IO error encountered -- skipping file deletion
rsync: readdir("/mnt/user/backups/KILE-NAS1/sync/Downloads/Series/Psych/Season 08"): Structure needs cleaning (117)
rsync: recv_generator: failed to stat "/mnt/user/backups/KILE-NAS1/sync/Downloads/Series/Psych/Season 08/Psych - S08E05 - COG Blocked.nfo": Structure needs cleaning (117)
rsync error: some files/attrs were not transferred (see previous errors) (code 23) at main.c(1189) [sender=3.1.3]
Rsync completed on Downloads at Fri May 22 13:03:19 CDT 2020 with code of 23
----------------------------------------------------------------
Rsync completed on Emulation at Fri May 22 13:03:32 CDT 2020 with code of 0
----------------------------------------------------------------
Rsync completed on Plex at Fri May 22 13:09:46 CDT 2020 with code of 0
----------------------------------------------------------------
Rsync completed on Projects at Fri May 22 13:09:49 CDT 2020 with code of 0
----------------------------------------------------------------
Rsync completed on Transfer at Fri May 22 13:09:49 CDT 2020 with code of 0
----------------------------------------------------------------
Rsync completed on Uploads at Fri May 22 13:09:50 CDT 2020 with code of 0
----------------------------------------------------------------
Rsync completed on YouTube at Fri May 22 13:09:50 CDT 2020 with code of 0
------------------------------done------------------------------
-----------------------------start------------------------------
Fri May 22 14:00:01 CDT 2020 kile-deb2 rsync backup
-----Creating incremental backup of /mnt/user/
to root@192.168.2.202:/mnt/user/backups/KILE-NAS1/2020-05-22.14
-----excluding the following folders:
appdata domains Archive Backups Cache Downloads Emulation Movies Plex Projects system Temporary Transfer Uploads YouTube
----------------------------------------------------------------
Rsync completed at Fri May 22 14:02:21 CDT 2020 with code of 0
du: cannot access '/mnt/disk*/Backups/KILE-NAS1/2020-05-22.13': No such file or directory
du: cannot access '/mnt/disk*/Backups/KILE-NAS1/current': No such file or directory
numfmt: invalid number: ‘’
Snapshot 2020-05-22.14 has total size of:

bash: line 0: [: missing `]'
----------------------------------------------------------------
-----Synchronizing the following folders
Archive Backups Downloads Emulation Plex Projects Transfer Uploads YouTube
-----from /mnt/user/ to root@192.168.2.202:/mnt/user/backups/KILE-NAS1/sync
----------------------------------------------------------------
Rsync completed on Archive at Fri May 22 14:03:12 CDT 2020 with code of 0
----------------------------------------------------------------
Rsync completed on Backups at Fri May 22 14:03:12 CDT 2020 with code of 0
----------------------------------------------------------------
IO error encountered -- skipping file deletion
rsync: readdir("/mnt/user/backups/KILE-NAS1/sync/Downloads/Series/Psych/Season 08"): Structure needs cleaning (117)
rsync: recv_generator: failed to stat "/mnt/user/backups/KILE-NAS1/sync/Downloads/Series/Psych/Season 08/Psych - S08E05 - COG Blocked.nfo": Structure needs cleaning (117)
rsync error: some files/attrs were not transferred (see previous errors) (code 23) at main.c(1189) [sender=3.1.3]
Rsync completed on Downloads at Fri May 22 14:03:15 CDT 2020 with code of 23
----------------------------------------------------------------
Rsync completed on Emulation at Fri May 22 14:03:27 CDT 2020 with code of 0
----------------------------------------------------------------
Rsync completed on Plex at Fri May 22 14:09:24 CDT 2020 with code of 0
----------------------------------------------------------------
Rsync completed on Projects at Fri May 22 14:09:27 CDT 2020 with code of 0
----------------------------------------------------------------
Rsync completed on Transfer at Fri May 22 14:09:27 CDT 2020 with code of 0
----------------------------------------------------------------
Rsync completed on Uploads at Fri May 22 14:09:28 CDT 2020 with code of 0
----------------------------------------------------------------
Rsync completed on YouTube at Fri May 22 14:09:28 CDT 2020 with code of 0
------------------------------done------------------------------
-----------------------------start------------------------------
Fri May 22 15:00:01 CDT 2020 kile-deb2 rsync backup
-----Creating incremental backup of /mnt/user/
to root@192.168.2.202:/mnt/user/backups/KILE-NAS1/2020-05-22.15
-----excluding the following folders:
appdata domains Archive Backups Cache Downloads Emulation Movies Plex Projects system Temporary Transfer Uploads YouTube
----------------------------------------------------------------
Rsync completed at Fri May 22 15:02:19 CDT 2020 with code of 0
du: cannot access '/mnt/disk*/Backups/KILE-NAS1/2020-05-22.14': No such file or directory
du: cannot access '/mnt/disk*/Backups/KILE-NAS1/current': No such file or directory
numfmt: invalid number: ‘’
Snapshot 2020-05-22.15 has total size of:

bash: line 0: [: missing `]'
----------------------------------------------------------------
-----Synchronizing the following folders
Archive Backups Downloads Emulation Plex Projects Transfer Uploads YouTube
-----from /mnt/user/ to root@192.168.2.202:/mnt/user/backups/KILE-NAS1/sync
----------------------------------------------------------------
Rsync completed on Archive at Fri May 22 15:03:13 CDT 2020 with code of 0
----------------------------------------------------------------
Rsync completed on Backups at Fri May 22 15:03:13 CDT 2020 with code of 0
----------------------------------------------------------------
IO error encountered -- skipping file deletion
rsync: readdir("/mnt/user/backups/KILE-NAS1/sync/Downloads/Series/Psych/Season 08"): Structure needs cleaning (117)
rsync: recv_generator: failed to stat "/mnt/user/backups/KILE-NAS1/sync/Downloads/Series/Psych/Season 08/Psych - S08E05 - COG Blocked.nfo": Structure needs cleaning (117)
rsync error: some files/attrs were not transferred (see previous errors) (code 23) at main.c(1189) [sender=3.1.3]
Rsync completed on Downloads at Fri May 22 15:03:16 CDT 2020 with code of 23
----------------------------------------------------------------
Rsync completed on Emulation at Fri May 22 15:03:29 CDT 2020 with code of 0
----------------------------------------------------------------
Rsync completed on Plex at Fri May 22 15:09:18 CDT 2020 with code of 0
----------------------------------------------------------------
Rsync completed on Projects at Fri May 22 15:09:21 CDT 2020 with code of 0
----------------------------------------------------------------
Rsync completed on Transfer at Fri May 22 15:09:22 CDT 2020 with code of 0
----------------------------------------------------------------
Rsync completed on Uploads at Fri May 22 15:09:22 CDT 2020 with code of 0
----------------------------------------------------------------
Rsync completed on YouTube at Fri May 22 15:09:22 CDT 2020 with code of 0
------------------------------done------------------------------
-----------------------------start------------------------------
Fri May 22 16:00:01 CDT 2020 kile-deb2 rsync backup
-----Creating incremental backup of /mnt/user/
to root@192.168.2.202:/mnt/user/backups/KILE-NAS1/2020-05-22.16
-----excluding the following folders:
appdata domains Archive Backups Cache Downloads Emulation Movies Plex Projects system Temporary Transfer Uploads YouTube
----------------------------------------------------------------
Rsync completed at Fri May 22 16:02:20 CDT 2020 with code of 0
du: cannot access '/mnt/disk*/Backups/KILE-NAS1/2020-05-22.15': No such file or directory
du: cannot access '/mnt/disk*/Backups/KILE-NAS1/current': No such file or directory
numfmt: invalid number: ‘’
Snapshot 2020-05-22.16 has total size of:

bash: line 0: [: missing `]'
----------------------------------------------------------------
-----Synchronizing the following folders
Archive Backups Downloads Emulation Plex Projects Transfer Uploads YouTube
-----from /mnt/user/ to root@192.168.2.202:/mnt/user/backups/KILE-NAS1/sync
----------------------------------------------------------------
Rsync completed on Archive at Fri May 22 16:03:10 CDT 2020 with code of 0
----------------------------------------------------------------
Rsync completed on Backups at Fri May 22 16:03:10 CDT 2020 with code of 0
----------------------------------------------------------------
IO error encountered -- skipping file deletion
rsync: readdir("/mnt/user/backups/KILE-NAS1/sync/Downloads/Series/Psych/Season 08"): Structure needs cleaning (117)
rsync: recv_generator: failed to stat "/mnt/user/backups/KILE-NAS1/sync/Downloads/Series/Psych/Season 08/Psych - S08E05 - COG Blocked.nfo": Structure needs cleaning (117)
rsync error: some files/attrs were not transferred (see previous errors) (code 23) at main.c(1189) [sender=3.1.3]
Rsync completed on Downloads at Fri May 22 16:03:12 CDT 2020 with code of 23
----------------------------------------------------------------
Rsync completed on Emulation at Fri May 22 16:03:24 CDT 2020 with code of 0
----------------------------------------------------------------
Rsync completed on Plex at Fri May 22 16:09:22 CDT 2020 with code of 0
----------------------------------------------------------------
Rsync completed on Projects at Fri May 22 16:09:25 CDT 2020 with code of 0
----------------------------------------------------------------
Rsync completed on Transfer at Fri May 22 16:09:25 CDT 2020 with code of 0
----------------------------------------------------------------
Rsync completed on Uploads at Fri May 22 16:09:26 CDT 2020 with code of 0
----------------------------------------------------------------
Rsync completed on YouTube at Fri May 22 16:09:26 CDT 2020 with code of 0
------------------------------done------------------------------
-----------------------------start------------------------------
Fri May 22 17:00:01 CDT 2020 kile-deb2 rsync backup
-----Creating incremental backup of /mnt/user/
to root@192.168.2.202:/mnt/user/backups/KILE-NAS1/2020-05-22.17
-----excluding the following folders:
appdata domains Archive Backups Cache Downloads Emulation Movies Plex Projects system Temporary Transfer Uploads YouTube
----------------------------------------------------------------
Rsync completed at Fri May 22 17:02:08 CDT 2020 with code of 0
du: cannot access '/mnt/disk*/Backups/KILE-NAS1/2020-05-22.16': No such file or directory
du: cannot access '/mnt/disk*/Backups/KILE-NAS1/current': No such file or directory
numfmt: invalid number: ‘’
Snapshot 2020-05-22.17 has total size of:

bash: line 0: [: missing `]'
----------------------------------------------------------------
-----Synchronizing the following folders
Archive Backups Downloads Emulation Plex Projects Transfer Uploads YouTube
-----from /mnt/user/ to root@192.168.2.202:/mnt/user/backups/KILE-NAS1/sync
----------------------------------------------------------------
Rsync completed on Archive at Fri May 22 17:02:58 CDT 2020 with code of 0
----------------------------------------------------------------
Rsync completed on Backups at Fri May 22 17:02:58 CDT 2020 with code of 0
----------------------------------------------------------------
IO error encountered -- skipping file deletion
rsync: readdir("/mnt/user/backups/KILE-NAS1/sync/Downloads/Series/Psych/Season 08"): Structure needs cleaning (117)
rsync: recv_generator: failed to stat "/mnt/user/backups/KILE-NAS1/sync/Downloads/Series/Psych/Season 08/Psych - S08E05 - COG Blocked.nfo": Structure needs cleaning (117)
rsync error: some files/attrs were not transferred (see previous errors) (code 23) at main.c(1189) [sender=3.1.3]
Rsync completed on Downloads at Fri May 22 17:03:01 CDT 2020 with code of 23
----------------------------------------------------------------
Rsync completed on Emulation at Fri May 22 17:03:13 CDT 2020 with code of 0
----------------------------------------------------------------
Rsync completed on Plex at Fri May 22 17:09:02 CDT 2020 with code of 0
----------------------------------------------------------------
Rsync completed on Projects at Fri May 22 17:09:05 CDT 2020 with code of 0
----------------------------------------------------------------
Rsync completed on Transfer at Fri May 22 17:09:06 CDT 2020 with code of 0
----------------------------------------------------------------
Rsync completed on Uploads at Fri May 22 17:09:06 CDT 2020 with code of 0
----------------------------------------------------------------
Rsync completed on YouTube at Fri May 22 17:09:07 CDT 2020 with code of 0
------------------------------done------------------------------
-----------------------------start------------------------------
Fri May 22 18:00:01 CDT 2020 kile-deb2 rsync backup
-----Creating incremental backup of /mnt/user/
to root@192.168.2.202:/mnt/user/backups/KILE-NAS1/2020-05-22.18
-----excluding the following folders:
appdata domains Archive Backups Cache Downloads Emulation Movies Plex Projects system Temporary Transfer Uploads YouTube
----------------------------------------------------------------
Rsync completed at Fri May 22 18:02:06 CDT 2020 with code of 0
du: cannot access '/mnt/disk*/Backups/KILE-NAS1/2020-05-22.17': No such file or directory
du: cannot access '/mnt/disk*/Backups/KILE-NAS1/current': No such file or directory
numfmt: invalid number: ‘’
Snapshot 2020-05-22.18 has total size of:

bash: line 0: [: missing `]'
----------------------------------------------------------------
-----Synchronizing the following folders
Archive Backups Downloads Emulation Plex Projects Transfer Uploads YouTube
-----from /mnt/user/ to root@192.168.2.202:/mnt/user/backups/KILE-NAS1/sync
----------------------------------------------------------------
Rsync completed on Archive at Fri May 22 18:02:55 CDT 2020 with code of 0
----------------------------------------------------------------
Rsync completed on Backups at Fri May 22 18:02:56 CDT 2020 with code of 0
----------------------------------------------------------------
IO error encountered -- skipping file deletion
rsync: readdir("/mnt/user/backups/KILE-NAS1/sync/Downloads/Series/Psych/Season 08"): Structure needs cleaning (117)
rsync: recv_generator: failed to stat "/mnt/user/backups/KILE-NAS1/sync/Downloads/Series/Psych/Season 08/Psych - S08E05 - COG Blocked.nfo": Structure needs cleaning (117)
rsync error: some files/attrs were not transferred (see previous errors) (code 23) at main.c(1189) [sender=3.1.3]
Rsync completed on Downloads at Fri May 22 18:02:58 CDT 2020 with code of 23
----------------------------------------------------------------
Rsync completed on Emulation at Fri May 22 18:03:11 CDT 2020 with code of 0
----------------------------------------------------------------
Rsync completed on Plex at Fri May 22 18:09:05 CDT 2020 with code of 0
----------------------------------------------------------------
Rsync completed on Projects at Fri May 22 18:09:08 CDT 2020 with code of 0
----------------------------------------------------------------
Rsync completed on Transfer at Fri May 22 18:09:08 CDT 2020 with code of 0
----------------------------------------------------------------
Rsync completed on Uploads at Fri May 22 18:09:09 CDT 2020 with code of 0
----------------------------------------------------------------
Rsync completed on YouTube at Fri May 22 18:09:09 CDT 2020 with code of 0
------------------------------done------------------------------
-----------------------------start------------------------------
Fri May 22 19:00:01 CDT 2020 kile-deb2 rsync backup
-----Creating incremental backup of /mnt/user/
to root@192.168.2.202:/mnt/user/backups/KILE-NAS1/2020-05-22.19
-----excluding the following folders:
appdata domains Archive Backups Cache Downloads Emulation Movies Plex Projects system Temporary Transfer Uploads YouTube
----------------------------------------------------------------
Rsync completed at Fri May 22 19:02:57 CDT 2020 with code of 0
du: cannot access '/mnt/disk*/Backups/KILE-NAS1/2020-05-22.18': No such file or directory
du: cannot access '/mnt/disk*/Backups/KILE-NAS1/current': No such file or directory
numfmt: invalid number: ‘’
Snapshot 2020-05-22.19 has total size of:

bash: line 0: [: missing `]'
----------------------------------------------------------------
-----Synchronizing the following folders
Archive Backups Downloads Emulation Plex Projects Transfer Uploads YouTube
-----from /mnt/user/ to root@192.168.2.202:/mnt/user/backups/KILE-NAS1/sync
----------------------------------------------------------------
Rsync completed on Archive at Fri May 22 19:03:48 CDT 2020 with code of 0
----------------------------------------------------------------
Rsync completed on Backups at Fri May 22 19:03:48 CDT 2020 with code of 0
----------------------------------------------------------------
IO error encountered -- skipping file deletion
rsync: readdir("/mnt/user/backups/KILE-NAS1/sync/Downloads/Series/Psych/Season 08"): Structure needs cleaning (117)
rsync: recv_generator: failed to stat "/mnt/user/backups/KILE-NAS1/sync/Downloads/Series/Psych/Season 08/Psych - S08E05 - COG Blocked.nfo": Structure needs cleaning (117)
rsync error: some files/attrs were not transferred (see previous errors) (code 23) at main.c(1189) [sender=3.1.3]
Rsync completed on Downloads at Fri May 22 19:03:51 CDT 2020 with code of 23
----------------------------------------------------------------
Rsync completed on Emulation at Fri May 22 19:04:03 CDT 2020 with code of 0
----------------------------------------------------------------
Rsync completed on Plex at Fri May 22 19:10:02 CDT 2020 with code of 0
----------------------------------------------------------------
Rsync completed on Projects at Fri May 22 19:10:05 CDT 2020 with code of 0
----------------------------------------------------------------
Rsync completed on Transfer at Fri May 22 19:10:05 CDT 2020 with code of 0
----------------------------------------------------------------
Rsync completed on Uploads at Fri May 22 19:10:06 CDT 2020 with code of 0
----------------------------------------------------------------
Rsync completed on YouTube at Fri May 22 19:10:06 CDT 2020 with code of 0
------------------------------done------------------------------
-----------------------------start------------------------------
Fri May 22 23:00:01 CDT 2020 kile-deb2 rsync backup
-----Creating incremental backup of /mnt/user/
to root@192.168.2.202:/mnt/user/backups/KILE-NAS1/2020-05-22.23
-----excluding the following folders:
appdata domains Archive Backups Cache Downloads Emulation Movies Plex Projects system Temporary Transfer Uploads YouTube
----------------------------------------------------------------
Rsync completed at Fri May 22 23:02:56 CDT 2020 with code of 0
du: cannot access '/mnt/disk*/Backups/KILE-NAS1/2020-05-22.19': No such file or directory
du: cannot access '/mnt/disk*/Backups/KILE-NAS1/current': No such file or directory
numfmt: invalid number: ‘’
Snapshot 2020-05-22.23 has total size of:

bash: line 0: [: missing `]'
----------------------------------------------------------------
-----Synchronizing the following folders
Archive Backups Downloads Emulation Plex Projects Transfer Uploads YouTube
-----from /mnt/user/ to root@192.168.2.202:/mnt/user/backups/KILE-NAS1/sync
----------------------------------------------------------------
Rsync completed on Archive at Fri May 22 23:04:06 CDT 2020 with code of 0
----------------------------------------------------------------
Rsync completed on Backups at Fri May 22 23:04:07 CDT 2020 with code of 0
----------------------------------------------------------------
IO error encountered -- skipping file deletion
rsync: readdir("/mnt/user/backups/KILE-NAS1/sync/Downloads/Series/Psych/Season 08"): Structure needs cleaning (117)
rsync: recv_generator: failed to stat "/mnt/user/backups/KILE-NAS1/sync/Downloads/Series/Psych/Season 08/Psych - S08E05 - COG Blocked.nfo": Structure needs cleaning (117)
rsync error: some files/attrs were not transferred (see previous errors) (code 23) at main.c(1189) [sender=3.1.3]
Rsync completed on Downloads at Fri May 22 23:04:09 CDT 2020 with code of 23
----------------------------------------------------------------
Rsync completed on Emulation at Fri May 22 23:04:25 CDT 2020 with code of 0
----------------------------------------------------------------
Rsync completed on Plex at Fri May 22 23:11:08 CDT 2020 with code of 0
----------------------------------------------------------------
Rsync completed on Projects at Fri May 22 23:11:13 CDT 2020 with code of 0
----------------------------------------------------------------
Rsync completed on Transfer at Fri May 22 23:11:14 CDT 2020 with code of 0
----------------------------------------------------------------
Rsync completed on Uploads at Fri May 22 23:11:14 CDT 2020 with code of 0
----------------------------------------------------------------
Rsync completed on YouTube at Fri May 22 23:11:15 CDT 2020 with code of 0
------------------------------done------------------------------
