-----------------------------start------------------------------
Sat May 30 00:00:02 CDT 2020 kile-deb2 rsync cleanup
----------------------------------------------------------------
Beginning rsync hourly cleanup at Sat May 30 00:00:02 CDT 2020
90
Checking for /mnt/user/Backups/KILE-NAS1/2020-02-29
89
Checking for /mnt/user/Backups/KILE-NAS1/2020-03-01
88
Checking for /mnt/user/Backups/KILE-NAS1/2020-03-02
87
Checking for /mnt/user/Backups/KILE-NAS1/2020-03-03
86
Checking for /mnt/user/Backups/KILE-NAS1/2020-03-04
85
Checking for /mnt/user/Backups/KILE-NAS1/2020-03-05
84
Checking for /mnt/user/Backups/KILE-NAS1/2020-03-06
83
Checking for /mnt/user/Backups/KILE-NAS1/2020-03-07
82
Checking for /mnt/user/Backups/KILE-NAS1/2020-03-09
81
Checking for /mnt/user/Backups/KILE-NAS1/2020-03-10
80
Checking for /mnt/user/Backups/KILE-NAS1/2020-03-11
79
Checking for /mnt/user/Backups/KILE-NAS1/2020-03-12
78
Checking for /mnt/user/Backups/KILE-NAS1/2020-03-13
77
Checking for /mnt/user/Backups/KILE-NAS1/2020-03-14
76
Checking for /mnt/user/Backups/KILE-NAS1/2020-03-15
75
Checking for /mnt/user/Backups/KILE-NAS1/2020-03-16
74
Checking for /mnt/user/Backups/KILE-NAS1/2020-03-17
73
Checking for /mnt/user/Backups/KILE-NAS1/2020-03-18
72
Checking for /mnt/user/Backups/KILE-NAS1/2020-03-19
71
Checking for /mnt/user/Backups/KILE-NAS1/2020-03-20
70
Checking for /mnt/user/Backups/KILE-NAS1/2020-03-21
69
Checking for /mnt/user/Backups/KILE-NAS1/2020-03-22
68
Checking for /mnt/user/Backups/KILE-NAS1/2020-03-23
67
Checking for /mnt/user/Backups/KILE-NAS1/2020-03-24
66
Checking for /mnt/user/Backups/KILE-NAS1/2020-03-25
65
Checking for /mnt/user/Backups/KILE-NAS1/2020-03-26
64
Checking for /mnt/user/Backups/KILE-NAS1/2020-03-27
63
Checking for /mnt/user/Backups/KILE-NAS1/2020-03-28
62
Checking for /mnt/user/Backups/KILE-NAS1/2020-03-29
61
Checking for /mnt/user/Backups/KILE-NAS1/2020-03-30
60
Checking for /mnt/user/Backups/KILE-NAS1/2020-03-31
59
Checking for /mnt/user/Backups/KILE-NAS1/2020-04-01
58
Checking for /mnt/user/Backups/KILE-NAS1/2020-04-02
57
Checking for /mnt/user/Backups/KILE-NAS1/2020-04-03
56
Checking for /mnt/user/Backups/KILE-NAS1/2020-04-04
55
Checking for /mnt/user/Backups/KILE-NAS1/2020-04-05
54
Checking for /mnt/user/Backups/KILE-NAS1/2020-04-06
53
Checking for /mnt/user/Backups/KILE-NAS1/2020-04-07
52
Checking for /mnt/user/Backups/KILE-NAS1/2020-04-08
51
Checking for /mnt/user/Backups/KILE-NAS1/2020-04-09
50
Checking for /mnt/user/Backups/KILE-NAS1/2020-04-10
49
Checking for /mnt/user/Backups/KILE-NAS1/2020-04-11
48
Checking for /mnt/user/Backups/KILE-NAS1/2020-04-12
47
Checking for /mnt/user/Backups/KILE-NAS1/2020-04-13
46
Checking for /mnt/user/Backups/KILE-NAS1/2020-04-14
45
Checking for /mnt/user/Backups/KILE-NAS1/2020-04-15
44
Checking for /mnt/user/Backups/KILE-NAS1/2020-04-16
43
Checking for /mnt/user/Backups/KILE-NAS1/2020-04-17
42
Checking for /mnt/user/Backups/KILE-NAS1/2020-04-18
41
Checking for /mnt/user/Backups/KILE-NAS1/2020-04-19
40
Checking for /mnt/user/Backups/KILE-NAS1/2020-04-20
39
Checking for /mnt/user/Backups/KILE-NAS1/2020-04-21
38
Checking for /mnt/user/Backups/KILE-NAS1/2020-04-22
37
Checking for /mnt/user/Backups/KILE-NAS1/2020-04-23
36
Checking for /mnt/user/Backups/KILE-NAS1/2020-04-24
35
Checking for /mnt/user/Backups/KILE-NAS1/2020-04-25
34
Checking for /mnt/user/Backups/KILE-NAS1/2020-04-26
33
Checking for /mnt/user/Backups/KILE-NAS1/2020-04-27
32
Checking for /mnt/user/Backups/KILE-NAS1/2020-04-28
31
Checking for /mnt/user/Backups/KILE-NAS1/2020-04-29
30
Checking for /mnt/user/Backups/KILE-NAS1/2020-04-30
29
Checking for /mnt/user/Backups/KILE-NAS1/2020-05-01
28
Checking for /mnt/user/Backups/KILE-NAS1/2020-05-02
27
Checking for /mnt/user/Backups/KILE-NAS1/2020-05-03
26
Checking for /mnt/user/Backups/KILE-NAS1/2020-05-04
25
Checking for /mnt/user/Backups/KILE-NAS1/2020-05-05
24
Checking for /mnt/user/Backups/KILE-NAS1/2020-05-06
23
Checking for /mnt/user/Backups/KILE-NAS1/2020-05-07
22
Checking for /mnt/user/Backups/KILE-NAS1/2020-05-08
21
Checking for /mnt/user/Backups/KILE-NAS1/2020-05-09
20
Checking for /mnt/user/Backups/KILE-NAS1/2020-05-10
19
Checking for /mnt/user/Backups/KILE-NAS1/2020-05-11
18
Checking for /mnt/user/Backups/KILE-NAS1/2020-05-12
17
Checking for /mnt/user/Backups/KILE-NAS1/2020-05-13
16
Checking for /mnt/user/Backups/KILE-NAS1/2020-05-14
15
Checking for /mnt/user/Backups/KILE-NAS1/2020-05-15
14
Checking for /mnt/user/Backups/KILE-NAS1/2020-05-16
13
Checking for /mnt/user/Backups/KILE-NAS1/2020-05-17
12
Checking for /mnt/user/Backups/KILE-NAS1/2020-05-18
11
Checking for /mnt/user/Backups/KILE-NAS1/2020-05-19
10
Checking for /mnt/user/Backups/KILE-NAS1/2020-05-20
9
Checking for /mnt/user/Backups/KILE-NAS1/2020-05-21
8
Checking for /mnt/user/Backups/KILE-NAS1/2020-05-22
7
Checking for /mnt/user/Backups/KILE-NAS1/2020-05-23
6
Checking for /mnt/user/Backups/KILE-NAS1/2020-05-24
5
Checking for /mnt/user/Backups/KILE-NAS1/2020-05-25
4
Checking for /mnt/user/Backups/KILE-NAS1/2020-05-26
3
Checking for /mnt/user/Backups/KILE-NAS1/2020-05-27
----------------------------------------------------------------
Beginning rsync daily cleanup at Sat May 30 00:00:18 CDT 2020
----------------------------------------------------------------
Beginning rsync monthly cleanup at Sat May 30 00:01:05 CDT 2020
------------------------------done------------------------------
