-----------------------------start------------------------------
Wed May 13 02:00:21 CDT 2020 kile-deb2 rsync backup
-----Creating incremental backup of /mnt/user/
to root@192.168.2.202:/mnt/user/backups/KILE-NAS1/2020-05-13.02
-----excluding the following folders:
appdata domains Archive Backups Cache Downloads Emulation Movies Plex Projects system Temporary Transfer Uploads YouTube
----------------------------------------------------------------
Rsync completed at Wed May 13 02:03:27 CDT 2020 with code of 0
du: cannot access '/mnt/disk*/Backups/KILE-NAS1/2020-05-12.23': No such file or directory
du: cannot access '/mnt/disk*/Backups/KILE-NAS1/current': No such file or directory
numfmt: invalid number: ‘’
Snapshot 2020-05-13.02 has total size of:

bash: line 0: [: missing `]'
----------------------------------------------------------------
-----Synchronizing the following folders
Archive Backups Downloads Emulation Plex Projects Transfer Uploads YouTube
-----from /mnt/user/ to root@192.168.2.202:/mnt/user/backups/KILE-NAS1/sync
----------------------------------------------------------------
Rsync completed on Archive at Wed May 13 02:04:41 CDT 2020 with code of 0
----------------------------------------------------------------
Rsync completed on Backups at Wed May 13 02:35:06 CDT 2020 with code of 0
----------------------------------------------------------------
Rsync completed on Downloads at Wed May 13 02:38:48 CDT 2020 with code of 0
----------------------------------------------------------------
Rsync completed on Emulation at Wed May 13 02:39:04 CDT 2020 with code of 0
----------------------------------------------------------------
Rsync completed on Plex at Wed May 13 02:46:35 CDT 2020 with code of 0
----------------------------------------------------------------
Rsync completed on Projects at Wed May 13 02:46:41 CDT 2020 with code of 0
----------------------------------------------------------------
Rsync completed on Transfer at Wed May 13 02:46:43 CDT 2020 with code of 0
----------------------------------------------------------------
Rsync completed on Uploads at Wed May 13 02:46:44 CDT 2020 with code of 0
----------------------------------------------------------------
Rsync completed on YouTube at Wed May 13 02:46:45 CDT 2020 with code of 0
------------------------------done------------------------------
-----------------------------start------------------------------
Wed May 13 07:00:11 CDT 2020 kile-deb2 rsync backup
-----Creating incremental backup of /mnt/user/
to root@192.168.2.202:/mnt/user/backups/KILE-NAS1/2020-05-13.07
-----excluding the following folders:
appdata domains Archive Backups Cache Downloads Emulation Movies Plex Projects system Temporary Transfer Uploads YouTube
----------------------------------------------------------------
Rsync completed at Wed May 13 07:04:39 CDT 2020 with code of 0
du: cannot access '/mnt/disk*/Backups/KILE-NAS1/2020-05-13.02': No such file or directory
du: cannot access '/mnt/disk*/Backups/KILE-NAS1/current': No such file or directory
numfmt: invalid number: ‘’
Snapshot 2020-05-13.07 has total size of:

bash: line 0: [: missing `]'
----------------------------------------------------------------
-----Synchronizing the following folders
Archive Backups Downloads Emulation Plex Projects Transfer Uploads YouTube
-----from /mnt/user/ to root@192.168.2.202:/mnt/user/backups/KILE-NAS1/sync
----------------------------------------------------------------
Rsync completed on Archive at Wed May 13 07:06:12 CDT 2020 with code of 0
----------------------------------------------------------------
Rsync completed on Backups at Wed May 13 07:06:13 CDT 2020 with code of 0
----------------------------------------------------------------
Rsync completed on Downloads at Wed May 13 07:06:17 CDT 2020 with code of 0
----------------------------------------------------------------
Rsync completed on Emulation at Wed May 13 07:06:31 CDT 2020 with code of 0
----------------------------------------------------------------
Rsync completed on Plex at Wed May 13 07:12:58 CDT 2020 with code of 0
----------------------------------------------------------------
Rsync completed on Projects at Wed May 13 07:13:03 CDT 2020 with code of 0
----------------------------------------------------------------
Rsync completed on Transfer at Wed May 13 07:13:03 CDT 2020 with code of 0
----------------------------------------------------------------
Rsync completed on Uploads at Wed May 13 07:13:03 CDT 2020 with code of 0
----------------------------------------------------------------
Rsync completed on YouTube at Wed May 13 07:13:04 CDT 2020 with code of 0
------------------------------done------------------------------
-----------------------------start------------------------------
Wed May 13 09:00:01 CDT 2020 kile-deb2 rsync backup
-----Creating incremental backup of /mnt/user/
to root@192.168.2.202:/mnt/user/backups/KILE-NAS1/2020-05-13.09
-----excluding the following folders:
appdata domains Archive Backups Cache Downloads Emulation Movies Plex Projects system Temporary Transfer Uploads YouTube
----------------------------------------------------------------
Rsync completed at Wed May 13 09:02:37 CDT 2020 with code of 0
du: cannot access '/mnt/disk*/Backups/KILE-NAS1/2020-05-13.07': No such file or directory
du: cannot access '/mnt/disk*/Backups/KILE-NAS1/current': No such file or directory
numfmt: invalid number: ‘’
Snapshot 2020-05-13.09 has total size of:

bash: line 0: [: missing `]'
----------------------------------------------------------------
-----Synchronizing the following folders
Archive Backups Downloads Emulation Plex Projects Transfer Uploads YouTube
-----from /mnt/user/ to root@192.168.2.202:/mnt/user/backups/KILE-NAS1/sync
----------------------------------------------------------------
Rsync completed on Archive at Wed May 13 09:03:25 CDT 2020 with code of 0
----------------------------------------------------------------
Rsync completed on Backups at Wed May 13 09:03:25 CDT 2020 with code of 0
----------------------------------------------------------------
Rsync completed on Downloads at Wed May 13 09:03:28 CDT 2020 with code of 0
----------------------------------------------------------------
Rsync completed on Emulation at Wed May 13 09:03:40 CDT 2020 with code of 0
----------------------------------------------------------------
Rsync completed on Plex at Wed May 13 09:09:20 CDT 2020 with code of 0
----------------------------------------------------------------
Rsync completed on Projects at Wed May 13 09:09:23 CDT 2020 with code of 0
----------------------------------------------------------------
Rsync completed on Transfer at Wed May 13 09:09:23 CDT 2020 with code of 0
----------------------------------------------------------------
Rsync completed on Uploads at Wed May 13 09:09:24 CDT 2020 with code of 0
----------------------------------------------------------------
Rsync completed on YouTube at Wed May 13 09:09:24 CDT 2020 with code of 0
------------------------------done------------------------------
-----------------------------start------------------------------
Wed May 13 10:00:02 CDT 2020 kile-deb2 rsync backup
-----Creating incremental backup of /mnt/user/
to root@192.168.2.202:/mnt/user/backups/KILE-NAS1/2020-05-13.10
-----excluding the following folders:
appdata domains Archive Backups Cache Downloads Emulation Movies Plex Projects system Temporary Transfer Uploads YouTube
----------------------------------------------------------------
Rsync completed at Wed May 13 10:03:07 CDT 2020 with code of 0
du: cannot access '/mnt/disk*/Backups/KILE-NAS1/2020-05-13.09': No such file or directory
du: cannot access '/mnt/disk*/Backups/KILE-NAS1/current': No such file or directory
numfmt: invalid number: ‘’
Snapshot 2020-05-13.10 has total size of:

bash: line 0: [: missing `]'
----------------------------------------------------------------
-----Synchronizing the following folders
Archive Backups Downloads Emulation Plex Projects Transfer Uploads YouTube
-----from /mnt/user/ to root@192.168.2.202:/mnt/user/backups/KILE-NAS1/sync
----------------------------------------------------------------
Rsync completed on Archive at Wed May 13 10:04:17 CDT 2020 with code of 0
----------------------------------------------------------------
Rsync completed on Backups at Wed May 13 10:04:17 CDT 2020 with code of 0
----------------------------------------------------------------
Rsync completed on Downloads at Wed May 13 10:07:49 CDT 2020 with code of 0
----------------------------------------------------------------
Rsync completed on Emulation at Wed May 13 10:08:04 CDT 2020 with code of 0
----------------------------------------------------------------
Rsync completed on Plex at Wed May 13 10:15:00 CDT 2020 with code of 0
----------------------------------------------------------------
Rsync completed on Projects at Wed May 13 10:15:05 CDT 2020 with code of 0
----------------------------------------------------------------
Rsync completed on Transfer at Wed May 13 10:15:05 CDT 2020 with code of 0
----------------------------------------------------------------
Rsync completed on Uploads at Wed May 13 10:15:06 CDT 2020 with code of 0
----------------------------------------------------------------
Rsync completed on YouTube at Wed May 13 10:15:06 CDT 2020 with code of 0
------------------------------done------------------------------
-----------------------------start------------------------------
Wed May 13 11:00:02 CDT 2020 kile-deb2 rsync backup
-----Creating incremental backup of /mnt/user/
to root@192.168.2.202:/mnt/user/backups/KILE-NAS1/2020-05-13.11
-----excluding the following folders:
appdata domains Archive Backups Cache Downloads Emulation Movies Plex Projects system Temporary Transfer Uploads YouTube
----------------------------------------------------------------
Rsync completed at Wed May 13 11:03:59 CDT 2020 with code of 0
du: cannot access '/mnt/disk*/Backups/KILE-NAS1/2020-05-13.10': No such file or directory
du: cannot access '/mnt/disk*/Backups/KILE-NAS1/current': No such file or directory
numfmt: invalid number: ‘’
Snapshot 2020-05-13.11 has total size of:

bash: line 0: [: missing `]'
----------------------------------------------------------------
-----Synchronizing the following folders
Archive Backups Downloads Emulation Plex Projects Transfer Uploads YouTube
-----from /mnt/user/ to root@192.168.2.202:/mnt/user/backups/KILE-NAS1/sync
----------------------------------------------------------------
Rsync completed on Archive at Wed May 13 11:04:58 CDT 2020 with code of 0
----------------------------------------------------------------
Rsync completed on Backups at Wed May 13 11:04:58 CDT 2020 with code of 0
----------------------------------------------------------------
Rsync completed on Downloads at Wed May 13 11:06:05 CDT 2020 with code of 0
----------------------------------------------------------------
Rsync completed on Emulation at Wed May 13 11:06:17 CDT 2020 with code of 0
----------------------------------------------------------------
Rsync completed on Plex at Wed May 13 11:12:02 CDT 2020 with code of 0
----------------------------------------------------------------
Rsync completed on Projects at Wed May 13 11:12:05 CDT 2020 with code of 0
----------------------------------------------------------------
Rsync completed on Transfer at Wed May 13 11:12:06 CDT 2020 with code of 0
----------------------------------------------------------------
Rsync completed on Uploads at Wed May 13 11:12:06 CDT 2020 with code of 0
----------------------------------------------------------------
Rsync completed on YouTube at Wed May 13 11:12:07 CDT 2020 with code of 0
------------------------------done------------------------------
-----------------------------start------------------------------
Wed May 13 12:00:01 CDT 2020 kile-deb2 rsync backup
-----Creating incremental backup of /mnt/user/
to root@192.168.2.202:/mnt/user/backups/KILE-NAS1/2020-05-13.12
-----excluding the following folders:
appdata domains Archive Backups Cache Downloads Emulation Movies Plex Projects system Temporary Transfer Uploads YouTube
----------------------------------------------------------------
Rsync completed at Wed May 13 12:04:00 CDT 2020 with code of 0
du: cannot access '/mnt/disk*/Backups/KILE-NAS1/2020-05-13.11': No such file or directory
du: cannot access '/mnt/disk*/Backups/KILE-NAS1/current': No such file or directory
numfmt: invalid number: ‘’
Snapshot 2020-05-13.12 has total size of:

bash: line 0: [: missing `]'
----------------------------------------------------------------
-----Synchronizing the following folders
Archive Backups Downloads Emulation Plex Projects Transfer Uploads YouTube
-----from /mnt/user/ to root@192.168.2.202:/mnt/user/backups/KILE-NAS1/sync
----------------------------------------------------------------
Rsync completed on Archive at Wed May 13 12:05:23 CDT 2020 with code of 0
----------------------------------------------------------------
Rsync completed on Backups at Wed May 13 12:05:23 CDT 2020 with code of 0
----------------------------------------------------------------
Rsync completed on Downloads at Wed May 13 12:07:29 CDT 2020 with code of 0
----------------------------------------------------------------
Rsync completed on Emulation at Wed May 13 12:07:43 CDT 2020 with code of 0
----------------------------------------------------------------
Rsync completed on Plex at Wed May 13 12:17:49 CDT 2020 with code of 0
----------------------------------------------------------------
Rsync completed on Projects at Wed May 13 12:17:56 CDT 2020 with code of 0
----------------------------------------------------------------
Rsync completed on Transfer at Wed May 13 12:17:57 CDT 2020 with code of 0
----------------------------------------------------------------
Rsync completed on Uploads at Wed May 13 12:17:59 CDT 2020 with code of 0
----------------------------------------------------------------
Rsync completed on YouTube at Wed May 13 12:18:00 CDT 2020 with code of 0
------------------------------done------------------------------
-----------------------------start------------------------------
Wed May 13 13:00:01 CDT 2020 kile-deb2 rsync backup
-----Creating incremental backup of /mnt/user/
to root@192.168.2.202:/mnt/user/backups/KILE-NAS1/2020-05-13.13
-----excluding the following folders:
appdata domains Archive Backups Cache Downloads Emulation Movies Plex Projects system Temporary Transfer Uploads YouTube
----------------------------------------------------------------
Rsync completed at Wed May 13 13:04:05 CDT 2020 with code of 0
du: cannot access '/mnt/disk*/Backups/KILE-NAS1/2020-05-13.12': No such file or directory
du: cannot access '/mnt/disk*/Backups/KILE-NAS1/current': No such file or directory
numfmt: invalid number: ‘’
Snapshot 2020-05-13.13 has total size of:

bash: line 0: [: missing `]'
----------------------------------------------------------------
-----Synchronizing the following folders
Archive Backups Downloads Emulation Plex Projects Transfer Uploads YouTube
-----from /mnt/user/ to root@192.168.2.202:/mnt/user/backups/KILE-NAS1/sync
----------------------------------------------------------------
Rsync completed on Archive at Wed May 13 13:05:32 CDT 2020 with code of 0
----------------------------------------------------------------
Rsync completed on Backups at Wed May 13 13:05:32 CDT 2020 with code of 0
----------------------------------------------------------------
Rsync completed on Downloads at Wed May 13 13:05:50 CDT 2020 with code of 0
----------------------------------------------------------------
Rsync completed on Emulation at Wed May 13 13:06:05 CDT 2020 with code of 0
----------------------------------------------------------------
Rsync completed on Plex at Wed May 13 13:19:43 CDT 2020 with code of 0
----------------------------------------------------------------
Rsync completed on Projects at Wed May 13 13:19:49 CDT 2020 with code of 0
----------------------------------------------------------------
Rsync completed on Transfer at Wed May 13 13:19:50 CDT 2020 with code of 0
----------------------------------------------------------------
Rsync completed on Uploads at Wed May 13 13:19:51 CDT 2020 with code of 0
----------------------------------------------------------------
Rsync completed on YouTube at Wed May 13 13:19:52 CDT 2020 with code of 0
------------------------------done------------------------------
-----------------------------start------------------------------
Wed May 13 14:00:02 CDT 2020 kile-deb2 rsync backup
-----Creating incremental backup of /mnt/user/
to root@192.168.2.202:/mnt/user/backups/KILE-NAS1/2020-05-13.14
-----excluding the following folders:
appdata domains Archive Backups Cache Downloads Emulation Movies Plex Projects system Temporary Transfer Uploads YouTube
----------------------------------------------------------------
Rsync completed at Wed May 13 14:04:11 CDT 2020 with code of 0
du: cannot access '/mnt/disk*/Backups/KILE-NAS1/2020-05-13.13': No such file or directory
du: cannot access '/mnt/disk*/Backups/KILE-NAS1/current': No such file or directory
numfmt: invalid number: ‘’
Snapshot 2020-05-13.14 has total size of:

bash: line 0: [: missing `]'
----------------------------------------------------------------
-----Synchronizing the following folders
Archive Backups Downloads Emulation Plex Projects Transfer Uploads YouTube
-----from /mnt/user/ to root@192.168.2.202:/mnt/user/backups/KILE-NAS1/sync
----------------------------------------------------------------
Rsync completed on Archive at Wed May 13 14:05:41 CDT 2020 with code of 0
----------------------------------------------------------------
Rsync completed on Backups at Wed May 13 14:05:42 CDT 2020 with code of 0
----------------------------------------------------------------
Rsync completed on Downloads at Wed May 13 14:05:45 CDT 2020 with code of 0
----------------------------------------------------------------
Rsync completed on Emulation at Wed May 13 14:06:05 CDT 2020 with code of 0
----------------------------------------------------------------
Rsync completed on Plex at Wed May 13 14:13:40 CDT 2020 with code of 0
----------------------------------------------------------------
Rsync completed on Projects at Wed May 13 14:13:46 CDT 2020 with code of 0
----------------------------------------------------------------
Rsync completed on Transfer at Wed May 13 14:13:46 CDT 2020 with code of 0
----------------------------------------------------------------
Rsync completed on Uploads at Wed May 13 14:13:46 CDT 2020 with code of 0
----------------------------------------------------------------
Rsync completed on YouTube at Wed May 13 14:13:47 CDT 2020 with code of 0
------------------------------done------------------------------
-----------------------------start------------------------------
Wed May 13 15:00:02 CDT 2020 kile-deb2 rsync backup
-----Creating incremental backup of /mnt/user/
to root@192.168.2.202:/mnt/user/backups/KILE-NAS1/2020-05-13.15
-----excluding the following folders:
appdata domains Archive Backups Cache Downloads Emulation Movies Plex Projects system Temporary Transfer Uploads YouTube
----------------------------------------------------------------
Rsync completed at Wed May 13 15:03:36 CDT 2020 with code of 0
du: cannot access '/mnt/disk*/Backups/KILE-NAS1/2020-05-13.14': No such file or directory
du: cannot access '/mnt/disk*/Backups/KILE-NAS1/current': No such file or directory
numfmt: invalid number: ‘’
Snapshot 2020-05-13.15 has total size of:

bash: line 0: [: missing `]'
----------------------------------------------------------------
-----Synchronizing the following folders
Archive Backups Downloads Emulation Plex Projects Transfer Uploads YouTube
-----from /mnt/user/ to root@192.168.2.202:/mnt/user/backups/KILE-NAS1/sync
----------------------------------------------------------------
Rsync completed on Archive at Wed May 13 15:04:47 CDT 2020 with code of 0
----------------------------------------------------------------
Rsync completed on Backups at Wed May 13 15:04:48 CDT 2020 with code of 0
----------------------------------------------------------------
Rsync completed on Downloads at Wed May 13 15:05:43 CDT 2020 with code of 0
----------------------------------------------------------------
Rsync completed on Emulation at Wed May 13 15:05:57 CDT 2020 with code of 0
----------------------------------------------------------------
Rsync completed on Plex at Wed May 13 15:12:10 CDT 2020 with code of 0
----------------------------------------------------------------
Rsync completed on Projects at Wed May 13 15:12:13 CDT 2020 with code of 0
----------------------------------------------------------------
Rsync completed on Transfer at Wed May 13 15:12:13 CDT 2020 with code of 0
----------------------------------------------------------------
Rsync completed on Uploads at Wed May 13 15:12:14 CDT 2020 with code of 0
----------------------------------------------------------------
Rsync completed on YouTube at Wed May 13 15:12:14 CDT 2020 with code of 0
------------------------------done------------------------------
-----------------------------start------------------------------
Wed May 13 16:00:01 CDT 2020 kile-deb2 rsync backup
-----Creating incremental backup of /mnt/user/
to root@192.168.2.202:/mnt/user/backups/KILE-NAS1/2020-05-13.16
-----excluding the following folders:
appdata domains Archive Backups Cache Downloads Emulation Movies Plex Projects system Temporary Transfer Uploads YouTube
----------------------------------------------------------------
Rsync completed at Wed May 13 16:02:01 CDT 2020 with code of 0
du: cannot access '/mnt/disk*/Backups/KILE-NAS1/2020-05-13.15': No such file or directory
du: cannot access '/mnt/disk*/Backups/KILE-NAS1/current': No such file or directory
numfmt: invalid number: ‘’
Snapshot 2020-05-13.16 has total size of:

bash: line 0: [: missing `]'
----------------------------------------------------------------
-----Synchronizing the following folders
Archive Backups Downloads Emulation Plex Projects Transfer Uploads YouTube
-----from /mnt/user/ to root@192.168.2.202:/mnt/user/backups/KILE-NAS1/sync
----------------------------------------------------------------
Rsync completed on Archive at Wed May 13 16:02:48 CDT 2020 with code of 0
----------------------------------------------------------------
Rsync completed on Backups at Wed May 13 16:02:48 CDT 2020 with code of 0
----------------------------------------------------------------
Rsync completed on Downloads at Wed May 13 16:03:03 CDT 2020 with code of 0
----------------------------------------------------------------
Rsync completed on Emulation at Wed May 13 16:03:15 CDT 2020 with code of 0
----------------------------------------------------------------
Rsync completed on Plex at Wed May 13 16:08:58 CDT 2020 with code of 0
----------------------------------------------------------------
Rsync completed on Projects at Wed May 13 16:09:01 CDT 2020 with code of 0
----------------------------------------------------------------
Rsync completed on Transfer at Wed May 13 16:09:01 CDT 2020 with code of 0
----------------------------------------------------------------
Rsync completed on Uploads at Wed May 13 16:09:02 CDT 2020 with code of 0
----------------------------------------------------------------
Rsync completed on YouTube at Wed May 13 16:09:02 CDT 2020 with code of 0
------------------------------done------------------------------
-----------------------------start------------------------------
Wed May 13 17:00:01 CDT 2020 kile-deb2 rsync backup
-----Creating incremental backup of /mnt/user/
to root@192.168.2.202:/mnt/user/backups/KILE-NAS1/2020-05-13.17
-----excluding the following folders:
appdata domains Archive Backups Cache Downloads Emulation Movies Plex Projects system Temporary Transfer Uploads YouTube
----------------------------------------------------------------
Rsync completed at Wed May 13 17:02:02 CDT 2020 with code of 0
du: cannot access '/mnt/disk*/Backups/KILE-NAS1/2020-05-13.16': No such file or directory
du: cannot access '/mnt/disk*/Backups/KILE-NAS1/current': No such file or directory
numfmt: invalid number: ‘’
Snapshot 2020-05-13.17 has total size of:

bash: line 0: [: missing `]'
----------------------------------------------------------------
-----Synchronizing the following folders
Archive Backups Downloads Emulation Plex Projects Transfer Uploads YouTube
-----from /mnt/user/ to root@192.168.2.202:/mnt/user/backups/KILE-NAS1/sync
----------------------------------------------------------------
Rsync completed on Archive at Wed May 13 17:02:49 CDT 2020 with code of 0
----------------------------------------------------------------
Rsync completed on Backups at Wed May 13 17:02:50 CDT 2020 with code of 0
----------------------------------------------------------------
Rsync completed on Downloads at Wed May 13 17:03:28 CDT 2020 with code of 0
----------------------------------------------------------------
Rsync completed on Emulation at Wed May 13 17:03:40 CDT 2020 with code of 0
----------------------------------------------------------------
Rsync completed on Plex at Wed May 13 17:09:29 CDT 2020 with code of 0
----------------------------------------------------------------
Rsync completed on Projects at Wed May 13 17:09:32 CDT 2020 with code of 0
----------------------------------------------------------------
Rsync completed on Transfer at Wed May 13 17:09:32 CDT 2020 with code of 0
----------------------------------------------------------------
Rsync completed on Uploads at Wed May 13 17:09:33 CDT 2020 with code of 0
----------------------------------------------------------------
Rsync completed on YouTube at Wed May 13 17:09:33 CDT 2020 with code of 0
------------------------------done------------------------------
-----------------------------start------------------------------
Wed May 13 18:00:01 CDT 2020 kile-deb2 rsync backup
-----Creating incremental backup of /mnt/user/
to root@192.168.2.202:/mnt/user/backups/KILE-NAS1/2020-05-13.18
-----excluding the following folders:
appdata domains Archive Backups Cache Downloads Emulation Movies Plex Projects system Temporary Transfer Uploads YouTube
----------------------------------------------------------------
Rsync completed at Wed May 13 18:02:14 CDT 2020 with code of 0
du: cannot access '/mnt/disk*/Backups/KILE-NAS1/2020-05-13.17': No such file or directory
du: cannot access '/mnt/disk*/Backups/KILE-NAS1/current': No such file or directory
numfmt: invalid number: ‘’
Snapshot 2020-05-13.18 has total size of:

bash: line 0: [: missing `]'
----------------------------------------------------------------
-----Synchronizing the following folders
Archive Backups Downloads Emulation Plex Projects Transfer Uploads YouTube
-----from /mnt/user/ to root@192.168.2.202:/mnt/user/backups/KILE-NAS1/sync
----------------------------------------------------------------
Rsync completed on Archive at Wed May 13 18:03:02 CDT 2020 with code of 0
----------------------------------------------------------------
Rsync completed on Backups at Wed May 13 18:03:02 CDT 2020 with code of 0
----------------------------------------------------------------
Rsync completed on Downloads at Wed May 13 18:03:28 CDT 2020 with code of 0
----------------------------------------------------------------
Rsync completed on Emulation at Wed May 13 18:03:40 CDT 2020 with code of 0
----------------------------------------------------------------
Rsync completed on Plex at Wed May 13 18:09:19 CDT 2020 with code of 0
----------------------------------------------------------------
Rsync completed on Projects at Wed May 13 18:09:22 CDT 2020 with code of 0
----------------------------------------------------------------
Rsync completed on Transfer at Wed May 13 18:09:23 CDT 2020 with code of 0
----------------------------------------------------------------
Rsync completed on Uploads at Wed May 13 18:09:23 CDT 2020 with code of 0
----------------------------------------------------------------
Rsync completed on YouTube at Wed May 13 18:09:23 CDT 2020 with code of 0
------------------------------done------------------------------
-----------------------------start------------------------------
Wed May 13 19:00:02 CDT 2020 kile-deb2 rsync backup
-----Creating incremental backup of /mnt/user/
to root@192.168.2.202:/mnt/user/backups/KILE-NAS1/2020-05-13.19
-----excluding the following folders:
appdata domains Archive Backups Cache Downloads Emulation Movies Plex Projects system Temporary Transfer Uploads YouTube
----------------------------------------------------------------
Rsync completed at Wed May 13 19:02:37 CDT 2020 with code of 0
du: cannot access '/mnt/disk*/Backups/KILE-NAS1/2020-05-13.18': No such file or directory
du: cannot access '/mnt/disk*/Backups/KILE-NAS1/current': No such file or directory
numfmt: invalid number: ‘’
Snapshot 2020-05-13.19 has total size of:

bash: line 0: [: missing `]'
----------------------------------------------------------------
-----Synchronizing the following folders
Archive Backups Downloads Emulation Plex Projects Transfer Uploads YouTube
-----from /mnt/user/ to root@192.168.2.202:/mnt/user/backups/KILE-NAS1/sync
----------------------------------------------------------------
Rsync completed on Archive at Wed May 13 19:03:24 CDT 2020 with code of 0
----------------------------------------------------------------
Rsync completed on Backups at Wed May 13 19:03:25 CDT 2020 with code of 0
----------------------------------------------------------------
Rsync completed on Downloads at Wed May 13 19:03:27 CDT 2020 with code of 0
----------------------------------------------------------------
Rsync completed on Emulation at Wed May 13 19:03:39 CDT 2020 with code of 0
----------------------------------------------------------------
Rsync completed on Plex at Wed May 13 19:09:25 CDT 2020 with code of 0
----------------------------------------------------------------
Rsync completed on Projects at Wed May 13 19:09:28 CDT 2020 with code of 0
----------------------------------------------------------------
Rsync completed on Transfer at Wed May 13 19:09:28 CDT 2020 with code of 0
----------------------------------------------------------------
Rsync completed on Uploads at Wed May 13 19:09:29 CDT 2020 with code of 0
----------------------------------------------------------------
Rsync completed on YouTube at Wed May 13 19:09:29 CDT 2020 with code of 0
------------------------------done------------------------------
-----------------------------start------------------------------
Wed May 13 23:00:01 CDT 2020 kile-deb2 rsync backup
-----Creating incremental backup of /mnt/user/
to root@192.168.2.202:/mnt/user/backups/KILE-NAS1/2020-05-13.23
-----excluding the following folders:
appdata domains Archive Backups Cache Downloads Emulation Movies Plex Projects system Temporary Transfer Uploads YouTube
----------------------------------------------------------------
Rsync completed at Wed May 13 23:01:56 CDT 2020 with code of 0
du: cannot access '/mnt/disk*/Backups/KILE-NAS1/2020-05-13.19': No such file or directory
du: cannot access '/mnt/disk*/Backups/KILE-NAS1/current': No such file or directory
numfmt: invalid number: ‘’
Snapshot 2020-05-13.23 has total size of:

bash: line 0: [: missing `]'
----------------------------------------------------------------
-----Synchronizing the following folders
Archive Backups Downloads Emulation Plex Projects Transfer Uploads YouTube
-----from /mnt/user/ to root@192.168.2.202:/mnt/user/backups/KILE-NAS1/sync
----------------------------------------------------------------
Rsync completed on Archive at Wed May 13 23:02:46 CDT 2020 with code of 0
----------------------------------------------------------------
Rsync completed on Backups at Wed May 13 23:02:46 CDT 2020 with code of 0
----------------------------------------------------------------
file has vanished: "/mnt/user/Downloads/YouTube/logs/gaming.tmp.log"
rsync warning: some files vanished before they could be transferred (code 24) at main.c(1189) [sender=3.1.3]
Rsync completed on Downloads at Wed May 13 23:02:54 CDT 2020 with code of 24
----------------------------------------------------------------
Rsync completed on Emulation at Wed May 13 23:03:06 CDT 2020 with code of 0
----------------------------------------------------------------
Rsync completed on Plex at Wed May 13 23:09:02 CDT 2020 with code of 0
----------------------------------------------------------------
Rsync completed on Projects at Wed May 13 23:09:05 CDT 2020 with code of 0
----------------------------------------------------------------
Rsync completed on Transfer at Wed May 13 23:09:05 CDT 2020 with code of 0
----------------------------------------------------------------
Rsync completed on Uploads at Wed May 13 23:09:06 CDT 2020 with code of 0
----------------------------------------------------------------
Rsync completed on YouTube at Wed May 13 23:09:06 CDT 2020 with code of 0
------------------------------done------------------------------
