-----------------------------start------------------------------
Sat May 23 00:00:01 CDT 2020 kile-deb2 rsync cleanup
----------------------------------------------------------------
Beginning rsync hourly cleanup at Sat May 23 00:00:01 CDT 2020
90
Checking for /mnt/user/Backups/KILE-NAS1/2020-02-22
89
Checking for /mnt/user/Backups/KILE-NAS1/2020-02-23
88
Checking for /mnt/user/Backups/KILE-NAS1/2020-02-24
87
Checking for /mnt/user/Backups/KILE-NAS1/2020-02-25
86
Checking for /mnt/user/Backups/KILE-NAS1/2020-02-26
85
Checking for /mnt/user/Backups/KILE-NAS1/2020-02-27
84
Checking for /mnt/user/Backups/KILE-NAS1/2020-02-28
83
Checking for /mnt/user/Backups/KILE-NAS1/2020-02-29
82
Checking for /mnt/user/Backups/KILE-NAS1/2020-03-01
81
Checking for /mnt/user/Backups/KILE-NAS1/2020-03-02
80
Checking for /mnt/user/Backups/KILE-NAS1/2020-03-03
79
Checking for /mnt/user/Backups/KILE-NAS1/2020-03-04
78
Checking for /mnt/user/Backups/KILE-NAS1/2020-03-05
77
Checking for /mnt/user/Backups/KILE-NAS1/2020-03-06
76
Checking for /mnt/user/Backups/KILE-NAS1/2020-03-07
75
Checking for /mnt/user/Backups/KILE-NAS1/2020-03-09
74
Checking for /mnt/user/Backups/KILE-NAS1/2020-03-10
73
Checking for /mnt/user/Backups/KILE-NAS1/2020-03-11
72
Checking for /mnt/user/Backups/KILE-NAS1/2020-03-12
71
Checking for /mnt/user/Backups/KILE-NAS1/2020-03-13
70
Checking for /mnt/user/Backups/KILE-NAS1/2020-03-14
69
Checking for /mnt/user/Backups/KILE-NAS1/2020-03-15
68
Checking for /mnt/user/Backups/KILE-NAS1/2020-03-16
67
Checking for /mnt/user/Backups/KILE-NAS1/2020-03-17
66
Checking for /mnt/user/Backups/KILE-NAS1/2020-03-18
65
Checking for /mnt/user/Backups/KILE-NAS1/2020-03-19
64
Checking for /mnt/user/Backups/KILE-NAS1/2020-03-20
63
Checking for /mnt/user/Backups/KILE-NAS1/2020-03-21
62
Checking for /mnt/user/Backups/KILE-NAS1/2020-03-22
61
Checking for /mnt/user/Backups/KILE-NAS1/2020-03-23
60
Checking for /mnt/user/Backups/KILE-NAS1/2020-03-24
59
Checking for /mnt/user/Backups/KILE-NAS1/2020-03-25
58
Checking for /mnt/user/Backups/KILE-NAS1/2020-03-26
57
Checking for /mnt/user/Backups/KILE-NAS1/2020-03-27
56
Checking for /mnt/user/Backups/KILE-NAS1/2020-03-28
55
Checking for /mnt/user/Backups/KILE-NAS1/2020-03-29
54
Checking for /mnt/user/Backups/KILE-NAS1/2020-03-30
53
Checking for /mnt/user/Backups/KILE-NAS1/2020-03-31
52
Checking for /mnt/user/Backups/KILE-NAS1/2020-04-01
51
Checking for /mnt/user/Backups/KILE-NAS1/2020-04-02
50
Checking for /mnt/user/Backups/KILE-NAS1/2020-04-03
49
Checking for /mnt/user/Backups/KILE-NAS1/2020-04-04
48
Checking for /mnt/user/Backups/KILE-NAS1/2020-04-05
47
Checking for /mnt/user/Backups/KILE-NAS1/2020-04-06
46
Checking for /mnt/user/Backups/KILE-NAS1/2020-04-07
45
Checking for /mnt/user/Backups/KILE-NAS1/2020-04-08
44
Checking for /mnt/user/Backups/KILE-NAS1/2020-04-09
43
Checking for /mnt/user/Backups/KILE-NAS1/2020-04-10
42
Checking for /mnt/user/Backups/KILE-NAS1/2020-04-11
41
Checking for /mnt/user/Backups/KILE-NAS1/2020-04-12
40
Checking for /mnt/user/Backups/KILE-NAS1/2020-04-13
39
Checking for /mnt/user/Backups/KILE-NAS1/2020-04-14
38
Checking for /mnt/user/Backups/KILE-NAS1/2020-04-15
37
Checking for /mnt/user/Backups/KILE-NAS1/2020-04-16
36
Checking for /mnt/user/Backups/KILE-NAS1/2020-04-17
35
Checking for /mnt/user/Backups/KILE-NAS1/2020-04-18
34
Checking for /mnt/user/Backups/KILE-NAS1/2020-04-19
33
Checking for /mnt/user/Backups/KILE-NAS1/2020-04-20
32
Checking for /mnt/user/Backups/KILE-NAS1/2020-04-21
31
Checking for /mnt/user/Backups/KILE-NAS1/2020-04-22
30
Checking for /mnt/user/Backups/KILE-NAS1/2020-04-23
29
Checking for /mnt/user/Backups/KILE-NAS1/2020-04-24
28
Checking for /mnt/user/Backups/KILE-NAS1/2020-04-25
27
Checking for /mnt/user/Backups/KILE-NAS1/2020-04-26
26
Checking for /mnt/user/Backups/KILE-NAS1/2020-04-27
25
Checking for /mnt/user/Backups/KILE-NAS1/2020-04-28
24
Checking for /mnt/user/Backups/KILE-NAS1/2020-04-29
23
Checking for /mnt/user/Backups/KILE-NAS1/2020-04-30
22
Checking for /mnt/user/Backups/KILE-NAS1/2020-05-01
21
Checking for /mnt/user/Backups/KILE-NAS1/2020-05-02
20
Checking for /mnt/user/Backups/KILE-NAS1/2020-05-03
19
Checking for /mnt/user/Backups/KILE-NAS1/2020-05-04
18
Checking for /mnt/user/Backups/KILE-NAS1/2020-05-05
17
Checking for /mnt/user/Backups/KILE-NAS1/2020-05-06
16
Checking for /mnt/user/Backups/KILE-NAS1/2020-05-07
15
Checking for /mnt/user/Backups/KILE-NAS1/2020-05-08
14
Checking for /mnt/user/Backups/KILE-NAS1/2020-05-09
13
Checking for /mnt/user/Backups/KILE-NAS1/2020-05-10
12
Checking for /mnt/user/Backups/KILE-NAS1/2020-05-11
11
Checking for /mnt/user/Backups/KILE-NAS1/2020-05-12
10
Checking for /mnt/user/Backups/KILE-NAS1/2020-05-13
9
Checking for /mnt/user/Backups/KILE-NAS1/2020-05-14
8
Checking for /mnt/user/Backups/KILE-NAS1/2020-05-15
7
Checking for /mnt/user/Backups/KILE-NAS1/2020-05-16
6
Checking for /mnt/user/Backups/KILE-NAS1/2020-05-17
5
Checking for /mnt/user/Backups/KILE-NAS1/2020-05-18
4
Checking for /mnt/user/Backups/KILE-NAS1/2020-05-19
3
Checking for /mnt/user/Backups/KILE-NAS1/2020-05-20
----------------------------------------------------------------
Beginning rsync daily cleanup at Sat May 23 00:00:16 CDT 2020
----------------------------------------------------------------
Beginning rsync monthly cleanup at Sat May 23 00:01:03 CDT 2020
------------------------------done------------------------------
