-----------------------------start------------------------------
Mon May 18 02:00:01 CDT 2020 kile-deb2 rsync backup
-----Creating incremental backup of /mnt/user/
to root@192.168.2.202:/mnt/user/backups/KILE-NAS1/2020-05-18.02
-----excluding the following folders:
appdata domains Archive Backups Cache Downloads Emulation Movies Plex Projects system Temporary Transfer Uploads YouTube
----------------------------------------------------------------
Rsync completed at Mon May 18 02:02:26 CDT 2020 with code of 0
du: cannot access '/mnt/disk*/Backups/KILE-NAS1/2020-05-17.23': No such file or directory
du: cannot access '/mnt/disk*/Backups/KILE-NAS1/current': No such file or directory
numfmt: invalid number: ‘’
Snapshot 2020-05-18.02 has total size of:

bash: line 0: [: missing `]'
----------------------------------------------------------------
-----Synchronizing the following folders
Archive Backups Downloads Emulation Plex Projects Transfer Uploads YouTube
-----from /mnt/user/ to root@192.168.2.202:/mnt/user/backups/KILE-NAS1/sync
----------------------------------------------------------------
Rsync completed on Archive at Mon May 18 02:03:47 CDT 2020 with code of 0
----------------------------------------------------------------
Rsync completed on Backups at Mon May 18 02:28:59 CDT 2020 with code of 0
----------------------------------------------------------------
IO error encountered -- skipping file deletion
rsync: readdir("/mnt/user/backups/KILE-NAS1/sync/Downloads/Series/Psych/Season 08"): Structure needs cleaning (117)
rsync: recv_generator: failed to stat "/mnt/user/backups/KILE-NAS1/sync/Downloads/Series/Psych/Season 08/Psych - S08E05 - COG Blocked.nfo": Structure needs cleaning (117)
rsync error: some files/attrs were not transferred (see previous errors) (code 23) at main.c(1189) [sender=3.1.3]
Rsync completed on Downloads at Mon May 18 02:30:52 CDT 2020 with code of 23
----------------------------------------------------------------
Rsync completed on Emulation at Mon May 18 02:31:07 CDT 2020 with code of 0
----------------------------------------------------------------
Rsync completed on Plex at Mon May 18 02:38:43 CDT 2020 with code of 0
----------------------------------------------------------------
Rsync completed on Projects at Mon May 18 02:38:50 CDT 2020 with code of 0
----------------------------------------------------------------
Rsync completed on Transfer at Mon May 18 02:38:51 CDT 2020 with code of 0
----------------------------------------------------------------
Rsync completed on Uploads at Mon May 18 02:38:52 CDT 2020 with code of 0
----------------------------------------------------------------
Rsync completed on YouTube at Mon May 18 02:38:54 CDT 2020 with code of 0
------------------------------done------------------------------
-----------------------------start------------------------------
Mon May 18 07:00:01 CDT 2020 kile-deb2 rsync backup
-----Creating incremental backup of /mnt/user/
to root@192.168.2.202:/mnt/user/backups/KILE-NAS1/2020-05-18.07
-----excluding the following folders:
appdata domains Archive Backups Cache Downloads Emulation Movies Plex Projects system Temporary Transfer Uploads YouTube
----------------------------------------------------------------
Rsync completed at Mon May 18 07:05:28 CDT 2020 with code of 0
du: cannot access '/mnt/disk*/Backups/KILE-NAS1/2020-05-18.02': No such file or directory
du: cannot access '/mnt/disk*/Backups/KILE-NAS1/current': No such file or directory
numfmt: invalid number: ‘’
Snapshot 2020-05-18.07 has total size of:

bash: line 0: [: missing `]'
----------------------------------------------------------------
-----Synchronizing the following folders
Archive Backups Downloads Emulation Plex Projects Transfer Uploads YouTube
-----from /mnt/user/ to root@192.168.2.202:/mnt/user/backups/KILE-NAS1/sync
----------------------------------------------------------------
Rsync completed on Archive at Mon May 18 07:07:16 CDT 2020 with code of 0
----------------------------------------------------------------
Rsync completed on Backups at Mon May 18 07:07:17 CDT 2020 with code of 0
----------------------------------------------------------------
IO error encountered -- skipping file deletion
rsync: readdir("/mnt/user/backups/KILE-NAS1/sync/Downloads/Series/Psych/Season 08"): Structure needs cleaning (117)
rsync: recv_generator: failed to stat "/mnt/user/backups/KILE-NAS1/sync/Downloads/Series/Psych/Season 08/Psych - S08E05 - COG Blocked.nfo": Structure needs cleaning (117)
rsync error: some files/attrs were not transferred (see previous errors) (code 23) at main.c(1189) [sender=3.1.3]
Rsync completed on Downloads at Mon May 18 07:07:34 CDT 2020 with code of 23
----------------------------------------------------------------
Rsync completed on Emulation at Mon May 18 07:07:50 CDT 2020 with code of 0
----------------------------------------------------------------
Rsync completed on Plex at Mon May 18 07:17:34 CDT 2020 with code of 0
----------------------------------------------------------------
Rsync completed on Projects at Mon May 18 07:17:42 CDT 2020 with code of 0
----------------------------------------------------------------
Rsync completed on Transfer at Mon May 18 07:17:43 CDT 2020 with code of 0
----------------------------------------------------------------
Rsync completed on Uploads at Mon May 18 07:17:44 CDT 2020 with code of 0
----------------------------------------------------------------
Rsync completed on YouTube at Mon May 18 07:17:45 CDT 2020 with code of 0
------------------------------done------------------------------
-----------------------------start------------------------------
Mon May 18 09:00:01 CDT 2020 kile-deb2 rsync backup
-----Creating incremental backup of /mnt/user/
to root@192.168.2.202:/mnt/user/backups/KILE-NAS1/2020-05-18.09
-----excluding the following folders:
appdata domains Archive Backups Cache Downloads Emulation Movies Plex Projects system Temporary Transfer Uploads YouTube
----------------------------------------------------------------
Rsync completed at Mon May 18 09:03:53 CDT 2020 with code of 0
du: cannot access '/mnt/disk*/Backups/KILE-NAS1/2020-05-18.07': No such file or directory
du: cannot access '/mnt/disk*/Backups/KILE-NAS1/current': No such file or directory
numfmt: invalid number: ‘’
Snapshot 2020-05-18.09 has total size of:

bash: line 0: [: missing `]'
----------------------------------------------------------------
-----Synchronizing the following folders
Archive Backups Downloads Emulation Plex Projects Transfer Uploads YouTube
-----from /mnt/user/ to root@192.168.2.202:/mnt/user/backups/KILE-NAS1/sync
----------------------------------------------------------------
Rsync completed on Archive at Mon May 18 09:05:14 CDT 2020 with code of 0
----------------------------------------------------------------
Rsync completed on Backups at Mon May 18 09:05:14 CDT 2020 with code of 0
----------------------------------------------------------------
IO error encountered -- skipping file deletion
rsync: readdir("/mnt/user/backups/KILE-NAS1/sync/Downloads/Series/Psych/Season 08"): Structure needs cleaning (117)
rsync: recv_generator: failed to stat "/mnt/user/backups/KILE-NAS1/sync/Downloads/Series/Psych/Season 08/Psych - S08E05 - COG Blocked.nfo": Structure needs cleaning (117)
rsync error: some files/attrs were not transferred (see previous errors) (code 23) at main.c(1189) [sender=3.1.3]
Rsync completed on Downloads at Mon May 18 09:05:18 CDT 2020 with code of 23
----------------------------------------------------------------
Rsync completed on Emulation at Mon May 18 09:05:34 CDT 2020 with code of 0
----------------------------------------------------------------
Rsync completed on Plex at Mon May 18 09:11:51 CDT 2020 with code of 0
----------------------------------------------------------------
Rsync completed on Projects at Mon May 18 09:11:54 CDT 2020 with code of 0
----------------------------------------------------------------
Rsync completed on Transfer at Mon May 18 09:11:55 CDT 2020 with code of 0
----------------------------------------------------------------
Rsync completed on Uploads at Mon May 18 09:11:55 CDT 2020 with code of 0
----------------------------------------------------------------
Rsync completed on YouTube at Mon May 18 09:11:56 CDT 2020 with code of 0
------------------------------done------------------------------
-----------------------------start------------------------------
Mon May 18 10:00:01 CDT 2020 kile-deb2 rsync backup
-----Creating incremental backup of /mnt/user/
to root@192.168.2.202:/mnt/user/backups/KILE-NAS1/2020-05-18.10
-----excluding the following folders:
appdata domains Archive Backups Cache Downloads Emulation Movies Plex Projects system Temporary Transfer Uploads YouTube
----------------------------------------------------------------
Rsync completed at Mon May 18 10:02:12 CDT 2020 with code of 0
du: cannot access '/mnt/disk*/Backups/KILE-NAS1/2020-05-18.09': No such file or directory
du: cannot access '/mnt/disk*/Backups/KILE-NAS1/current': No such file or directory
numfmt: invalid number: ‘’
Snapshot 2020-05-18.10 has total size of:

bash: line 0: [: missing `]'
----------------------------------------------------------------
-----Synchronizing the following folders
Archive Backups Downloads Emulation Plex Projects Transfer Uploads YouTube
-----from /mnt/user/ to root@192.168.2.202:/mnt/user/backups/KILE-NAS1/sync
----------------------------------------------------------------
Rsync completed on Archive at Mon May 18 10:03:01 CDT 2020 with code of 0
----------------------------------------------------------------
Rsync completed on Backups at Mon May 18 10:03:01 CDT 2020 with code of 0
----------------------------------------------------------------
IO error encountered -- skipping file deletion
rsync: readdir("/mnt/user/backups/KILE-NAS1/sync/Downloads/Series/Psych/Season 08"): Structure needs cleaning (117)
rsync: recv_generator: failed to stat "/mnt/user/backups/KILE-NAS1/sync/Downloads/Series/Psych/Season 08/Psych - S08E05 - COG Blocked.nfo": Structure needs cleaning (117)
rsync error: some files/attrs were not transferred (see previous errors) (code 23) at main.c(1189) [sender=3.1.3]
Rsync completed on Downloads at Mon May 18 10:03:04 CDT 2020 with code of 23
----------------------------------------------------------------
Rsync completed on Emulation at Mon May 18 10:03:16 CDT 2020 with code of 0
----------------------------------------------------------------
Rsync completed on Plex at Mon May 18 10:09:09 CDT 2020 with code of 0
----------------------------------------------------------------
Rsync completed on Projects at Mon May 18 10:09:12 CDT 2020 with code of 0
----------------------------------------------------------------
Rsync completed on Transfer at Mon May 18 10:09:13 CDT 2020 with code of 0
----------------------------------------------------------------
Rsync completed on Uploads at Mon May 18 10:09:13 CDT 2020 with code of 0
----------------------------------------------------------------
Rsync completed on YouTube at Mon May 18 10:09:13 CDT 2020 with code of 0
------------------------------done------------------------------
-----------------------------start------------------------------
Mon May 18 11:00:01 CDT 2020 kile-deb2 rsync backup
-----Creating incremental backup of /mnt/user/
to root@192.168.2.202:/mnt/user/backups/KILE-NAS1/2020-05-18.11
-----excluding the following folders:
appdata domains Archive Backups Cache Downloads Emulation Movies Plex Projects system Temporary Transfer Uploads YouTube
----------------------------------------------------------------
Rsync completed at Mon May 18 11:02:44 CDT 2020 with code of 0
du: cannot access '/mnt/disk*/Backups/KILE-NAS1/2020-05-18.10': No such file or directory
du: cannot access '/mnt/disk*/Backups/KILE-NAS1/current': No such file or directory
numfmt: invalid number: ‘’
Snapshot 2020-05-18.11 has total size of:

bash: line 0: [: missing `]'
----------------------------------------------------------------
-----Synchronizing the following folders
Archive Backups Downloads Emulation Plex Projects Transfer Uploads YouTube
-----from /mnt/user/ to root@192.168.2.202:/mnt/user/backups/KILE-NAS1/sync
----------------------------------------------------------------
Rsync completed on Archive at Mon May 18 11:03:34 CDT 2020 with code of 0
----------------------------------------------------------------
Rsync completed on Backups at Mon May 18 11:03:34 CDT 2020 with code of 0
----------------------------------------------------------------
IO error encountered -- skipping file deletion
rsync: readdir("/mnt/user/backups/KILE-NAS1/sync/Downloads/Series/Psych/Season 08"): Structure needs cleaning (117)
rsync: recv_generator: failed to stat "/mnt/user/backups/KILE-NAS1/sync/Downloads/Series/Psych/Season 08/Psych - S08E05 - COG Blocked.nfo": Structure needs cleaning (117)
rsync error: some files/attrs were not transferred (see previous errors) (code 23) at main.c(1189) [sender=3.1.3]
Rsync completed on Downloads at Mon May 18 11:03:37 CDT 2020 with code of 23
----------------------------------------------------------------
Rsync completed on Emulation at Mon May 18 11:03:49 CDT 2020 with code of 0
----------------------------------------------------------------
Rsync completed on Plex at Mon May 18 11:09:40 CDT 2020 with code of 0
----------------------------------------------------------------
Rsync completed on Projects at Mon May 18 11:09:43 CDT 2020 with code of 0
----------------------------------------------------------------
Rsync completed on Transfer at Mon May 18 11:09:43 CDT 2020 with code of 0
----------------------------------------------------------------
Rsync completed on Uploads at Mon May 18 11:09:44 CDT 2020 with code of 0
----------------------------------------------------------------
Rsync completed on YouTube at Mon May 18 11:09:44 CDT 2020 with code of 0
------------------------------done------------------------------
-----------------------------start------------------------------
Mon May 18 12:00:01 CDT 2020 kile-deb2 rsync backup
-----Creating incremental backup of /mnt/user/
to root@192.168.2.202:/mnt/user/backups/KILE-NAS1/2020-05-18.12
-----excluding the following folders:
appdata domains Archive Backups Cache Downloads Emulation Movies Plex Projects system Temporary Transfer Uploads YouTube
----------------------------------------------------------------
Rsync completed at Mon May 18 12:02:13 CDT 2020 with code of 0
du: cannot access '/mnt/disk*/Backups/KILE-NAS1/2020-05-18.11': No such file or directory
du: cannot access '/mnt/disk*/Backups/KILE-NAS1/current': No such file or directory
numfmt: invalid number: ‘’
Snapshot 2020-05-18.12 has total size of:

bash: line 0: [: missing `]'
----------------------------------------------------------------
-----Synchronizing the following folders
Archive Backups Downloads Emulation Plex Projects Transfer Uploads YouTube
-----from /mnt/user/ to root@192.168.2.202:/mnt/user/backups/KILE-NAS1/sync
----------------------------------------------------------------
Rsync completed on Archive at Mon May 18 12:03:03 CDT 2020 with code of 0
----------------------------------------------------------------
Rsync completed on Backups at Mon May 18 12:03:03 CDT 2020 with code of 0
----------------------------------------------------------------
IO error encountered -- skipping file deletion
rsync: readdir("/mnt/user/backups/KILE-NAS1/sync/Downloads/Series/Psych/Season 08"): Structure needs cleaning (117)
rsync: recv_generator: failed to stat "/mnt/user/backups/KILE-NAS1/sync/Downloads/Series/Psych/Season 08/Psych - S08E05 - COG Blocked.nfo": Structure needs cleaning (117)
rsync error: some files/attrs were not transferred (see previous errors) (code 23) at main.c(1189) [sender=3.1.3]
Rsync completed on Downloads at Mon May 18 12:03:06 CDT 2020 with code of 23
----------------------------------------------------------------
Rsync completed on Emulation at Mon May 18 12:03:18 CDT 2020 with code of 0
----------------------------------------------------------------
Rsync completed on Plex at Mon May 18 12:09:14 CDT 2020 with code of 0
----------------------------------------------------------------
Rsync completed on Projects at Mon May 18 12:09:17 CDT 2020 with code of 0
----------------------------------------------------------------
Rsync completed on Transfer at Mon May 18 12:09:18 CDT 2020 with code of 0
----------------------------------------------------------------
Rsync completed on Uploads at Mon May 18 12:09:18 CDT 2020 with code of 0
----------------------------------------------------------------
Rsync completed on YouTube at Mon May 18 12:09:18 CDT 2020 with code of 0
------------------------------done------------------------------
-----------------------------start------------------------------
Mon May 18 13:00:01 CDT 2020 kile-deb2 rsync backup
-----Creating incremental backup of /mnt/user/
to root@192.168.2.202:/mnt/user/backups/KILE-NAS1/2020-05-18.13
-----excluding the following folders:
appdata domains Archive Backups Cache Downloads Emulation Movies Plex Projects system Temporary Transfer Uploads YouTube
----------------------------------------------------------------
Rsync completed at Mon May 18 13:02:22 CDT 2020 with code of 0
du: cannot access '/mnt/disk*/Backups/KILE-NAS1/2020-05-18.12': No such file or directory
du: cannot access '/mnt/disk*/Backups/KILE-NAS1/current': No such file or directory
numfmt: invalid number: ‘’
Snapshot 2020-05-18.13 has total size of:

bash: line 0: [: missing `]'
----------------------------------------------------------------
-----Synchronizing the following folders
Archive Backups Downloads Emulation Plex Projects Transfer Uploads YouTube
-----from /mnt/user/ to root@192.168.2.202:/mnt/user/backups/KILE-NAS1/sync
----------------------------------------------------------------
Rsync completed on Archive at Mon May 18 13:03:13 CDT 2020 with code of 0
----------------------------------------------------------------
Rsync completed on Backups at Mon May 18 13:03:14 CDT 2020 with code of 0
----------------------------------------------------------------
IO error encountered -- skipping file deletion
rsync: readdir("/mnt/user/backups/KILE-NAS1/sync/Downloads/Series/Psych/Season 08"): Structure needs cleaning (117)
rsync: recv_generator: failed to stat "/mnt/user/backups/KILE-NAS1/sync/Downloads/Series/Psych/Season 08/Psych - S08E05 - COG Blocked.nfo": Structure needs cleaning (117)
rsync error: some files/attrs were not transferred (see previous errors) (code 23) at main.c(1189) [sender=3.1.3]
Rsync completed on Downloads at Mon May 18 13:03:35 CDT 2020 with code of 23
----------------------------------------------------------------
Rsync completed on Emulation at Mon May 18 13:03:49 CDT 2020 with code of 0
----------------------------------------------------------------
Rsync completed on Plex at Mon May 18 13:09:48 CDT 2020 with code of 0
----------------------------------------------------------------
Rsync completed on Projects at Mon May 18 13:09:52 CDT 2020 with code of 0
----------------------------------------------------------------
Rsync completed on Transfer at Mon May 18 13:09:52 CDT 2020 with code of 0
----------------------------------------------------------------
Rsync completed on Uploads at Mon May 18 13:09:52 CDT 2020 with code of 0
----------------------------------------------------------------
Rsync completed on YouTube at Mon May 18 13:09:53 CDT 2020 with code of 0
------------------------------done------------------------------
-----------------------------start------------------------------
Mon May 18 14:00:01 CDT 2020 kile-deb2 rsync backup
-----Creating incremental backup of /mnt/user/
to root@192.168.2.202:/mnt/user/backups/KILE-NAS1/2020-05-18.14
-----excluding the following folders:
appdata domains Archive Backups Cache Downloads Emulation Movies Plex Projects system Temporary Transfer Uploads YouTube
----------------------------------------------------------------
Rsync completed at Mon May 18 14:02:56 CDT 2020 with code of 0
du: cannot access '/mnt/disk*/Backups/KILE-NAS1/2020-05-18.13': No such file or directory
du: cannot access '/mnt/disk*/Backups/KILE-NAS1/current': No such file or directory
numfmt: invalid number: ‘’
Snapshot 2020-05-18.14 has total size of:

bash: line 0: [: missing `]'
----------------------------------------------------------------
-----Synchronizing the following folders
Archive Backups Downloads Emulation Plex Projects Transfer Uploads YouTube
-----from /mnt/user/ to root@192.168.2.202:/mnt/user/backups/KILE-NAS1/sync
----------------------------------------------------------------
Rsync completed on Archive at Mon May 18 14:03:46 CDT 2020 with code of 0
----------------------------------------------------------------
Rsync completed on Backups at Mon May 18 14:03:46 CDT 2020 with code of 0
----------------------------------------------------------------
IO error encountered -- skipping file deletion
rsync: readdir("/mnt/user/backups/KILE-NAS1/sync/Downloads/Series/Psych/Season 08"): Structure needs cleaning (117)
rsync: recv_generator: failed to stat "/mnt/user/backups/KILE-NAS1/sync/Downloads/Series/Psych/Season 08/Psych - S08E05 - COG Blocked.nfo": Structure needs cleaning (117)
rsync error: some files/attrs were not transferred (see previous errors) (code 23) at main.c(1189) [sender=3.1.3]
Rsync completed on Downloads at Mon May 18 14:03:53 CDT 2020 with code of 23
----------------------------------------------------------------
Rsync completed on Emulation at Mon May 18 14:04:05 CDT 2020 with code of 0
----------------------------------------------------------------
Rsync completed on Plex at Mon May 18 14:10:13 CDT 2020 with code of 0
----------------------------------------------------------------
Rsync completed on Projects at Mon May 18 14:10:16 CDT 2020 with code of 0
----------------------------------------------------------------
Rsync completed on Transfer at Mon May 18 14:10:17 CDT 2020 with code of 0
----------------------------------------------------------------
Rsync completed on Uploads at Mon May 18 14:10:17 CDT 2020 with code of 0
----------------------------------------------------------------
Rsync completed on YouTube at Mon May 18 14:10:17 CDT 2020 with code of 0
------------------------------done------------------------------
-----------------------------start------------------------------
Mon May 18 15:00:01 CDT 2020 kile-deb2 rsync backup
-----Creating incremental backup of /mnt/user/
to root@192.168.2.202:/mnt/user/backups/KILE-NAS1/2020-05-18.15
-----excluding the following folders:
appdata domains Archive Backups Cache Downloads Emulation Movies Plex Projects system Temporary Transfer Uploads YouTube
----------------------------------------------------------------
Rsync completed at Mon May 18 15:02:41 CDT 2020 with code of 0
du: cannot access '/mnt/disk*/Backups/KILE-NAS1/2020-05-18.14': No such file or directory
du: cannot access '/mnt/disk*/Backups/KILE-NAS1/current': No such file or directory
numfmt: invalid number: ‘’
Snapshot 2020-05-18.15 has total size of:

bash: line 0: [: missing `]'
----------------------------------------------------------------
-----Synchronizing the following folders
Archive Backups Downloads Emulation Plex Projects Transfer Uploads YouTube
-----from /mnt/user/ to root@192.168.2.202:/mnt/user/backups/KILE-NAS1/sync
----------------------------------------------------------------
Rsync completed on Archive at Mon May 18 15:03:31 CDT 2020 with code of 0
----------------------------------------------------------------
Rsync completed on Backups at Mon May 18 15:03:32 CDT 2020 with code of 0
----------------------------------------------------------------
IO error encountered -- skipping file deletion
rsync: readdir("/mnt/user/backups/KILE-NAS1/sync/Downloads/Series/Psych/Season 08"): Structure needs cleaning (117)
rsync: recv_generator: failed to stat "/mnt/user/backups/KILE-NAS1/sync/Downloads/Series/Psych/Season 08/Psych - S08E05 - COG Blocked.nfo": Structure needs cleaning (117)
rsync error: some files/attrs were not transferred (see previous errors) (code 23) at main.c(1189) [sender=3.1.3]
Rsync completed on Downloads at Mon May 18 15:03:34 CDT 2020 with code of 23
----------------------------------------------------------------
Rsync completed on Emulation at Mon May 18 15:03:46 CDT 2020 with code of 0
----------------------------------------------------------------
Rsync completed on Plex at Mon May 18 15:09:52 CDT 2020 with code of 0
----------------------------------------------------------------
Rsync completed on Projects at Mon May 18 15:09:55 CDT 2020 with code of 0
----------------------------------------------------------------
Rsync completed on Transfer at Mon May 18 15:09:56 CDT 2020 with code of 0
----------------------------------------------------------------
Rsync completed on Uploads at Mon May 18 15:09:56 CDT 2020 with code of 0
----------------------------------------------------------------
Rsync completed on YouTube at Mon May 18 15:09:57 CDT 2020 with code of 0
------------------------------done------------------------------
-----------------------------start------------------------------
Mon May 18 16:00:01 CDT 2020 kile-deb2 rsync backup
-----Creating incremental backup of /mnt/user/
to root@192.168.2.202:/mnt/user/backups/KILE-NAS1/2020-05-18.16
-----excluding the following folders:
appdata domains Archive Backups Cache Downloads Emulation Movies Plex Projects system Temporary Transfer Uploads YouTube
----------------------------------------------------------------
Rsync completed at Mon May 18 16:02:05 CDT 2020 with code of 0
du: cannot access '/mnt/disk*/Backups/KILE-NAS1/2020-05-18.15': No such file or directory
du: cannot access '/mnt/disk*/Backups/KILE-NAS1/current': No such file or directory
numfmt: invalid number: ‘’
Snapshot 2020-05-18.16 has total size of:

bash: line 0: [: missing `]'
----------------------------------------------------------------
-----Synchronizing the following folders
Archive Backups Downloads Emulation Plex Projects Transfer Uploads YouTube
-----from /mnt/user/ to root@192.168.2.202:/mnt/user/backups/KILE-NAS1/sync
----------------------------------------------------------------
Rsync completed on Archive at Mon May 18 16:02:55 CDT 2020 with code of 0
----------------------------------------------------------------
Rsync completed on Backups at Mon May 18 16:02:55 CDT 2020 with code of 0
----------------------------------------------------------------
IO error encountered -- skipping file deletion
rsync: readdir("/mnt/user/backups/KILE-NAS1/sync/Downloads/Series/Psych/Season 08"): Structure needs cleaning (117)
rsync: recv_generator: failed to stat "/mnt/user/backups/KILE-NAS1/sync/Downloads/Series/Psych/Season 08/Psych - S08E05 - COG Blocked.nfo": Structure needs cleaning (117)
rsync error: some files/attrs were not transferred (see previous errors) (code 23) at main.c(1189) [sender=3.1.3]
Rsync completed on Downloads at Mon May 18 16:02:58 CDT 2020 with code of 23
----------------------------------------------------------------
Rsync completed on Emulation at Mon May 18 16:03:10 CDT 2020 with code of 0
----------------------------------------------------------------
Rsync completed on Plex at Mon May 18 16:09:14 CDT 2020 with code of 0
----------------------------------------------------------------
Rsync completed on Projects at Mon May 18 16:09:17 CDT 2020 with code of 0
----------------------------------------------------------------
Rsync completed on Transfer at Mon May 18 16:09:17 CDT 2020 with code of 0
----------------------------------------------------------------
Rsync completed on Uploads at Mon May 18 16:09:18 CDT 2020 with code of 0
----------------------------------------------------------------
Rsync completed on YouTube at Mon May 18 16:09:18 CDT 2020 with code of 0
------------------------------done------------------------------
-----------------------------start------------------------------
Mon May 18 17:00:01 CDT 2020 kile-deb2 rsync backup
-----Creating incremental backup of /mnt/user/
to root@192.168.2.202:/mnt/user/backups/KILE-NAS1/2020-05-18.17
-----excluding the following folders:
appdata domains Archive Backups Cache Downloads Emulation Movies Plex Projects system Temporary Transfer Uploads YouTube
----------------------------------------------------------------
Rsync completed at Mon May 18 17:02:35 CDT 2020 with code of 0
du: cannot access '/mnt/disk*/Backups/KILE-NAS1/2020-05-18.16': No such file or directory
du: cannot access '/mnt/disk*/Backups/KILE-NAS1/current': No such file or directory
numfmt: invalid number: ‘’
Snapshot 2020-05-18.17 has total size of:

bash: line 0: [: missing `]'
----------------------------------------------------------------
-----Synchronizing the following folders
Archive Backups Downloads Emulation Plex Projects Transfer Uploads YouTube
-----from /mnt/user/ to root@192.168.2.202:/mnt/user/backups/KILE-NAS1/sync
----------------------------------------------------------------
Rsync completed on Archive at Mon May 18 17:03:25 CDT 2020 with code of 0
----------------------------------------------------------------
Rsync completed on Backups at Mon May 18 17:03:25 CDT 2020 with code of 0
----------------------------------------------------------------
IO error encountered -- skipping file deletion
rsync: readdir("/mnt/user/backups/KILE-NAS1/sync/Downloads/Series/Psych/Season 08"): Structure needs cleaning (117)
rsync: recv_generator: failed to stat "/mnt/user/backups/KILE-NAS1/sync/Downloads/Series/Psych/Season 08/Psych - S08E05 - COG Blocked.nfo": Structure needs cleaning (117)
rsync error: some files/attrs were not transferred (see previous errors) (code 23) at main.c(1189) [sender=3.1.3]
Rsync completed on Downloads at Mon May 18 17:03:28 CDT 2020 with code of 23
----------------------------------------------------------------
Rsync completed on Emulation at Mon May 18 17:03:41 CDT 2020 with code of 0
----------------------------------------------------------------
Rsync completed on Plex at Mon May 18 17:09:43 CDT 2020 with code of 0
----------------------------------------------------------------
Rsync completed on Projects at Mon May 18 17:09:47 CDT 2020 with code of 0
----------------------------------------------------------------
Rsync completed on Transfer at Mon May 18 17:09:47 CDT 2020 with code of 0
----------------------------------------------------------------
Rsync completed on Uploads at Mon May 18 17:09:47 CDT 2020 with code of 0
----------------------------------------------------------------
Rsync completed on YouTube at Mon May 18 17:09:48 CDT 2020 with code of 0
------------------------------done------------------------------
-----------------------------start------------------------------
Mon May 18 18:00:01 CDT 2020 kile-deb2 rsync backup
-----Creating incremental backup of /mnt/user/
to root@192.168.2.202:/mnt/user/backups/KILE-NAS1/2020-05-18.18
-----excluding the following folders:
appdata domains Archive Backups Cache Downloads Emulation Movies Plex Projects system Temporary Transfer Uploads YouTube
----------------------------------------------------------------
Rsync completed at Mon May 18 18:02:21 CDT 2020 with code of 0
du: cannot access '/mnt/disk*/Backups/KILE-NAS1/2020-05-18.17': No such file or directory
du: cannot access '/mnt/disk*/Backups/KILE-NAS1/current': No such file or directory
numfmt: invalid number: ‘’
Snapshot 2020-05-18.18 has total size of:

bash: line 0: [: missing `]'
----------------------------------------------------------------
-----Synchronizing the following folders
Archive Backups Downloads Emulation Plex Projects Transfer Uploads YouTube
-----from /mnt/user/ to root@192.168.2.202:/mnt/user/backups/KILE-NAS1/sync
----------------------------------------------------------------
Rsync completed on Archive at Mon May 18 18:03:11 CDT 2020 with code of 0
----------------------------------------------------------------
Rsync completed on Backups at Mon May 18 18:03:12 CDT 2020 with code of 0
----------------------------------------------------------------
IO error encountered -- skipping file deletion
rsync: readdir("/mnt/user/backups/KILE-NAS1/sync/Downloads/Series/Psych/Season 08"): Structure needs cleaning (117)
rsync: recv_generator: failed to stat "/mnt/user/backups/KILE-NAS1/sync/Downloads/Series/Psych/Season 08/Psych - S08E05 - COG Blocked.nfo": Structure needs cleaning (117)
rsync error: some files/attrs were not transferred (see previous errors) (code 23) at main.c(1189) [sender=3.1.3]
Rsync completed on Downloads at Mon May 18 18:03:14 CDT 2020 with code of 23
----------------------------------------------------------------
Rsync completed on Emulation at Mon May 18 18:03:27 CDT 2020 with code of 0
----------------------------------------------------------------
Rsync completed on Plex at Mon May 18 18:09:38 CDT 2020 with code of 0
----------------------------------------------------------------
Rsync completed on Projects at Mon May 18 18:09:41 CDT 2020 with code of 0
----------------------------------------------------------------
Rsync completed on Transfer at Mon May 18 18:09:42 CDT 2020 with code of 0
----------------------------------------------------------------
Rsync completed on Uploads at Mon May 18 18:09:42 CDT 2020 with code of 0
----------------------------------------------------------------
Rsync completed on YouTube at Mon May 18 18:09:43 CDT 2020 with code of 0
------------------------------done------------------------------
-----------------------------start------------------------------
Mon May 18 19:00:01 CDT 2020 kile-deb2 rsync backup
-----Creating incremental backup of /mnt/user/
to root@192.168.2.202:/mnt/user/backups/KILE-NAS1/2020-05-18.19
-----excluding the following folders:
appdata domains Archive Backups Cache Downloads Emulation Movies Plex Projects system Temporary Transfer Uploads YouTube
----------------------------------------------------------------
Rsync completed at Mon May 18 19:02:52 CDT 2020 with code of 0
du: cannot access '/mnt/disk*/Backups/KILE-NAS1/2020-05-18.18': No such file or directory
du: cannot access '/mnt/disk*/Backups/KILE-NAS1/current': No such file or directory
numfmt: invalid number: ‘’
Snapshot 2020-05-18.19 has total size of:

bash: line 0: [: missing `]'
----------------------------------------------------------------
-----Synchronizing the following folders
Archive Backups Downloads Emulation Plex Projects Transfer Uploads YouTube
-----from /mnt/user/ to root@192.168.2.202:/mnt/user/backups/KILE-NAS1/sync
----------------------------------------------------------------
Rsync completed on Archive at Mon May 18 19:03:45 CDT 2020 with code of 0
----------------------------------------------------------------
Rsync completed on Backups at Mon May 18 19:03:45 CDT 2020 with code of 0
----------------------------------------------------------------
IO error encountered -- skipping file deletion
rsync: readdir("/mnt/user/backups/KILE-NAS1/sync/Downloads/Series/Psych/Season 08"): Structure needs cleaning (117)
rsync: recv_generator: failed to stat "/mnt/user/backups/KILE-NAS1/sync/Downloads/Series/Psych/Season 08/Psych - S08E05 - COG Blocked.nfo": Structure needs cleaning (117)
rsync error: some files/attrs were not transferred (see previous errors) (code 23) at main.c(1189) [sender=3.1.3]
Rsync completed on Downloads at Mon May 18 19:03:53 CDT 2020 with code of 23
----------------------------------------------------------------
Rsync completed on Emulation at Mon May 18 19:04:06 CDT 2020 with code of 0
----------------------------------------------------------------
Rsync completed on Plex at Mon May 18 19:10:31 CDT 2020 with code of 0
----------------------------------------------------------------
Rsync completed on Projects at Mon May 18 19:10:34 CDT 2020 with code of 0
----------------------------------------------------------------
Rsync completed on Transfer at Mon May 18 19:10:34 CDT 2020 with code of 0
----------------------------------------------------------------
Rsync completed on Uploads at Mon May 18 19:10:35 CDT 2020 with code of 0
----------------------------------------------------------------
Rsync completed on YouTube at Mon May 18 19:10:35 CDT 2020 with code of 0
------------------------------done------------------------------
-----------------------------start------------------------------
Mon May 18 23:00:01 CDT 2020 kile-deb2 rsync backup
-----Creating incremental backup of /mnt/user/
to root@192.168.2.202:/mnt/user/backups/KILE-NAS1/2020-05-18.23
-----excluding the following folders:
appdata domains Archive Backups Cache Downloads Emulation Movies Plex Projects system Temporary Transfer Uploads YouTube
----------------------------------------------------------------
Rsync completed at Mon May 18 23:02:06 CDT 2020 with code of 0
du: cannot access '/mnt/disk*/Backups/KILE-NAS1/2020-05-18.19': No such file or directory
du: cannot access '/mnt/disk*/Backups/KILE-NAS1/current': No such file or directory
numfmt: invalid number: ‘’
Snapshot 2020-05-18.23 has total size of:

bash: line 0: [: missing `]'
----------------------------------------------------------------
-----Synchronizing the following folders
Archive Backups Downloads Emulation Plex Projects Transfer Uploads YouTube
-----from /mnt/user/ to root@192.168.2.202:/mnt/user/backups/KILE-NAS1/sync
----------------------------------------------------------------
Rsync completed on Archive at Mon May 18 23:02:57 CDT 2020 with code of 0
----------------------------------------------------------------
Rsync completed on Backups at Mon May 18 23:02:57 CDT 2020 with code of 0
----------------------------------------------------------------
IO error encountered -- skipping file deletion
rsync: readdir("/mnt/user/backups/KILE-NAS1/sync/Downloads/Series/Psych/Season 08"): Structure needs cleaning (117)
rsync: recv_generator: failed to stat "/mnt/user/backups/KILE-NAS1/sync/Downloads/Series/Psych/Season 08/Psych - S08E05 - COG Blocked.nfo": Structure needs cleaning (117)
rsync error: some files/attrs were not transferred (see previous errors) (code 23) at main.c(1189) [sender=3.1.3]
Rsync completed on Downloads at Mon May 18 23:03:21 CDT 2020 with code of 23
----------------------------------------------------------------
Rsync completed on Emulation at Mon May 18 23:03:33 CDT 2020 with code of 0
----------------------------------------------------------------
Rsync completed on Plex at Mon May 18 23:09:41 CDT 2020 with code of 0
----------------------------------------------------------------
Rsync completed on Projects at Mon May 18 23:09:44 CDT 2020 with code of 0
----------------------------------------------------------------
Rsync completed on Transfer at Mon May 18 23:09:44 CDT 2020 with code of 0
----------------------------------------------------------------
Rsync completed on Uploads at Mon May 18 23:09:45 CDT 2020 with code of 0
----------------------------------------------------------------
Rsync completed on YouTube at Mon May 18 23:09:45 CDT 2020 with code of 0
------------------------------done------------------------------
