-----------------------------start------------------------------
Thu May 14 00:00:11 CDT 2020 kile-deb2 rsync cleanup
----------------------------------------------------------------
Beginning rsync hourly cleanup at Thu May 14 00:00:11 CDT 2020
90
Checking for /mnt/user/Backups/KILE-NAS1/2020-02-13
89
Checking for /mnt/user/Backups/KILE-NAS1/2020-02-14
88
Checking for /mnt/user/Backups/KILE-NAS1/2020-02-15
87
Checking for /mnt/user/Backups/KILE-NAS1/2020-02-16
86
Checking for /mnt/user/Backups/KILE-NAS1/2020-02-17
85
Checking for /mnt/user/Backups/KILE-NAS1/2020-02-18
84
Checking for /mnt/user/Backups/KILE-NAS1/2020-02-19
83
Checking for /mnt/user/Backups/KILE-NAS1/2020-02-20
82
Checking for /mnt/user/Backups/KILE-NAS1/2020-02-21
81
Checking for /mnt/user/Backups/KILE-NAS1/2020-02-22
80
Checking for /mnt/user/Backups/KILE-NAS1/2020-02-23
79
Checking for /mnt/user/Backups/KILE-NAS1/2020-02-24
78
Checking for /mnt/user/Backups/KILE-NAS1/2020-02-25
77
Checking for /mnt/user/Backups/KILE-NAS1/2020-02-26
76
Checking for /mnt/user/Backups/KILE-NAS1/2020-02-27
75
Checking for /mnt/user/Backups/KILE-NAS1/2020-02-28
74
Checking for /mnt/user/Backups/KILE-NAS1/2020-02-29
73
Checking for /mnt/user/Backups/KILE-NAS1/2020-03-01
72
Checking for /mnt/user/Backups/KILE-NAS1/2020-03-02
71
Checking for /mnt/user/Backups/KILE-NAS1/2020-03-03
70
Checking for /mnt/user/Backups/KILE-NAS1/2020-03-04
69
Checking for /mnt/user/Backups/KILE-NAS1/2020-03-05
68
Checking for /mnt/user/Backups/KILE-NAS1/2020-03-06
67
Checking for /mnt/user/Backups/KILE-NAS1/2020-03-07
66
Checking for /mnt/user/Backups/KILE-NAS1/2020-03-09
65
Checking for /mnt/user/Backups/KILE-NAS1/2020-03-10
64
Checking for /mnt/user/Backups/KILE-NAS1/2020-03-11
63
Checking for /mnt/user/Backups/KILE-NAS1/2020-03-12
62
Checking for /mnt/user/Backups/KILE-NAS1/2020-03-13
61
Checking for /mnt/user/Backups/KILE-NAS1/2020-03-14
60
Checking for /mnt/user/Backups/KILE-NAS1/2020-03-15
59
Checking for /mnt/user/Backups/KILE-NAS1/2020-03-16
58
Checking for /mnt/user/Backups/KILE-NAS1/2020-03-17
57
Checking for /mnt/user/Backups/KILE-NAS1/2020-03-18
56
Checking for /mnt/user/Backups/KILE-NAS1/2020-03-19
55
Checking for /mnt/user/Backups/KILE-NAS1/2020-03-20
54
Checking for /mnt/user/Backups/KILE-NAS1/2020-03-21
53
Checking for /mnt/user/Backups/KILE-NAS1/2020-03-22
52
Checking for /mnt/user/Backups/KILE-NAS1/2020-03-23
51
Checking for /mnt/user/Backups/KILE-NAS1/2020-03-24
50
Checking for /mnt/user/Backups/KILE-NAS1/2020-03-25
49
Checking for /mnt/user/Backups/KILE-NAS1/2020-03-26
48
Checking for /mnt/user/Backups/KILE-NAS1/2020-03-27
47
Checking for /mnt/user/Backups/KILE-NAS1/2020-03-28
46
Checking for /mnt/user/Backups/KILE-NAS1/2020-03-29
45
Checking for /mnt/user/Backups/KILE-NAS1/2020-03-30
44
Checking for /mnt/user/Backups/KILE-NAS1/2020-03-31
43
Checking for /mnt/user/Backups/KILE-NAS1/2020-04-01
42
Checking for /mnt/user/Backups/KILE-NAS1/2020-04-02
41
Checking for /mnt/user/Backups/KILE-NAS1/2020-04-03
40
Checking for /mnt/user/Backups/KILE-NAS1/2020-04-04
39
Checking for /mnt/user/Backups/KILE-NAS1/2020-04-05
38
Checking for /mnt/user/Backups/KILE-NAS1/2020-04-06
37
Checking for /mnt/user/Backups/KILE-NAS1/2020-04-07
36
Checking for /mnt/user/Backups/KILE-NAS1/2020-04-08
35
Checking for /mnt/user/Backups/KILE-NAS1/2020-04-09
34
Checking for /mnt/user/Backups/KILE-NAS1/2020-04-10
33
Checking for /mnt/user/Backups/KILE-NAS1/2020-04-11
32
Checking for /mnt/user/Backups/KILE-NAS1/2020-04-12
31
Checking for /mnt/user/Backups/KILE-NAS1/2020-04-13
30
Checking for /mnt/user/Backups/KILE-NAS1/2020-04-14
29
Checking for /mnt/user/Backups/KILE-NAS1/2020-04-15
28
Checking for /mnt/user/Backups/KILE-NAS1/2020-04-16
27
Checking for /mnt/user/Backups/KILE-NAS1/2020-04-17
26
Checking for /mnt/user/Backups/KILE-NAS1/2020-04-18
25
Checking for /mnt/user/Backups/KILE-NAS1/2020-04-19
24
Checking for /mnt/user/Backups/KILE-NAS1/2020-04-20
23
Checking for /mnt/user/Backups/KILE-NAS1/2020-04-21
22
Checking for /mnt/user/Backups/KILE-NAS1/2020-04-22
21
Checking for /mnt/user/Backups/KILE-NAS1/2020-04-23
20
Checking for /mnt/user/Backups/KILE-NAS1/2020-04-24
19
Checking for /mnt/user/Backups/KILE-NAS1/2020-04-25
18
Checking for /mnt/user/Backups/KILE-NAS1/2020-04-26
17
Checking for /mnt/user/Backups/KILE-NAS1/2020-04-27
16
Checking for /mnt/user/Backups/KILE-NAS1/2020-04-28
15
Checking for /mnt/user/Backups/KILE-NAS1/2020-04-29
14
Checking for /mnt/user/Backups/KILE-NAS1/2020-04-30
13
Checking for /mnt/user/Backups/KILE-NAS1/2020-05-01
12
Checking for /mnt/user/Backups/KILE-NAS1/2020-05-02
11
Checking for /mnt/user/Backups/KILE-NAS1/2020-05-03
10
Checking for /mnt/user/Backups/KILE-NAS1/2020-05-04
9
Checking for /mnt/user/Backups/KILE-NAS1/2020-05-05
8
Checking for /mnt/user/Backups/KILE-NAS1/2020-05-06
7
Checking for /mnt/user/Backups/KILE-NAS1/2020-05-07
6
Checking for /mnt/user/Backups/KILE-NAS1/2020-05-08
5
Checking for /mnt/user/Backups/KILE-NAS1/2020-05-09
4
Checking for /mnt/user/Backups/KILE-NAS1/2020-05-10
3
Checking for /mnt/user/Backups/KILE-NAS1/2020-05-11
----------------------------------------------------------------
Beginning rsync daily cleanup at Thu May 14 00:00:27 CDT 2020
----------------------------------------------------------------
Beginning rsync monthly cleanup at Thu May 14 00:01:14 CDT 2020
------------------------------done------------------------------
