-----------------------------start------------------------------
Sat Jun  6 00:00:02 CDT 2020 kile-deb2 rsync cleanup
----------------------------------------------------------------
Beginning rsync hourly cleanup at Sat Jun  6 00:00:11 CDT 2020
90
Checking for /mnt/user/Backups/KILE-NAS1/2020-03-07
89
Checking for /mnt/user/Backups/KILE-NAS1/2020-03-09
88
Checking for /mnt/user/Backups/KILE-NAS1/2020-03-10
87
Checking for /mnt/user/Backups/KILE-NAS1/2020-03-11
86
Checking for /mnt/user/Backups/KILE-NAS1/2020-03-12
85
Checking for /mnt/user/Backups/KILE-NAS1/2020-03-13
84
Checking for /mnt/user/Backups/KILE-NAS1/2020-03-14
83
Checking for /mnt/user/Backups/KILE-NAS1/2020-03-15
82
Checking for /mnt/user/Backups/KILE-NAS1/2020-03-16
81
Checking for /mnt/user/Backups/KILE-NAS1/2020-03-17
80
Checking for /mnt/user/Backups/KILE-NAS1/2020-03-18
79
Checking for /mnt/user/Backups/KILE-NAS1/2020-03-19
78
Checking for /mnt/user/Backups/KILE-NAS1/2020-03-20
77
Checking for /mnt/user/Backups/KILE-NAS1/2020-03-21
76
Checking for /mnt/user/Backups/KILE-NAS1/2020-03-22
75
Checking for /mnt/user/Backups/KILE-NAS1/2020-03-23
74
Checking for /mnt/user/Backups/KILE-NAS1/2020-03-24
73
Checking for /mnt/user/Backups/KILE-NAS1/2020-03-25
72
Checking for /mnt/user/Backups/KILE-NAS1/2020-03-26
71
Checking for /mnt/user/Backups/KILE-NAS1/2020-03-27
70
Checking for /mnt/user/Backups/KILE-NAS1/2020-03-28
69
Checking for /mnt/user/Backups/KILE-NAS1/2020-03-29
68
Checking for /mnt/user/Backups/KILE-NAS1/2020-03-30
67
Checking for /mnt/user/Backups/KILE-NAS1/2020-03-31
66
Checking for /mnt/user/Backups/KILE-NAS1/2020-04-01
65
Checking for /mnt/user/Backups/KILE-NAS1/2020-04-02
64
Checking for /mnt/user/Backups/KILE-NAS1/2020-04-03
63
Checking for /mnt/user/Backups/KILE-NAS1/2020-04-04
62
Checking for /mnt/user/Backups/KILE-NAS1/2020-04-05
61
Checking for /mnt/user/Backups/KILE-NAS1/2020-04-06
60
Checking for /mnt/user/Backups/KILE-NAS1/2020-04-07
59
Checking for /mnt/user/Backups/KILE-NAS1/2020-04-08
58
Checking for /mnt/user/Backups/KILE-NAS1/2020-04-09
57
Checking for /mnt/user/Backups/KILE-NAS1/2020-04-10
56
Checking for /mnt/user/Backups/KILE-NAS1/2020-04-11
55
Checking for /mnt/user/Backups/KILE-NAS1/2020-04-12
54
Checking for /mnt/user/Backups/KILE-NAS1/2020-04-13
53
Checking for /mnt/user/Backups/KILE-NAS1/2020-04-14
52
Checking for /mnt/user/Backups/KILE-NAS1/2020-04-15
51
Checking for /mnt/user/Backups/KILE-NAS1/2020-04-16
50
Checking for /mnt/user/Backups/KILE-NAS1/2020-04-17
49
Checking for /mnt/user/Backups/KILE-NAS1/2020-04-18
48
Checking for /mnt/user/Backups/KILE-NAS1/2020-04-19
47
Checking for /mnt/user/Backups/KILE-NAS1/2020-04-20
46
Checking for /mnt/user/Backups/KILE-NAS1/2020-04-21
45
Checking for /mnt/user/Backups/KILE-NAS1/2020-04-22
44
Checking for /mnt/user/Backups/KILE-NAS1/2020-04-23
43
Checking for /mnt/user/Backups/KILE-NAS1/2020-04-24
42
Checking for /mnt/user/Backups/KILE-NAS1/2020-04-25
41
Checking for /mnt/user/Backups/KILE-NAS1/2020-04-26
40
Checking for /mnt/user/Backups/KILE-NAS1/2020-04-27
39
Checking for /mnt/user/Backups/KILE-NAS1/2020-04-28
38
Checking for /mnt/user/Backups/KILE-NAS1/2020-04-29
37
Checking for /mnt/user/Backups/KILE-NAS1/2020-04-30
36
Checking for /mnt/user/Backups/KILE-NAS1/2020-05-01
35
Checking for /mnt/user/Backups/KILE-NAS1/2020-05-02
34
Checking for /mnt/user/Backups/KILE-NAS1/2020-05-03
33
Checking for /mnt/user/Backups/KILE-NAS1/2020-05-04
32
Checking for /mnt/user/Backups/KILE-NAS1/2020-05-05
31
Checking for /mnt/user/Backups/KILE-NAS1/2020-05-06
30
Checking for /mnt/user/Backups/KILE-NAS1/2020-05-07
29
Checking for /mnt/user/Backups/KILE-NAS1/2020-05-08
28
Checking for /mnt/user/Backups/KILE-NAS1/2020-05-09
27
Checking for /mnt/user/Backups/KILE-NAS1/2020-05-10
26
Checking for /mnt/user/Backups/KILE-NAS1/2020-05-11
25
Checking for /mnt/user/Backups/KILE-NAS1/2020-05-12
24
Checking for /mnt/user/Backups/KILE-NAS1/2020-05-13
23
Checking for /mnt/user/Backups/KILE-NAS1/2020-05-14
22
Checking for /mnt/user/Backups/KILE-NAS1/2020-05-15
21
Checking for /mnt/user/Backups/KILE-NAS1/2020-05-16
20
Checking for /mnt/user/Backups/KILE-NAS1/2020-05-17
19
Checking for /mnt/user/Backups/KILE-NAS1/2020-05-18
18
Checking for /mnt/user/Backups/KILE-NAS1/2020-05-19
17
Checking for /mnt/user/Backups/KILE-NAS1/2020-05-20
16
Checking for /mnt/user/Backups/KILE-NAS1/2020-05-21
15
Checking for /mnt/user/Backups/KILE-NAS1/2020-05-22
14
Checking for /mnt/user/Backups/KILE-NAS1/2020-05-23
13
Checking for /mnt/user/Backups/KILE-NAS1/2020-05-24
12
Checking for /mnt/user/Backups/KILE-NAS1/2020-05-25
11
Checking for /mnt/user/Backups/KILE-NAS1/2020-05-26
10
Checking for /mnt/user/Backups/KILE-NAS1/2020-05-27
9
Checking for /mnt/user/Backups/KILE-NAS1/2020-05-28
8
Checking for /mnt/user/Backups/KILE-NAS1/2020-05-29
7
Checking for /mnt/user/Backups/KILE-NAS1/2020-05-30
6
Checking for /mnt/user/Backups/KILE-NAS1/2020-05-31
5
Checking for /mnt/user/Backups/KILE-NAS1/2020-06-01
4
Checking for /mnt/user/Backups/KILE-NAS1/2020-06-02
3
Checking for /mnt/user/Backups/KILE-NAS1/2020-06-03
----------------------------------------------------------------
Beginning rsync daily cleanup at Sat Jun  6 00:00:27 CDT 2020
----------------------------------------------------------------
Beginning rsync monthly cleanup at Sat Jun  6 00:01:13 CDT 2020
------------------------------done------------------------------
