-----------------------------start------------------------------
Sun May 24 00:00:01 CDT 2020 kile-deb2 rsync cleanup
----------------------------------------------------------------
Beginning rsync hourly cleanup at Sun May 24 00:00:01 CDT 2020
90
Checking for /mnt/user/Backups/KILE-NAS1/2020-02-23
89
Checking for /mnt/user/Backups/KILE-NAS1/2020-02-24
88
Checking for /mnt/user/Backups/KILE-NAS1/2020-02-25
87
Checking for /mnt/user/Backups/KILE-NAS1/2020-02-26
86
Checking for /mnt/user/Backups/KILE-NAS1/2020-02-27
85
Checking for /mnt/user/Backups/KILE-NAS1/2020-02-28
84
Checking for /mnt/user/Backups/KILE-NAS1/2020-02-29
83
Checking for /mnt/user/Backups/KILE-NAS1/2020-03-01
82
Checking for /mnt/user/Backups/KILE-NAS1/2020-03-02
81
Checking for /mnt/user/Backups/KILE-NAS1/2020-03-03
80
Checking for /mnt/user/Backups/KILE-NAS1/2020-03-04
79
Checking for /mnt/user/Backups/KILE-NAS1/2020-03-05
78
Checking for /mnt/user/Backups/KILE-NAS1/2020-03-06
77
Checking for /mnt/user/Backups/KILE-NAS1/2020-03-07
76
Checking for /mnt/user/Backups/KILE-NAS1/2020-03-09
75
Checking for /mnt/user/Backups/KILE-NAS1/2020-03-10
74
Checking for /mnt/user/Backups/KILE-NAS1/2020-03-11
73
Checking for /mnt/user/Backups/KILE-NAS1/2020-03-12
72
Checking for /mnt/user/Backups/KILE-NAS1/2020-03-13
71
Checking for /mnt/user/Backups/KILE-NAS1/2020-03-14
70
Checking for /mnt/user/Backups/KILE-NAS1/2020-03-15
69
Checking for /mnt/user/Backups/KILE-NAS1/2020-03-16
68
Checking for /mnt/user/Backups/KILE-NAS1/2020-03-17
67
Checking for /mnt/user/Backups/KILE-NAS1/2020-03-18
66
Checking for /mnt/user/Backups/KILE-NAS1/2020-03-19
65
Checking for /mnt/user/Backups/KILE-NAS1/2020-03-20
64
Checking for /mnt/user/Backups/KILE-NAS1/2020-03-21
63
Checking for /mnt/user/Backups/KILE-NAS1/2020-03-22
62
Checking for /mnt/user/Backups/KILE-NAS1/2020-03-23
61
Checking for /mnt/user/Backups/KILE-NAS1/2020-03-24
60
Checking for /mnt/user/Backups/KILE-NAS1/2020-03-25
59
Checking for /mnt/user/Backups/KILE-NAS1/2020-03-26
58
Checking for /mnt/user/Backups/KILE-NAS1/2020-03-27
57
Checking for /mnt/user/Backups/KILE-NAS1/2020-03-28
56
Checking for /mnt/user/Backups/KILE-NAS1/2020-03-29
55
Checking for /mnt/user/Backups/KILE-NAS1/2020-03-30
54
Checking for /mnt/user/Backups/KILE-NAS1/2020-03-31
53
Checking for /mnt/user/Backups/KILE-NAS1/2020-04-01
52
Checking for /mnt/user/Backups/KILE-NAS1/2020-04-02
51
Checking for /mnt/user/Backups/KILE-NAS1/2020-04-03
50
Checking for /mnt/user/Backups/KILE-NAS1/2020-04-04
49
Checking for /mnt/user/Backups/KILE-NAS1/2020-04-05
48
Checking for /mnt/user/Backups/KILE-NAS1/2020-04-06
47
Checking for /mnt/user/Backups/KILE-NAS1/2020-04-07
46
Checking for /mnt/user/Backups/KILE-NAS1/2020-04-08
45
Checking for /mnt/user/Backups/KILE-NAS1/2020-04-09
44
Checking for /mnt/user/Backups/KILE-NAS1/2020-04-10
43
Checking for /mnt/user/Backups/KILE-NAS1/2020-04-11
42
Checking for /mnt/user/Backups/KILE-NAS1/2020-04-12
41
Checking for /mnt/user/Backups/KILE-NAS1/2020-04-13
40
Checking for /mnt/user/Backups/KILE-NAS1/2020-04-14
39
Checking for /mnt/user/Backups/KILE-NAS1/2020-04-15
38
Checking for /mnt/user/Backups/KILE-NAS1/2020-04-16
37
Checking for /mnt/user/Backups/KILE-NAS1/2020-04-17
36
Checking for /mnt/user/Backups/KILE-NAS1/2020-04-18
35
Checking for /mnt/user/Backups/KILE-NAS1/2020-04-19
34
Checking for /mnt/user/Backups/KILE-NAS1/2020-04-20
33
Checking for /mnt/user/Backups/KILE-NAS1/2020-04-21
32
Checking for /mnt/user/Backups/KILE-NAS1/2020-04-22
31
Checking for /mnt/user/Backups/KILE-NAS1/2020-04-23
30
Checking for /mnt/user/Backups/KILE-NAS1/2020-04-24
29
Checking for /mnt/user/Backups/KILE-NAS1/2020-04-25
28
Checking for /mnt/user/Backups/KILE-NAS1/2020-04-26
27
Checking for /mnt/user/Backups/KILE-NAS1/2020-04-27
26
Checking for /mnt/user/Backups/KILE-NAS1/2020-04-28
25
Checking for /mnt/user/Backups/KILE-NAS1/2020-04-29
24
Checking for /mnt/user/Backups/KILE-NAS1/2020-04-30
23
Checking for /mnt/user/Backups/KILE-NAS1/2020-05-01
22
Checking for /mnt/user/Backups/KILE-NAS1/2020-05-02
21
Checking for /mnt/user/Backups/KILE-NAS1/2020-05-03
20
Checking for /mnt/user/Backups/KILE-NAS1/2020-05-04
19
Checking for /mnt/user/Backups/KILE-NAS1/2020-05-05
18
Checking for /mnt/user/Backups/KILE-NAS1/2020-05-06
17
Checking for /mnt/user/Backups/KILE-NAS1/2020-05-07
16
Checking for /mnt/user/Backups/KILE-NAS1/2020-05-08
15
Checking for /mnt/user/Backups/KILE-NAS1/2020-05-09
14
Checking for /mnt/user/Backups/KILE-NAS1/2020-05-10
13
Checking for /mnt/user/Backups/KILE-NAS1/2020-05-11
12
Checking for /mnt/user/Backups/KILE-NAS1/2020-05-12
11
Checking for /mnt/user/Backups/KILE-NAS1/2020-05-13
10
Checking for /mnt/user/Backups/KILE-NAS1/2020-05-14
9
Checking for /mnt/user/Backups/KILE-NAS1/2020-05-15
8
Checking for /mnt/user/Backups/KILE-NAS1/2020-05-16
7
Checking for /mnt/user/Backups/KILE-NAS1/2020-05-17
6
Checking for /mnt/user/Backups/KILE-NAS1/2020-05-18
5
Checking for /mnt/user/Backups/KILE-NAS1/2020-05-19
4
Checking for /mnt/user/Backups/KILE-NAS1/2020-05-20
3
Checking for /mnt/user/Backups/KILE-NAS1/2020-05-21
----------------------------------------------------------------
Beginning rsync daily cleanup at Sun May 24 00:00:16 CDT 2020
----------------------------------------------------------------
Beginning rsync monthly cleanup at Sun May 24 00:01:02 CDT 2020
------------------------------done------------------------------
