-----------------------------start------------------------------
Fri Jun  5 00:00:02 CDT 2020 kile-deb2 rsync cleanup
----------------------------------------------------------------
Beginning rsync hourly cleanup at Fri Jun  5 00:00:02 CDT 2020
90
Checking for /mnt/user/Backups/KILE-NAS1/2020-03-06
89
Checking for /mnt/user/Backups/KILE-NAS1/2020-03-07
88
Checking for /mnt/user/Backups/KILE-NAS1/2020-03-09
87
Checking for /mnt/user/Backups/KILE-NAS1/2020-03-10
86
Checking for /mnt/user/Backups/KILE-NAS1/2020-03-11
85
Checking for /mnt/user/Backups/KILE-NAS1/2020-03-12
84
Checking for /mnt/user/Backups/KILE-NAS1/2020-03-13
83
Checking for /mnt/user/Backups/KILE-NAS1/2020-03-14
82
Checking for /mnt/user/Backups/KILE-NAS1/2020-03-15
81
Checking for /mnt/user/Backups/KILE-NAS1/2020-03-16
80
Checking for /mnt/user/Backups/KILE-NAS1/2020-03-17
79
Checking for /mnt/user/Backups/KILE-NAS1/2020-03-18
78
Checking for /mnt/user/Backups/KILE-NAS1/2020-03-19
77
Checking for /mnt/user/Backups/KILE-NAS1/2020-03-20
76
Checking for /mnt/user/Backups/KILE-NAS1/2020-03-21
75
Checking for /mnt/user/Backups/KILE-NAS1/2020-03-22
74
Checking for /mnt/user/Backups/KILE-NAS1/2020-03-23
73
Checking for /mnt/user/Backups/KILE-NAS1/2020-03-24
72
Checking for /mnt/user/Backups/KILE-NAS1/2020-03-25
71
Checking for /mnt/user/Backups/KILE-NAS1/2020-03-26
70
Checking for /mnt/user/Backups/KILE-NAS1/2020-03-27
69
Checking for /mnt/user/Backups/KILE-NAS1/2020-03-28
68
Checking for /mnt/user/Backups/KILE-NAS1/2020-03-29
67
Checking for /mnt/user/Backups/KILE-NAS1/2020-03-30
66
Checking for /mnt/user/Backups/KILE-NAS1/2020-03-31
65
Checking for /mnt/user/Backups/KILE-NAS1/2020-04-01
64
Checking for /mnt/user/Backups/KILE-NAS1/2020-04-02
63
Checking for /mnt/user/Backups/KILE-NAS1/2020-04-03
62
Checking for /mnt/user/Backups/KILE-NAS1/2020-04-04
61
Checking for /mnt/user/Backups/KILE-NAS1/2020-04-05
60
Checking for /mnt/user/Backups/KILE-NAS1/2020-04-06
59
Checking for /mnt/user/Backups/KILE-NAS1/2020-04-07
58
Checking for /mnt/user/Backups/KILE-NAS1/2020-04-08
57
Checking for /mnt/user/Backups/KILE-NAS1/2020-04-09
56
Checking for /mnt/user/Backups/KILE-NAS1/2020-04-10
55
Checking for /mnt/user/Backups/KILE-NAS1/2020-04-11
54
Checking for /mnt/user/Backups/KILE-NAS1/2020-04-12
53
Checking for /mnt/user/Backups/KILE-NAS1/2020-04-13
52
Checking for /mnt/user/Backups/KILE-NAS1/2020-04-14
51
Checking for /mnt/user/Backups/KILE-NAS1/2020-04-15
50
Checking for /mnt/user/Backups/KILE-NAS1/2020-04-16
49
Checking for /mnt/user/Backups/KILE-NAS1/2020-04-17
48
Checking for /mnt/user/Backups/KILE-NAS1/2020-04-18
47
Checking for /mnt/user/Backups/KILE-NAS1/2020-04-19
46
Checking for /mnt/user/Backups/KILE-NAS1/2020-04-20
45
Checking for /mnt/user/Backups/KILE-NAS1/2020-04-21
44
Checking for /mnt/user/Backups/KILE-NAS1/2020-04-22
43
Checking for /mnt/user/Backups/KILE-NAS1/2020-04-23
42
Checking for /mnt/user/Backups/KILE-NAS1/2020-04-24
41
Checking for /mnt/user/Backups/KILE-NAS1/2020-04-25
40
Checking for /mnt/user/Backups/KILE-NAS1/2020-04-26
39
Checking for /mnt/user/Backups/KILE-NAS1/2020-04-27
38
Checking for /mnt/user/Backups/KILE-NAS1/2020-04-28
37
Checking for /mnt/user/Backups/KILE-NAS1/2020-04-29
36
Checking for /mnt/user/Backups/KILE-NAS1/2020-04-30
35
Checking for /mnt/user/Backups/KILE-NAS1/2020-05-01
34
Checking for /mnt/user/Backups/KILE-NAS1/2020-05-02
33
Checking for /mnt/user/Backups/KILE-NAS1/2020-05-03
32
Checking for /mnt/user/Backups/KILE-NAS1/2020-05-04
31
Checking for /mnt/user/Backups/KILE-NAS1/2020-05-05
30
Checking for /mnt/user/Backups/KILE-NAS1/2020-05-06
29
Checking for /mnt/user/Backups/KILE-NAS1/2020-05-07
28
Checking for /mnt/user/Backups/KILE-NAS1/2020-05-08
27
Checking for /mnt/user/Backups/KILE-NAS1/2020-05-09
26
Checking for /mnt/user/Backups/KILE-NAS1/2020-05-10
25
Checking for /mnt/user/Backups/KILE-NAS1/2020-05-11
24
Checking for /mnt/user/Backups/KILE-NAS1/2020-05-12
23
Checking for /mnt/user/Backups/KILE-NAS1/2020-05-13
22
Checking for /mnt/user/Backups/KILE-NAS1/2020-05-14
21
Checking for /mnt/user/Backups/KILE-NAS1/2020-05-15
20
Checking for /mnt/user/Backups/KILE-NAS1/2020-05-16
19
Checking for /mnt/user/Backups/KILE-NAS1/2020-05-17
18
Checking for /mnt/user/Backups/KILE-NAS1/2020-05-18
17
Checking for /mnt/user/Backups/KILE-NAS1/2020-05-19
16
Checking for /mnt/user/Backups/KILE-NAS1/2020-05-20
15
Checking for /mnt/user/Backups/KILE-NAS1/2020-05-21
14
Checking for /mnt/user/Backups/KILE-NAS1/2020-05-22
13
Checking for /mnt/user/Backups/KILE-NAS1/2020-05-23
12
Checking for /mnt/user/Backups/KILE-NAS1/2020-05-24
11
Checking for /mnt/user/Backups/KILE-NAS1/2020-05-25
10
Checking for /mnt/user/Backups/KILE-NAS1/2020-05-26
9
Checking for /mnt/user/Backups/KILE-NAS1/2020-05-27
8
Checking for /mnt/user/Backups/KILE-NAS1/2020-05-28
7
Checking for /mnt/user/Backups/KILE-NAS1/2020-05-29
6
Checking for /mnt/user/Backups/KILE-NAS1/2020-05-30
5
Checking for /mnt/user/Backups/KILE-NAS1/2020-05-31
4
Checking for /mnt/user/Backups/KILE-NAS1/2020-06-01
3
Checking for /mnt/user/Backups/KILE-NAS1/2020-06-02
----------------------------------------------------------------
Beginning rsync daily cleanup at Fri Jun  5 00:00:17 CDT 2020
----------------------------------------------------------------
Beginning rsync monthly cleanup at Fri Jun  5 00:01:04 CDT 2020
------------------------------done------------------------------
